#
# There is insufficient memory for the Java Runtime Environment to continue.
# Native memory allocation (malloc) failed to allocate 1047856 bytes for Chunk::new
# Possible reasons:
#   The system is out of physical RAM or swap space
#   The process is running with CompressedOops enabled, and the Java Heap may be blocking the growth of the native heap
# Possible solutions:
#   Reduce memory load on the system
#   Increase physical memory or swap space
#   Check if swap backing store is full
#   Decrease Java heap size (-Xmx/-Xms)
#   Decrease number of Java threads
#   Decrease Java thread stack sizes (-Xss)
#   Set larger code cache with -XX:ReservedCodeCacheSize=
#   JVM is running with Unscaled Compressed Oops mode in which the Java heap is
#     placed in the first 4GB address space. The Java Heap base address is the
#     maximum limit for the native heap growth. Please use -XX:HeapBaseMinAddress
#     to set the Java Heap base and to place the Java Heap above 4GB virtual address.
# This output file may be truncated or incomplete.
#
#  Out of Memory Error (./src/hotspot/share/memory/arena.cpp:197), pid=13592, tid=9456
#
# JRE version: OpenJDK Runtime Environment (11.0.11+9) (build 11.0.11+9-b60-7590822)
# Java VM: OpenJDK 64-Bit Server VM (11.0.11+9-b60-7590822, mixed mode, tiered, compressed oops, g1 gc, windows-amd64)
# No core dump will be written. Minidumps are not enabled by default on client versions of Windows
#

---------------  S U M M A R Y ------------

Command Line: --add-opens=java.base/java.util=ALL-UNNAMED --add-opens=java.base/java.lang=ALL-UNNAMED --add-opens=java.base/java.lang.invoke=ALL-UNNAMED --add-opens=java.base/java.util=ALL-UNNAMED --add-opens=java.prefs/java.util.prefs=ALL-UNNAMED --add-opens=java.prefs/java.util.prefs=ALL-UNNAMED --add-opens=java.base/java.nio.charset=ALL-UNNAMED --add-opens=java.base/java.net=ALL-UNNAMED --add-opens=java.base/java.util.concurrent.atomic=ALL-UNNAMED -Xmx2048m -Dfile.encoding=UTF-8 -Duser.country=GB -Duser.language=en -Duser.variant org.gradle.launcher.daemon.bootstrap.GradleDaemon 7.2

Host: Intel(R) Core(TM) i5-9300H CPU @ 2.40GHz, 8 cores, 7G,  Windows 10 , 64 bit Build 19041 (10.0.19041.1466)
Time: Sat May 14 20:55:16 2022 SE Asia Standard Time elapsed time: 8.787088 seconds (0d 0h 0m 8s)

---------------  T H R E A D  ---------------

Current thread (0x000002b25f15c800):  JavaThread "C2 CompilerThread1" daemon [_thread_in_native, id=9456, stack(0x000000cc06600000,0x000000cc06700000)]


Current CompileTask:
C2:   8787 7957       4       java.beans.Introspector::addMethod (196 bytes)

Stack: [0x000000cc06600000,0x000000cc06700000]
Native frames: (J=compiled Java code, j=interpreted, Vv=VM code, C=native code)
V  [jvm.dll+0x5f214a]
V  [jvm.dll+0x726fb5]
V  [jvm.dll+0x7285cd]
V  [jvm.dll+0x728c83]
V  [jvm.dll+0x243278]
V  [jvm.dll+0xbc53c]
V  [jvm.dll+0xbca3c]
V  [jvm.dll+0x2b5c34]
V  [jvm.dll+0x508488]
V  [jvm.dll+0x1fd92d]
V  [jvm.dll+0x1fb35f]
V  [jvm.dll+0x183d6c]
V  [jvm.dll+0x209a57]
V  [jvm.dll+0x2082a1]
V  [jvm.dll+0x6ef58f]
V  [jvm.dll+0x6e80b5]
V  [jvm.dll+0x5f1036]
C  [ucrtbase.dll+0x21bb2]
C  [KERNEL32.DLL+0x17034]
C  [ntdll.dll+0x52651]


---------------  P R O C E S S  ---------------

Threads class SMR info:
_java_thread_list=0x000002b2631d64d0, length=124, elements={
0x000002b24188e000, 0x000002b25bd02800, 0x000002b25bd0f800, 0x000002b25c684800,
0x000002b25c687000, 0x000002b25c689000, 0x000002b25c68a800, 0x000002b25c68b800,
0x000002b25c68f800, 0x000002b25c7ec800, 0x000002b25ef49000, 0x000002b25d66c800,
0x000002b25f840800, 0x000002b25e84e800, 0x000002b25dd72800, 0x000002b25dd37800,
0x000002b25ec23800, 0x000002b25e106800, 0x000002b25e6c7800, 0x000002b25ea28000,
0x000002b25ea23000, 0x000002b25ea25000, 0x000002b25ea27000, 0x000002b25f15c800,
0x000002b25ea22800, 0x000002b25ea25800, 0x000002b25ea26800, 0x000002b25ea24000,
0x000002b25ea29000, 0x000002b25f5e3800, 0x000002b25f5e2800, 0x000002b25f5e1000,
0x000002b25f5e4800, 0x000002b25f5e5000, 0x000002b25f5e6000, 0x000002b25fbc1000,
0x000002b25f5e0800, 0x000002b25f5e2000, 0x000002b25f5e7800, 0x000002b25f5e8800,
0x000002b25f5e9800, 0x000002b25f5ec800, 0x000002b25f5e7000, 0x000002b25f5ef000,
0x000002b25f5ed800, 0x000002b25f5ee000, 0x000002b2639a5800, 0x000002b2639a8800,
0x000002b2639ab000, 0x000002b2639ac000, 0x000002b2639a9800, 0x000002b2639aa800,
0x000002b2639a7000, 0x000002b2639a6000, 0x000002b2639a8000, 0x000002b25eb2a800,
0x000002b25eb26000, 0x000002b25eb29000, 0x000002b25eb26800, 0x000002b25eb2b800,
0x000002b25eb2c800, 0x000002b25eb2a000, 0x000002b25eb27800, 0x000002b25eb2d000,
0x000002b25eb28800, 0x000002b25eb33000, 0x000002b25eb32000, 0x000002b25eb31000,
0x000002b25eb2f800, 0x000002b25eb33800, 0x000002b25eb2e000, 0x000002b25eb2f000,
0x000002b25eb30800, 0x000002b25eb34800, 0x000002b25ddd0800, 0x000002b25ddd3000,
0x000002b25ddd1800, 0x000002b25ddd6800, 0x000002b25ddd7000, 0x000002b25ddd5000,
0x000002b25ddd5800, 0x000002b25ddd8000, 0x000002b25ddd4000, 0x000002b25ddd2800,
0x000002b25dddb800, 0x000002b25dddd800, 0x000002b25ddda800, 0x000002b25dddc000,
0x000002b25ddd9800, 0x000002b25dddd000, 0x000002b25ddde800, 0x000002b25ddd9000,
0x000002b25dddf800, 0x000002b25d91c800, 0x000002b25d921800, 0x000002b25d922000,
0x000002b25d923000, 0x000002b25d920800, 0x000002b25d91d800, 0x000002b25d91f000,
0x000002b25d924000, 0x000002b25d91e000, 0x000002b25d924800, 0x000002b25d925800,
0x000002b25d920000, 0x000002b25d926800, 0x000002b25d929000, 0x000002b25d92b000,
0x000002b25d927000, 0x000002b25d92a800, 0x000002b25d928000, 0x000002b25d929800,
0x000002b25fdd5800, 0x000002b25fddb800, 0x000002b25fdd6800, 0x000002b25fddd000,
0x000002b25fddc000, 0x000002b25fdd7000, 0x000002b25fdd8000, 0x000002b25fdda800,
0x000002b25fdde000, 0x000002b25fdde800, 0x000002b25fdd9000, 0x000002b25fdd9800
}

Java Threads: ( => current thread )
  0x000002b24188e000 JavaThread "main" [_thread_blocked, id=11200, stack(0x000000cc04000000,0x000000cc04100000)]
  0x000002b25bd02800 JavaThread "Reference Handler" daemon [_thread_blocked, id=15440, stack(0x000000cc04700000,0x000000cc04800000)]
  0x000002b25bd0f800 JavaThread "Finalizer" daemon [_thread_blocked, id=5156, stack(0x000000cc04800000,0x000000cc04900000)]
  0x000002b25c684800 JavaThread "Signal Dispatcher" daemon [_thread_blocked, id=268, stack(0x000000cc04900000,0x000000cc04a00000)]
  0x000002b25c687000 JavaThread "Attach Listener" daemon [_thread_blocked, id=5124, stack(0x000000cc04a00000,0x000000cc04b00000)]
  0x000002b25c689000 JavaThread "Service Thread" daemon [_thread_blocked, id=16840, stack(0x000000cc04b00000,0x000000cc04c00000)]
  0x000002b25c68a800 JavaThread "C2 CompilerThread0" daemon [_thread_in_native, id=5892, stack(0x000000cc04c00000,0x000000cc04d00000)]
  0x000002b25c68b800 JavaThread "C1 CompilerThread0" daemon [_thread_blocked, id=14640, stack(0x000000cc04d00000,0x000000cc04e00000)]
  0x000002b25c68f800 JavaThread "Sweeper thread" daemon [_thread_blocked, id=15552, stack(0x000000cc04e00000,0x000000cc04f00000)]
  0x000002b25c7ec800 JavaThread "Common-Cleaner" daemon [_thread_blocked, id=1908, stack(0x000000cc04f00000,0x000000cc05000000)]
  0x000002b25ef49000 JavaThread "Daemon health stats" [_thread_blocked, id=14476, stack(0x000000cc05500000,0x000000cc05600000)]
  0x000002b25d66c800 JavaThread "Incoming local TCP Connector on port 56354" [_thread_in_native, id=3664, stack(0x000000cc05100000,0x000000cc05200000)]
  0x000002b25f840800 JavaThread "Daemon periodic checks" [_thread_blocked, id=5732, stack(0x000000cc05200000,0x000000cc05300000)]
  0x000002b25e84e800 JavaThread "Daemon" [_thread_blocked, id=5476, stack(0x000000cc05600000,0x000000cc05700000)]
  0x000002b25dd72800 JavaThread "Handler for socket connection from /127.0.0.1:56354 to /127.0.0.1:56355" [_thread_in_native, id=13436, stack(0x000000cc05700000,0x000000cc05800000)]
  0x000002b25dd37800 JavaThread "Cancel handler" [_thread_blocked, id=17176, stack(0x000000cc05800000,0x000000cc05900000)]
  0x000002b25ec23800 JavaThread "Daemon worker" [_thread_blocked, id=3360, stack(0x000000cc05900000,0x000000cc05a00000)]
  0x000002b25e106800 JavaThread "Asynchronous log dispatcher for DefaultDaemonConnection: socket connection from /127.0.0.1:56354 to /127.0.0.1:56355" [_thread_blocked, id=10588, stack(0x000000cc05a00000,0x000000cc05b00000)]
  0x000002b25e6c7800 JavaThread "Stdin handler" [_thread_blocked, id=12584, stack(0x000000cc05b00000,0x000000cc05c00000)]
  0x000002b25ea28000 JavaThread "Daemon client event forwarder" [_thread_blocked, id=15084, stack(0x000000cc05c00000,0x000000cc05d00000)]
  0x000002b25ea23000 JavaThread "Cache worker for journal cache (C:\Users\cuong\.gradle\caches\journal-1)" [_thread_blocked, id=12048, stack(0x000000cc06200000,0x000000cc06300000)]
  0x000002b25ea25000 JavaThread "File lock request listener" [_thread_in_native, id=3240, stack(0x000000cc06300000,0x000000cc06400000)]
  0x000002b25ea27000 JavaThread "Cache worker for file hash cache (C:\Users\cuong\.gradle\caches\7.2\fileHashes)" [_thread_blocked, id=16156, stack(0x000000cc06500000,0x000000cc06600000)]
=>0x000002b25f15c800 JavaThread "C2 CompilerThread1" daemon [_thread_in_native, id=9456, stack(0x000000cc06600000,0x000000cc06700000)]
  0x000002b25ea22800 JavaThread "Cache worker for file hash cache (D:\Android\FinalAndroid\.gradle\7.2\fileHashes)" [_thread_blocked, id=14036, stack(0x000000cc06700000,0x000000cc06800000)]
  0x000002b25ea25800 JavaThread "File watcher server" daemon [_thread_in_native, id=1212, stack(0x000000cc06800000,0x000000cc06900000)]
  0x000002b25ea26800 JavaThread "File watcher consumer" daemon [_thread_blocked, id=7464, stack(0x000000cc06900000,0x000000cc06a00000)]
  0x000002b25ea24000 JavaThread "jar transforms" [_thread_blocked, id=1400, stack(0x000000cc06a00000,0x000000cc06b00000)]
  0x000002b25ea29000 JavaThread "jar transforms Thread 2" [_thread_blocked, id=11912, stack(0x000000cc06b00000,0x000000cc06c00000)]
  0x000002b25f5e3800 JavaThread "jar transforms Thread 3" [_thread_blocked, id=15816, stack(0x000000cc06c00000,0x000000cc06d00000)]
  0x000002b25f5e2800 JavaThread "jar transforms Thread 4" [_thread_blocked, id=10564, stack(0x000000cc06d00000,0x000000cc06e00000)]
  0x000002b25f5e1000 JavaThread "jar transforms Thread 5" [_thread_blocked, id=11992, stack(0x000000cc06e00000,0x000000cc06f00000)]
  0x000002b25f5e4800 JavaThread "jar transforms Thread 6" [_thread_blocked, id=7140, stack(0x000000cc06f00000,0x000000cc07000000)]
  0x000002b25f5e5000 JavaThread "jar transforms Thread 7" [_thread_blocked, id=10044, stack(0x000000cc07000000,0x000000cc07100000)]
  0x000002b25f5e6000 JavaThread "jar transforms Thread 8" [_thread_blocked, id=14504, stack(0x000000cc07100000,0x000000cc07200000)]
  0x000002b25fbc1000 JavaThread "C2 CompilerThread2" daemon [_thread_in_native, id=14732, stack(0x000000cc07200000,0x000000cc07300000)]
  0x000002b25f5e0800 JavaThread "Cache worker for checksums cache (D:\Android\FinalAndroid\.gradle\checksums)" [_thread_blocked, id=17256, stack(0x000000cc07300000,0x000000cc07400000)]
  0x000002b25f5e2000 JavaThread "Cache worker for cache directory md-supplier (C:\Users\cuong\.gradle\caches\7.2\md-supplier)" [_thread_blocked, id=1096, stack(0x000000cc07400000,0x000000cc07500000)]
  0x000002b25f5e7800 JavaThread "Cache worker for cache directory md-rule (C:\Users\cuong\.gradle\caches\7.2\md-rule)" [_thread_blocked, id=4928, stack(0x000000cc07500000,0x000000cc07600000)]
  0x000002b25f5e8800 JavaThread "Cache worker for execution history cache (C:\Users\cuong\.gradle\caches\7.2\executionHistory)" [_thread_blocked, id=3708, stack(0x000000cc07600000,0x000000cc07700000)]
  0x000002b25f5e9800 JavaThread "Cache worker for file content cache (C:\Users\cuong\.gradle\caches\7.2\fileContent)" [_thread_blocked, id=12268, stack(0x000000cc07700000,0x000000cc07800000)]
  0x000002b25f5ec800 JavaThread "Cache worker for dependencies-accessors (D:\Android\FinalAndroid\.gradle\7.2\dependencies-accessors)" [_thread_blocked, id=4064, stack(0x000000cc07800000,0x000000cc07900000)]
  0x000002b25f5e7000 JavaThread "Cache worker for Build Output Cleanup Cache (D:\Android\FinalAndroid\.gradle\buildOutputCleanup)" [_thread_blocked, id=10748, stack(0x000000cc07900000,0x000000cc07a00000)]
  0x000002b25f5ef000 JavaThread "Unconstrained build operations" [_thread_blocked, id=2816, stack(0x000000cc07a00000,0x000000cc07b00000)]
  0x000002b25f5ed800 JavaThread "Unconstrained build operations Thread 2" [_thread_blocked, id=5420, stack(0x000000cc07b00000,0x000000cc07c00000)]
  0x000002b25f5ee000 JavaThread "Unconstrained build operations Thread 3" [_thread_blocked, id=14612, stack(0x000000cc07c00000,0x000000cc07d00000)]
  0x000002b2639a5800 JavaThread "Unconstrained build operations Thread 4" [_thread_blocked, id=14576, stack(0x000000cc07d00000,0x000000cc07e00000)]
  0x000002b2639a8800 JavaThread "Unconstrained build operations Thread 5" [_thread_blocked, id=8604, stack(0x000000cc07e00000,0x000000cc07f00000)]
  0x000002b2639ab000 JavaThread "Unconstrained build operations Thread 6" [_thread_blocked, id=7048, stack(0x000000cc07f00000,0x000000cc08000000)]
  0x000002b2639ac000 JavaThread "Unconstrained build operations Thread 7" [_thread_blocked, id=8136, stack(0x000000cc08000000,0x000000cc08100000)]
  0x000002b2639a9800 JavaThread "Unconstrained build operations Thread 8" [_thread_blocked, id=16240, stack(0x000000cc08100000,0x000000cc08200000)]
  0x000002b2639aa800 JavaThread "Unconstrained build operations Thread 9" [_thread_blocked, id=1708, stack(0x000000cc08200000,0x000000cc08300000)]
  0x000002b2639a7000 JavaThread "Unconstrained build operations Thread 10" [_thread_blocked, id=2496, stack(0x000000cc08300000,0x000000cc08400000)]
  0x000002b2639a6000 JavaThread "Unconstrained build operations Thread 11" [_thread_blocked, id=14880, stack(0x000000cc08400000,0x000000cc08500000)]
  0x000002b2639a8000 JavaThread "Unconstrained build operations Thread 12" [_thread_blocked, id=2428, stack(0x000000cc08500000,0x000000cc08600000)]
  0x000002b25eb2a800 JavaThread "Unconstrained build operations Thread 13" [_thread_blocked, id=10340, stack(0x000000cc08600000,0x000000cc08700000)]
  0x000002b25eb26000 JavaThread "Unconstrained build operations Thread 14" [_thread_blocked, id=9608, stack(0x000000cc08700000,0x000000cc08800000)]
  0x000002b25eb29000 JavaThread "Unconstrained build operations Thread 15" [_thread_blocked, id=9960, stack(0x000000cc08800000,0x000000cc08900000)]
  0x000002b25eb26800 JavaThread "Unconstrained build operations Thread 16" [_thread_blocked, id=3716, stack(0x000000cc08900000,0x000000cc08a00000)]
  0x000002b25eb2b800 JavaThread "Unconstrained build operations Thread 17" [_thread_blocked, id=10204, stack(0x000000cc08a00000,0x000000cc08b00000)]
  0x000002b25eb2c800 JavaThread "Unconstrained build operations Thread 18" [_thread_blocked, id=16540, stack(0x000000cc08b00000,0x000000cc08c00000)]
  0x000002b25eb2a000 JavaThread "Unconstrained build operations Thread 19" [_thread_blocked, id=15948, stack(0x000000cc08c00000,0x000000cc08d00000)]
  0x000002b25eb27800 JavaThread "Unconstrained build operations Thread 20" [_thread_blocked, id=6920, stack(0x000000cc08d00000,0x000000cc08e00000)]
  0x000002b25eb2d000 JavaThread "Unconstrained build operations Thread 21" [_thread_blocked, id=11088, stack(0x000000cc08e00000,0x000000cc08f00000)]
  0x000002b25eb28800 JavaThread "Unconstrained build operations Thread 22" [_thread_blocked, id=11308, stack(0x000000cc08f00000,0x000000cc09000000)]
  0x000002b25eb33000 JavaThread "Unconstrained build operations Thread 23" [_thread_blocked, id=13168, stack(0x000000cc09000000,0x000000cc09100000)]
  0x000002b25eb32000 JavaThread "Unconstrained build operations Thread 24" [_thread_blocked, id=11228, stack(0x000000cc09100000,0x000000cc09200000)]
  0x000002b25eb31000 JavaThread "Unconstrained build operations Thread 25" [_thread_blocked, id=7604, stack(0x000000cc09200000,0x000000cc09300000)]
  0x000002b25eb2f800 JavaThread "Unconstrained build operations Thread 26" [_thread_blocked, id=2712, stack(0x000000cc09300000,0x000000cc09400000)]
  0x000002b25eb33800 JavaThread "Unconstrained build operations Thread 27" [_thread_blocked, id=7024, stack(0x000000cc09400000,0x000000cc09500000)]
  0x000002b25eb2e000 JavaThread "Unconstrained build operations Thread 28" [_thread_blocked, id=10708, stack(0x000000cc09500000,0x000000cc09600000)]
  0x000002b25eb2f000 JavaThread "Unconstrained build operations Thread 29" [_thread_blocked, id=15076, stack(0x000000cc09600000,0x000000cc09700000)]
  0x000002b25eb30800 JavaThread "Unconstrained build operations Thread 30" [_thread_blocked, id=15336, stack(0x000000cc09700000,0x000000cc09800000)]
  0x000002b25eb34800 JavaThread "Unconstrained build operations Thread 31" [_thread_blocked, id=5256, stack(0x000000cc09800000,0x000000cc09900000)]
  0x000002b25ddd0800 JavaThread "Unconstrained build operations Thread 32" [_thread_blocked, id=7852, stack(0x000000cc09900000,0x000000cc09a00000)]
  0x000002b25ddd3000 JavaThread "Unconstrained build operations Thread 33" [_thread_blocked, id=236, stack(0x000000cc09a00000,0x000000cc09b00000)]
  0x000002b25ddd1800 JavaThread "Unconstrained build operations Thread 34" [_thread_blocked, id=12416, stack(0x000000cc09b00000,0x000000cc09c00000)]
  0x000002b25ddd6800 JavaThread "Unconstrained build operations Thread 35" [_thread_blocked, id=17264, stack(0x000000cc09c00000,0x000000cc09d00000)]
  0x000002b25ddd7000 JavaThread "Unconstrained build operations Thread 36" [_thread_blocked, id=292, stack(0x000000cc09d00000,0x000000cc09e00000)]
  0x000002b25ddd5000 JavaThread "Unconstrained build operations Thread 37" [_thread_blocked, id=7832, stack(0x000000cc09e00000,0x000000cc09f00000)]
  0x000002b25ddd5800 JavaThread "Unconstrained build operations Thread 38" [_thread_blocked, id=8728, stack(0x000000cc09f00000,0x000000cc0a000000)]
  0x000002b25ddd8000 JavaThread "Unconstrained build operations Thread 39" [_thread_blocked, id=16436, stack(0x000000cc0a000000,0x000000cc0a100000)]
  0x000002b25ddd4000 JavaThread "Unconstrained build operations Thread 40" [_thread_blocked, id=2108, stack(0x000000cc0a100000,0x000000cc0a200000)]
  0x000002b25ddd2800 JavaThread "Unconstrained build operations Thread 41" [_thread_blocked, id=10744, stack(0x000000cc0a200000,0x000000cc0a300000)]
  0x000002b25dddb800 JavaThread "Unconstrained build operations Thread 42" [_thread_blocked, id=11004, stack(0x000000cc0a300000,0x000000cc0a400000)]
  0x000002b25dddd800 JavaThread "Unconstrained build operations Thread 43" [_thread_blocked, id=15528, stack(0x000000cc0a400000,0x000000cc0a500000)]
  0x000002b25ddda800 JavaThread "Unconstrained build operations Thread 44" [_thread_blocked, id=15588, stack(0x000000cc0a500000,0x000000cc0a600000)]
  0x000002b25dddc000 JavaThread "Unconstrained build operations Thread 45" [_thread_blocked, id=16184, stack(0x000000cc0a600000,0x000000cc0a700000)]
  0x000002b25ddd9800 JavaThread "Unconstrained build operations Thread 46" [_thread_blocked, id=7596, stack(0x000000cc0a700000,0x000000cc0a800000)]
  0x000002b25dddd000 JavaThread "Unconstrained build operations Thread 47" [_thread_blocked, id=10076, stack(0x000000cc0a800000,0x000000cc0a900000)]
  0x000002b25ddde800 JavaThread "Unconstrained build operations Thread 48" [_thread_blocked, id=8144, stack(0x000000cc0a900000,0x000000cc0aa00000)]
  0x000002b25ddd9000 JavaThread "Unconstrained build operations Thread 49" [_thread_blocked, id=7252, stack(0x000000cc0aa00000,0x000000cc0ab00000)]
  0x000002b25dddf800 JavaThread "Unconstrained build operations Thread 50" [_thread_blocked, id=7052, stack(0x000000cc0ab00000,0x000000cc0ac00000)]
  0x000002b25d91c800 JavaThread "Unconstrained build operations Thread 51" [_thread_blocked, id=11356, stack(0x000000cc0ac00000,0x000000cc0ad00000)]
  0x000002b25d921800 JavaThread "Unconstrained build operations Thread 52" [_thread_blocked, id=7396, stack(0x000000cc0ad00000,0x000000cc0ae00000)]
  0x000002b25d922000 JavaThread "Unconstrained build operations Thread 53" [_thread_blocked, id=16880, stack(0x000000cc0ae00000,0x000000cc0af00000)]
  0x000002b25d923000 JavaThread "Unconstrained build operations Thread 54" [_thread_blocked, id=11928, stack(0x000000cc0af00000,0x000000cc0b000000)]
  0x000002b25d920800 JavaThread "Unconstrained build operations Thread 55" [_thread_blocked, id=16620, stack(0x000000cc0b000000,0x000000cc0b100000)]
  0x000002b25d91d800 JavaThread "Unconstrained build operations Thread 56" [_thread_blocked, id=3340, stack(0x000000cc0b100000,0x000000cc0b200000)]
  0x000002b25d91f000 JavaThread "Unconstrained build operations Thread 57" [_thread_blocked, id=10324, stack(0x000000cc0b200000,0x000000cc0b300000)]
  0x000002b25d924000 JavaThread "Unconstrained build operations Thread 58" [_thread_blocked, id=1412, stack(0x000000cc0b300000,0x000000cc0b400000)]
  0x000002b25d91e000 JavaThread "Unconstrained build operations Thread 59" [_thread_blocked, id=12168, stack(0x000000cc0b400000,0x000000cc0b500000)]
  0x000002b25d924800 JavaThread "Unconstrained build operations Thread 60" [_thread_blocked, id=1316, stack(0x000000cc0b500000,0x000000cc0b600000)]
  0x000002b25d925800 JavaThread "Unconstrained build operations Thread 61" [_thread_blocked, id=2288, stack(0x000000cc0b600000,0x000000cc0b700000)]
  0x000002b25d920000 JavaThread "Unconstrained build operations Thread 62" [_thread_blocked, id=9104, stack(0x000000cc0b700000,0x000000cc0b800000)]
  0x000002b25d926800 JavaThread "Unconstrained build operations Thread 63" [_thread_blocked, id=1960, stack(0x000000cc0b800000,0x000000cc0b900000)]
  0x000002b25d929000 JavaThread "Unconstrained build operations Thread 64" [_thread_blocked, id=8688, stack(0x000000cc0b900000,0x000000cc0ba00000)]
  0x000002b25d92b000 JavaThread "Unconstrained build operations Thread 65" [_thread_blocked, id=1392, stack(0x000000cc0ba00000,0x000000cc0bb00000)]
  0x000002b25d927000 JavaThread "Unconstrained build operations Thread 66" [_thread_blocked, id=9804, stack(0x000000cc0bb00000,0x000000cc0bc00000)]
  0x000002b25d92a800 JavaThread "Unconstrained build operations Thread 67" [_thread_blocked, id=5852, stack(0x000000cc0bc00000,0x000000cc0bd00000)]
  0x000002b25d928000 JavaThread "Unconstrained build operations Thread 68" [_thread_blocked, id=15196, stack(0x000000cc0bd00000,0x000000cc0be00000)]
  0x000002b25d929800 JavaThread "Unconstrained build operations Thread 69" [_thread_blocked, id=13596, stack(0x000000cc0be00000,0x000000cc0bf00000)]
  0x000002b25fdd5800 JavaThread "Unconstrained build operations Thread 70" [_thread_blocked, id=14980, stack(0x000000cc0bf00000,0x000000cc0c000000)]
  0x000002b25fddb800 JavaThread "Unconstrained build operations Thread 71" [_thread_blocked, id=12132, stack(0x000000cc0c000000,0x000000cc0c100000)]
  0x000002b25fdd6800 JavaThread "Unconstrained build operations Thread 72" [_thread_blocked, id=13216, stack(0x000000cc0c100000,0x000000cc0c200000)]
  0x000002b25fddd000 JavaThread "Unconstrained build operations Thread 73" [_thread_blocked, id=8596, stack(0x000000cc0c200000,0x000000cc0c300000)]
  0x000002b25fddc000 JavaThread "Unconstrained build operations Thread 74" [_thread_blocked, id=15928, stack(0x000000cc0c300000,0x000000cc0c400000)]
  0x000002b25fdd7000 JavaThread "Unconstrained build operations Thread 75" [_thread_blocked, id=16480, stack(0x000000cc0c400000,0x000000cc0c500000)]
  0x000002b25fdd8000 JavaThread "Unconstrained build operations Thread 76" [_thread_blocked, id=3572, stack(0x000000cc0c500000,0x000000cc0c600000)]
  0x000002b25fdda800 JavaThread "Unconstrained build operations Thread 77" [_thread_blocked, id=13644, stack(0x000000cc0c600000,0x000000cc0c700000)]
  0x000002b25fdde000 JavaThread "Unconstrained build operations Thread 78" [_thread_blocked, id=1084, stack(0x000000cc0c700000,0x000000cc0c800000)]
  0x000002b25fdde800 JavaThread "Unconstrained build operations Thread 79" [_thread_blocked, id=16596, stack(0x000000cc0c800000,0x000000cc0c900000)]
  0x000002b25fdd9000 JavaThread "Unconstrained build operations Thread 80" [_thread_blocked, id=17268, stack(0x000000cc0c900000,0x000000cc0ca00000)]
  0x000002b25fdd9800 JavaThread "Memory manager" [_thread_blocked, id=1940, stack(0x000000cc0ca00000,0x000000cc0cb00000)]

Other Threads:
  0x000002b25bd00800 VMThread "VM Thread" [stack: 0x000000cc04600000,0x000000cc04700000] [id=7624]
  0x000002b25c7fc800 WatcherThread [stack: 0x000000cc05000000,0x000000cc05100000] [id=1756]
  0x000002b2418a7000 GCTaskThread "GC Thread#0" [stack: 0x000000cc04100000,0x000000cc04200000] [id=4084]
  0x000002b25d177000 GCTaskThread "GC Thread#1" [stack: 0x000000cc05300000,0x000000cc05400000] [id=17292]
  0x000002b25d5d9800 GCTaskThread "GC Thread#2" [stack: 0x000000cc05400000,0x000000cc05500000] [id=3732]
  0x000002b25e43e800 GCTaskThread "GC Thread#3" [stack: 0x000000cc05d00000,0x000000cc05e00000] [id=5112]
  0x000002b25f105000 GCTaskThread "GC Thread#4" [stack: 0x000000cc05e00000,0x000000cc05f00000] [id=5252]
  0x000002b25efd7000 GCTaskThread "GC Thread#5" [stack: 0x000000cc05f00000,0x000000cc06000000] [id=11448]
  0x000002b25e86c800 GCTaskThread "GC Thread#6" [stack: 0x000000cc06000000,0x000000cc06100000] [id=16872]
  0x000002b25ddbc000 GCTaskThread "GC Thread#7" [stack: 0x000000cc06100000,0x000000cc06200000] [id=10460]
  0x000002b2418d9800 ConcurrentGCThread "G1 Main Marker" [stack: 0x000000cc04200000,0x000000cc04300000] [id=11400]
  0x000002b2418da800 ConcurrentGCThread "G1 Conc#0" [stack: 0x000000cc04300000,0x000000cc04400000] [id=7900]
  0x000002b25d9e4000 ConcurrentGCThread "G1 Conc#1" [stack: 0x000000cc06400000,0x000000cc06500000] [id=2764]
  0x000002b25bb50800 ConcurrentGCThread "G1 Refine#0" [stack: 0x000000cc04400000,0x000000cc04500000] [id=6432]
  0x000002b25bb51000 ConcurrentGCThread "G1 Young RemSet Sampling" [stack: 0x000000cc04500000,0x000000cc04600000] [id=16856]

Threads with active compile tasks:
C2 CompilerThread0   8811 7911       4       com.sun.beans.TypeResolver::resolve (37 bytes)
C2 CompilerThread1   8811 7957       4       java.beans.Introspector::addMethod (196 bytes)
C2 CompilerThread2   8811 7920 %     4       groovy.lang.MetaClassImpl::inheritInterfaceNewMetaMethods @ 100 (195 bytes)

VM state:not at safepoint (normal execution)

VM Mutex/Monitor currently owned by a thread: None

Heap address: 0x0000000080000000, size: 2048 MB, Compressed Oops mode: 32-bit
Narrow klass base: 0x0000000000000000, Narrow klass shift: 3
Compressed class space size: 1073741824 Address: 0x0000000100000000

Heap:
 garbage-first heap   total 187392K, used 86437K [0x0000000080000000, 0x0000000100000000)
  region size 1024K, 10 young (10240K), 9 survivors (9216K)
 Metaspace       used 77710K, capacity 79873K, committed 80068K, reserved 1118208K
  class space    used 10184K, capacity 10941K, committed 10956K, reserved 1048576K
Heap Regions: E=young(eden), S=young(survivor), O=old, HS=humongous(starts), HC=humongous(continues), CS=collection set, F=free, A=archive, TAMS=top-at-mark-start (previous, next)
|   0|0x0000000080000000, 0x0000000080100000, 0x0000000080100000|100%| O|  |TAMS 0x0000000080100000, 0x0000000080000000| Untracked 
|   1|0x0000000080100000, 0x0000000080200000, 0x0000000080200000|100%| O|  |TAMS 0x0000000080200000, 0x0000000080100000| Untracked 
|   2|0x0000000080200000, 0x0000000080300000, 0x0000000080300000|100%| O|  |TAMS 0x0000000080300000, 0x0000000080200000| Untracked 
|   3|0x0000000080300000, 0x0000000080400000, 0x0000000080400000|100%|HS|  |TAMS 0x0000000080400000, 0x0000000080300000| Complete 
|   4|0x0000000080400000, 0x0000000080500000, 0x0000000080500000|100%|HC|  |TAMS 0x0000000080500000, 0x0000000080400000| Complete 
|   5|0x0000000080500000, 0x0000000080600000, 0x0000000080600000|100%|HC|  |TAMS 0x0000000080600000, 0x0000000080500000| Complete 
|   6|0x0000000080600000, 0x0000000080700000, 0x0000000080700000|100%| O|  |TAMS 0x0000000080700000, 0x0000000080600000| Untracked 
|   7|0x0000000080700000, 0x0000000080800000, 0x0000000080800000|100%| O|  |TAMS 0x0000000080800000, 0x0000000080700000| Untracked 
|   8|0x0000000080800000, 0x0000000080900000, 0x0000000080900000|100%| O|  |TAMS 0x0000000080900000, 0x0000000080800000| Untracked 
|   9|0x0000000080900000, 0x0000000080a00000, 0x0000000080a00000|100%| O|  |TAMS 0x0000000080a00000, 0x0000000080900000| Untracked 
|  10|0x0000000080a00000, 0x0000000080b00000, 0x0000000080b00000|100%| O|  |TAMS 0x0000000080b00000, 0x0000000080a00000| Untracked 
|  11|0x0000000080b00000, 0x0000000080c00000, 0x0000000080c00000|100%| O|  |TAMS 0x0000000080c00000, 0x0000000080b00000| Untracked 
|  12|0x0000000080c00000, 0x0000000080d00000, 0x0000000080d00000|100%| O|  |TAMS 0x0000000080d00000, 0x0000000080c00000| Untracked 
|  13|0x0000000080d00000, 0x0000000080e00000, 0x0000000080e00000|100%| O|  |TAMS 0x0000000080e00000, 0x0000000080d00000| Untracked 
|  14|0x0000000080e00000, 0x0000000080f00000, 0x0000000080f00000|100%| O|  |TAMS 0x0000000080f00000, 0x0000000080e00000| Untracked 
|  15|0x0000000080f00000, 0x0000000081000000, 0x0000000081000000|100%| O|  |TAMS 0x0000000081000000, 0x0000000080f00000| Untracked 
|  16|0x0000000081000000, 0x0000000081100000, 0x0000000081100000|100%|HS|  |TAMS 0x0000000081100000, 0x0000000081000000| Complete 
|  17|0x0000000081100000, 0x0000000081200000, 0x0000000081200000|100%|HC|  |TAMS 0x0000000081200000, 0x0000000081100000| Complete 
|  18|0x0000000081200000, 0x0000000081300000, 0x0000000081300000|100%|HS|  |TAMS 0x0000000081300000, 0x0000000081200000| Complete 
|  19|0x0000000081300000, 0x0000000081400000, 0x0000000081400000|100%|HC|  |TAMS 0x0000000081400000, 0x0000000081300000| Complete 
|  20|0x0000000081400000, 0x0000000081500000, 0x0000000081500000|100%|HC|  |TAMS 0x0000000081500000, 0x0000000081400000| Complete 
|  21|0x0000000081500000, 0x0000000081600000, 0x0000000081600000|100%|HS|  |TAMS 0x0000000081600000, 0x0000000081500000| Complete 
|  22|0x0000000081600000, 0x0000000081700000, 0x0000000081700000|100%|HC|  |TAMS 0x0000000081700000, 0x0000000081600000| Complete 
|  23|0x0000000081700000, 0x0000000081800000, 0x0000000081800000|100%|HC|  |TAMS 0x0000000081800000, 0x0000000081700000| Complete 
|  24|0x0000000081800000, 0x0000000081900000, 0x0000000081900000|100%|HC|  |TAMS 0x0000000081900000, 0x0000000081800000| Complete 
|  25|0x0000000081900000, 0x0000000081a00000, 0x0000000081a00000|100%| O|  |TAMS 0x0000000081a00000, 0x0000000081900000| Untracked 
|  26|0x0000000081a00000, 0x0000000081b00000, 0x0000000081b00000|100%| O|  |TAMS 0x0000000081b00000, 0x0000000081a00000| Untracked 
|  27|0x0000000081b00000, 0x0000000081c00000, 0x0000000081c00000|100%| O|  |TAMS 0x0000000081c00000, 0x0000000081b00000| Untracked 
|  28|0x0000000081c00000, 0x0000000081d00000, 0x0000000081d00000|100%| O|  |TAMS 0x0000000081d00000, 0x0000000081c00000| Untracked 
|  29|0x0000000081d00000, 0x0000000081e00000, 0x0000000081e00000|100%| O|  |TAMS 0x0000000081e00000, 0x0000000081d00000| Untracked 
|  30|0x0000000081e00000, 0x0000000081f00000, 0x0000000081f00000|100%| O|  |TAMS 0x0000000081f00000, 0x0000000081e00000| Untracked 
|  31|0x0000000081f00000, 0x0000000082000000, 0x0000000082000000|100%| O|  |TAMS 0x0000000082000000, 0x0000000081f00000| Untracked 
|  32|0x0000000082000000, 0x0000000082100000, 0x0000000082100000|100%| O|  |TAMS 0x0000000082100000, 0x0000000082000000| Untracked 
|  33|0x0000000082100000, 0x0000000082200000, 0x0000000082200000|100%|HS|  |TAMS 0x0000000082200000, 0x0000000082100000| Complete 
|  34|0x0000000082200000, 0x0000000082300000, 0x0000000082300000|100%|HC|  |TAMS 0x0000000082300000, 0x0000000082200000| Complete 
|  35|0x0000000082300000, 0x0000000082400000, 0x0000000082400000|100%|HC|  |TAMS 0x0000000082400000, 0x0000000082300000| Complete 
|  36|0x0000000082400000, 0x0000000082500000, 0x0000000082500000|100%| O|  |TAMS 0x0000000082500000, 0x0000000082400000| Untracked 
|  37|0x0000000082500000, 0x0000000082600000, 0x0000000082600000|100%| O|  |TAMS 0x0000000082600000, 0x0000000082500000| Untracked 
|  38|0x0000000082600000, 0x0000000082700000, 0x0000000082700000|100%| O|  |TAMS 0x0000000082700000, 0x0000000082600000| Untracked 
|  39|0x0000000082700000, 0x0000000082800000, 0x0000000082800000|100%| O|  |TAMS 0x0000000082800000, 0x0000000082700000| Untracked 
|  40|0x0000000082800000, 0x0000000082900000, 0x0000000082900000|100%| O|  |TAMS 0x0000000082900000, 0x0000000082800000| Untracked 
|  41|0x0000000082900000, 0x0000000082a00000, 0x0000000082a00000|100%|HS|  |TAMS 0x0000000082a00000, 0x0000000082900000| Complete 
|  42|0x0000000082a00000, 0x0000000082b00000, 0x0000000082b00000|100%|HC|  |TAMS 0x0000000082b00000, 0x0000000082a00000| Complete 
|  43|0x0000000082b00000, 0x0000000082c00000, 0x0000000082c00000|100%|HC|  |TAMS 0x0000000082c00000, 0x0000000082b00000| Complete 
|  44|0x0000000082c00000, 0x0000000082d00000, 0x0000000082d00000|100%|HC|  |TAMS 0x0000000082d00000, 0x0000000082c00000| Complete 
|  45|0x0000000082d00000, 0x0000000082e00000, 0x0000000082e00000|100%| O|  |TAMS 0x0000000082e00000, 0x0000000082d00000| Untracked 
|  46|0x0000000082e00000, 0x0000000082f00000, 0x0000000082f00000|100%| O|  |TAMS 0x0000000082f00000, 0x0000000082e00000| Untracked 
|  47|0x0000000082f00000, 0x0000000083000000, 0x0000000083000000|100%| O|  |TAMS 0x0000000083000000, 0x0000000082f00000| Untracked 
|  48|0x0000000083000000, 0x0000000083100000, 0x0000000083100000|100%|HS|  |TAMS 0x0000000083100000, 0x0000000083000000| Complete 
|  49|0x0000000083100000, 0x0000000083200000, 0x0000000083200000|100%|HS|  |TAMS 0x0000000083200000, 0x0000000083100000| Complete 
|  50|0x0000000083200000, 0x0000000083300000, 0x0000000083300000|100%|HS|  |TAMS 0x0000000083300000, 0x0000000083200000| Complete 
|  51|0x0000000083300000, 0x0000000083400000, 0x0000000083400000|100%|HS|  |TAMS 0x0000000083400000, 0x0000000083300000| Complete 
|  52|0x0000000083400000, 0x0000000083500000, 0x0000000083500000|100%|HC|  |TAMS 0x0000000083500000, 0x0000000083400000| Complete 
|  53|0x0000000083500000, 0x0000000083600000, 0x0000000083600000|100%| O|  |TAMS 0x0000000083600000, 0x0000000083500000| Untracked 
|  54|0x0000000083600000, 0x0000000083700000, 0x0000000083700000|100%| O|  |TAMS 0x0000000083700000, 0x0000000083600000| Untracked 
|  55|0x0000000083700000, 0x0000000083800000, 0x0000000083800000|100%| O|  |TAMS 0x0000000083800000, 0x0000000083700000| Untracked 
|  56|0x0000000083800000, 0x0000000083900000, 0x0000000083900000|100%| O|  |TAMS 0x0000000083900000, 0x0000000083800000| Untracked 
|  57|0x0000000083900000, 0x0000000083a00000, 0x0000000083a00000|100%| O|  |TAMS 0x0000000083a00000, 0x0000000083900000| Untracked 
|  58|0x0000000083a00000, 0x0000000083b00000, 0x0000000083b00000|100%| O|  |TAMS 0x0000000083b00000, 0x0000000083a00000| Untracked 
|  59|0x0000000083b00000, 0x0000000083c00000, 0x0000000083c00000|100%| O|  |TAMS 0x0000000083c00000, 0x0000000083b00000| Untracked 
|  60|0x0000000083c00000, 0x0000000083d00000, 0x0000000083d00000|100%| O|  |TAMS 0x0000000083d00000, 0x0000000083c00000| Untracked 
|  61|0x0000000083d00000, 0x0000000083e00000, 0x0000000083e00000|100%| O|  |TAMS 0x0000000083e00000, 0x0000000083d00000| Untracked 
|  62|0x0000000083e00000, 0x0000000083f00000, 0x0000000083f00000|100%| O|  |TAMS 0x0000000083f00000, 0x0000000083e00000| Untracked 
|  63|0x0000000083f00000, 0x0000000084000000, 0x0000000084000000|100%| O|  |TAMS 0x0000000084000000, 0x0000000083f00000| Untracked 
|  64|0x0000000084000000, 0x0000000084100000, 0x0000000084100000|100%| O|  |TAMS 0x0000000084100000, 0x0000000084000000| Untracked 
|  65|0x0000000084100000, 0x0000000084200000, 0x0000000084200000|100%| O|  |TAMS 0x0000000084200000, 0x0000000084100000| Untracked 
|  66|0x0000000084200000, 0x0000000084300000, 0x0000000084300000|100%| O|  |TAMS 0x0000000084300000, 0x0000000084200000| Untracked 
|  67|0x0000000084300000, 0x0000000084400000, 0x0000000084400000|100%| O|  |TAMS 0x0000000084400000, 0x0000000084300000| Untracked 
|  68|0x0000000084400000, 0x0000000084500000, 0x0000000084500000|100%| O|  |TAMS 0x0000000084500000, 0x0000000084400000| Untracked 
|  69|0x0000000084500000, 0x0000000084600000, 0x0000000084600000|100%| O|  |TAMS 0x000000008450ee00, 0x0000000084500000| Untracked 
|  70|0x0000000084600000, 0x0000000084700000, 0x0000000084700000|100%| O|  |TAMS 0x0000000084600000, 0x0000000084600000| Untracked 
|  71|0x0000000084700000, 0x0000000084800000, 0x0000000084800000|100%| O|  |TAMS 0x0000000084700000, 0x0000000084700000| Untracked 
|  72|0x0000000084800000, 0x0000000084900000, 0x0000000084900000|100%| O|  |TAMS 0x0000000084800000, 0x0000000084800000| Untracked 
|  73|0x0000000084900000, 0x0000000084a00000, 0x0000000084a00000|100%| O|  |TAMS 0x0000000084900000, 0x0000000084900000| Untracked 
|  74|0x0000000084a00000, 0x0000000084b00000, 0x0000000084b00000|100%| O|  |TAMS 0x0000000084a00000, 0x0000000084a00000| Untracked 
|  75|0x0000000084b00000, 0x0000000084c00000, 0x0000000084c00000|100%| O|  |TAMS 0x0000000084b00000, 0x0000000084b00000| Untracked 
|  76|0x0000000084c00000, 0x0000000084c2f600, 0x0000000084d00000| 18%| O|  |TAMS 0x0000000084c00000, 0x0000000084c00000| Untracked 
|  77|0x0000000084d00000, 0x0000000084d00000, 0x0000000084e00000|  0%| F|  |TAMS 0x0000000084d00000, 0x0000000084d00000| Untracked 
|  78|0x0000000084e00000, 0x0000000084e00000, 0x0000000084f00000|  0%| F|  |TAMS 0x0000000084e00000, 0x0000000084e00000| Untracked 
|  79|0x0000000084f00000, 0x0000000084f00000, 0x0000000085000000|  0%| F|  |TAMS 0x0000000084f00000, 0x0000000084f00000| Untracked 
|  80|0x0000000085000000, 0x0000000085000000, 0x0000000085100000|  0%| F|  |TAMS 0x0000000085000000, 0x0000000085000000| Untracked 
|  81|0x0000000085100000, 0x0000000085100000, 0x0000000085200000|  0%| F|  |TAMS 0x0000000085100000, 0x0000000085100000| Untracked 
|  82|0x0000000085200000, 0x0000000085200000, 0x0000000085300000|  0%| F|  |TAMS 0x0000000085200000, 0x0000000085200000| Untracked 
|  83|0x0000000085300000, 0x0000000085300000, 0x0000000085400000|  0%| F|  |TAMS 0x0000000085300000, 0x0000000085300000| Untracked 
|  84|0x0000000085400000, 0x0000000085400000, 0x0000000085500000|  0%| F|  |TAMS 0x0000000085400000, 0x0000000085400000| Untracked 
|  85|0x0000000085500000, 0x0000000085500000, 0x0000000085600000|  0%| F|  |TAMS 0x0000000085500000, 0x0000000085500000| Untracked 
|  86|0x0000000085600000, 0x0000000085600000, 0x0000000085700000|  0%| F|  |TAMS 0x0000000085600000, 0x0000000085600000| Untracked 
|  87|0x0000000085700000, 0x0000000085700000, 0x0000000085800000|  0%| F|  |TAMS 0x0000000085700000, 0x0000000085700000| Untracked 
|  88|0x0000000085800000, 0x0000000085800000, 0x0000000085900000|  0%| F|  |TAMS 0x0000000085800000, 0x0000000085800000| Untracked 
|  89|0x0000000085900000, 0x0000000085900000, 0x0000000085a00000|  0%| F|  |TAMS 0x0000000085900000, 0x0000000085900000| Untracked 
|  90|0x0000000085a00000, 0x0000000085a00000, 0x0000000085b00000|  0%| F|  |TAMS 0x0000000085a00000, 0x0000000085a00000| Untracked 
|  91|0x0000000085b00000, 0x0000000085b00000, 0x0000000085c00000|  0%| F|  |TAMS 0x0000000085b00000, 0x0000000085b00000| Untracked 
|  92|0x0000000085c00000, 0x0000000085c00000, 0x0000000085d00000|  0%| F|  |TAMS 0x0000000085c00000, 0x0000000085c00000| Untracked 
|  93|0x0000000085d00000, 0x0000000085d00000, 0x0000000085e00000|  0%| F|  |TAMS 0x0000000085d00000, 0x0000000085d00000| Untracked 
|  94|0x0000000085e00000, 0x0000000085e00000, 0x0000000085f00000|  0%| F|  |TAMS 0x0000000085e00000, 0x0000000085e00000| Untracked 
|  95|0x0000000085f00000, 0x0000000085f00000, 0x0000000086000000|  0%| F|  |TAMS 0x0000000085f00000, 0x0000000085f00000| Untracked 
|  96|0x0000000086000000, 0x0000000086000000, 0x0000000086100000|  0%| F|  |TAMS 0x0000000086000000, 0x0000000086000000| Untracked 
|  97|0x0000000086100000, 0x0000000086100000, 0x0000000086200000|  0%| F|  |TAMS 0x0000000086100000, 0x0000000086100000| Untracked 
|  98|0x0000000086200000, 0x0000000086200000, 0x0000000086300000|  0%| F|  |TAMS 0x0000000086200000, 0x0000000086200000| Untracked 
|  99|0x0000000086300000, 0x0000000086300000, 0x0000000086400000|  0%| F|  |TAMS 0x0000000086300000, 0x0000000086300000| Untracked 
| 100|0x0000000086400000, 0x0000000086400000, 0x0000000086500000|  0%| F|  |TAMS 0x0000000086400000, 0x0000000086400000| Untracked 
| 101|0x0000000086500000, 0x0000000086500000, 0x0000000086600000|  0%| F|  |TAMS 0x0000000086500000, 0x0000000086500000| Untracked 
| 102|0x0000000086600000, 0x0000000086600000, 0x0000000086700000|  0%| F|  |TAMS 0x0000000086600000, 0x0000000086600000| Untracked 
| 103|0x0000000086700000, 0x0000000086700000, 0x0000000086800000|  0%| F|  |TAMS 0x0000000086700000, 0x0000000086700000| Untracked 
| 104|0x0000000086800000, 0x0000000086800000, 0x0000000086900000|  0%| F|  |TAMS 0x0000000086800000, 0x0000000086800000| Untracked 
| 105|0x0000000086900000, 0x0000000086900000, 0x0000000086a00000|  0%| F|  |TAMS 0x0000000086900000, 0x0000000086900000| Untracked 
| 106|0x0000000086a00000, 0x0000000086a00000, 0x0000000086b00000|  0%| F|  |TAMS 0x0000000086a00000, 0x0000000086a00000| Untracked 
| 107|0x0000000086b00000, 0x0000000086b00000, 0x0000000086c00000|  0%| F|  |TAMS 0x0000000086b00000, 0x0000000086b00000| Untracked 
| 108|0x0000000086c00000, 0x0000000086c3a000, 0x0000000086d00000| 22%| S|CS|TAMS 0x0000000086c00000, 0x0000000086c00000| Complete 
| 109|0x0000000086d00000, 0x0000000086e00000, 0x0000000086e00000|100%| S|CS|TAMS 0x0000000086d00000, 0x0000000086d00000| Complete 
| 110|0x0000000086e00000, 0x0000000086f00000, 0x0000000086f00000|100%| S|CS|TAMS 0x0000000086e00000, 0x0000000086e00000| Complete 
| 111|0x0000000086f00000, 0x0000000087000000, 0x0000000087000000|100%| S|CS|TAMS 0x0000000086f00000, 0x0000000086f00000| Complete 
| 112|0x0000000087000000, 0x0000000087100000, 0x0000000087100000|100%| S|CS|TAMS 0x0000000087000000, 0x0000000087000000| Complete 
| 113|0x0000000087100000, 0x0000000087200000, 0x0000000087200000|100%| S|CS|TAMS 0x0000000087100000, 0x0000000087100000| Complete 
| 114|0x0000000087200000, 0x0000000087300000, 0x0000000087300000|100%| S|CS|TAMS 0x0000000087200000, 0x0000000087200000| Complete 
| 115|0x0000000087300000, 0x0000000087400000, 0x0000000087400000|100%| S|CS|TAMS 0x0000000087300000, 0x0000000087300000| Complete 
| 116|0x0000000087400000, 0x0000000087500000, 0x0000000087500000|100%| S|CS|TAMS 0x0000000087400000, 0x0000000087400000| Complete 
| 117|0x0000000087500000, 0x0000000087500000, 0x0000000087600000|  0%| F|  |TAMS 0x0000000087500000, 0x0000000087500000| Untracked 
| 118|0x0000000087600000, 0x0000000087600000, 0x0000000087700000|  0%| F|  |TAMS 0x0000000087600000, 0x0000000087600000| Untracked 
| 119|0x0000000087700000, 0x0000000087700000, 0x0000000087800000|  0%| F|  |TAMS 0x0000000087700000, 0x0000000087700000| Untracked 
| 120|0x0000000087800000, 0x0000000087800000, 0x0000000087900000|  0%| F|  |TAMS 0x0000000087800000, 0x0000000087800000| Untracked 
| 121|0x0000000087900000, 0x0000000087900000, 0x0000000087a00000|  0%| F|  |TAMS 0x0000000087900000, 0x0000000087900000| Untracked 
| 122|0x0000000087a00000, 0x0000000087a00000, 0x0000000087b00000|  0%| F|  |TAMS 0x0000000087a00000, 0x0000000087a00000| Untracked 
| 123|0x0000000087b00000, 0x0000000087b00000, 0x0000000087c00000|  0%| F|  |TAMS 0x0000000087b00000, 0x0000000087b00000| Untracked 
| 124|0x0000000087c00000, 0x0000000087c00000, 0x0000000087d00000|  0%| F|  |TAMS 0x0000000087c00000, 0x0000000087c00000| Untracked 
| 125|0x0000000087d00000, 0x0000000087d00000, 0x0000000087e00000|  0%| F|  |TAMS 0x0000000087d00000, 0x0000000087d00000| Untracked 
| 126|0x0000000087e00000, 0x0000000087e00000, 0x0000000087f00000|  0%| F|  |TAMS 0x0000000087e00000, 0x0000000087e00000| Untracked 
| 127|0x0000000087f00000, 0x0000000087f00000, 0x0000000088000000|  0%| F|  |TAMS 0x0000000087f00000, 0x0000000087f00000| Untracked 
| 128|0x0000000088000000, 0x0000000088000000, 0x0000000088100000|  0%| F|  |TAMS 0x0000000088000000, 0x0000000088000000| Untracked 
| 129|0x0000000088100000, 0x0000000088100000, 0x0000000088200000|  0%| F|  |TAMS 0x0000000088100000, 0x0000000088100000| Untracked 
| 130|0x0000000088200000, 0x0000000088200000, 0x0000000088300000|  0%| F|  |TAMS 0x0000000088200000, 0x0000000088200000| Untracked 
| 131|0x0000000088300000, 0x0000000088300000, 0x0000000088400000|  0%| F|  |TAMS 0x0000000088300000, 0x0000000088300000| Untracked 
| 132|0x0000000088400000, 0x0000000088400000, 0x0000000088500000|  0%| F|  |TAMS 0x0000000088400000, 0x0000000088400000| Untracked 
| 133|0x0000000088500000, 0x0000000088500000, 0x0000000088600000|  0%| F|  |TAMS 0x0000000088500000, 0x0000000088500000| Untracked 
| 134|0x0000000088600000, 0x0000000088600000, 0x0000000088700000|  0%| F|  |TAMS 0x0000000088600000, 0x0000000088600000| Untracked 
| 135|0x0000000088700000, 0x0000000088700000, 0x0000000088800000|  0%| F|  |TAMS 0x0000000088700000, 0x0000000088700000| Untracked 
| 136|0x0000000088800000, 0x0000000088800000, 0x0000000088900000|  0%| F|  |TAMS 0x0000000088800000, 0x0000000088800000| Untracked 
| 137|0x0000000088900000, 0x0000000088900000, 0x0000000088a00000|  0%| F|  |TAMS 0x0000000088900000, 0x0000000088900000| Untracked 
| 138|0x0000000088a00000, 0x0000000088a00000, 0x0000000088b00000|  0%| F|  |TAMS 0x0000000088a00000, 0x0000000088a00000| Untracked 
| 139|0x0000000088b00000, 0x0000000088b00000, 0x0000000088c00000|  0%| F|  |TAMS 0x0000000088b00000, 0x0000000088b00000| Untracked 
| 140|0x0000000088c00000, 0x0000000088c00000, 0x0000000088d00000|  0%| F|  |TAMS 0x0000000088c00000, 0x0000000088c00000| Untracked 
| 141|0x0000000088d00000, 0x0000000088d00000, 0x0000000088e00000|  0%| F|  |TAMS 0x0000000088d00000, 0x0000000088d00000| Untracked 
| 142|0x0000000088e00000, 0x0000000088e00000, 0x0000000088f00000|  0%| F|  |TAMS 0x0000000088e00000, 0x0000000088e00000| Untracked 
| 143|0x0000000088f00000, 0x0000000088f00000, 0x0000000089000000|  0%| F|  |TAMS 0x0000000088f00000, 0x0000000088f00000| Untracked 
| 144|0x0000000089000000, 0x0000000089000000, 0x0000000089100000|  0%| F|  |TAMS 0x0000000089000000, 0x0000000089000000| Untracked 
| 145|0x0000000089100000, 0x0000000089100000, 0x0000000089200000|  0%| F|  |TAMS 0x0000000089100000, 0x0000000089100000| Untracked 
| 146|0x0000000089200000, 0x0000000089200000, 0x0000000089300000|  0%| F|  |TAMS 0x0000000089200000, 0x0000000089200000| Untracked 
| 147|0x0000000089300000, 0x0000000089300000, 0x0000000089400000|  0%| F|  |TAMS 0x0000000089300000, 0x0000000089300000| Untracked 
| 148|0x0000000089400000, 0x0000000089400000, 0x0000000089500000|  0%| F|  |TAMS 0x0000000089400000, 0x0000000089400000| Untracked 
| 149|0x0000000089500000, 0x0000000089500000, 0x0000000089600000|  0%| F|  |TAMS 0x0000000089500000, 0x0000000089500000| Untracked 
| 150|0x0000000089600000, 0x0000000089600000, 0x0000000089700000|  0%| F|  |TAMS 0x0000000089600000, 0x0000000089600000| Untracked 
| 151|0x0000000089700000, 0x0000000089700000, 0x0000000089800000|  0%| F|  |TAMS 0x0000000089700000, 0x0000000089700000| Untracked 
| 152|0x0000000089800000, 0x0000000089800000, 0x0000000089900000|  0%| F|  |TAMS 0x0000000089800000, 0x0000000089800000| Untracked 
| 153|0x0000000089900000, 0x0000000089900000, 0x0000000089a00000|  0%| F|  |TAMS 0x0000000089900000, 0x0000000089900000| Untracked 
| 154|0x0000000089a00000, 0x0000000089a00000, 0x0000000089b00000|  0%| F|  |TAMS 0x0000000089a00000, 0x0000000089a00000| Untracked 
| 155|0x0000000089b00000, 0x0000000089b00000, 0x0000000089c00000|  0%| F|  |TAMS 0x0000000089b00000, 0x0000000089b00000| Untracked 
| 156|0x0000000089c00000, 0x0000000089c00000, 0x0000000089d00000|  0%| F|  |TAMS 0x0000000089c00000, 0x0000000089c00000| Untracked 
| 157|0x0000000089d00000, 0x0000000089d00000, 0x0000000089e00000|  0%| F|  |TAMS 0x0000000089d00000, 0x0000000089d00000| Untracked 
| 158|0x0000000089e00000, 0x0000000089e00000, 0x0000000089f00000|  0%| F|  |TAMS 0x0000000089e00000, 0x0000000089e00000| Untracked 
| 159|0x0000000089f00000, 0x0000000089f00000, 0x000000008a000000|  0%| F|  |TAMS 0x0000000089f00000, 0x0000000089f00000| Untracked 
| 160|0x000000008a000000, 0x000000008a000000, 0x000000008a100000|  0%| F|  |TAMS 0x000000008a000000, 0x000000008a000000| Untracked 
| 161|0x000000008a100000, 0x000000008a100000, 0x000000008a200000|  0%| F|  |TAMS 0x000000008a100000, 0x000000008a100000| Untracked 
| 162|0x000000008a200000, 0x000000008a200000, 0x000000008a300000|  0%| F|  |TAMS 0x000000008a200000, 0x000000008a200000| Untracked 
| 163|0x000000008a300000, 0x000000008a300000, 0x000000008a400000|  0%| F|  |TAMS 0x000000008a300000, 0x000000008a300000| Untracked 
| 164|0x000000008a400000, 0x000000008a400000, 0x000000008a500000|  0%| F|  |TAMS 0x000000008a400000, 0x000000008a400000| Untracked 
| 165|0x000000008a500000, 0x000000008a500000, 0x000000008a600000|  0%| F|  |TAMS 0x000000008a500000, 0x000000008a500000| Untracked 
| 166|0x000000008a600000, 0x000000008a600000, 0x000000008a700000|  0%| F|  |TAMS 0x000000008a600000, 0x000000008a600000| Untracked 
| 167|0x000000008a700000, 0x000000008a700000, 0x000000008a800000|  0%| F|  |TAMS 0x000000008a700000, 0x000000008a700000| Untracked 
| 168|0x000000008a800000, 0x000000008a800000, 0x000000008a900000|  0%| F|  |TAMS 0x000000008a800000, 0x000000008a800000| Untracked 
| 169|0x000000008a900000, 0x000000008a900000, 0x000000008aa00000|  0%| F|  |TAMS 0x000000008a900000, 0x000000008a900000| Untracked 
| 170|0x000000008aa00000, 0x000000008aa00000, 0x000000008ab00000|  0%| F|  |TAMS 0x000000008aa00000, 0x000000008aa00000| Untracked 
| 171|0x000000008ab00000, 0x000000008ab00000, 0x000000008ac00000|  0%| F|  |TAMS 0x000000008ab00000, 0x000000008ab00000| Untracked 
| 172|0x000000008ac00000, 0x000000008ac00000, 0x000000008ad00000|  0%| F|  |TAMS 0x000000008ac00000, 0x000000008ac00000| Untracked 
| 173|0x000000008ad00000, 0x000000008ad00000, 0x000000008ae00000|  0%| F|  |TAMS 0x000000008ad00000, 0x000000008ad00000| Untracked 
| 174|0x000000008ae00000, 0x000000008ae00000, 0x000000008af00000|  0%| F|  |TAMS 0x000000008ae00000, 0x000000008ae00000| Untracked 
| 175|0x000000008af00000, 0x000000008af00000, 0x000000008b000000|  0%| F|  |TAMS 0x000000008af00000, 0x000000008af00000| Untracked 
| 176|0x000000008b000000, 0x000000008b000000, 0x000000008b100000|  0%| F|  |TAMS 0x000000008b000000, 0x000000008b000000| Untracked 
| 177|0x000000008b100000, 0x000000008b100000, 0x000000008b200000|  0%| F|  |TAMS 0x000000008b100000, 0x000000008b100000| Untracked 
| 178|0x000000008b200000, 0x000000008b200000, 0x000000008b300000|  0%| F|  |TAMS 0x000000008b200000, 0x000000008b200000| Untracked 
| 179|0x000000008b300000, 0x000000008b300000, 0x000000008b400000|  0%| F|  |TAMS 0x000000008b300000, 0x000000008b300000| Untracked 
| 180|0x000000008b400000, 0x000000008b400000, 0x000000008b500000|  0%| F|  |TAMS 0x000000008b400000, 0x000000008b400000| Untracked 
| 181|0x000000008b500000, 0x000000008b500000, 0x000000008b600000|  0%| F|  |TAMS 0x000000008b500000, 0x000000008b500000| Untracked 
| 182|0x000000008b600000, 0x000000008b700000, 0x000000008b700000|100%| E|  |TAMS 0x000000008b600000, 0x000000008b600000| Complete 

Card table byte_map: [0x000002b254ac0000,0x000002b254ec0000] _byte_map_base: 0x000002b2546c0000

Marking Bits (Prev, Next): (CMBitMap*) 0x000002b2418d0c90, (CMBitMap*) 0x000002b2418d0c58
 Prev Bits: [0x000002b2572c0000, 0x000002b2592c0000)
 Next Bits: [0x000002b2552c0000, 0x000002b2572c0000)

Polling page: 0x000002b23f6e0000

Metaspace:

Usage:
  Non-class:     67.32 MB capacity,    65.98 MB ( 98%) used,     1.15 MB (  2%) free+waste,   197.31 KB ( <1%) overhead. 
      Class:     10.68 MB capacity,     9.95 MB ( 93%) used,   657.97 KB (  6%) free+waste,    93.50 KB ( <1%) overhead. 
       Both:     78.00 MB capacity,    75.93 MB ( 97%) used,     1.79 MB (  2%) free+waste,   290.81 KB ( <1%) overhead. 

Virtual space:
  Non-class space:       68.00 MB reserved,      67.49 MB (>99%) committed 
      Class space:        1.00 GB reserved,      10.70 MB (  1%) committed 
             Both:        1.07 GB reserved,      78.19 MB (  7%) committed 

Chunk freelists:
   Non-Class:  52.00 KB
       Class:  3.00 KB
        Both:  55.00 KB

MaxMetaspaceSize: 17179869184.00 GB
CompressedClassSpaceSize: 1.00 GB

CodeHeap 'non-profiled nmethods': size=120000Kb used=4788Kb max_used=4788Kb free=115211Kb
 bounds [0x000002b24ce60000, 0x000002b24d310000, 0x000002b254390000]
CodeHeap 'profiled nmethods': size=120000Kb used=16940Kb max_used=16940Kb free=103059Kb
 bounds [0x000002b245930000, 0x000002b2469c0000, 0x000002b24ce60000]
CodeHeap 'non-nmethods': size=5760Kb used=2279Kb max_used=2316Kb free=3480Kb
 bounds [0x000002b245390000, 0x000002b245600000, 0x000002b245930000]
 total_blobs=8830 nmethods=7952 adapters=789
 compilation: enabled
              stopped_count=0, restarted_count=0
 full_count=0

Compilation events (20 events):
Event: 8.750 Thread 0x000002b25c68b800 7985       3       org.gradle.api.internal.DefaultCollectionCallbackActionDecorator$BuildOperationEmittingAction::execute (26 bytes)
Event: 8.751 Thread 0x000002b25c68b800 nmethod 7985 0x000002b2469b6790 code [0x000002b2469b6a00, 0x000002b2469b75f8]
Event: 8.751 Thread 0x000002b25c68b800 7986       3       org.gradle.api.internal.DefaultCollectionCallbackActionDecorator$BuildOperationEmittingAction$1::<init> (16 bytes)
Event: 8.751 Thread 0x000002b25c68b800 nmethod 7986 0x000002b2469b7a90 code [0x000002b2469b7c60, 0x000002b2469b7f38]
Event: 8.751 Thread 0x000002b25c68b800 7987       3       org.gradle.api.internal.DefaultCollectionCallbackActionDecorator$Operation::<init> (10 bytes)
Event: 8.751 Thread 0x000002b25c68b800 nmethod 7987 0x000002b2469b8010 code [0x000002b2469b81c0, 0x000002b2469b8378]
Event: 8.751 Thread 0x000002b25c68b800 7988       3       org.gradle.api.internal.DefaultCollectionCallbackActionDecorator$Operation::description (20 bytes)
Event: 8.751 Thread 0x000002b25c68b800 nmethod 7988 0x000002b2469b8410 code [0x000002b2469b8620, 0x000002b2469b8c78]
Event: 8.751 Thread 0x000002b25c68b800 7989       3       org.gradle.api.internal.DefaultCollectionCallbackActionDecorator$OperationDetails::<init> (10 bytes)
Event: 8.752 Thread 0x000002b25c68b800 nmethod 7989 0x000002b2469b8e90 code [0x000002b2469b9040, 0x000002b2469b91f8]
Event: 8.752 Thread 0x000002b25c68b800 7990       3       org.gradle.api.internal.DefaultCollectionCallbackActionDecorator$BuildOperationEmittingAction$1::run (26 bytes)
Event: 8.752 Thread 0x000002b25c68b800 nmethod 7990 0x000002b2469b9290 code [0x000002b2469b9460, 0x000002b2469b9708]
Event: 8.752 Thread 0x000002b25c68b800 7984       3       org.codehaus.groovy.reflection.AccessPermissionChecker::checkAccessPermission (70 bytes)
Event: 8.752 Thread 0x000002b25c68b800 nmethod 7984 0x000002b2469b9890 code [0x000002b2469b9b00, 0x000002b2469ba528]
Event: 8.752 Thread 0x000002b25c68b800 7991       1       org.gradle.internal.extensibility.DefaultConvention::getExtensionsAsDynamicObject (5 bytes)
Event: 8.752 Thread 0x000002b25c68b800 nmethod 7991 0x000002b24d30c790 code [0x000002b24d30c940, 0x000002b24d30c9f8]
Event: 8.752 Thread 0x000002b25c68b800 7992       1       groovy.lang.Closure::setResolveStrategy (6 bytes)
Event: 8.753 Thread 0x000002b25c68b800 nmethod 7992 0x000002b24d30ca90 code [0x000002b24d30cc40, 0x000002b24d30ccf8]
Event: 8.753 Thread 0x000002b25c68b800 7994       1       groovy.lang.Closure::getMaximumNumberOfParameters (5 bytes)
Event: 8.753 Thread 0x000002b25c68b800 nmethod 7994 0x000002b24d30cd90 code [0x000002b24d30cf40, 0x000002b24d30cff8]

GC Heap History (20 events):
Event: 3.538 GC heap before
{Heap before GC invocations=8 (full 0):
 garbage-first heap   total 129024K, used 77245K [0x0000000080000000, 0x0000000100000000)
  region size 1024K, 41 young (41984K), 2 survivors (2048K)
 Metaspace       used 39354K, capacity 40417K, committed 40596K, reserved 1085440K
  class space    used 5024K, capacity 5403K, committed 5452K, reserved 1048576K
}
Event: 3.549 GC heap after
{Heap after GC invocations=9 (full 0):
 garbage-first heap   total 129024K, used 38901K [0x0000000080000000, 0x0000000100000000)
  region size 1024K, 6 young (6144K), 6 survivors (6144K)
 Metaspace       used 39354K, capacity 40417K, committed 40596K, reserved 1085440K
  class space    used 5024K, capacity 5403K, committed 5452K, reserved 1048576K
}
Event: 4.006 GC heap before
{Heap before GC invocations=10 (full 0):
 garbage-first heap   total 129024K, used 81909K [0x0000000080000000, 0x0000000100000000)
  region size 1024K, 46 young (47104K), 6 survivors (6144K)
 Metaspace       used 42499K, capacity 43626K, committed 43924K, reserved 1087488K
  class space    used 5479K, capacity 5912K, committed 5964K, reserved 1048576K
}
Event: 4.014 GC heap after
{Heap after GC invocations=11 (full 0):
 garbage-first heap   total 155648K, used 44444K [0x0000000080000000, 0x0000000100000000)
  region size 1024K, 4 young (4096K), 4 survivors (4096K)
 Metaspace       used 42499K, capacity 43626K, committed 43924K, reserved 1087488K
  class space    used 5479K, capacity 5912K, committed 5964K, reserved 1048576K
}
Event: 4.602 GC heap before
{Heap before GC invocations=11 (full 0):
 garbage-first heap   total 155648K, used 97692K [0x0000000080000000, 0x0000000100000000)
  region size 1024K, 55 young (56320K), 4 survivors (4096K)
 Metaspace       used 45718K, capacity 47058K, committed 47380K, reserved 1091584K
  class space    used 5800K, capacity 6260K, committed 6348K, reserved 1048576K
}
Event: 4.610 GC heap after
{Heap after GC invocations=12 (full 0):
 garbage-first heap   total 155648K, used 48806K [0x0000000080000000, 0x0000000100000000)
  region size 1024K, 7 young (7168K), 7 survivors (7168K)
 Metaspace       used 45718K, capacity 47058K, committed 47380K, reserved 1091584K
  class space    used 5800K, capacity 6260K, committed 6348K, reserved 1048576K
}
Event: 5.070 GC heap before
{Heap before GC invocations=12 (full 0):
 garbage-first heap   total 155648K, used 107174K [0x0000000080000000, 0x0000000100000000)
  region size 1024K, 60 young (61440K), 7 survivors (7168K)
 Metaspace       used 49253K, capacity 50768K, committed 51092K, reserved 1093632K
  class space    used 6364K, capacity 6859K, committed 6988K, reserved 1048576K
}
Event: 5.077 GC heap after
{Heap after GC invocations=13 (full 0):
 garbage-first heap   total 155648K, used 55913K [0x0000000080000000, 0x0000000100000000)
  region size 1024K, 8 young (8192K), 8 survivors (8192K)
 Metaspace       used 49253K, capacity 50768K, committed 51092K, reserved 1093632K
  class space    used 6364K, capacity 6859K, committed 6988K, reserved 1048576K
}
Event: 5.659 GC heap before
{Heap before GC invocations=13 (full 0):
 garbage-first heap   total 155648K, used 113257K [0x0000000080000000, 0x0000000100000000)
  region size 1024K, 60 young (61440K), 8 survivors (8192K)
 Metaspace       used 51854K, capacity 53502K, committed 53780K, reserved 1095680K
  class space    used 6749K, capacity 7293K, committed 7372K, reserved 1048576K
}
Event: 5.666 GC heap after
{Heap after GC invocations=14 (full 0):
 garbage-first heap   total 155648K, used 67626K [0x0000000080000000, 0x0000000100000000)
  region size 1024K, 8 young (8192K), 8 survivors (8192K)
 Metaspace       used 51854K, capacity 53502K, committed 53780K, reserved 1095680K
  class space    used 6749K, capacity 7293K, committed 7372K, reserved 1048576K
}
Event: 6.186 GC heap before
{Heap before GC invocations=14 (full 0):
 garbage-first heap   total 155648K, used 114730K [0x0000000080000000, 0x0000000100000000)
  region size 1024K, 54 young (55296K), 8 survivors (8192K)
 Metaspace       used 56314K, capacity 58059K, committed 58132K, reserved 1099776K
  class space    used 7282K, capacity 7849K, committed 7884K, reserved 1048576K
}
Event: 6.192 GC heap after
{Heap after GC invocations=15 (full 0):
 garbage-first heap   total 187392K, used 71206K [0x0000000080000000, 0x0000000100000000)
  region size 1024K, 4 young (4096K), 4 survivors (4096K)
 Metaspace       used 56314K, capacity 58059K, committed 58132K, reserved 1099776K
  class space    used 7282K, capacity 7849K, committed 7884K, reserved 1048576K
}
Event: 6.874 GC heap before
{Heap before GC invocations=15 (full 0):
 garbage-first heap   total 187392K, used 129574K [0x0000000080000000, 0x0000000100000000)
  region size 1024K, 61 young (62464K), 4 survivors (4096K)
 Metaspace       used 64932K, capacity 66873K, committed 66964K, reserved 1107968K
  class space    used 8367K, capacity 9015K, committed 9036K, reserved 1048576K
}
Event: 6.878 GC heap after
{Heap after GC invocations=16 (full 0):
 garbage-first heap   total 187392K, used 73208K [0x0000000080000000, 0x0000000100000000)
  region size 1024K, 6 young (6144K), 6 survivors (6144K)
 Metaspace       used 64932K, capacity 66873K, committed 66964K, reserved 1107968K
  class space    used 8367K, capacity 9015K, committed 9036K, reserved 1048576K
}
Event: 6.940 GC heap before
{Heap before GC invocations=16 (full 0):
 garbage-first heap   total 187392K, used 79352K [0x0000000080000000, 0x0000000100000000)
  region size 1024K, 13 young (13312K), 6 survivors (6144K)
 Metaspace       used 65953K, capacity 67907K, committed 68088K, reserved 1107968K
  class space    used 8487K, capacity 9126K, committed 9164K, reserved 1048576K
}
Event: 6.945 GC heap after
{Heap after GC invocations=17 (full 0):
 garbage-first heap   total 187392K, used 74114K [0x0000000080000000, 0x0000000100000000)
  region size 1024K, 4 young (4096K), 4 survivors (4096K)
 Metaspace       used 65953K, capacity 67907K, committed 68088K, reserved 1107968K
  class space    used 8487K, capacity 9126K, committed 9164K, reserved 1048576K
}
Event: 7.728 GC heap before
{Heap before GC invocations=18 (full 0):
 garbage-first heap   total 187392K, used 137602K [0x0000000080000000, 0x0000000100000000)
  region size 1024K, 66 young (67584K), 4 survivors (4096K)
 Metaspace       used 70915K, capacity 72838K, committed 73028K, reserved 1112064K
  class space    used 9116K, capacity 9775K, committed 9804K, reserved 1048576K
}
Event: 7.735 GC heap after
{Heap after GC invocations=19 (full 0):
 garbage-first heap   total 187392K, used 78195K [0x0000000080000000, 0x0000000100000000)
  region size 1024K, 8 young (8192K), 8 survivors (8192K)
 Metaspace       used 70915K, capacity 72838K, committed 73028K, reserved 1112064K
  class space    used 9116K, capacity 9775K, committed 9804K, reserved 1048576K
}
Event: 8.370 GC heap before
{Heap before GC invocations=20 (full 0):
 garbage-first heap   total 187392K, used 140659K [0x0000000080000000, 0x0000000100000000)
  region size 1024K, 69 young (70656K), 8 survivors (8192K)
 Metaspace       used 74326K, capacity 76452K, committed 76740K, reserved 1116160K
  class space    used 9618K, capacity 10317K, committed 10444K, reserved 1048576K
}
Event: 8.380 GC heap after
{Heap after GC invocations=21 (full 0):
 garbage-first heap   total 187392K, used 82874K [0x0000000080000000, 0x0000000100000000)
  region size 1024K, 5 young (5120K), 5 survivors (5120K)
 Metaspace       used 74326K, capacity 76452K, committed 76740K, reserved 1116160K
  class space    used 9618K, capacity 10317K, committed 10444K, reserved 1048576K
}

Deoptimization events (20 events):
Event: 7.918 Thread 0x000002b25f5e1000 Uncommon trap: trap_request=0xffffff4d fr.pc=0x000002b24d1fae70 relative=0x0000000000000390
Event: 7.918 Thread 0x000002b25f5e1000 Uncommon trap: reason=unstable_if action=reinterpret pc=0x000002b24d1fae70 method=org.objectweb.asm.MethodWriter.visitVarInsn(II)V @ 116 c2
Event: 7.918 Thread 0x000002b25f5e1000 DEOPT PACKING pc=0x000002b24d1fae70 sp=0x000000cc06efdbe0
Event: 7.918 Thread 0x000002b25f5e1000 DEOPT UNPACKING pc=0x000002b2453b662f sp=0x000000cc06efdba0 mode 2
Event: 8.090 Thread 0x000002b25ec23800 Uncommon trap: trap_request=0xfffffff4 fr.pc=0x000002b24d1146e8 relative=0x00000000000007e8
Event: 8.090 Thread 0x000002b25ec23800 Uncommon trap: reason=null_check action=make_not_entrant pc=0x000002b24d1146e8 method=org.gradle.util.internal.SimpleMapInterner.intern(Ljava/lang/Object;)Ljava/lang/Object; @ 2 c2
Event: 8.090 Thread 0x000002b25ec23800 DEOPT PACKING pc=0x000002b24d1146e8 sp=0x000000cc059f7ab0
Event: 8.090 Thread 0x000002b25ec23800 DEOPT UNPACKING pc=0x000002b2453b662f sp=0x000000cc059f7a78 mode 2
Event: 8.090 Thread 0x000002b25ec23800 Uncommon trap: trap_request=0xffffff4d fr.pc=0x000002b24d113698 relative=0x00000000000007b8
Event: 8.090 Thread 0x000002b25ec23800 Uncommon trap: reason=unstable_if action=reinterpret pc=0x000002b24d113698 method=org.gradle.util.internal.SimpleMapInterner.intern(Ljava/lang/String;)Ljava/lang/String; @ 1 c2
Event: 8.090 Thread 0x000002b25ec23800 DEOPT PACKING pc=0x000002b24d113698 sp=0x000000cc059f7a40
Event: 8.090 Thread 0x000002b25ec23800 DEOPT UNPACKING pc=0x000002b2453b662f sp=0x000000cc059f7a08 mode 2
Event: 8.564 Thread 0x000002b25ec23800 Uncommon trap: trap_request=0xffffffde fr.pc=0x000002b24d2757c0 relative=0x00000000000008c0
Event: 8.564 Thread 0x000002b25ec23800 Uncommon trap: reason=class_check action=maybe_recompile pc=0x000002b24d2757c0 method=org.gradle.internal.instantiation.generator.AbstractClassGenerator$InjectionAnnotationValidator.validateMethod(Ljava/lang/reflect/Method;Lorg/gradle/internal/reflect/Pro
Event: 8.564 Thread 0x000002b25ec23800 DEOPT PACKING pc=0x000002b24d2757c0 sp=0x000000cc059f8cc0
Event: 8.564 Thread 0x000002b25ec23800 DEOPT UNPACKING pc=0x000002b2453b662f sp=0x000000cc059f8c98 mode 2
Event: 8.577 Thread 0x000002b25ec23800 Uncommon trap: trap_request=0xffffffde fr.pc=0x000002b24d2757c0 relative=0x00000000000008c0
Event: 8.577 Thread 0x000002b25ec23800 Uncommon trap: reason=class_check action=maybe_recompile pc=0x000002b24d2757c0 method=org.gradle.internal.instantiation.generator.AbstractClassGenerator$InjectionAnnotationValidator.validateMethod(Ljava/lang/reflect/Method;Lorg/gradle/internal/reflect/Pro
Event: 8.577 Thread 0x000002b25ec23800 DEOPT PACKING pc=0x000002b24d2757c0 sp=0x000000cc059f8d30
Event: 8.577 Thread 0x000002b25ec23800 DEOPT UNPACKING pc=0x000002b2453b662f sp=0x000000cc059f8d08 mode 2

Classes redefined (0 events):
No events

Internal exceptions (20 events):
Event: 8.707 Thread 0x000002b25ec23800 Exception <a 'java/lang/ClassNotFoundException'{0x0000000088b3a810}: com/google/android/gms/dependencies/DependencyInspectorBeanInfo> (0x0000000088b3a810) thrown at [./src/hotspot/share/classfile/systemDictionary.cpp, line 231]
Event: 8.707 Thread 0x000002b25ec23800 Exception <a 'java/lang/ClassNotFoundException'{0x0000000088b54958}: com/google/android/gms/dependencies/DependencyInspectorCustomizer> (0x0000000088b54958) thrown at [./src/hotspot/share/classfile/systemDictionary.cpp, line 231]
Event: 8.715 Thread 0x000002b25ec23800 Exception <a 'java/lang/ClassNotFoundException'{0x00000000889ed648}: org/gradle/api/internal/artifacts/configurations/DefaultConfigurationContainer_DecoratedBeanInfo> (0x00000000889ed648) thrown at [./src/hotspot/share/classfile/systemDictionary.cpp, line 231]
Event: 8.716 Thread 0x000002b25ec23800 Exception <a 'java/lang/ClassNotFoundException'{0x0000000088818348}: org/gradle/api/internal/artifacts/configurations/DefaultConfigurationContainerBeanInfo> (0x0000000088818348) thrown at [./src/hotspot/share/classfile/systemDictionary.cpp, line 231]
Event: 8.716 Thread 0x000002b25ec23800 Exception <a 'java/lang/ClassNotFoundException'{0x0000000088832c28}: org/gradle/api/internal/AbstractValidatingNamedDomainObjectContainerBeanInfo> (0x0000000088832c28) thrown at [./src/hotspot/share/classfile/systemDictionary.cpp, line 231]
Event: 8.716 Thread 0x000002b25ec23800 Exception <a 'java/lang/ClassNotFoundException'{0x000000008884d6a8}: org/gradle/api/internal/AbstractValidatingNamedDomainObjectContainerCustomizer> (0x000000008884d6a8) thrown at [./src/hotspot/share/classfile/systemDictionary.cpp, line 231]
Event: 8.717 Thread 0x000002b25ec23800 Exception <a 'java/lang/ClassNotFoundException'{0x0000000088882fa8}: org/gradle/api/internal/artifacts/configurations/DefaultConfigurationContainerCustomizer> (0x0000000088882fa8) thrown at [./src/hotspot/share/classfile/systemDictionary.cpp, line 231]
Event: 8.718 Thread 0x000002b25ec23800 Exception <a 'java/lang/ClassNotFoundException'{0x00000000888c3a50}: org/gradle/api/internal/artifacts/configurations/DefaultConfigurationContainer_DecoratedCustomizer> (0x00000000888c3a50) thrown at [./src/hotspot/share/classfile/systemDictionary.cpp, line 231]
Event: 8.726 Thread 0x000002b25ec23800 Exception <a 'java/lang/ClassNotFoundException'{0x000000008853e480}: org/gradle/api/internal/artifacts/configurations/DefaultConfiguration_DecoratedBeanInfo> (0x000000008853e480) thrown at [./src/hotspot/share/classfile/systemDictionary.cpp, line 231]
Event: 8.727 Thread 0x000002b25ec23800 Exception <a 'java/lang/ClassNotFoundException'{0x0000000088567f80}: org/gradle/api/internal/artifacts/configurations/DefaultConfigurationBeanInfo> (0x0000000088567f80) thrown at [./src/hotspot/share/classfile/systemDictionary.cpp, line 231]
Event: 8.728 Thread 0x000002b25ec23800 Exception <a 'java/lang/ClassNotFoundException'{0x0000000088581968}: org/gradle/api/internal/file/AbstractFileCollectionBeanInfo> (0x0000000088581968) thrown at [./src/hotspot/share/classfile/systemDictionary.cpp, line 231]
Event: 8.728 Thread 0x000002b25ec23800 Exception <a 'java/lang/ClassNotFoundException'{0x000000008859b118}: org/gradle/api/internal/file/AbstractFileCollectionCustomizer> (0x000000008859b118) thrown at [./src/hotspot/share/classfile/systemDictionary.cpp, line 231]
Event: 8.729 Thread 0x000002b25ec23800 Exception <a 'java/lang/ClassNotFoundException'{0x00000000885d6c68}: org/gradle/api/internal/artifacts/configurations/DefaultConfigurationCustomizer> (0x00000000885d6c68) thrown at [./src/hotspot/share/classfile/systemDictionary.cpp, line 231]
Event: 8.731 Thread 0x000002b25ec23800 Exception <a 'java/lang/ClassNotFoundException'{0x0000000088462368}: org/gradle/api/internal/artifacts/configurations/DefaultConfiguration_DecoratedCustomizer> (0x0000000088462368) thrown at [./src/hotspot/share/classfile/systemDictionary.cpp, line 231]
Event: 8.738 Thread 0x000002b25ec23800 Exception <a 'java/lang/ClassNotFoundException'{0x00000000882e9490}: org/codehaus/groovy/runtime/MethodClosureBeanInfo> (0x00000000882e9490) thrown at [./src/hotspot/share/classfile/systemDictionary.cpp, line 231]
Event: 8.739 Thread 0x000002b25ec23800 Exception <a 'java/lang/ClassNotFoundException'{0x00000000880c1c98}: org/codehaus/groovy/runtime/MethodClosureCustomizer> (0x00000000880c1c98) thrown at [./src/hotspot/share/classfile/systemDictionary.cpp, line 231]
Event: 8.742 Thread 0x000002b25ec23800 Exception <a 'java/lang/ClassNotFoundException'{0x0000000087f2b070}: org/gradle/api/internal/artifacts/configurations/DefaultConfiguration$ConfigurationResolvableDependencies_DecoratedBeanInfo> (0x0000000087f2b070) thrown at [./src/hotspot/share/classfile/systemDictionary.cpp, line 231]
Event: 8.743 Thread 0x000002b25ec23800 Exception <a 'java/lang/ClassNotFoundException'{0x0000000087f5ced0}: org/gradle/api/internal/artifacts/configurations/DefaultConfiguration$ConfigurationResolvableDependenciesBeanInfo> (0x0000000087f5ced0) thrown at [./src/hotspot/share/classfile/systemDictionary.cpp, line 231]
Event: 8.743 Thread 0x000002b25ec23800 Exception <a 'java/lang/ClassNotFoundException'{0x0000000087f90968}: org/gradle/api/internal/artifacts/configurations/DefaultConfiguration$ConfigurationResolvableDependenciesCustomizer> (0x0000000087f90968) thrown at [./src/hotspot/share/classfile/systemDictionary.cpp, line 231]
Event: 8.745 Thread 0x000002b25ec23800 Exception <a 'java/lang/ClassNotFoundException'{0x0000000087fd56e0}: org/gradle/api/internal/artifacts/configurations/DefaultConfiguration$ConfigurationResolvableDependencies_DecoratedCustomizer> (0x0000000087fd56e0) thrown at [./src/hotspot/share/classfile/systemDictionary.cpp, line 231]

Events (20 events):
Event: 8.781 loading class org/gradle/tooling/provider/model/internal/DefaultToolingModelBuilderRegistry$DelegatingBuilder
Event: 8.781 loading class org/gradle/tooling/provider/model/internal/DefaultToolingModelBuilderRegistry$DelegatingBuilder done
Event: 8.781 loading class org/gradle/tooling/provider/model/internal/DefaultToolingModelBuilderRegistry$LockAllProjectsBuilder
Event: 8.781 loading class org/gradle/tooling/provider/model/internal/DefaultToolingModelBuilderRegistry$LockAllProjectsBuilder done
Event: 8.781 loading class com/android/ide/gradle/model/GradlePluginModel
Event: 8.781 loading class com/android/ide/gradle/model/GradlePluginModel done
Event: 8.782 loading class com/android/ide/gradle/model/artifacts/AdditionalClassifierArtifactsModel
Event: 8.782 loading class com/android/ide/gradle/model/artifacts/AdditionalClassifierArtifactsModel done
Event: 8.782 loading class org/gradle/tooling/model/kotlin/dsl/KotlinDslScriptsModel
Event: 8.782 loading class org/gradle/tooling/model/kotlin/dsl/KotlinDslScriptsModel done
Event: 8.783 loading class kotlin/reflect/jvm/internal/KClassImpl$Data
Event: 8.783 loading class kotlin/reflect/jvm/internal/KClassImpl$Data done
Event: 8.783 loading class kotlin/reflect/jvm/internal/KDeclarationContainerImpl$Data
Event: 8.783 loading class kotlin/reflect/jvm/internal/KDeclarationContainerImpl$Data done
Event: 8.784 loading class kotlin/reflect/jvm/internal/KDeclarationContainerImpl$Data$moduleData$2
Event: 8.784 loading class kotlin/reflect/jvm/internal/KDeclarationContainerImpl$Data$moduleData$2 done
Event: 8.785 loading class kotlin/reflect/jvm/internal/KClassImpl$Data$descriptor$2
Event: 8.785 loading class kotlin/reflect/jvm/internal/KClassImpl$Data$descriptor$2 done
Event: 8.785 loading class kotlin/reflect/jvm/internal/KClassImpl$Data$annotations$2
Event: 8.785 loading class kotlin/reflect/jvm/internal/KClassImpl$Data$annotations$2 done


Dynamic libraries:
0x00007ff63e900000 - 0x00007ff63e90a000 	C:\Program Files\Android\Android Studio2\jre\bin\java.exe
0x00007ffd1cc70000 - 0x00007ffd1ce65000 	C:\WINDOWS\SYSTEM32\ntdll.dll
0x00007ffd1acb0000 - 0x00007ffd1ad6e000 	C:\WINDOWS\System32\KERNEL32.DLL
0x00007ffd1a850000 - 0x00007ffd1ab18000 	C:\WINDOWS\System32\KERNELBASE.dll
0x00007ffd1a750000 - 0x00007ffd1a850000 	C:\WINDOWS\System32\ucrtbase.dll
0x00007ffd14d50000 - 0x00007ffd14d67000 	C:\Program Files\Android\Android Studio2\jre\bin\VCRUNTIME140.dll
0x00007ffd0b5f0000 - 0x00007ffd0b609000 	C:\Program Files\Android\Android Studio2\jre\bin\jli.dll
0x00007ffd1b9d0000 - 0x00007ffd1bb71000 	C:\WINDOWS\System32\USER32.dll
0x00007ffd046e0000 - 0x00007ffd0497a000 	C:\WINDOWS\WinSxS\amd64_microsoft.windows.common-controls_6595b64144ccf1df_6.0.19041.1110_none_60b5254171f9507e\COMCTL32.dll
0x00007ffd1ab20000 - 0x00007ffd1ab42000 	C:\WINDOWS\System32\win32u.dll
0x00007ffd1bdf0000 - 0x00007ffd1be8e000 	C:\WINDOWS\System32\msvcrt.dll
0x00007ffd1c150000 - 0x00007ffd1c17b000 	C:\WINDOWS\System32\GDI32.dll
0x00007ffd1a4b0000 - 0x00007ffd1a5bd000 	C:\WINDOWS\System32\gdi32full.dll
0x00007ffd1a410000 - 0x00007ffd1a4ad000 	C:\WINDOWS\System32\msvcp_win.dll
0x00007ffd1c500000 - 0x00007ffd1c530000 	C:\WINDOWS\System32\IMM32.DLL
0x00007ffcfbe30000 - 0x00007ffcfbecd000 	C:\Program Files\Android\Android Studio2\jre\bin\msvcp140.dll
0x00007ffccf8b0000 - 0x00007ffcd0385000 	C:\Program Files\Android\Android Studio2\jre\bin\server\jvm.dll
0x00007ffd1c330000 - 0x00007ffd1c3de000 	C:\WINDOWS\System32\ADVAPI32.dll
0x00007ffd1c720000 - 0x00007ffd1c7bc000 	C:\WINDOWS\System32\sechost.dll
0x00007ffd1c020000 - 0x00007ffd1c145000 	C:\WINDOWS\System32\RPCRT4.dll
0x00007ffd1bf80000 - 0x00007ffd1bf88000 	C:\WINDOWS\System32\PSAPI.DLL
0x00007ffd034b0000 - 0x00007ffd034d7000 	C:\WINDOWS\SYSTEM32\WINMM.dll
0x00007ffd14880000 - 0x00007ffd1488a000 	C:\WINDOWS\SYSTEM32\VERSION.dll
0x00007ffd08d90000 - 0x00007ffd08d99000 	C:\WINDOWS\SYSTEM32\WSOCK32.dll
0x00007ffd1c5e0000 - 0x00007ffd1c64b000 	C:\WINDOWS\System32\WS2_32.dll
0x00007ffd18270000 - 0x00007ffd18282000 	C:\WINDOWS\SYSTEM32\kernel.appcore.dll
0x00007ffcf75b0000 - 0x00007ffcf75c1000 	C:\Program Files\Android\Android Studio2\jre\bin\verify.dll
0x00007ffd0c800000 - 0x00007ffd0c9e4000 	C:\WINDOWS\SYSTEM32\DBGHELP.DLL
0x00007ffd0c5a0000 - 0x00007ffd0c5cc000 	C:\WINDOWS\SYSTEM32\dbgcore.DLL
0x00007ffd1a380000 - 0x00007ffd1a402000 	C:\WINDOWS\System32\bcryptPrimitives.dll
0x00007ffcedd40000 - 0x00007ffcedd69000 	C:\Program Files\Android\Android Studio2\jre\bin\java.dll
0x00007ffcfced0000 - 0x00007ffcfcedb000 	C:\Program Files\Android\Android Studio2\jre\bin\jimage.dll
0x00007ffce3680000 - 0x00007ffce3698000 	C:\Program Files\Android\Android Studio2\jre\bin\zip.dll
0x00007ffd1b280000 - 0x00007ffd1b9c4000 	C:\WINDOWS\System32\SHELL32.dll
0x00007ffd18470000 - 0x00007ffd18c05000 	C:\WINDOWS\SYSTEM32\windows.storage.dll
0x00007ffd1c8d0000 - 0x00007ffd1cc25000 	C:\WINDOWS\System32\combase.dll
0x00007ffd19dd0000 - 0x00007ffd19dfe000 	C:\WINDOWS\SYSTEM32\Wldp.dll
0x00007ffd1c530000 - 0x00007ffd1c5dd000 	C:\WINDOWS\System32\SHCORE.dll
0x00007ffd1c7c0000 - 0x00007ffd1c815000 	C:\WINDOWS\System32\shlwapi.dll
0x00007ffd1a2c0000 - 0x00007ffd1a2df000 	C:\WINDOWS\SYSTEM32\profapi.dll
0x00007ffcfe1e0000 - 0x00007ffcfe1fa000 	C:\Program Files\Android\Android Studio2\jre\bin\net.dll
0x00007ffd0fd40000 - 0x00007ffd0fe4c000 	C:\WINDOWS\SYSTEM32\WINHTTP.dll
0x00007ffd19b30000 - 0x00007ffd19b9a000 	C:\WINDOWS\system32\mswsock.dll
0x00007ffcfbaf0000 - 0x00007ffcfbb04000 	C:\Program Files\Android\Android Studio2\jre\bin\nio.dll
0x00007ffd14da0000 - 0x00007ffd14dc7000 	C:\Users\cuong\.gradle\native\e1d6ef7f7dcc3fd88c89a11ec53ec762bb8ba0a96d01ffa2cd45eb1d1d8dd5c5\windows-amd64\native-platform.dll
0x00007ffcfb960000 - 0x00007ffcfbaa4000 	C:\Users\cuong\.gradle\native\5664cfc778a61ccfe75a443a1ab52a65af34e5dc3c78e0209fed803814484fcb\windows-amd64\native-platform-file-events.dll
0x00007ffcfcd30000 - 0x00007ffcfcd3a000 	C:\Program Files\Android\Android Studio2\jre\bin\management.dll
0x00007ffcf76f0000 - 0x00007ffcf76fd000 	C:\Program Files\Android\Android Studio2\jre\bin\management_ext.dll
0x00007ffd19d30000 - 0x00007ffd19d48000 	C:\WINDOWS\SYSTEM32\CRYPTSP.dll
0x00007ffd19440000 - 0x00007ffd19474000 	C:\WINDOWS\system32\rsaenh.dll
0x00007ffd1a720000 - 0x00007ffd1a747000 	C:\WINDOWS\System32\bcrypt.dll
0x00007ffd1a280000 - 0x00007ffd1a2ae000 	C:\WINDOWS\SYSTEM32\USERENV.dll
0x00007ffd19d20000 - 0x00007ffd19d2c000 	C:\WINDOWS\SYSTEM32\CRYPTBASE.dll
0x00007ffd197d0000 - 0x00007ffd1980b000 	C:\WINDOWS\SYSTEM32\IPHLPAPI.DLL
0x00007ffd1b1f0000 - 0x00007ffd1b1f8000 	C:\WINDOWS\System32\NSI.dll
0x00007ffd13f00000 - 0x00007ffd13f17000 	C:\WINDOWS\SYSTEM32\dhcpcsvc6.DLL
0x00007ffd14590000 - 0x00007ffd145ad000 	C:\WINDOWS\SYSTEM32\dhcpcsvc.DLL
0x00007ffd19820000 - 0x00007ffd198eb000 	C:\WINDOWS\SYSTEM32\DNSAPI.dll

dbghelp: loaded successfully - version: 4.0.5 - missing functions: none
symbol engine: initialized successfully - sym options: 0x614 - pdb path: .;C:\Program Files\Android\Android Studio2\jre\bin;C:\WINDOWS\SYSTEM32;C:\WINDOWS\WinSxS\amd64_microsoft.windows.common-controls_6595b64144ccf1df_6.0.19041.1110_none_60b5254171f9507e;C:\Program Files\Android\Android Studio2\jre\bin\server;C:\Users\cuong\.gradle\native\e1d6ef7f7dcc3fd88c89a11ec53ec762bb8ba0a96d01ffa2cd45eb1d1d8dd5c5\windows-amd64;C:\Users\cuong\.gradle\native\5664cfc778a61ccfe75a443a1ab52a65af34e5dc3c78e0209fed803814484fcb\windows-amd64

VM Arguments:
jvm_args: --add-opens=java.base/java.util=ALL-UNNAMED --add-opens=java.base/java.lang=ALL-UNNAMED --add-opens=java.base/java.lang.invoke=ALL-UNNAMED --add-opens=java.base/java.util=ALL-UNNAMED --add-opens=java.prefs/java.util.prefs=ALL-UNNAMED --add-opens=java.prefs/java.util.prefs=ALL-UNNAMED --add-opens=java.base/java.nio.charset=ALL-UNNAMED --add-opens=java.base/java.net=ALL-UNNAMED --add-opens=java.base/java.util.concurrent.atomic=ALL-UNNAMED -Xmx2048m -Dfile.encoding=UTF-8 -Duser.country=GB -Duser.language=en -Duser.variant 
java_command: org.gradle.launcher.daemon.bootstrap.GradleDaemon 7.2
java_class_path (initial): C:\Users\cuong\.gradle\wrapper\dists\gradle-7.2-bin\2dnblmf4td7x66yl1d74lt32g\gradle-7.2\lib\gradle-launcher-7.2.jar
Launcher Type: SUN_STANDARD

[Global flags]
     intx CICompilerCount                          = 4                                         {product} {ergonomic}
     uint ConcGCThreads                            = 2                                         {product} {ergonomic}
     uint G1ConcRefinementThreads                  = 8                                         {product} {ergonomic}
   size_t G1HeapRegionSize                         = 1048576                                   {product} {ergonomic}
    uintx GCDrainStackTargetSize                   = 64                                        {product} {ergonomic}
   size_t InitialHeapSize                          = 132120576                                 {product} {ergonomic}
   size_t MarkStackSize                            = 4194304                                   {product} {ergonomic}
   size_t MaxHeapSize                              = 2147483648                                {product} {command line}
   size_t MaxNewSize                               = 1287651328                                {product} {ergonomic}
   size_t MinHeapDeltaBytes                        = 1048576                                   {product} {ergonomic}
    uintx NonNMethodCodeHeapSize                   = 5836300                                {pd product} {ergonomic}
    uintx NonProfiledCodeHeapSize                  = 122910970                              {pd product} {ergonomic}
    uintx ProfiledCodeHeapSize                     = 122910970                              {pd product} {ergonomic}
    uintx ReservedCodeCacheSize                    = 251658240                              {pd product} {ergonomic}
     bool SegmentedCodeCache                       = true                                      {product} {ergonomic}
     bool UseCompressedClassPointers               = true                                 {lp64_product} {ergonomic}
     bool UseCompressedOops                        = true                                 {lp64_product} {ergonomic}
     bool UseG1GC                                  = true                                      {product} {ergonomic}
     bool UseLargePagesIndividualAllocation        = false                                  {pd product} {ergonomic}

Logging:
Log output configuration:
 #0: stdout all=warning uptime,level,tags
 #1: stderr all=off uptime,level,tags

Environment Variables:
JAVA_HOME=C:\Program Files\Java\jdk1.8.0_301
PATH=C:\Program Files\Common Files\Oracle\Java\javapath;C:\Python39\Scripts\;C:\Python39\;C:\WINDOWS\system32;C:\WINDOWS;C:\WINDOWS\System32\Wbem;C:\WINDOWS\System32\WindowsPowerShell\v1.0\;C:\WINDOWS\System32\OpenSSH\;C:\Program Files\Microsoft VS Code\bin;C:\ProgramData\chocolatey\bin;C:\Program Files\Git\cmd;C:\Program Files\TortoiseSVN\bin;D:\Android\Sdk\platform-tools;C:\Program Files\Java\jdk1.8.0_301;C:\Program Files\Java\jdk1.8.0_301\bin;C:\Program Files\Java\jdk1.8.0_301\bin\;C:\Program Files (x86)\NVIDIA Corporation\PhysX\Common;C:\Program Files (x86)\Microsoft SQL Server\150\DTS\Binn\;C:\Program Files\nodejs\;C:\Users\cuong\AppData\Local\Programs\Python\Python39\Scripts\;C:\Users\cuong\AppData\Local\Programs\Python\Python39\;C:\Users\cuong\AppData\Local\Microsoft\WindowsApps;C:\Program Files\JetBrains\IntelliJ IDEA 2021.2.2\bin;;C:\Program Files\Azure Data Studio\bin;C:\Users\cuong\AppData\Roaming\npm;C:\Program Files\heroku\bin
USERNAME=cuong
OS=Windows_NT
PROCESSOR_IDENTIFIER=Intel64 Family 6 Model 158 Stepping 10, GenuineIntel



---------------  S Y S T E M  ---------------

OS: Windows 10 , 64 bit Build 19041 (10.0.19041.1466)
OS uptime: 1 days 3:07 hours

CPU:total 8 (initial active 8) (4 cores per cpu, 2 threads per core) family 6 model 158 stepping 10 microcode 0xb4, cmov, cx8, fxsr, mmx, sse, sse2, sse3, ssse3, sse4.1, sse4.2, popcnt, avx, avx2, aes, clmul, erms, 3dnowpref, lzcnt, ht, tsc, tscinvbit, bmi1, bmi2, adx, fma

Memory: 4k page, system-wide physical 8038M (1216M free)
TotalPageFile size 15984M (AvailPageFile size 5M)
current process WorkingSet (physical memory assigned to process): 431M, peak: 432M
current process commit charge ("private bytes"): 470M, peak: 471M

vm_info: OpenJDK 64-Bit Server VM (11.0.11+9-b60-7590822) for windows-amd64 JRE (11.0.11+9-b60-7590822), built on Jul 29 2021 21:43:44 by "builder" with MS VC++ 14.0 (VS2015)

END.
