#
# There is insufficient memory for the Java Runtime Environment to continue.
# Native memory allocation (malloc) failed to allocate 1146656 bytes for Chunk::new
# Possible reasons:
#   The system is out of physical RAM or swap space
#   The process is running with CompressedOops enabled, and the Java Heap may be blocking the growth of the native heap
# Possible solutions:
#   Reduce memory load on the system
#   Increase physical memory or swap space
#   Check if swap backing store is full
#   Decrease Java heap size (-Xmx/-Xms)
#   Decrease number of Java threads
#   Decrease Java thread stack sizes (-Xss)
#   Set larger code cache with -XX:ReservedCodeCacheSize=
#   JVM is running with Unscaled Compressed Oops mode in which the Java heap is
#     placed in the first 4GB address space. The Java Heap base address is the
#     maximum limit for the native heap growth. Please use -XX:HeapBaseMinAddress
#     to set the Java Heap base and to place the Java Heap above 4GB virtual address.
# This output file may be truncated or incomplete.
#
#  Out of Memory Error (./src/hotspot/share/memory/arena.cpp:197), pid=14352, tid=6636
#
# JRE version: OpenJDK Runtime Environment (11.0.11+9) (build 11.0.11+9-b60-7590822)
# Java VM: OpenJDK 64-Bit Server VM (11.0.11+9-b60-7590822, mixed mode, tiered, compressed oops, g1 gc, windows-amd64)
# No core dump will be written. Minidumps are not enabled by default on client versions of Windows
#

---------------  S U M M A R Y ------------

Command Line: --add-opens=java.base/java.util=ALL-UNNAMED --add-opens=java.base/java.lang=ALL-UNNAMED --add-opens=java.base/java.lang.invoke=ALL-UNNAMED --add-opens=java.base/java.util=ALL-UNNAMED --add-opens=java.prefs/java.util.prefs=ALL-UNNAMED --add-opens=java.prefs/java.util.prefs=ALL-UNNAMED --add-opens=java.base/java.nio.charset=ALL-UNNAMED --add-opens=java.base/java.net=ALL-UNNAMED --add-opens=java.base/java.util.concurrent.atomic=ALL-UNNAMED -Xmx2048m -Dfile.encoding=UTF-8 -Duser.country=GB -Duser.language=en -Duser.variant org.gradle.launcher.daemon.bootstrap.GradleDaemon 7.2

Host: Intel(R) Core(TM) i5-9300H CPU @ 2.40GHz, 8 cores, 7G,  Windows 10 , 64 bit Build 19041 (10.0.19041.1466)
Time: Sat May 14 20:53:36 2022 SE Asia Standard Time elapsed time: 9.656352 seconds (0d 0h 0m 9s)

---------------  T H R E A D  ---------------

Current thread (0x0000025dfe3bc000):  JavaThread "C2 CompilerThread0" daemon [_thread_in_native, id=6636, stack(0x00000076d1400000,0x00000076d1500000)]


Current CompileTask:
C2:   9656 7227 %     4       org.gradle.internal.instantiation.generator.AbstractClassGenerator::inspectType @ 107 (560 bytes)

Stack: [0x00000076d1400000,0x00000076d1500000]
Native frames: (J=compiled Java code, j=interpreted, Vv=VM code, C=native code)
V  [jvm.dll+0x5f214a]
V  [jvm.dll+0x726fb5]
V  [jvm.dll+0x7285cd]
V  [jvm.dll+0x728c83]
V  [jvm.dll+0x243278]
V  [jvm.dll+0xbc53c]
V  [jvm.dll+0xbca3c]
V  [jvm.dll+0x2b5c34]
V  [jvm.dll+0x508488]
V  [jvm.dll+0x203d53]
V  [jvm.dll+0x1fdbac]
V  [jvm.dll+0x1fb35f]
V  [jvm.dll+0x183d6c]
V  [jvm.dll+0x209a57]
V  [jvm.dll+0x2082a1]
V  [jvm.dll+0x6ef58f]
V  [jvm.dll+0x6e80b5]
V  [jvm.dll+0x5f1036]
C  [ucrtbase.dll+0x21bb2]
C  [KERNEL32.DLL+0x17034]
C  [ntdll.dll+0x52651]


---------------  P R O C E S S  ---------------

Threads class SMR info:
_java_thread_list=0x0000025d8489b180, length=123, elements={
0x0000025de35bc000, 0x0000025dfda31000, 0x0000025dfda3d000, 0x0000025dfe3b6800,
0x0000025dfe3ba000, 0x0000025dfe3bb000, 0x0000025dfe3bc000, 0x0000025dfe3bd800,
0x0000025dfda54800, 0x0000025dfe512800, 0x0000025dffc72000, 0x0000025dff8ea000,
0x0000025d809c4800, 0x0000025dff9a7800, 0x0000025dff9a8800, 0x0000025d8073f800,
0x0000025d80740800, 0x0000025dffd8d800, 0x0000025dff94c800, 0x0000025d80719800,
0x0000025d80716800, 0x0000025d80715800, 0x0000025d80719000, 0x0000025d81b0d800,
0x0000025d80717000, 0x0000025d80718000, 0x0000025d8071a800, 0x0000025d80714800,
0x0000025d8071b000, 0x0000025d80e81800, 0x0000025d80e85000, 0x0000025d80e82800,
0x0000025d80e83800, 0x0000025d80e81000, 0x0000025d80e84000, 0x0000025d80e7f800,
0x0000025d80e86000, 0x0000025d80e80000, 0x0000025d80e87800, 0x0000025d80e8a000,
0x0000025d80e8b800, 0x0000025d80e8a800, 0x0000025d80e8c800, 0x0000025d80e86800,
0x0000025d80e8d000, 0x0000025d80e8e000, 0x0000025d80be7800, 0x0000025d80be7000,
0x0000025d80be8800, 0x0000025d80be5800, 0x0000025d80be4800, 0x0000025d80be6000,
0x0000025d80be3000, 0x0000025d80be9800, 0x0000025d80be3800, 0x0000025d80bee800,
0x0000025d80bef000, 0x0000025d80bf0000, 0x0000025d80bea000, 0x0000025d80bf0800,
0x0000025d80beb000, 0x0000025d80bec800, 0x0000025d80bf1800, 0x0000025d80bed800,
0x0000025d80bec000, 0x0000025dff315000, 0x0000025dff314000, 0x0000025dff313800,
0x0000025dff317800, 0x0000025dff311800, 0x0000025dff315800, 0x0000025dff316800,
0x0000025dff318000, 0x0000025dff312800, 0x0000025dff31a800, 0x0000025dff31c000,
0x0000025dff31a000, 0x0000025dff319000, 0x0000025dff31d000, 0x0000025dff31b800,
0x0000025dff31f800, 0x0000025dff320800, 0x0000025dff31e000, 0x0000025dff31e800,
0x0000025d83f1a800, 0x0000025d83f1e800, 0x0000025d83f1b800, 0x0000025d83f1f800,
0x0000025d83f20000, 0x0000025d83f22000, 0x0000025d83f1c000, 0x0000025d83f22800,
0x0000025d83f1d000, 0x0000025d83f21000, 0x0000025d83f23800, 0x0000025d83f1d800,
0x0000025d83f28800, 0x0000025d83f26000, 0x0000025d83f26800, 0x0000025d83f29000,
0x0000025d83f24800, 0x0000025d83f25000, 0x0000025d83f27800, 0x0000025dff224800,
0x0000025dff22b000, 0x0000025dff225000, 0x0000025dff227800, 0x0000025dff22b800,
0x0000025dff228800, 0x0000025dff226000, 0x0000025dff22c800, 0x0000025dff227000,
0x0000025dff229800, 0x0000025dff22d800, 0x0000025dff22e000, 0x0000025dff22f000,
0x0000025dff230000, 0x0000025dff22a000, 0x0000025dff230800, 0x0000025dff231800,
0x0000025dff232000, 0x0000025dff233000, 0x0000025d80b7a000
}

Java Threads: ( => current thread )
  0x0000025de35bc000 JavaThread "main" [_thread_blocked, id=13500, stack(0x00000076d0800000,0x00000076d0900000)]
  0x0000025dfda31000 JavaThread "Reference Handler" daemon [_thread_blocked, id=12208, stack(0x00000076d0f00000,0x00000076d1000000)]
  0x0000025dfda3d000 JavaThread "Finalizer" daemon [_thread_blocked, id=1944, stack(0x00000076d1000000,0x00000076d1100000)]
  0x0000025dfe3b6800 JavaThread "Signal Dispatcher" daemon [_thread_blocked, id=5636, stack(0x00000076d1100000,0x00000076d1200000)]
  0x0000025dfe3ba000 JavaThread "Attach Listener" daemon [_thread_blocked, id=4756, stack(0x00000076d1200000,0x00000076d1300000)]
  0x0000025dfe3bb000 JavaThread "Service Thread" daemon [_thread_blocked, id=7408, stack(0x00000076d1300000,0x00000076d1400000)]
=>0x0000025dfe3bc000 JavaThread "C2 CompilerThread0" daemon [_thread_in_native, id=6636, stack(0x00000076d1400000,0x00000076d1500000)]
  0x0000025dfe3bd800 JavaThread "C1 CompilerThread0" daemon [_thread_blocked, id=16780, stack(0x00000076d1500000,0x00000076d1600000)]
  0x0000025dfda54800 JavaThread "Sweeper thread" daemon [_thread_blocked, id=13496, stack(0x00000076d1600000,0x00000076d1700000)]
  0x0000025dfe512800 JavaThread "Common-Cleaner" daemon [_thread_blocked, id=4548, stack(0x00000076d1700000,0x00000076d1800000)]
  0x0000025dffc72000 JavaThread "Daemon health stats" [_thread_blocked, id=3088, stack(0x00000076d1d00000,0x00000076d1e00000)]
  0x0000025dff8ea000 JavaThread "Incoming local TCP Connector on port 56336" [_thread_in_native, id=14080, stack(0x00000076d1900000,0x00000076d1a00000)]
  0x0000025d809c4800 JavaThread "Daemon periodic checks" [_thread_blocked, id=3352, stack(0x00000076d1c00000,0x00000076d1d00000)]
  0x0000025dff9a7800 JavaThread "Daemon" [_thread_blocked, id=2340, stack(0x00000076d1e00000,0x00000076d1f00000)]
  0x0000025dff9a8800 JavaThread "Handler for socket connection from /127.0.0.1:56336 to /127.0.0.1:56337" [_thread_in_native, id=10212, stack(0x00000076d1f00000,0x00000076d2000000)]
  0x0000025d8073f800 JavaThread "Cancel handler" [_thread_blocked, id=6356, stack(0x00000076d2000000,0x00000076d2100000)]
  0x0000025d80740800 JavaThread "Daemon worker" [_thread_in_Java, id=13288, stack(0x00000076d2100000,0x00000076d2200000)]
  0x0000025dffd8d800 JavaThread "Asynchronous log dispatcher for DefaultDaemonConnection: socket connection from /127.0.0.1:56336 to /127.0.0.1:56337" [_thread_blocked, id=6732, stack(0x00000076d2200000,0x00000076d2300000)]
  0x0000025dff94c800 JavaThread "Stdin handler" [_thread_blocked, id=16808, stack(0x00000076d2300000,0x00000076d2400000)]
  0x0000025d80719800 JavaThread "Daemon client event forwarder" [_thread_blocked, id=11388, stack(0x00000076d2400000,0x00000076d2500000)]
  0x0000025d80716800 JavaThread "Cache worker for journal cache (C:\Users\cuong\.gradle\caches\journal-1)" [_thread_blocked, id=7232, stack(0x00000076d2a00000,0x00000076d2b00000)]
  0x0000025d80715800 JavaThread "File lock request listener" [_thread_in_native, id=9516, stack(0x00000076d2b00000,0x00000076d2c00000)]
  0x0000025d80719000 JavaThread "Cache worker for file hash cache (C:\Users\cuong\.gradle\caches\7.2\fileHashes)" [_thread_blocked, id=14332, stack(0x00000076d2d00000,0x00000076d2e00000)]
  0x0000025d81b0d800 JavaThread "C2 CompilerThread1" daemon [_thread_in_native, id=15388, stack(0x00000076d2e00000,0x00000076d2f00000)]
  0x0000025d80717000 JavaThread "Cache worker for file hash cache (D:\Android\FinalAndroid\.gradle\7.2\fileHashes)" [_thread_blocked, id=15096, stack(0x00000076d2f00000,0x00000076d3000000)]
  0x0000025d80718000 JavaThread "File watcher server" daemon [_thread_in_native, id=11796, stack(0x00000076d3000000,0x00000076d3100000)]
  0x0000025d8071a800 JavaThread "File watcher consumer" daemon [_thread_blocked, id=10328, stack(0x00000076d3100000,0x00000076d3200000)]
  0x0000025d80714800 JavaThread "jar transforms" [_thread_blocked, id=12228, stack(0x00000076d3200000,0x00000076d3300000)]
  0x0000025d8071b000 JavaThread "jar transforms Thread 2" [_thread_blocked, id=16672, stack(0x00000076d3300000,0x00000076d3400000)]
  0x0000025d80e81800 JavaThread "jar transforms Thread 3" [_thread_blocked, id=9700, stack(0x00000076d3400000,0x00000076d3500000)]
  0x0000025d80e85000 JavaThread "jar transforms Thread 4" [_thread_blocked, id=6684, stack(0x00000076d3500000,0x00000076d3600000)]
  0x0000025d80e82800 JavaThread "jar transforms Thread 5" [_thread_blocked, id=12576, stack(0x00000076d3600000,0x00000076d3700000)]
  0x0000025d80e83800 JavaThread "jar transforms Thread 6" [_thread_blocked, id=10968, stack(0x00000076d3700000,0x00000076d3800000)]
  0x0000025d80e81000 JavaThread "jar transforms Thread 7" [_thread_blocked, id=17180, stack(0x00000076d3800000,0x00000076d3900000)]
  0x0000025d80e84000 JavaThread "jar transforms Thread 8" [_thread_blocked, id=2556, stack(0x00000076d3900000,0x00000076d3a00000)]
  0x0000025d80e7f800 JavaThread "Cache worker for checksums cache (D:\Android\FinalAndroid\.gradle\checksums)" [_thread_blocked, id=7076, stack(0x00000076d3a00000,0x00000076d3b00000)]
  0x0000025d80e86000 JavaThread "Cache worker for cache directory md-supplier (C:\Users\cuong\.gradle\caches\7.2\md-supplier)" [_thread_blocked, id=16664, stack(0x00000076d3b00000,0x00000076d3c00000)]
  0x0000025d80e80000 JavaThread "Cache worker for cache directory md-rule (C:\Users\cuong\.gradle\caches\7.2\md-rule)" [_thread_blocked, id=16140, stack(0x00000076d3c00000,0x00000076d3d00000)]
  0x0000025d80e87800 JavaThread "Cache worker for execution history cache (C:\Users\cuong\.gradle\caches\7.2\executionHistory)" [_thread_blocked, id=11784, stack(0x00000076d3d00000,0x00000076d3e00000)]
  0x0000025d80e8a000 JavaThread "Cache worker for file content cache (C:\Users\cuong\.gradle\caches\7.2\fileContent)" [_thread_blocked, id=16212, stack(0x00000076d3e00000,0x00000076d3f00000)]
  0x0000025d80e8b800 JavaThread "Cache worker for dependencies-accessors (D:\Android\FinalAndroid\.gradle\7.2\dependencies-accessors)" [_thread_blocked, id=3216, stack(0x00000076d3f00000,0x00000076d4000000)]
  0x0000025d80e8a800 JavaThread "Cache worker for Build Output Cleanup Cache (D:\Android\FinalAndroid\.gradle\buildOutputCleanup)" [_thread_blocked, id=9352, stack(0x00000076d4000000,0x00000076d4100000)]
  0x0000025d80e8c800 JavaThread "Unconstrained build operations" [_thread_blocked, id=12020, stack(0x00000076d4100000,0x00000076d4200000)]
  0x0000025d80e86800 JavaThread "Unconstrained build operations Thread 2" [_thread_blocked, id=3456, stack(0x00000076d4200000,0x00000076d4300000)]
  0x0000025d80e8d000 JavaThread "Unconstrained build operations Thread 3" [_thread_blocked, id=17388, stack(0x00000076d4300000,0x00000076d4400000)]
  0x0000025d80e8e000 JavaThread "Unconstrained build operations Thread 4" [_thread_blocked, id=10768, stack(0x00000076d4400000,0x00000076d4500000)]
  0x0000025d80be7800 JavaThread "Unconstrained build operations Thread 5" [_thread_blocked, id=12476, stack(0x00000076d4500000,0x00000076d4600000)]
  0x0000025d80be7000 JavaThread "Unconstrained build operations Thread 6" [_thread_blocked, id=17160, stack(0x00000076d4600000,0x00000076d4700000)]
  0x0000025d80be8800 JavaThread "Unconstrained build operations Thread 7" [_thread_blocked, id=6568, stack(0x00000076d4700000,0x00000076d4800000)]
  0x0000025d80be5800 JavaThread "Unconstrained build operations Thread 8" [_thread_blocked, id=1616, stack(0x00000076d4800000,0x00000076d4900000)]
  0x0000025d80be4800 JavaThread "Unconstrained build operations Thread 9" [_thread_blocked, id=3024, stack(0x00000076d4900000,0x00000076d4a00000)]
  0x0000025d80be6000 JavaThread "Unconstrained build operations Thread 10" [_thread_blocked, id=7144, stack(0x00000076d4a00000,0x00000076d4b00000)]
  0x0000025d80be3000 JavaThread "Unconstrained build operations Thread 11" [_thread_blocked, id=14976, stack(0x00000076d4b00000,0x00000076d4c00000)]
  0x0000025d80be9800 JavaThread "Unconstrained build operations Thread 12" [_thread_blocked, id=11164, stack(0x00000076d4c00000,0x00000076d4d00000)]
  0x0000025d80be3800 JavaThread "Unconstrained build operations Thread 13" [_thread_blocked, id=1892, stack(0x00000076d4d00000,0x00000076d4e00000)]
  0x0000025d80bee800 JavaThread "Unconstrained build operations Thread 14" [_thread_blocked, id=2044, stack(0x00000076d4e00000,0x00000076d4f00000)]
  0x0000025d80bef000 JavaThread "Unconstrained build operations Thread 15" [_thread_blocked, id=14800, stack(0x00000076d4f00000,0x00000076d5000000)]
  0x0000025d80bf0000 JavaThread "Unconstrained build operations Thread 16" [_thread_blocked, id=14780, stack(0x00000076d5000000,0x00000076d5100000)]
  0x0000025d80bea000 JavaThread "Unconstrained build operations Thread 17" [_thread_blocked, id=6868, stack(0x00000076d5100000,0x00000076d5200000)]
  0x0000025d80bf0800 JavaThread "Unconstrained build operations Thread 18" [_thread_blocked, id=1472, stack(0x00000076d5200000,0x00000076d5300000)]
  0x0000025d80beb000 JavaThread "Unconstrained build operations Thread 19" [_thread_blocked, id=980, stack(0x00000076d5300000,0x00000076d5400000)]
  0x0000025d80bec800 JavaThread "Unconstrained build operations Thread 20" [_thread_blocked, id=11704, stack(0x00000076d5400000,0x00000076d5500000)]
  0x0000025d80bf1800 JavaThread "Unconstrained build operations Thread 21" [_thread_blocked, id=10432, stack(0x00000076d5500000,0x00000076d5600000)]
  0x0000025d80bed800 JavaThread "Unconstrained build operations Thread 22" [_thread_blocked, id=11336, stack(0x00000076d5600000,0x00000076d5700000)]
  0x0000025d80bec000 JavaThread "Unconstrained build operations Thread 23" [_thread_blocked, id=9568, stack(0x00000076d5700000,0x00000076d5800000)]
  0x0000025dff315000 JavaThread "Unconstrained build operations Thread 24" [_thread_blocked, id=15412, stack(0x00000076d5800000,0x00000076d5900000)]
  0x0000025dff314000 JavaThread "Unconstrained build operations Thread 25" [_thread_blocked, id=13892, stack(0x00000076d5900000,0x00000076d5a00000)]
  0x0000025dff313800 JavaThread "Unconstrained build operations Thread 26" [_thread_blocked, id=1948, stack(0x00000076d5a00000,0x00000076d5b00000)]
  0x0000025dff317800 JavaThread "Unconstrained build operations Thread 27" [_thread_blocked, id=16608, stack(0x00000076d5b00000,0x00000076d5c00000)]
  0x0000025dff311800 JavaThread "Unconstrained build operations Thread 28" [_thread_blocked, id=13320, stack(0x00000076d5c00000,0x00000076d5d00000)]
  0x0000025dff315800 JavaThread "Unconstrained build operations Thread 29" [_thread_blocked, id=1312, stack(0x00000076d5d00000,0x00000076d5e00000)]
  0x0000025dff316800 JavaThread "Unconstrained build operations Thread 30" [_thread_blocked, id=14380, stack(0x00000076d5e00000,0x00000076d5f00000)]
  0x0000025dff318000 JavaThread "Unconstrained build operations Thread 31" [_thread_blocked, id=10424, stack(0x00000076d5f00000,0x00000076d6000000)]
  0x0000025dff312800 JavaThread "Unconstrained build operations Thread 32" [_thread_blocked, id=14584, stack(0x00000076d6000000,0x00000076d6100000)]
  0x0000025dff31a800 JavaThread "Unconstrained build operations Thread 33" [_thread_blocked, id=14556, stack(0x00000076d6100000,0x00000076d6200000)]
  0x0000025dff31c000 JavaThread "Unconstrained build operations Thread 34" [_thread_blocked, id=11608, stack(0x00000076d6200000,0x00000076d6300000)]
  0x0000025dff31a000 JavaThread "Unconstrained build operations Thread 35" [_thread_blocked, id=15480, stack(0x00000076d6300000,0x00000076d6400000)]
  0x0000025dff319000 JavaThread "Unconstrained build operations Thread 36" [_thread_blocked, id=16244, stack(0x00000076d6400000,0x00000076d6500000)]
  0x0000025dff31d000 JavaThread "Unconstrained build operations Thread 37" [_thread_blocked, id=4696, stack(0x00000076d6500000,0x00000076d6600000)]
  0x0000025dff31b800 JavaThread "Unconstrained build operations Thread 38" [_thread_blocked, id=16412, stack(0x00000076d6600000,0x00000076d6700000)]
  0x0000025dff31f800 JavaThread "Unconstrained build operations Thread 39" [_thread_blocked, id=12716, stack(0x00000076d6700000,0x00000076d6800000)]
  0x0000025dff320800 JavaThread "Unconstrained build operations Thread 40" [_thread_blocked, id=2792, stack(0x00000076d6800000,0x00000076d6900000)]
  0x0000025dff31e000 JavaThread "Unconstrained build operations Thread 41" [_thread_blocked, id=6672, stack(0x00000076d6900000,0x00000076d6a00000)]
  0x0000025dff31e800 JavaThread "Unconstrained build operations Thread 42" [_thread_blocked, id=8672, stack(0x00000076d6a00000,0x00000076d6b00000)]
  0x0000025d83f1a800 JavaThread "Unconstrained build operations Thread 43" [_thread_blocked, id=13744, stack(0x00000076d6b00000,0x00000076d6c00000)]
  0x0000025d83f1e800 JavaThread "Unconstrained build operations Thread 44" [_thread_blocked, id=16896, stack(0x00000076d6c00000,0x00000076d6d00000)]
  0x0000025d83f1b800 JavaThread "Unconstrained build operations Thread 45" [_thread_blocked, id=8004, stack(0x00000076d6d00000,0x00000076d6e00000)]
  0x0000025d83f1f800 JavaThread "Unconstrained build operations Thread 46" [_thread_blocked, id=15200, stack(0x00000076d6e00000,0x00000076d6f00000)]
  0x0000025d83f20000 JavaThread "Unconstrained build operations Thread 47" [_thread_blocked, id=12424, stack(0x00000076d6f00000,0x00000076d7000000)]
  0x0000025d83f22000 JavaThread "Unconstrained build operations Thread 48" [_thread_blocked, id=13224, stack(0x00000076d7000000,0x00000076d7100000)]
  0x0000025d83f1c000 JavaThread "Unconstrained build operations Thread 49" [_thread_blocked, id=17096, stack(0x00000076d7100000,0x00000076d7200000)]
  0x0000025d83f22800 JavaThread "Unconstrained build operations Thread 50" [_thread_blocked, id=6892, stack(0x00000076d7200000,0x00000076d7300000)]
  0x0000025d83f1d000 JavaThread "Unconstrained build operations Thread 51" [_thread_blocked, id=3384, stack(0x00000076d7300000,0x00000076d7400000)]
  0x0000025d83f21000 JavaThread "Unconstrained build operations Thread 52" [_thread_blocked, id=13184, stack(0x00000076d7400000,0x00000076d7500000)]
  0x0000025d83f23800 JavaThread "Unconstrained build operations Thread 53" [_thread_blocked, id=9524, stack(0x00000076d7500000,0x00000076d7600000)]
  0x0000025d83f1d800 JavaThread "Unconstrained build operations Thread 54" [_thread_blocked, id=11752, stack(0x00000076d7600000,0x00000076d7700000)]
  0x0000025d83f28800 JavaThread "Unconstrained build operations Thread 55" [_thread_blocked, id=12536, stack(0x00000076d7700000,0x00000076d7800000)]
  0x0000025d83f26000 JavaThread "Unconstrained build operations Thread 56" [_thread_blocked, id=13680, stack(0x00000076d7800000,0x00000076d7900000)]
  0x0000025d83f26800 JavaThread "Unconstrained build operations Thread 57" [_thread_blocked, id=1556, stack(0x00000076d7900000,0x00000076d7a00000)]
  0x0000025d83f29000 JavaThread "Unconstrained build operations Thread 58" [_thread_blocked, id=16360, stack(0x00000076d7a00000,0x00000076d7b00000)]
  0x0000025d83f24800 JavaThread "Unconstrained build operations Thread 59" [_thread_blocked, id=11592, stack(0x00000076d7b00000,0x00000076d7c00000)]
  0x0000025d83f25000 JavaThread "Unconstrained build operations Thread 60" [_thread_blocked, id=16704, stack(0x00000076d7c00000,0x00000076d7d00000)]
  0x0000025d83f27800 JavaThread "Unconstrained build operations Thread 61" [_thread_blocked, id=10948, stack(0x00000076d7d00000,0x00000076d7e00000)]
  0x0000025dff224800 JavaThread "Unconstrained build operations Thread 62" [_thread_blocked, id=17032, stack(0x00000076d7e00000,0x00000076d7f00000)]
  0x0000025dff22b000 JavaThread "Unconstrained build operations Thread 63" [_thread_blocked, id=9632, stack(0x00000076d7f00000,0x00000076d8000000)]
  0x0000025dff225000 JavaThread "Unconstrained build operations Thread 64" [_thread_blocked, id=12664, stack(0x00000076d8000000,0x00000076d8100000)]
  0x0000025dff227800 JavaThread "Unconstrained build operations Thread 65" [_thread_blocked, id=16848, stack(0x00000076d8100000,0x00000076d8200000)]
  0x0000025dff22b800 JavaThread "Unconstrained build operations Thread 66" [_thread_blocked, id=10256, stack(0x00000076d8200000,0x00000076d8300000)]
  0x0000025dff228800 JavaThread "Unconstrained build operations Thread 67" [_thread_blocked, id=9048, stack(0x00000076d8300000,0x00000076d8400000)]
  0x0000025dff226000 JavaThread "Unconstrained build operations Thread 68" [_thread_blocked, id=12136, stack(0x00000076d8400000,0x00000076d8500000)]
  0x0000025dff22c800 JavaThread "Unconstrained build operations Thread 69" [_thread_blocked, id=12328, stack(0x00000076d8500000,0x00000076d8600000)]
  0x0000025dff227000 JavaThread "Unconstrained build operations Thread 70" [_thread_blocked, id=13692, stack(0x00000076d8600000,0x00000076d8700000)]
  0x0000025dff229800 JavaThread "Unconstrained build operations Thread 71" [_thread_blocked, id=9876, stack(0x00000076d8700000,0x00000076d8800000)]
  0x0000025dff22d800 JavaThread "Unconstrained build operations Thread 72" [_thread_blocked, id=17244, stack(0x00000076d8800000,0x00000076d8900000)]
  0x0000025dff22e000 JavaThread "Unconstrained build operations Thread 73" [_thread_blocked, id=11348, stack(0x00000076d8900000,0x00000076d8a00000)]
  0x0000025dff22f000 JavaThread "Unconstrained build operations Thread 74" [_thread_blocked, id=11136, stack(0x00000076d8a00000,0x00000076d8b00000)]
  0x0000025dff230000 JavaThread "Unconstrained build operations Thread 75" [_thread_blocked, id=10300, stack(0x00000076d8b00000,0x00000076d8c00000)]
  0x0000025dff22a000 JavaThread "Unconstrained build operations Thread 76" [_thread_blocked, id=1668, stack(0x00000076d8c00000,0x00000076d8d00000)]
  0x0000025dff230800 JavaThread "Unconstrained build operations Thread 77" [_thread_blocked, id=16468, stack(0x00000076d8d00000,0x00000076d8e00000)]
  0x0000025dff231800 JavaThread "Unconstrained build operations Thread 78" [_thread_blocked, id=16860, stack(0x00000076d8e00000,0x00000076d8f00000)]
  0x0000025dff232000 JavaThread "Unconstrained build operations Thread 79" [_thread_blocked, id=12708, stack(0x00000076d8f00000,0x00000076d9000000)]
  0x0000025dff233000 JavaThread "Unconstrained build operations Thread 80" [_thread_blocked, id=2248, stack(0x00000076d9000000,0x00000076d9100000)]
  0x0000025d80b7a000 JavaThread "Memory manager" [_thread_blocked, id=11372, stack(0x00000076d9100000,0x00000076d9200000)]

Other Threads:
  0x0000025dfda2d800 VMThread "VM Thread" [stack: 0x00000076d0e00000,0x00000076d0f00000] [id=8480]
  0x0000025dfe566800 WatcherThread [stack: 0x00000076d1800000,0x00000076d1900000] [id=4140]
  0x0000025de35d2800 GCTaskThread "GC Thread#0" [stack: 0x00000076d0900000,0x00000076d0a00000] [id=15160]
  0x0000025dff036800 GCTaskThread "GC Thread#1" [stack: 0x00000076d1a00000,0x00000076d1b00000] [id=9648]
  0x0000025dff0f9000 GCTaskThread "GC Thread#2" [stack: 0x00000076d1b00000,0x00000076d1c00000] [id=6724]
  0x0000025d80b98800 GCTaskThread "GC Thread#3" [stack: 0x00000076d2500000,0x00000076d2600000] [id=3648]
  0x0000025dff670000 GCTaskThread "GC Thread#4" [stack: 0x00000076d2600000,0x00000076d2700000] [id=17104]
  0x0000025dff2a0000 GCTaskThread "GC Thread#5" [stack: 0x00000076d2700000,0x00000076d2800000] [id=7948]
  0x0000025dff2a1000 GCTaskThread "GC Thread#6" [stack: 0x00000076d2800000,0x00000076d2900000] [id=7668]
  0x0000025d80ad2800 GCTaskThread "GC Thread#7" [stack: 0x00000076d2900000,0x00000076d2a00000] [id=4512]
  0x0000025de3607000 ConcurrentGCThread "G1 Main Marker" [stack: 0x00000076d0a00000,0x00000076d0b00000] [id=14528]
  0x0000025de3608000 ConcurrentGCThread "G1 Conc#0" [stack: 0x00000076d0b00000,0x00000076d0c00000] [id=13420]
  0x0000025d80d05800 ConcurrentGCThread "G1 Conc#1" [stack: 0x00000076d2c00000,0x00000076d2d00000] [id=8188]
  0x0000025dfd880800 ConcurrentGCThread "G1 Refine#0" [stack: 0x00000076d0c00000,0x00000076d0d00000] [id=11180]
  0x0000025dfd881000 ConcurrentGCThread "G1 Young RemSet Sampling" [stack: 0x00000076d0d00000,0x00000076d0e00000] [id=6644]

Threads with active compile tasks:
C2 CompilerThread0   9692 7227 %     4       org.gradle.internal.instantiation.generator.AbstractClassGenerator::inspectType @ 107 (560 bytes)
C1 CompilerThread0   9692 7429       3       groovyjarjarasm.asm.MethodWriter::visitLabel (328 bytes)
C2 CompilerThread1   9692 7319       4       java.util.TreeMap::put (247 bytes)

VM state:not at safepoint (normal execution)

VM Mutex/Monitor currently owned by a thread: None

Heap address: 0x0000000080000000, size: 2048 MB, Compressed Oops mode: 32-bit
Narrow klass base: 0x0000000000000000, Narrow klass shift: 3
Compressed class space size: 1073741824 Address: 0x0000000100000000

Heap:
 garbage-first heap   total 155648K, used 90832K [0x0000000080000000, 0x0000000100000000)
  region size 1024K, 19 young (19456K), 6 survivors (6144K)
 Metaspace       used 70970K, capacity 73021K, committed 73124K, reserved 1112064K
  class space    used 9109K, capacity 9771K, committed 9820K, reserved 1048576K
Heap Regions: E=young(eden), S=young(survivor), O=old, HS=humongous(starts), HC=humongous(continues), CS=collection set, F=free, A=archive, TAMS=top-at-mark-start (previous, next)
|   0|0x0000000080000000, 0x0000000080100000, 0x0000000080100000|100%| O|  |TAMS 0x0000000080100000, 0x0000000080000000| Untracked 
|   1|0x0000000080100000, 0x0000000080200000, 0x0000000080200000|100%| O|  |TAMS 0x0000000080200000, 0x0000000080100000| Untracked 
|   2|0x0000000080200000, 0x0000000080300000, 0x0000000080300000|100%| O|  |TAMS 0x0000000080300000, 0x0000000080200000| Untracked 
|   3|0x0000000080300000, 0x0000000080400000, 0x0000000080400000|100%|HS|  |TAMS 0x0000000080400000, 0x0000000080300000| Complete 
|   4|0x0000000080400000, 0x0000000080500000, 0x0000000080500000|100%|HC|  |TAMS 0x0000000080500000, 0x0000000080400000| Complete 
|   5|0x0000000080500000, 0x0000000080600000, 0x0000000080600000|100%|HC|  |TAMS 0x0000000080600000, 0x0000000080500000| Complete 
|   6|0x0000000080600000, 0x0000000080700000, 0x0000000080700000|100%| O|  |TAMS 0x0000000080700000, 0x0000000080600000| Untracked 
|   7|0x0000000080700000, 0x0000000080800000, 0x0000000080800000|100%| O|  |TAMS 0x0000000080800000, 0x0000000080700000| Untracked 
|   8|0x0000000080800000, 0x0000000080900000, 0x0000000080900000|100%| O|  |TAMS 0x0000000080900000, 0x0000000080800000| Untracked 
|   9|0x0000000080900000, 0x0000000080a00000, 0x0000000080a00000|100%| O|  |TAMS 0x0000000080a00000, 0x0000000080900000| Untracked 
|  10|0x0000000080a00000, 0x0000000080b00000, 0x0000000080b00000|100%| O|  |TAMS 0x0000000080b00000, 0x0000000080a00000| Untracked 
|  11|0x0000000080b00000, 0x0000000080c00000, 0x0000000080c00000|100%| O|  |TAMS 0x0000000080c00000, 0x0000000080b00000| Untracked 
|  12|0x0000000080c00000, 0x0000000080d00000, 0x0000000080d00000|100%| O|  |TAMS 0x0000000080d00000, 0x0000000080c00000| Untracked 
|  13|0x0000000080d00000, 0x0000000080e00000, 0x0000000080e00000|100%| O|  |TAMS 0x0000000080e00000, 0x0000000080d00000| Untracked 
|  14|0x0000000080e00000, 0x0000000080f00000, 0x0000000080f00000|100%| O|  |TAMS 0x0000000080f00000, 0x0000000080e00000| Untracked 
|  15|0x0000000080f00000, 0x0000000081000000, 0x0000000081000000|100%| O|  |TAMS 0x0000000081000000, 0x0000000080f00000| Untracked 
|  16|0x0000000081000000, 0x0000000081100000, 0x0000000081100000|100%|HS|  |TAMS 0x0000000081100000, 0x0000000081000000| Complete 
|  17|0x0000000081100000, 0x0000000081200000, 0x0000000081200000|100%|HC|  |TAMS 0x0000000081200000, 0x0000000081100000| Complete 
|  18|0x0000000081200000, 0x0000000081300000, 0x0000000081300000|100%|HS|  |TAMS 0x0000000081300000, 0x0000000081200000| Complete 
|  19|0x0000000081300000, 0x0000000081400000, 0x0000000081400000|100%|HC|  |TAMS 0x0000000081400000, 0x0000000081300000| Complete 
|  20|0x0000000081400000, 0x0000000081500000, 0x0000000081500000|100%|HC|  |TAMS 0x0000000081500000, 0x0000000081400000| Complete 
|  21|0x0000000081500000, 0x0000000081600000, 0x0000000081600000|100%|HS|  |TAMS 0x0000000081600000, 0x0000000081500000| Complete 
|  22|0x0000000081600000, 0x0000000081700000, 0x0000000081700000|100%|HC|  |TAMS 0x0000000081700000, 0x0000000081600000| Complete 
|  23|0x0000000081700000, 0x0000000081800000, 0x0000000081800000|100%|HC|  |TAMS 0x0000000081800000, 0x0000000081700000| Complete 
|  24|0x0000000081800000, 0x0000000081900000, 0x0000000081900000|100%|HC|  |TAMS 0x0000000081900000, 0x0000000081800000| Complete 
|  25|0x0000000081900000, 0x0000000081a00000, 0x0000000081a00000|100%| O|  |TAMS 0x0000000081a00000, 0x0000000081900000| Untracked 
|  26|0x0000000081a00000, 0x0000000081b00000, 0x0000000081b00000|100%| O|  |TAMS 0x0000000081b00000, 0x0000000081a00000| Untracked 
|  27|0x0000000081b00000, 0x0000000081c00000, 0x0000000081c00000|100%| O|  |TAMS 0x0000000081c00000, 0x0000000081b00000| Untracked 
|  28|0x0000000081c00000, 0x0000000081d00000, 0x0000000081d00000|100%| O|  |TAMS 0x0000000081d00000, 0x0000000081c00000| Untracked 
|  29|0x0000000081d00000, 0x0000000081e00000, 0x0000000081e00000|100%| O|  |TAMS 0x0000000081e00000, 0x0000000081d00000| Untracked 
|  30|0x0000000081e00000, 0x0000000081f00000, 0x0000000081f00000|100%| O|  |TAMS 0x0000000081f00000, 0x0000000081e00000| Untracked 
|  31|0x0000000081f00000, 0x0000000082000000, 0x0000000082000000|100%| O|  |TAMS 0x0000000082000000, 0x0000000081f00000| Untracked 
|  32|0x0000000082000000, 0x0000000082100000, 0x0000000082100000|100%|HS|  |TAMS 0x0000000082100000, 0x0000000082000000| Complete 
|  33|0x0000000082100000, 0x0000000082200000, 0x0000000082200000|100%|HC|  |TAMS 0x0000000082200000, 0x0000000082100000| Complete 
|  34|0x0000000082200000, 0x0000000082300000, 0x0000000082300000|100%|HC|  |TAMS 0x0000000082300000, 0x0000000082200000| Complete 
|  35|0x0000000082300000, 0x0000000082400000, 0x0000000082400000|100%| O|  |TAMS 0x0000000082400000, 0x0000000082300000| Untracked 
|  36|0x0000000082400000, 0x0000000082500000, 0x0000000082500000|100%| O|  |TAMS 0x0000000082500000, 0x0000000082400000| Untracked 
|  37|0x0000000082500000, 0x0000000082600000, 0x0000000082600000|100%| O|  |TAMS 0x0000000082600000, 0x0000000082500000| Untracked 
|  38|0x0000000082600000, 0x0000000082700000, 0x0000000082700000|100%| O|  |TAMS 0x0000000082700000, 0x0000000082600000| Untracked 
|  39|0x0000000082700000, 0x0000000082800000, 0x0000000082800000|100%| O|  |TAMS 0x0000000082800000, 0x0000000082700000| Untracked 
|  40|0x0000000082800000, 0x0000000082900000, 0x0000000082900000|100%| O|  |TAMS 0x0000000082900000, 0x0000000082800000| Untracked 
|  41|0x0000000082900000, 0x0000000082a00000, 0x0000000082a00000|100%| O|  |TAMS 0x0000000082a00000, 0x0000000082900000| Untracked 
|  42|0x0000000082a00000, 0x0000000082b00000, 0x0000000082b00000|100%|HS|  |TAMS 0x0000000082b00000, 0x0000000082a00000| Complete 
|  43|0x0000000082b00000, 0x0000000082c00000, 0x0000000082c00000|100%|HC|  |TAMS 0x0000000082c00000, 0x0000000082b00000| Complete 
|  44|0x0000000082c00000, 0x0000000082d00000, 0x0000000082d00000|100%|HC|  |TAMS 0x0000000082d00000, 0x0000000082c00000| Complete 
|  45|0x0000000082d00000, 0x0000000082e00000, 0x0000000082e00000|100%|HC|  |TAMS 0x0000000082e00000, 0x0000000082d00000| Complete 
|  46|0x0000000082e00000, 0x0000000082f00000, 0x0000000082f00000|100%| O|  |TAMS 0x0000000082f00000, 0x0000000082e00000| Untracked 
|  47|0x0000000082f00000, 0x0000000083000000, 0x0000000083000000|100%| O|  |TAMS 0x0000000083000000, 0x0000000082f00000| Untracked 
|  48|0x0000000083000000, 0x0000000083100000, 0x0000000083100000|100%| O|  |TAMS 0x0000000083100000, 0x0000000083000000| Untracked 
|  49|0x0000000083100000, 0x0000000083200000, 0x0000000083200000|100%|HS|  |TAMS 0x0000000083200000, 0x0000000083100000| Complete 
|  50|0x0000000083200000, 0x0000000083300000, 0x0000000083300000|100%|HS|  |TAMS 0x0000000083300000, 0x0000000083200000| Complete 
|  51|0x0000000083300000, 0x0000000083400000, 0x0000000083400000|100%|HS|  |TAMS 0x0000000083400000, 0x0000000083300000| Complete 
|  52|0x0000000083400000, 0x0000000083500000, 0x0000000083500000|100%|HS|  |TAMS 0x0000000083500000, 0x0000000083400000| Complete 
|  53|0x0000000083500000, 0x0000000083600000, 0x0000000083600000|100%|HC|  |TAMS 0x0000000083600000, 0x0000000083500000| Complete 
|  54|0x0000000083600000, 0x0000000083700000, 0x0000000083700000|100%| O|  |TAMS 0x0000000083700000, 0x0000000083600000| Untracked 
|  55|0x0000000083700000, 0x0000000083800000, 0x0000000083800000|100%| O|  |TAMS 0x0000000083800000, 0x0000000083700000| Untracked 
|  56|0x0000000083800000, 0x0000000083900000, 0x0000000083900000|100%| O|  |TAMS 0x0000000083900000, 0x0000000083800000| Untracked 
|  57|0x0000000083900000, 0x0000000083a00000, 0x0000000083a00000|100%| O|  |TAMS 0x0000000083a00000, 0x0000000083900000| Untracked 
|  58|0x0000000083a00000, 0x0000000083b00000, 0x0000000083b00000|100%| O|  |TAMS 0x0000000083b00000, 0x0000000083a00000| Untracked 
|  59|0x0000000083b00000, 0x0000000083c00000, 0x0000000083c00000|100%| O|  |TAMS 0x0000000083c00000, 0x0000000083b00000| Untracked 
|  60|0x0000000083c00000, 0x0000000083d00000, 0x0000000083d00000|100%| O|  |TAMS 0x0000000083d00000, 0x0000000083c00000| Untracked 
|  61|0x0000000083d00000, 0x0000000083e00000, 0x0000000083e00000|100%| O|  |TAMS 0x0000000083e00000, 0x0000000083d00000| Untracked 
|  62|0x0000000083e00000, 0x0000000083f00000, 0x0000000083f00000|100%| O|  |TAMS 0x0000000083f00000, 0x0000000083e00000| Untracked 
|  63|0x0000000083f00000, 0x0000000084000000, 0x0000000084000000|100%| O|  |TAMS 0x0000000084000000, 0x0000000083f00000| Untracked 
|  64|0x0000000084000000, 0x0000000084100000, 0x0000000084100000|100%| O|  |TAMS 0x0000000084100000, 0x0000000084000000| Untracked 
|  65|0x0000000084100000, 0x0000000084200000, 0x0000000084200000|100%| O|  |TAMS 0x0000000084200000, 0x0000000084100000| Untracked 
|  66|0x0000000084200000, 0x0000000084300000, 0x0000000084300000|100%| O|  |TAMS 0x0000000084300000, 0x0000000084200000| Untracked 
|  67|0x0000000084300000, 0x0000000084400000, 0x0000000084400000|100%| O|  |TAMS 0x0000000084400000, 0x0000000084300000| Untracked 
|  68|0x0000000084400000, 0x0000000084500000, 0x0000000084500000|100%| O|  |TAMS 0x0000000084500000, 0x0000000084400000| Untracked 
|  69|0x0000000084500000, 0x0000000084600000, 0x0000000084600000|100%| O|  |TAMS 0x0000000084600000, 0x0000000084500000| Untracked 
|  70|0x0000000084600000, 0x0000000084649000, 0x0000000084700000| 28%| O|  |TAMS 0x0000000084649000, 0x0000000084600000| Untracked 
|  71|0x0000000084700000, 0x0000000084800000, 0x0000000084800000|100%|HS|  |TAMS 0x0000000084700000, 0x0000000084700000| Complete 
|  72|0x0000000084800000, 0x0000000084800000, 0x0000000084900000|  0%| F|  |TAMS 0x0000000084800000, 0x0000000084800000| Untracked 
|  73|0x0000000084900000, 0x0000000084900000, 0x0000000084a00000|  0%| F|  |TAMS 0x0000000084900000, 0x0000000084900000| Untracked 
|  74|0x0000000084a00000, 0x0000000084a00000, 0x0000000084b00000|  0%| F|  |TAMS 0x0000000084a00000, 0x0000000084a00000| Untracked 
|  75|0x0000000084b00000, 0x0000000084b00000, 0x0000000084c00000|  0%| F|  |TAMS 0x0000000084b00000, 0x0000000084b00000| Untracked 
|  76|0x0000000084c00000, 0x0000000084c00000, 0x0000000084d00000|  0%| F|  |TAMS 0x0000000084c00000, 0x0000000084c00000| Untracked 
|  77|0x0000000084d00000, 0x0000000084d00000, 0x0000000084e00000|  0%| F|  |TAMS 0x0000000084d00000, 0x0000000084d00000| Untracked 
|  78|0x0000000084e00000, 0x0000000084e00000, 0x0000000084f00000|  0%| F|  |TAMS 0x0000000084e00000, 0x0000000084e00000| Untracked 
|  79|0x0000000084f00000, 0x0000000084f00000, 0x0000000085000000|  0%| F|  |TAMS 0x0000000084f00000, 0x0000000084f00000| Untracked 
|  80|0x0000000085000000, 0x0000000085000000, 0x0000000085100000|  0%| F|  |TAMS 0x0000000085000000, 0x0000000085000000| Untracked 
|  81|0x0000000085100000, 0x0000000085100000, 0x0000000085200000|  0%| F|  |TAMS 0x0000000085100000, 0x0000000085100000| Untracked 
|  82|0x0000000085200000, 0x0000000085200000, 0x0000000085300000|  0%| F|  |TAMS 0x0000000085200000, 0x0000000085200000| Untracked 
|  83|0x0000000085300000, 0x0000000085300000, 0x0000000085400000|  0%| F|  |TAMS 0x0000000085300000, 0x0000000085300000| Untracked 
|  84|0x0000000085400000, 0x0000000085400000, 0x0000000085500000|  0%| F|  |TAMS 0x0000000085400000, 0x0000000085400000| Untracked 
|  85|0x0000000085500000, 0x0000000085500000, 0x0000000085600000|  0%| F|  |TAMS 0x0000000085500000, 0x0000000085500000| Untracked 
|  86|0x0000000085600000, 0x0000000085600000, 0x0000000085700000|  0%| F|  |TAMS 0x0000000085600000, 0x0000000085600000| Untracked 
|  87|0x0000000085700000, 0x0000000085700000, 0x0000000085800000|  0%| F|  |TAMS 0x0000000085700000, 0x0000000085700000| Untracked 
|  88|0x0000000085800000, 0x0000000085800000, 0x0000000085900000|  0%| F|  |TAMS 0x0000000085800000, 0x0000000085800000| Untracked 
|  89|0x0000000085900000, 0x0000000085900000, 0x0000000085a00000|  0%| F|  |TAMS 0x0000000085900000, 0x0000000085900000| Untracked 
|  90|0x0000000085a00000, 0x0000000085a00000, 0x0000000085b00000|  0%| F|  |TAMS 0x0000000085a00000, 0x0000000085a00000| Untracked 
|  91|0x0000000085b00000, 0x0000000085b00000, 0x0000000085c00000|  0%| F|  |TAMS 0x0000000085b00000, 0x0000000085b00000| Untracked 
|  92|0x0000000085c00000, 0x0000000085c00000, 0x0000000085d00000|  0%| F|  |TAMS 0x0000000085c00000, 0x0000000085c00000| Untracked 
|  93|0x0000000085d00000, 0x0000000085d00000, 0x0000000085e00000|  0%| F|  |TAMS 0x0000000085d00000, 0x0000000085d00000| Untracked 
|  94|0x0000000085e00000, 0x0000000085e00000, 0x0000000085f00000|  0%| F|  |TAMS 0x0000000085e00000, 0x0000000085e00000| Untracked 
|  95|0x0000000085f00000, 0x0000000085f00000, 0x0000000086000000|  0%| F|  |TAMS 0x0000000085f00000, 0x0000000085f00000| Untracked 
|  96|0x0000000086000000, 0x0000000086000000, 0x0000000086100000|  0%| F|  |TAMS 0x0000000086000000, 0x0000000086000000| Untracked 
|  97|0x0000000086100000, 0x0000000086100000, 0x0000000086200000|  0%| F|  |TAMS 0x0000000086100000, 0x0000000086100000| Untracked 
|  98|0x0000000086200000, 0x0000000086200000, 0x0000000086300000|  0%| F|  |TAMS 0x0000000086200000, 0x0000000086200000| Untracked 
|  99|0x0000000086300000, 0x0000000086300000, 0x0000000086400000|  0%| F|  |TAMS 0x0000000086300000, 0x0000000086300000| Untracked 
| 100|0x0000000086400000, 0x0000000086400000, 0x0000000086500000|  0%| F|  |TAMS 0x0000000086400000, 0x0000000086400000| Untracked 
| 101|0x0000000086500000, 0x0000000086500000, 0x0000000086600000|  0%| F|  |TAMS 0x0000000086500000, 0x0000000086500000| Untracked 
| 102|0x0000000086600000, 0x0000000086600000, 0x0000000086700000|  0%| F|  |TAMS 0x0000000086600000, 0x0000000086600000| Untracked 
| 103|0x0000000086700000, 0x0000000086700000, 0x0000000086800000|  0%| F|  |TAMS 0x0000000086700000, 0x0000000086700000| Untracked 
| 104|0x0000000086800000, 0x0000000086800000, 0x0000000086900000|  0%| F|  |TAMS 0x0000000086800000, 0x0000000086800000| Untracked 
| 105|0x0000000086900000, 0x0000000086900000, 0x0000000086a00000|  0%| F|  |TAMS 0x0000000086900000, 0x0000000086900000| Untracked 
| 106|0x0000000086a00000, 0x0000000086a00000, 0x0000000086b00000|  0%| F|  |TAMS 0x0000000086a00000, 0x0000000086a00000| Untracked 
| 107|0x0000000086b00000, 0x0000000086b00000, 0x0000000086c00000|  0%| F|  |TAMS 0x0000000086b00000, 0x0000000086b00000| Untracked 
| 108|0x0000000086c00000, 0x0000000086c00000, 0x0000000086d00000|  0%| F|  |TAMS 0x0000000086c00000, 0x0000000086c00000| Untracked 
| 109|0x0000000086d00000, 0x0000000086d00000, 0x0000000086e00000|  0%| F|  |TAMS 0x0000000086d00000, 0x0000000086d00000| Untracked 
| 110|0x0000000086e00000, 0x0000000086e00000, 0x0000000086f00000|  0%| F|  |TAMS 0x0000000086e00000, 0x0000000086e00000| Untracked 
| 111|0x0000000086f00000, 0x0000000086f00000, 0x0000000087000000|  0%| F|  |TAMS 0x0000000086f00000, 0x0000000086f00000| Untracked 
| 112|0x0000000087000000, 0x0000000087000000, 0x0000000087100000|  0%| F|  |TAMS 0x0000000087000000, 0x0000000087000000| Untracked 
| 113|0x0000000087100000, 0x0000000087100000, 0x0000000087200000|  0%| F|  |TAMS 0x0000000087100000, 0x0000000087100000| Untracked 
| 114|0x0000000087200000, 0x0000000087200000, 0x0000000087300000|  0%| F|  |TAMS 0x0000000087200000, 0x0000000087200000| Untracked 
| 115|0x0000000087300000, 0x0000000087300000, 0x0000000087400000|  0%| F|  |TAMS 0x0000000087300000, 0x0000000087300000| Untracked 
| 116|0x0000000087400000, 0x000000008746b0a0, 0x0000000087500000| 41%| S|CS|TAMS 0x0000000087400000, 0x0000000087400000| Complete 
| 117|0x0000000087500000, 0x0000000087600000, 0x0000000087600000|100%| S|CS|TAMS 0x0000000087500000, 0x0000000087500000| Complete 
| 118|0x0000000087600000, 0x0000000087700000, 0x0000000087700000|100%| S|CS|TAMS 0x0000000087600000, 0x0000000087600000| Complete 
| 119|0x0000000087700000, 0x0000000087800000, 0x0000000087800000|100%| S|CS|TAMS 0x0000000087700000, 0x0000000087700000| Complete 
| 120|0x0000000087800000, 0x0000000087900000, 0x0000000087900000|100%| S|CS|TAMS 0x0000000087800000, 0x0000000087800000| Complete 
| 121|0x0000000087900000, 0x0000000087a00000, 0x0000000087a00000|100%| S|CS|TAMS 0x0000000087900000, 0x0000000087900000| Complete 
| 122|0x0000000087a00000, 0x0000000087a00000, 0x0000000087b00000|  0%| F|  |TAMS 0x0000000087a00000, 0x0000000087a00000| Untracked 
| 123|0x0000000087b00000, 0x0000000087b00000, 0x0000000087c00000|  0%| F|  |TAMS 0x0000000087b00000, 0x0000000087b00000| Untracked 
| 124|0x0000000087c00000, 0x0000000087c00000, 0x0000000087d00000|  0%| F|  |TAMS 0x0000000087c00000, 0x0000000087c00000| Untracked 
| 125|0x0000000087d00000, 0x0000000087d00000, 0x0000000087e00000|  0%| F|  |TAMS 0x0000000087d00000, 0x0000000087d00000| Untracked 
| 126|0x0000000087e00000, 0x0000000087e00000, 0x0000000087f00000|  0%| F|  |TAMS 0x0000000087e00000, 0x0000000087e00000| Untracked 
| 127|0x0000000087f00000, 0x0000000087f00000, 0x0000000088000000|  0%| F|  |TAMS 0x0000000087f00000, 0x0000000087f00000| Untracked 
| 128|0x0000000088000000, 0x0000000088000000, 0x0000000088100000|  0%| F|  |TAMS 0x0000000088000000, 0x0000000088000000| Untracked 
| 129|0x0000000088100000, 0x0000000088100000, 0x0000000088200000|  0%| F|  |TAMS 0x0000000088100000, 0x0000000088100000| Untracked 
| 130|0x0000000088200000, 0x0000000088200000, 0x0000000088300000|  0%| F|  |TAMS 0x0000000088200000, 0x0000000088200000| Untracked 
| 131|0x0000000088300000, 0x0000000088300000, 0x0000000088400000|  0%| F|  |TAMS 0x0000000088300000, 0x0000000088300000| Untracked 
| 132|0x0000000088400000, 0x0000000088400000, 0x0000000088500000|  0%| F|  |TAMS 0x0000000088400000, 0x0000000088400000| Untracked 
| 133|0x0000000088500000, 0x0000000088500000, 0x0000000088600000|  0%| F|  |TAMS 0x0000000088500000, 0x0000000088500000| Untracked 
| 134|0x0000000088600000, 0x0000000088600000, 0x0000000088700000|  0%| F|  |TAMS 0x0000000088600000, 0x0000000088600000| Untracked 
| 135|0x0000000088700000, 0x0000000088700000, 0x0000000088800000|  0%| F|  |TAMS 0x0000000088700000, 0x0000000088700000| Untracked 
| 136|0x0000000088800000, 0x0000000088800000, 0x0000000088900000|  0%| F|  |TAMS 0x0000000088800000, 0x0000000088800000| Untracked 
| 137|0x0000000088900000, 0x0000000088980800, 0x0000000088a00000| 50%| E|  |TAMS 0x0000000088900000, 0x0000000088900000| Complete 
| 138|0x0000000088a00000, 0x0000000088b00000, 0x0000000088b00000|100%| E|CS|TAMS 0x0000000088a00000, 0x0000000088a00000| Complete 
| 139|0x0000000088b00000, 0x0000000088c00000, 0x0000000088c00000|100%| E|CS|TAMS 0x0000000088b00000, 0x0000000088b00000| Complete 
| 140|0x0000000088c00000, 0x0000000088d00000, 0x0000000088d00000|100%| E|CS|TAMS 0x0000000088c00000, 0x0000000088c00000| Complete 
| 141|0x0000000088d00000, 0x0000000088e00000, 0x0000000088e00000|100%| E|CS|TAMS 0x0000000088d00000, 0x0000000088d00000| Complete 
| 142|0x0000000088e00000, 0x0000000088f00000, 0x0000000088f00000|100%| E|CS|TAMS 0x0000000088e00000, 0x0000000088e00000| Complete 
| 143|0x0000000088f00000, 0x0000000089000000, 0x0000000089000000|100%| E|CS|TAMS 0x0000000088f00000, 0x0000000088f00000| Complete 
| 144|0x0000000089000000, 0x0000000089100000, 0x0000000089100000|100%| E|CS|TAMS 0x0000000089000000, 0x0000000089000000| Complete 
| 145|0x0000000089100000, 0x0000000089200000, 0x0000000089200000|100%| E|CS|TAMS 0x0000000089100000, 0x0000000089100000| Complete 
| 146|0x0000000089200000, 0x0000000089300000, 0x0000000089300000|100%| E|CS|TAMS 0x0000000089200000, 0x0000000089200000| Complete 
| 147|0x0000000089300000, 0x0000000089400000, 0x0000000089400000|100%| E|CS|TAMS 0x0000000089300000, 0x0000000089300000| Complete 
| 148|0x0000000089400000, 0x0000000089500000, 0x0000000089500000|100%| E|CS|TAMS 0x0000000089400000, 0x0000000089400000| Complete 
| 149|0x0000000089500000, 0x0000000089600000, 0x0000000089600000|100%| E|CS|TAMS 0x0000000089500000, 0x0000000089500000| Complete 
| 150|0x0000000089600000, 0x0000000089700000, 0x0000000089700000|100%| E|CS|TAMS 0x0000000089600000, 0x0000000089600000| Complete 
| 151|0x0000000089700000, 0x0000000089800000, 0x0000000089800000|100%| E|CS|TAMS 0x0000000089700000, 0x0000000089700000| Complete 

Card table byte_map: [0x0000025df67f0000,0x0000025df6bf0000] _byte_map_base: 0x0000025df63f0000

Marking Bits (Prev, Next): (CMBitMap*) 0x0000025de35fe490, (CMBitMap*) 0x0000025de35fe458
 Prev Bits: [0x0000025df8ff0000, 0x0000025dfaff0000)
 Next Bits: [0x0000025df6ff0000, 0x0000025df8ff0000)

Polling page: 0x0000025de15c0000

Metaspace:

Usage:
  Non-class:     61.77 MB capacity,    60.41 MB ( 98%) used,     1.17 MB (  2%) free+waste,   185.50 KB ( <1%) overhead. 
      Class:      9.54 MB capacity,     8.90 MB ( 93%) used,   573.85 KB (  6%) free+waste,    87.44 KB ( <1%) overhead. 
       Both:     71.31 MB capacity,    69.31 MB ( 97%) used,     1.73 MB (  2%) free+waste,   272.94 KB ( <1%) overhead. 

Virtual space:
  Non-class space:       62.00 MB reserved,      61.82 MB (>99%) committed 
      Class space:        1.00 GB reserved,       9.59 MB ( <1%) committed 
             Both:        1.06 GB reserved,      71.41 MB (  7%) committed 

Chunk freelists:
   Non-Class:  54.00 KB
       Class:  21.00 KB
        Both:  75.00 KB

MaxMetaspaceSize: 17179869184.00 GB
CompressedClassSpaceSize: 1.00 GB

CodeHeap 'non-profiled nmethods': size=120000Kb used=4367Kb max_used=4367Kb free=115633Kb
 bounds [0x0000025deeb90000, 0x0000025deefe0000, 0x0000025df60c0000]
CodeHeap 'profiled nmethods': size=120000Kb used=15565Kb max_used=15565Kb free=104434Kb
 bounds [0x0000025de7660000, 0x0000025de85a0000, 0x0000025deeb90000]
CodeHeap 'non-nmethods': size=5760Kb used=2267Kb max_used=2310Kb free=3492Kb
 bounds [0x0000025de70c0000, 0x0000025de7330000, 0x0000025de7660000]
 total_blobs=8254 nmethods=7390 adapters=775
 compilation: enabled
              stopped_count=0, restarted_count=0
 full_count=0

Compilation events (20 events):
Event: 9.647 Thread 0x0000025dfe3bd800 7374       3       java.util.regex.Pattern$$Lambda$12/0x0000000100063440::get$Lambda (9 bytes)
Event: 9.647 Thread 0x0000025dfe3bd800 nmethod 7374 0x0000025de856f990 code [0x0000025de856fb60, 0x0000025de856fdb8]
Event: 9.647 Thread 0x0000025dfe3bd800 7378       3       java.util.regex.Pattern$$Lambda$12/0x0000000100063440::<init> (10 bytes)
Event: 9.647 Thread 0x0000025dfe3bd800 nmethod 7378 0x0000025de856fe90 code [0x0000025de8570040, 0x0000025de85701f8]
Event: 9.647 Thread 0x0000025dfe3bd800 7381       3       java.util.regex.Pattern::Range (36 bytes)
Event: 9.648 Thread 0x0000025dfe3bd800 nmethod 7381 0x0000025de8570290 code [0x0000025de85704c0, 0x0000025de8570cb8]
Event: 9.648 Thread 0x0000025dfe3bd800 7380       1       com.android.tools.build.jetifier.core.pom.PomRewriteRule::getTo (5 bytes)
Event: 9.648 Thread 0x0000025dfe3bd800 nmethod 7380 0x0000025deefd2d10 code [0x0000025deefd2ec0, 0x0000025deefd2f78]
Event: 9.648 Thread 0x0000025dfe3bd800 7382       1       com.android.tools.build.jetifier.processor.transform.TransformationContext::getVersions (5 bytes)
Event: 9.648 Thread 0x0000025dfe3bd800 nmethod 7382 0x0000025deefd3010 code [0x0000025deefd31c0, 0x0000025deefd3278]
Event: 9.648 Thread 0x0000025dfe3bd800 7383       3       java.lang.invoke.Invokers$Holder::linkToTargetMethod (10 bytes)
Event: 9.648 Thread 0x0000025dfe3bd800 nmethod 7383 0x0000025de8570f90 code [0x0000025de8571160, 0x0000025de8571418]
Event: 9.648 Thread 0x0000025dfe3bd800 7384       3       java.util.regex.Pattern$$Lambda$13/0x0000000100090040::get$Lambda (10 bytes)
Event: 9.648 Thread 0x0000025dfe3bd800 nmethod 7384 0x0000025de8571510 code [0x0000025de85716c0, 0x0000025de85718b8]
Event: 9.648 Thread 0x0000025dfe3bd800 7385       3       java.util.regex.Pattern$$Lambda$13/0x0000000100090040::<init> (15 bytes)
Event: 9.648 Thread 0x0000025dfe3bd800 nmethod 7385 0x0000025de8571990 code [0x0000025de8571b40, 0x0000025de8571c98]
Event: 9.648 Thread 0x0000025dfe3bd800 7386       3       java.util.regex.Pattern$BmpCharPredicate::union (23 bytes)
Event: 9.648 Thread 0x0000025dfe3bd800 nmethod 7386 0x0000025de8571d90 code [0x0000025de8571fe0, 0x0000025de8572af8]
Event: 9.648 Thread 0x0000025dfe3bd800 7387       3       java.util.regex.Pattern$BmpCharPredicate$$Lambda$14/0x0000000100090440::get$Lambda (10 bytes)
Event: 9.649 Thread 0x0000025dfe3bd800 nmethod 7387 0x0000025de8572e10 code [0x0000025de8572fe0, 0x0000025de8573298]

GC Heap History (20 events):
Event: 3.891 GC heap before
{Heap before GC invocations=6 (full 0):
 garbage-first heap   total 129024K, used 82293K [0x0000000080000000, 0x0000000100000000)
  region size 1024K, 57 young (58368K), 3 survivors (3072K)
 Metaspace       used 30816K, capacity 31784K, committed 32048K, reserved 1077248K
  class space    used 4146K, capacity 4469K, committed 4480K, reserved 1048576K
}
Event: 3.896 GC heap after
{Heap after GC invocations=7 (full 0):
 garbage-first heap   total 129024K, used 32889K [0x0000000080000000, 0x0000000100000000)
  region size 1024K, 8 young (8192K), 8 survivors (8192K)
 Metaspace       used 30816K, capacity 31784K, committed 32048K, reserved 1077248K
  class space    used 4146K, capacity 4469K, committed 4480K, reserved 1048576K
}
Event: 4.183 GC heap before
{Heap before GC invocations=7 (full 0):
 garbage-first heap   total 129024K, used 50297K [0x0000000080000000, 0x0000000100000000)
  region size 1024K, 26 young (26624K), 8 survivors (8192K)
 Metaspace       used 34580K, capacity 35468K, committed 35632K, reserved 1079296K
  class space    used 4546K, capacity 4888K, committed 4992K, reserved 1048576K
}
Event: 4.193 GC heap after
{Heap after GC invocations=8 (full 0):
 garbage-first heap   total 129024K, used 34904K [0x0000000080000000, 0x0000000100000000)
  region size 1024K, 3 young (3072K), 3 survivors (3072K)
 Metaspace       used 34580K, capacity 35468K, committed 35632K, reserved 1079296K
  class space    used 4546K, capacity 4888K, committed 4992K, reserved 1048576K
}
Event: 4.672 GC heap before
{Heap before GC invocations=9 (full 0):
 garbage-first heap   total 129024K, used 88152K [0x0000000080000000, 0x0000000100000000)
  region size 1024K, 52 young (53248K), 3 survivors (3072K)
 Metaspace       used 40268K, capacity 41304K, committed 41544K, reserved 1085440K
  class space    used 5146K, capacity 5526K, committed 5632K, reserved 1048576K
}
Event: 4.680 GC heap after
{Heap after GC invocations=10 (full 0):
 garbage-first heap   total 129024K, used 39364K [0x0000000080000000, 0x0000000100000000)
  region size 1024K, 7 young (7168K), 7 survivors (7168K)
 Metaspace       used 40268K, capacity 41304K, committed 41544K, reserved 1085440K
  class space    used 5146K, capacity 5526K, committed 5632K, reserved 1048576K
}
Event: 5.622 GC heap before
{Heap before GC invocations=11 (full 0):
 garbage-first heap   total 129024K, used 93636K [0x0000000080000000, 0x0000000100000000)
  region size 1024K, 56 young (57344K), 7 survivors (7168K)
 Metaspace       used 44426K, capacity 45757K, committed 45896K, reserved 1089536K
  class space    used 5609K, capacity 6064K, committed 6144K, reserved 1048576K
}
Event: 5.632 GC heap after
{Heap after GC invocations=12 (full 0):
 garbage-first heap   total 155648K, used 45923K [0x0000000080000000, 0x0000000100000000)
  region size 1024K, 5 young (5120K), 5 survivors (5120K)
 Metaspace       used 44426K, capacity 45757K, committed 45896K, reserved 1089536K
  class space    used 5609K, capacity 6064K, committed 6144K, reserved 1048576K
}
Event: 6.296 GC heap before
{Heap before GC invocations=12 (full 0):
 garbage-first heap   total 155648K, used 111459K [0x0000000080000000, 0x0000000100000000)
  region size 1024K, 65 young (66560K), 5 survivors (5120K)
 Metaspace       used 47292K, capacity 48788K, committed 48968K, reserved 1091584K
  class space    used 6061K, capacity 6540K, committed 6656K, reserved 1048576K
}
Event: 6.302 GC heap after
{Heap after GC invocations=13 (full 0):
 garbage-first heap   total 155648K, used 54012K [0x0000000080000000, 0x0000000100000000)
  region size 1024K, 9 young (9216K), 9 survivors (9216K)
 Metaspace       used 47292K, capacity 48788K, committed 48968K, reserved 1091584K
  class space    used 6061K, capacity 6540K, committed 6656K, reserved 1048576K
}
Event: 7.264 GC heap before
{Heap before GC invocations=13 (full 0):
 garbage-first heap   total 155648K, used 112380K [0x0000000080000000, 0x0000000100000000)
  region size 1024K, 67 young (68608K), 9 survivors (9216K)
 Metaspace       used 50357K, capacity 51917K, committed 52168K, reserved 1095680K
  class space    used 6456K, capacity 6976K, committed 7040K, reserved 1048576K
}
Event: 7.270 GC heap after
{Heap after GC invocations=14 (full 0):
 garbage-first heap   total 155648K, used 57064K [0x0000000080000000, 0x0000000100000000)
  region size 1024K, 8 young (8192K), 8 survivors (8192K)
 Metaspace       used 50357K, capacity 51917K, committed 52168K, reserved 1095680K
  class space    used 6456K, capacity 6976K, committed 7040K, reserved 1048576K
}
Event: 8.089 GC heap before
{Heap before GC invocations=14 (full 0):
 garbage-first heap   total 155648K, used 122600K [0x0000000080000000, 0x0000000100000000)
  region size 1024K, 67 young (68608K), 8 survivors (8192K)
 Metaspace       used 55571K, capacity 57252K, committed 57544K, reserved 1099776K
  class space    used 7186K, capacity 7750K, committed 7808K, reserved 1048576K
}
Event: 8.101 GC heap after
{Heap after GC invocations=15 (full 0):
 garbage-first heap   total 155648K, used 69841K [0x0000000080000000, 0x0000000100000000)
  region size 1024K, 9 young (9216K), 9 survivors (9216K)
 Metaspace       used 55571K, capacity 57252K, committed 57544K, reserved 1099776K
  class space    used 7186K, capacity 7750K, committed 7808K, reserved 1048576K
}
Event: 8.706 GC heap before
{Heap before GC invocations=15 (full 0):
 garbage-first heap   total 155648K, used 122065K [0x0000000080000000, 0x0000000100000000)
  region size 1024K, 60 young (61440K), 9 survivors (9216K)
 Metaspace       used 63116K, capacity 64967K, committed 65224K, reserved 1105920K
  class space    used 8101K, capacity 8739K, committed 8832K, reserved 1048576K
}
Event: 8.713 GC heap after
{Heap after GC invocations=16 (full 0):
 garbage-first heap   total 155648K, used 72484K [0x0000000080000000, 0x0000000100000000)
  region size 1024K, 3 young (3072K), 3 survivors (3072K)
 Metaspace       used 63116K, capacity 64967K, committed 65224K, reserved 1105920K
  class space    used 8101K, capacity 8739K, committed 8832K, reserved 1048576K
}
Event: 9.125 GC heap before
{Heap before GC invocations=16 (full 0):
 garbage-first heap   total 155648K, used 109348K [0x0000000080000000, 0x0000000100000000)
  region size 1024K, 41 young (41984K), 3 survivors (3072K)
 Metaspace       used 67586K, capacity 69543K, committed 69668K, reserved 1110016K
  class space    used 8668K, capacity 9349K, committed 9436K, reserved 1048576K
}
Event: 9.132 GC heap after
{Heap after GC invocations=17 (full 0):
 garbage-first heap   total 155648K, used 75304K [0x0000000080000000, 0x0000000100000000)
  region size 1024K, 5 young (5120K), 5 survivors (5120K)
 Metaspace       used 67586K, capacity 69543K, committed 69668K, reserved 1110016K
  class space    used 8668K, capacity 9349K, committed 9436K, reserved 1048576K
}
Event: 9.521 GC heap before
{Heap before GC invocations=18 (full 0):
 garbage-first heap   total 155648K, used 105000K [0x0000000080000000, 0x0000000100000000)
  region size 1024K, 35 young (35840K), 5 survivors (5120K)
 Metaspace       used 70227K, capacity 72230K, committed 72612K, reserved 1112064K
  class space    used 9002K, capacity 9664K, committed 9820K, reserved 1048576K
}
Event: 9.534 GC heap after
{Heap after GC invocations=19 (full 0):
 garbage-first heap   total 155648K, used 77520K [0x0000000080000000, 0x0000000100000000)
  region size 1024K, 6 young (6144K), 6 survivors (6144K)
 Metaspace       used 70227K, capacity 72230K, committed 72612K, reserved 1112064K
  class space    used 9002K, capacity 9664K, committed 9820K, reserved 1048576K
}

Deoptimization events (20 events):
Event: 9.636 Thread 0x0000025d80740800 Uncommon trap: trap_request=0xffffff4d fr.pc=0x0000025deec98260 relative=0x0000000000000600
Event: 9.636 Thread 0x0000025d80740800 Uncommon trap: reason=unstable_if action=reinterpret pc=0x0000025deec98260 method=java.lang.AbstractStringBuilder.appendChars(Ljava/lang/CharSequence;II)V @ 4 c2
Event: 9.636 Thread 0x0000025d80740800 DEOPT PACKING pc=0x0000025deec98260 sp=0x00000076d21f6d20
Event: 9.636 Thread 0x0000025d80740800 DEOPT UNPACKING pc=0x0000025de70e662f sp=0x00000076d21f6c08 mode 2
Event: 9.636 Thread 0x0000025d80740800 Uncommon trap: trap_request=0xffffff4d fr.pc=0x0000025deec205c0 relative=0x0000000000000380
Event: 9.636 Thread 0x0000025d80740800 Uncommon trap: reason=unstable_if action=reinterpret pc=0x0000025deec205c0 method=java.lang.AbstractStringBuilder.isLatin1()Z @ 10 c2
Event: 9.636 Thread 0x0000025d80740800 DEOPT PACKING pc=0x0000025deec205c0 sp=0x00000076d21f6dc0
Event: 9.636 Thread 0x0000025d80740800 DEOPT UNPACKING pc=0x0000025de70e662f sp=0x00000076d21f6d40 mode 2
Event: 9.636 Thread 0x0000025d80740800 Uncommon trap: trap_request=0xffffff4d fr.pc=0x0000025deeb9c1d4 relative=0x0000000000000034
Event: 9.636 Thread 0x0000025d80740800 Uncommon trap: reason=unstable_if action=reinterpret pc=0x0000025deeb9c1d4 method=java.lang.StringLatin1.canEncode(I)Z @ 4 c2
Event: 9.636 Thread 0x0000025d80740800 DEOPT PACKING pc=0x0000025deeb9c1d4 sp=0x00000076d21f6c40
Event: 9.636 Thread 0x0000025d80740800 DEOPT UNPACKING pc=0x0000025de70e662f sp=0x00000076d21f6bd0 mode 2
Event: 9.636 Thread 0x0000025d80740800 Uncommon trap: trap_request=0xffffff4d fr.pc=0x0000025deebdc714 relative=0x0000000000000454
Event: 9.636 Thread 0x0000025d80740800 Uncommon trap: reason=unstable_if action=reinterpret pc=0x0000025deebdc714 method=java.lang.AbstractStringBuilder.putStringAt(ILjava/lang/String;)V @ 8 c2
Event: 9.636 Thread 0x0000025d80740800 DEOPT PACKING pc=0x0000025deebdc714 sp=0x00000076d21f6d10
Event: 9.636 Thread 0x0000025d80740800 DEOPT UNPACKING pc=0x0000025de70e662f sp=0x00000076d21f6c70 mode 2
Event: 9.636 Thread 0x0000025d80740800 Uncommon trap: trap_request=0xffffff4d fr.pc=0x0000025deebc286c relative=0x00000000000000cc
Event: 9.636 Thread 0x0000025d80740800 Uncommon trap: reason=unstable_if action=reinterpret pc=0x0000025deebc286c method=java.lang.String.getBytes([BIB)V @ 5 c2
Event: 9.636 Thread 0x0000025d80740800 DEOPT PACKING pc=0x0000025deebc286c sp=0x00000076d21f6c20
Event: 9.636 Thread 0x0000025d80740800 DEOPT UNPACKING pc=0x0000025de70e662f sp=0x00000076d21f6be8 mode 2

Classes redefined (0 events):
No events

Internal exceptions (20 events):
Event: 7.518 Thread 0x0000025d80740800 Exception <a 'java/lang/ClassNotFoundException'{0x0000000088d08088}: org/gradle/api/tasks/DeleteCustomizer> (0x0000000088d08088) thrown at [./src/hotspot/share/classfile/systemDictionary.cpp, line 231]
Event: 7.518 Thread 0x0000025d80740800 Exception <a 'java/lang/ClassNotFoundException'{0x0000000088d47188}: org/gradle/api/tasks/Delete_DecoratedCustomizer> (0x0000000088d47188) thrown at [./src/hotspot/share/classfile/systemDictionary.cpp, line 231]
Event: 7.544 Thread 0x0000025d80740800 Exception <a 'java/lang/NoSuchMethodError'{0x0000000088b2ef68}: 'void java.lang.invoke.DirectMethodHandle$Holder.invokeVirtual(java.lang.Object, java.lang.Object)'> (0x0000000088b2ef68) thrown at [./src/hotspot/share/interpreter/linkResolver.cpp, line 773]
Event: 7.888 Thread 0x0000025d80740800 Exception <a 'java/lang/NoSuchMethodError'{0x0000000086a98a90}: 'void java.lang.invoke.DirectMethodHandle$Holder.invokeSpecialIFC(java.lang.Object, java.lang.Object, java.lang.Object)'> (0x0000000086a98a90) thrown at [./src/hotspot/share/interpreter/linkResolver.cpp, line 773]
Event: 7.956 Thread 0x0000025d80740800 Exception <a 'java/lang/NoSuchMethodError'{0x0000000086595688}: 'int java.lang.invoke.DirectMethodHandle$Holder.invokeStatic(java.lang.Object, int, java.lang.Object, java.lang.Object)'> (0x0000000086595688) thrown at [./src/hotspot/share/interpreter/linkResolver.cpp, line 773]
Event: 8.065 Thread 0x0000025d80740800 Exception <a 'java/lang/ClassNotFoundException'{0x0000000085e37fb0}: build_7e56dv4bx2htq79z6kskcu34aBeanInfo> (0x0000000085e37fb0) thrown at [./src/hotspot/share/classfile/systemDictionary.cpp, line 231]
Event: 8.065 Thread 0x0000025d80740800 Exception <a 'java/lang/ClassNotFoundException'{0x0000000085e42f68}: build_7e56dv4bx2htq79z6kskcu34aCustomizer> (0x0000000085e42f68) thrown at [./src/hotspot/share/classfile/systemDictionary.cpp, line 231]
Event: 8.211 Thread 0x0000025d80740800 Exception <a 'java/lang/NoSuchMethodError'{0x0000000088e814b0}: 'java.lang.Object java.lang.invoke.DirectMethodHandle$Holder.invokeStatic(java.lang.Object, java.lang.Object, java.lang.Object, java.lang.Object, int)'> (0x0000000088e814b0) thrown at [./src/hotspot/share/interpreter/linkResolver.cpp, line 773]
Event: 8.211 Thread 0x0000025d80740800 Exception <a 'java/lang/NoSuchMethodError'{0x0000000088e85ea8}: 'java.lang.Object java.lang.invoke.DirectMethodHandle$Holder.invokeSpecial(java.lang.Object, java.lang.Object, java.lang.Object, java.lang.Object, java.lang.Object, int)'> (0x0000000088e85ea8) thrown at [./src/hotspot/share/interpreter/linkResolver.cpp, line 773]
Event: 8.211 Thread 0x0000025d80740800 Exception <a 'java/lang/NoSuchMethodError'{0x0000000088e8a4e8}: 'java.lang.Object java.lang.invoke.Invokers$Holder.linkToTargetMethod(java.lang.Object, java.lang.Object, java.lang.Object, int, java.lang.Object)'> (0x0000000088e8a4e8) thrown at [./src/hotspot/share/interpreter/linkResolver.cpp, line 773]
Event: 8.396 Thread 0x0000025d80740800 Exception <a 'java/lang/NoSuchMethodError'{0x00000000880cf448}: 'java.lang.Object java.lang.invoke.DirectMethodHandle$Holder.invokeSpecial(java.lang.Object, java.lang.Object, int, int, java.lang.Object, java.lang.Object, java.lang.Object)'> (0x00000000880cf448) thrown at [./src/hotspot/share/interpreter/linkResolver.cpp, line 773]
Event: 8.396 Thread 0x0000025d80740800 Exception <a 'java/lang/NoSuchMethodError'{0x00000000880d39c8}: 'java.lang.Object java.lang.invoke.DelegatingMethodHandle$Holder.reinvoke_L(java.lang.Object, int, int, java.lang.Object, java.lang.Object, java.lang.Object)'> (0x00000000880d39c8) thrown at [./src/hotspot/share/interpreter/linkResolver.cpp, line 773]
Event: 8.536 Thread 0x0000025d80740800 Exception <a 'java/lang/NoSuchMethodError'{0x00000000873cb830}: 'int java.lang.invoke.DirectMethodHandle$Holder.invokeInterface(java.lang.Object, java.lang.Object, java.lang.Object, java.lang.Object)'> (0x00000000873cb830) thrown at [./src/hotspot/share/interpreter/linkResolver.cpp, line 773]
Event: 8.728 Thread 0x0000025d80740800 Exception <a 'java/lang/NoSuchMethodError'{0x00000000897e58b8}: 'void java.lang.invoke.DirectMethodHandle$Holder.invokeInterface(java.lang.Object, java.lang.Object, java.lang.Object, java.lang.Object)'> (0x00000000897e58b8) thrown at [./src/hotspot/share/interpreter/linkResolver.cpp, line 773]
Event: 8.841 Thread 0x0000025d80740800 Exception <a 'java/lang/IncompatibleClassChangeError'{0x0000000088e0dbd8}: Found class java.lang.Object, but interface was expected> (0x0000000088e0dbd8) thrown at [./src/hotspot/share/interpreter/linkResolver.cpp, line 839]
Event: 8.888 Thread 0x0000025d80740800 Implicit null exception at 0x0000025deee15154 to 0x0000025deee15338
Event: 8.940 Thread 0x0000025d80740800 Implicit null exception at 0x0000025deef6fb82 to 0x0000025deef70364
Event: 8.949 Thread 0x0000025d80740800 Implicit null exception at 0x0000025deecc068b to 0x0000025deecc0764
Event: 8.990 Thread 0x0000025d80740800 Implicit null exception at 0x0000025deed415ac to 0x0000025deed4175a
Event: 9.082 Thread 0x0000025d80740800 Exception <a 'sun/nio/fs/WindowsException'{0x00000000878a8a90}> (0x00000000878a8a90) thrown at [./src/hotspot/share/prims/jni.cpp, line 615]

Events (20 events):
Event: 9.651 loading class org/gradle/api/DefaultTask
Event: 9.651 loading class org/gradle/api/DefaultTask done
Event: 9.651 loading class com/android/build/gradle/internal/TaskManager$Companion$createTasksBeforeEvaluate$3
Event: 9.651 loading class com/android/build/gradle/internal/TaskManager$Companion$createTasksBeforeEvaluate$3 done
Event: 9.652 loading class com/android/build/gradle/internal/tasks/ExtractProguardFiles$CreationAction
Event: 9.652 loading class com/android/build/gradle/internal/tasks/ExtractProguardFiles$CreationAction done
Event: 9.653 loading class com/android/build/gradle/internal/tasks/factory/GlobalTaskCreationAction
Event: 9.653 loading class com/android/build/gradle/internal/tasks/factory/GlobalTaskCreationAction done
Event: 9.653 loading class com/android/build/gradle/internal/tasks/factory/TaskCreationAction
Event: 9.653 loading class com/android/build/gradle/internal/tasks/factory/TaskCreationAction done
Event: 9.653 loading class com/android/build/gradle/internal/tasks/factory/TaskInformation
Event: 9.653 loading class com/android/build/gradle/internal/tasks/factory/TaskInformation done
Event: 9.653 loading class com/android/build/gradle/internal/tasks/factory/PreConfigAction
Event: 9.653 loading class com/android/build/gradle/internal/tasks/factory/PreConfigAction done
Event: 9.653 loading class com/android/build/gradle/internal/tasks/factory/TaskConfigAction
Event: 9.653 loading class com/android/build/gradle/internal/tasks/factory/TaskConfigAction done
Event: 9.654 loading class com/android/build/gradle/internal/tasks/factory/TaskProviderCallback
Event: 9.654 loading class com/android/build/gradle/internal/tasks/factory/TaskProviderCallback done
Event: 9.654 loading class com/android/build/gradle/internal/tasks/ExtractProguardFiles
Event: 9.654 loading class com/android/build/gradle/internal/tasks/ExtractProguardFiles done


Dynamic libraries:
0x00007ff63e900000 - 0x00007ff63e90a000 	C:\Program Files\Android\Android Studio2\jre\bin\java.exe
0x00007ffd1cc70000 - 0x00007ffd1ce65000 	C:\WINDOWS\SYSTEM32\ntdll.dll
0x00007ffd1acb0000 - 0x00007ffd1ad6e000 	C:\WINDOWS\System32\KERNEL32.DLL
0x00007ffd1a850000 - 0x00007ffd1ab18000 	C:\WINDOWS\System32\KERNELBASE.dll
0x00007ffd1a750000 - 0x00007ffd1a850000 	C:\WINDOWS\System32\ucrtbase.dll
0x00007ffd14d50000 - 0x00007ffd14d69000 	C:\Program Files\Android\Android Studio2\jre\bin\jli.dll
0x00007ffd0b5f0000 - 0x00007ffd0b607000 	C:\Program Files\Android\Android Studio2\jre\bin\VCRUNTIME140.dll
0x00007ffd1b9d0000 - 0x00007ffd1bb71000 	C:\WINDOWS\System32\USER32.dll
0x00007ffd046e0000 - 0x00007ffd0497a000 	C:\WINDOWS\WinSxS\amd64_microsoft.windows.common-controls_6595b64144ccf1df_6.0.19041.1110_none_60b5254171f9507e\COMCTL32.dll
0x00007ffd1ab20000 - 0x00007ffd1ab42000 	C:\WINDOWS\System32\win32u.dll
0x00007ffd1c150000 - 0x00007ffd1c17b000 	C:\WINDOWS\System32\GDI32.dll
0x00007ffd1bdf0000 - 0x00007ffd1be8e000 	C:\WINDOWS\System32\msvcrt.dll
0x00007ffd1a4b0000 - 0x00007ffd1a5bd000 	C:\WINDOWS\System32\gdi32full.dll
0x00007ffd1a410000 - 0x00007ffd1a4ad000 	C:\WINDOWS\System32\msvcp_win.dll
0x00007ffd1c500000 - 0x00007ffd1c530000 	C:\WINDOWS\System32\IMM32.DLL
0x00007ffcfbe30000 - 0x00007ffcfbecd000 	C:\Program Files\Android\Android Studio2\jre\bin\msvcp140.dll
0x00007ffccf8b0000 - 0x00007ffcd0385000 	C:\Program Files\Android\Android Studio2\jre\bin\server\jvm.dll
0x00007ffd1c330000 - 0x00007ffd1c3de000 	C:\WINDOWS\System32\ADVAPI32.dll
0x00007ffd1c720000 - 0x00007ffd1c7bc000 	C:\WINDOWS\System32\sechost.dll
0x00007ffd1c020000 - 0x00007ffd1c145000 	C:\WINDOWS\System32\RPCRT4.dll
0x00007ffd1bf80000 - 0x00007ffd1bf88000 	C:\WINDOWS\System32\PSAPI.DLL
0x00007ffd034b0000 - 0x00007ffd034d7000 	C:\WINDOWS\SYSTEM32\WINMM.dll
0x00007ffd14880000 - 0x00007ffd1488a000 	C:\WINDOWS\SYSTEM32\VERSION.dll
0x00007ffd08d90000 - 0x00007ffd08d99000 	C:\WINDOWS\SYSTEM32\WSOCK32.dll
0x00007ffd1c5e0000 - 0x00007ffd1c64b000 	C:\WINDOWS\System32\WS2_32.dll
0x00007ffd18270000 - 0x00007ffd18282000 	C:\WINDOWS\SYSTEM32\kernel.appcore.dll
0x00007ffcf75b0000 - 0x00007ffcf75c1000 	C:\Program Files\Android\Android Studio2\jre\bin\verify.dll
0x00007ffd0c800000 - 0x00007ffd0c9e4000 	C:\WINDOWS\SYSTEM32\DBGHELP.DLL
0x00007ffd0c5a0000 - 0x00007ffd0c5cc000 	C:\WINDOWS\SYSTEM32\dbgcore.DLL
0x00007ffd1a380000 - 0x00007ffd1a402000 	C:\WINDOWS\System32\bcryptPrimitives.dll
0x00007ffcedd40000 - 0x00007ffcedd69000 	C:\Program Files\Android\Android Studio2\jre\bin\java.dll
0x00007ffcfced0000 - 0x00007ffcfcedb000 	C:\Program Files\Android\Android Studio2\jre\bin\jimage.dll
0x00007ffce3680000 - 0x00007ffce3698000 	C:\Program Files\Android\Android Studio2\jre\bin\zip.dll
0x00007ffd1b280000 - 0x00007ffd1b9c4000 	C:\WINDOWS\System32\SHELL32.dll
0x00007ffd18470000 - 0x00007ffd18c05000 	C:\WINDOWS\SYSTEM32\windows.storage.dll
0x00007ffd1c8d0000 - 0x00007ffd1cc25000 	C:\WINDOWS\System32\combase.dll
0x00007ffd19dd0000 - 0x00007ffd19dfe000 	C:\WINDOWS\SYSTEM32\Wldp.dll
0x00007ffd1c530000 - 0x00007ffd1c5dd000 	C:\WINDOWS\System32\SHCORE.dll
0x00007ffd1c7c0000 - 0x00007ffd1c815000 	C:\WINDOWS\System32\shlwapi.dll
0x00007ffd1a2c0000 - 0x00007ffd1a2df000 	C:\WINDOWS\SYSTEM32\profapi.dll
0x00007ffcfe1e0000 - 0x00007ffcfe1fa000 	C:\Program Files\Android\Android Studio2\jre\bin\net.dll
0x00007ffd0fd40000 - 0x00007ffd0fe4c000 	C:\WINDOWS\SYSTEM32\WINHTTP.dll
0x00007ffd19b30000 - 0x00007ffd19b9a000 	C:\WINDOWS\system32\mswsock.dll
0x00007ffcfbaf0000 - 0x00007ffcfbb04000 	C:\Program Files\Android\Android Studio2\jre\bin\nio.dll
0x00007ffd14da0000 - 0x00007ffd14dc7000 	C:\Users\cuong\.gradle\native\e1d6ef7f7dcc3fd88c89a11ec53ec762bb8ba0a96d01ffa2cd45eb1d1d8dd5c5\windows-amd64\native-platform.dll
0x00007ffcfb960000 - 0x00007ffcfbaa4000 	C:\Users\cuong\.gradle\native\5664cfc778a61ccfe75a443a1ab52a65af34e5dc3c78e0209fed803814484fcb\windows-amd64\native-platform-file-events.dll
0x00007ffcfcd30000 - 0x00007ffcfcd3a000 	C:\Program Files\Android\Android Studio2\jre\bin\management.dll
0x00007ffcf76f0000 - 0x00007ffcf76fd000 	C:\Program Files\Android\Android Studio2\jre\bin\management_ext.dll
0x00007ffd19d30000 - 0x00007ffd19d48000 	C:\WINDOWS\SYSTEM32\CRYPTSP.dll
0x00007ffd19440000 - 0x00007ffd19474000 	C:\WINDOWS\system32\rsaenh.dll
0x00007ffd1a720000 - 0x00007ffd1a747000 	C:\WINDOWS\System32\bcrypt.dll
0x00007ffd1a280000 - 0x00007ffd1a2ae000 	C:\WINDOWS\SYSTEM32\USERENV.dll
0x00007ffd19d20000 - 0x00007ffd19d2c000 	C:\WINDOWS\SYSTEM32\CRYPTBASE.dll
0x00007ffd197d0000 - 0x00007ffd1980b000 	C:\WINDOWS\SYSTEM32\IPHLPAPI.DLL
0x00007ffd1b1f0000 - 0x00007ffd1b1f8000 	C:\WINDOWS\System32\NSI.dll
0x00007ffd13f00000 - 0x00007ffd13f17000 	C:\WINDOWS\SYSTEM32\dhcpcsvc6.DLL
0x00007ffd14590000 - 0x00007ffd145ad000 	C:\WINDOWS\SYSTEM32\dhcpcsvc.DLL
0x00007ffd19820000 - 0x00007ffd198eb000 	C:\WINDOWS\SYSTEM32\DNSAPI.dll

dbghelp: loaded successfully - version: 4.0.5 - missing functions: none
symbol engine: initialized successfully - sym options: 0x614 - pdb path: .;C:\Program Files\Android\Android Studio2\jre\bin;C:\WINDOWS\SYSTEM32;C:\WINDOWS\WinSxS\amd64_microsoft.windows.common-controls_6595b64144ccf1df_6.0.19041.1110_none_60b5254171f9507e;C:\Program Files\Android\Android Studio2\jre\bin\server;C:\Users\cuong\.gradle\native\e1d6ef7f7dcc3fd88c89a11ec53ec762bb8ba0a96d01ffa2cd45eb1d1d8dd5c5\windows-amd64;C:\Users\cuong\.gradle\native\5664cfc778a61ccfe75a443a1ab52a65af34e5dc3c78e0209fed803814484fcb\windows-amd64

VM Arguments:
jvm_args: --add-opens=java.base/java.util=ALL-UNNAMED --add-opens=java.base/java.lang=ALL-UNNAMED --add-opens=java.base/java.lang.invoke=ALL-UNNAMED --add-opens=java.base/java.util=ALL-UNNAMED --add-opens=java.prefs/java.util.prefs=ALL-UNNAMED --add-opens=java.prefs/java.util.prefs=ALL-UNNAMED --add-opens=java.base/java.nio.charset=ALL-UNNAMED --add-opens=java.base/java.net=ALL-UNNAMED --add-opens=java.base/java.util.concurrent.atomic=ALL-UNNAMED -Xmx2048m -Dfile.encoding=UTF-8 -Duser.country=GB -Duser.language=en -Duser.variant 
java_command: org.gradle.launcher.daemon.bootstrap.GradleDaemon 7.2
java_class_path (initial): C:\Users\cuong\.gradle\wrapper\dists\gradle-7.2-bin\2dnblmf4td7x66yl1d74lt32g\gradle-7.2\lib\gradle-launcher-7.2.jar
Launcher Type: SUN_STANDARD

[Global flags]
     intx CICompilerCount                          = 4                                         {product} {ergonomic}
     uint ConcGCThreads                            = 2                                         {product} {ergonomic}
     uint G1ConcRefinementThreads                  = 8                                         {product} {ergonomic}
   size_t G1HeapRegionSize                         = 1048576                                   {product} {ergonomic}
    uintx GCDrainStackTargetSize                   = 64                                        {product} {ergonomic}
   size_t InitialHeapSize                          = 132120576                                 {product} {ergonomic}
   size_t MarkStackSize                            = 4194304                                   {product} {ergonomic}
   size_t MaxHeapSize                              = 2147483648                                {product} {command line}
   size_t MaxNewSize                               = 1287651328                                {product} {ergonomic}
   size_t MinHeapDeltaBytes                        = 1048576                                   {product} {ergonomic}
    uintx NonNMethodCodeHeapSize                   = 5836300                                {pd product} {ergonomic}
    uintx NonProfiledCodeHeapSize                  = 122910970                              {pd product} {ergonomic}
    uintx ProfiledCodeHeapSize                     = 122910970                              {pd product} {ergonomic}
    uintx ReservedCodeCacheSize                    = 251658240                              {pd product} {ergonomic}
     bool SegmentedCodeCache                       = true                                      {product} {ergonomic}
     bool UseCompressedClassPointers               = true                                 {lp64_product} {ergonomic}
     bool UseCompressedOops                        = true                                 {lp64_product} {ergonomic}
     bool UseG1GC                                  = true                                      {product} {ergonomic}
     bool UseLargePagesIndividualAllocation        = false                                  {pd product} {ergonomic}

Logging:
Log output configuration:
 #0: stdout all=warning uptime,level,tags
 #1: stderr all=off uptime,level,tags

Environment Variables:
JAVA_HOME=C:\Program Files\Java\jdk1.8.0_301
PATH=C:\Program Files\Common Files\Oracle\Java\javapath;C:\Python39\Scripts\;C:\Python39\;C:\WINDOWS\system32;C:\WINDOWS;C:\WINDOWS\System32\Wbem;C:\WINDOWS\System32\WindowsPowerShell\v1.0\;C:\WINDOWS\System32\OpenSSH\;C:\Program Files\Microsoft VS Code\bin;C:\ProgramData\chocolatey\bin;C:\Program Files\Git\cmd;C:\Program Files\TortoiseSVN\bin;D:\Android\Sdk\platform-tools;C:\Program Files\Java\jdk1.8.0_301;C:\Program Files\Java\jdk1.8.0_301\bin;C:\Program Files\Java\jdk1.8.0_301\bin\;C:\Program Files (x86)\NVIDIA Corporation\PhysX\Common;C:\Program Files (x86)\Microsoft SQL Server\150\DTS\Binn\;C:\Program Files\nodejs\;C:\Users\cuong\AppData\Local\Programs\Python\Python39\Scripts\;C:\Users\cuong\AppData\Local\Programs\Python\Python39\;C:\Users\cuong\AppData\Local\Microsoft\WindowsApps;C:\Program Files\JetBrains\IntelliJ IDEA 2021.2.2\bin;;C:\Program Files\Azure Data Studio\bin;C:\Users\cuong\AppData\Roaming\npm;C:\Program Files\heroku\bin
USERNAME=cuong
OS=Windows_NT
PROCESSOR_IDENTIFIER=Intel64 Family 6 Model 158 Stepping 10, GenuineIntel



---------------  S Y S T E M  ---------------

OS: Windows 10 , 64 bit Build 19041 (10.0.19041.1466)
OS uptime: 1 days 3:05 hours

CPU:total 8 (initial active 8) (4 cores per cpu, 2 threads per core) family 6 model 158 stepping 10 microcode 0xb4, cmov, cx8, fxsr, mmx, sse, sse2, sse3, ssse3, sse4.1, sse4.2, popcnt, avx, avx2, aes, clmul, erms, 3dnowpref, lzcnt, ht, tsc, tscinvbit, bmi1, bmi2, adx, fma

Memory: 4k page, system-wide physical 8038M (436M free)
TotalPageFile size 15984M (AvailPageFile size 6M)
current process WorkingSet (physical memory assigned to process): 369M, peak: 369M
current process commit charge ("private bytes"): 408M, peak: 409M

vm_info: OpenJDK 64-Bit Server VM (11.0.11+9-b60-7590822) for windows-amd64 JRE (11.0.11+9-b60-7590822), built on Jul 29 2021 21:43:44 by "builder" with MS VC++ 14.0 (VS2015)

END.
