#
# There is insufficient memory for the Java Runtime Environment to continue.
# Native memory allocation (malloc) failed to allocate 767536 bytes for Chunk::new
# Possible reasons:
#   The system is out of physical RAM or swap space
#   The process is running with CompressedOops enabled, and the Java Heap may be blocking the growth of the native heap
# Possible solutions:
#   Reduce memory load on the system
#   Increase physical memory or swap space
#   Check if swap backing store is full
#   Decrease Java heap size (-Xmx/-Xms)
#   Decrease number of Java threads
#   Decrease Java thread stack sizes (-Xss)
#   Set larger code cache with -XX:ReservedCodeCacheSize=
#   JVM is running with Unscaled Compressed Oops mode in which the Java heap is
#     placed in the first 4GB address space. The Java Heap base address is the
#     maximum limit for the native heap growth. Please use -XX:HeapBaseMinAddress
#     to set the Java Heap base and to place the Java Heap above 4GB virtual address.
# This output file may be truncated or incomplete.
#
#  Out of Memory Error (./src/hotspot/share/memory/arena.cpp:197), pid=11548, tid=10964
#
# JRE version: OpenJDK Runtime Environment (11.0.11+9) (build 11.0.11+9-b60-7590822)
# Java VM: OpenJDK 64-Bit Server VM (11.0.11+9-b60-7590822, mixed mode, tiered, compressed oops, g1 gc, windows-amd64)
# No core dump will be written. Minidumps are not enabled by default on client versions of Windows
#

---------------  S U M M A R Y ------------

Command Line: --add-opens=java.base/java.util=ALL-UNNAMED --add-opens=java.base/java.lang=ALL-UNNAMED --add-opens=java.base/java.lang.invoke=ALL-UNNAMED --add-opens=java.base/java.util=ALL-UNNAMED --add-opens=java.prefs/java.util.prefs=ALL-UNNAMED --add-opens=java.prefs/java.util.prefs=ALL-UNNAMED --add-opens=java.base/java.nio.charset=ALL-UNNAMED --add-opens=java.base/java.net=ALL-UNNAMED --add-opens=java.base/java.util.concurrent.atomic=ALL-UNNAMED -Xmx2048m -Dfile.encoding=UTF-8 -Duser.country=GB -Duser.language=en -Duser.variant org.gradle.launcher.daemon.bootstrap.GradleDaemon 7.2

Host: Intel(R) Core(TM) i5-9300H CPU @ 2.40GHz, 8 cores, 7G,  Windows 10 , 64 bit Build 19041 (10.0.19041.1466)
Time: Sat May 14 20:56:08 2022 SE Asia Standard Time elapsed time: 5.010627 seconds (0d 0h 0m 5s)

---------------  T H R E A D  ---------------

Current thread (0x000001fe3defb800):  JavaThread "C2 CompilerThread1" daemon [_thread_in_native, id=10964, stack(0x0000005b1a400000,0x0000005b1a500000)]


Current CompileTask:
C2:   5010 5624       4       java.net.URLClassLoader$1::run (5 bytes)

Stack: [0x0000005b1a400000,0x0000005b1a500000]
Native frames: (J=compiled Java code, j=interpreted, Vv=VM code, C=native code)
V  [jvm.dll+0x5f214a]
V  [jvm.dll+0x726fb5]
V  [jvm.dll+0x7285cd]
V  [jvm.dll+0x728c83]
V  [jvm.dll+0x243278]
V  [jvm.dll+0xbc53c]
V  [jvm.dll+0xbca3c]
V  [jvm.dll+0x2b5c34]
V  [jvm.dll+0x508488]
V  [jvm.dll+0x203d53]
V  [jvm.dll+0x1fdbac]
V  [jvm.dll+0x1fb35f]
V  [jvm.dll+0x183d6c]
V  [jvm.dll+0x209a57]
V  [jvm.dll+0x2082a1]
V  [jvm.dll+0x6ef58f]
V  [jvm.dll+0x6e80b5]
V  [jvm.dll+0x5f1036]
C  [ucrtbase.dll+0x21bb2]
C  [KERNEL32.DLL+0x17034]
C  [ntdll.dll+0x52651]


---------------  P R O C E S S  ---------------

Threads class SMR info:
_java_thread_list=0x000001fe3fb476b0, length=123, elements={
0x000001fe212ee800, 0x000001fe3b766000, 0x000001fe3b771000, 0x000001fe3c0e2800,
0x000001fe3b780800, 0x000001fe3b782800, 0x000001fe3b783800, 0x000001fe3b785000,
0x000001fe3b78a000, 0x000001fe3c24d800, 0x000001fe3e1aa800, 0x000001fe3c34b000,
0x000001fe3e3c7000, 0x000001fe3f340800, 0x000001fe3db88000, 0x000001fe3eaec800,
0x000001fe3ed31000, 0x000001fe3e36b800, 0x000001fe3d0f7000, 0x000001fe3db07800,
0x000001fe3defb800, 0x000001fe3db0a000, 0x000001fe3db0b800, 0x000001fe3db09000,
0x000001fe3db0b000, 0x000001fe3db0d800, 0x000001fe3db0e000, 0x000001fe3db0c800,
0x000001fe3db08800, 0x000001fe3fe81000, 0x000001fe3fe81800, 0x000001fe3fe83800,
0x000001fe3fe84000, 0x000001fe3fe82800, 0x000001fe3fe7e800, 0x000001fe3f32a000,
0x000001fe3fe85000, 0x000001fe3fe7f800, 0x000001fe3fe80000, 0x000001fe3fe89000,
0x000001fe3fe8a000, 0x000001fe3fe86800, 0x000001fe3fe8d000, 0x000001fe42d64000,
0x000001fe42d61800, 0x000001fe42d62800, 0x000001fe42d65000, 0x000001fe42d65800,
0x000001fe42d63000, 0x000001fe42d60800, 0x000001fe42d60000, 0x000001fe42d69000,
0x000001fe42d66800, 0x000001fe42d68000, 0x000001fe42d6b800, 0x000001fe42d69800,
0x000001fe42d67000, 0x000001fe42d6a800, 0x000001fe42d6c000, 0x000001fe42d6e800,
0x000001fe42d6d000, 0x000001fe42d6e000, 0x000001fe3fe3f800, 0x000001fe3fe44000,
0x000001fe3fe43800, 0x000001fe3fe41000, 0x000001fe3fe40000, 0x000001fe3fe3e800,
0x000001fe3fe46000, 0x000001fe3fe46800, 0x000001fe3fe42800, 0x000001fe3fe45000,
0x000001fe3fe47800, 0x000001fe3fe41800, 0x000001fe3fe48800, 0x000001fe3fe4d000,
0x000001fe3fe4b800, 0x000001fe3fe4a000, 0x000001fe3fe49000, 0x000001fe3fe4a800,
0x000001fe3fe4c800, 0x000001fe42a2a800, 0x000001fe42a2e000, 0x000001fe42a2c800,
0x000001fe42a2b800, 0x000001fe42a2d000, 0x000001fe42a29000, 0x000001fe42a28000,
0x000001fe42a2a000, 0x000001fe42a34800, 0x000001fe42a2e800, 0x000001fe42a33000,
0x000001fe42a32000, 0x000001fe42a31000, 0x000001fe42a33800, 0x000001fe42a2f800,
0x000001fe42a35800, 0x000001fe42a36000, 0x000001fe42a30800, 0x000001fe42a37000,
0x000001fe42a1b800, 0x000001fe42a1a800, 0x000001fe42a1c800, 0x000001fe42a1d000,
0x000001fe42a1e000, 0x000001fe42a18000, 0x000001fe42a1e800, 0x000001fe42a19000,
0x000001fe42a1f800, 0x000001fe42a1a000, 0x000001fe42a22000, 0x000001fe42a20800,
0x000001fe42a26000, 0x000001fe42a27000, 0x000001fe42a21000, 0x000001fe42a23000,
0x000001fe42a25800, 0x000001fe42a24800, 0x000001fe42a23800, 0x000001fe41bc7000,
0x000001fe41bc3000, 0x000001fe41bc9000, 0x000001fe41bc4000
}

Java Threads: ( => current thread )
  0x000001fe212ee800 JavaThread "main" [_thread_blocked, id=17272, stack(0x0000005b18700000,0x0000005b18800000)]
  0x000001fe3b766000 JavaThread "Reference Handler" daemon [_thread_blocked, id=17016, stack(0x0000005b18e00000,0x0000005b18f00000)]
  0x000001fe3b771000 JavaThread "Finalizer" daemon [_thread_blocked, id=9792, stack(0x0000005b18f00000,0x0000005b19000000)]
  0x000001fe3c0e2800 JavaThread "Signal Dispatcher" daemon [_thread_blocked, id=7036, stack(0x0000005b19000000,0x0000005b19100000)]
  0x000001fe3b780800 JavaThread "Attach Listener" daemon [_thread_blocked, id=17056, stack(0x0000005b19100000,0x0000005b19200000)]
  0x000001fe3b782800 JavaThread "Service Thread" daemon [_thread_blocked, id=2504, stack(0x0000005b19200000,0x0000005b19300000)]
  0x000001fe3b783800 JavaThread "C2 CompilerThread0" daemon [_thread_in_native, id=12164, stack(0x0000005b19300000,0x0000005b19400000)]
  0x000001fe3b785000 JavaThread "C1 CompilerThread0" daemon [_thread_blocked, id=1220, stack(0x0000005b19400000,0x0000005b19500000)]
  0x000001fe3b78a000 JavaThread "Sweeper thread" daemon [_thread_blocked, id=9128, stack(0x0000005b19500000,0x0000005b19600000)]
  0x000001fe3c24d800 JavaThread "Common-Cleaner" daemon [_thread_blocked, id=12512, stack(0x0000005b19600000,0x0000005b19700000)]
  0x000001fe3e1aa800 JavaThread "Daemon health stats" [_thread_blocked, id=11908, stack(0x0000005b19c00000,0x0000005b19d00000)]
  0x000001fe3c34b000 JavaThread "Incoming local TCP Connector on port 56365" [_thread_in_native, id=9672, stack(0x0000005b19800000,0x0000005b19900000)]
  0x000001fe3e3c7000 JavaThread "Daemon periodic checks" [_thread_blocked, id=5200, stack(0x0000005b19b00000,0x0000005b19c00000)]
  0x000001fe3f340800 JavaThread "Daemon" [_thread_blocked, id=13124, stack(0x0000005b19d00000,0x0000005b19e00000)]
  0x000001fe3db88000 JavaThread "Handler for socket connection from /127.0.0.1:56365 to /127.0.0.1:56366" [_thread_in_native, id=6404, stack(0x0000005b19e00000,0x0000005b19f00000)]
  0x000001fe3eaec800 JavaThread "Cancel handler" [_thread_blocked, id=8276, stack(0x0000005b19f00000,0x0000005b1a000000)]
  0x000001fe3ed31000 JavaThread "Daemon worker" [_thread_in_native, id=7896, stack(0x0000005b1a000000,0x0000005b1a100000)]
  0x000001fe3e36b800 JavaThread "Asynchronous log dispatcher for DefaultDaemonConnection: socket connection from /127.0.0.1:56365 to /127.0.0.1:56366" [_thread_blocked, id=2016, stack(0x0000005b1a100000,0x0000005b1a200000)]
  0x000001fe3d0f7000 JavaThread "Stdin handler" [_thread_blocked, id=9204, stack(0x0000005b1a200000,0x0000005b1a300000)]
  0x000001fe3db07800 JavaThread "Daemon client event forwarder" [_thread_blocked, id=6052, stack(0x0000005b1a300000,0x0000005b1a400000)]
=>0x000001fe3defb800 JavaThread "C2 CompilerThread1" daemon [_thread_in_native, id=10964, stack(0x0000005b1a400000,0x0000005b1a500000)]
  0x000001fe3db0a000 JavaThread "Cache worker for journal cache (C:\Users\cuong\.gradle\caches\journal-1)" [_thread_blocked, id=16668, stack(0x0000005b1aa00000,0x0000005b1ab00000)]
  0x000001fe3db0b800 JavaThread "File lock request listener" [_thread_in_native, id=6216, stack(0x0000005b1ab00000,0x0000005b1ac00000)]
  0x000001fe3db09000 JavaThread "Cache worker for file hash cache (C:\Users\cuong\.gradle\caches\7.2\fileHashes)" [_thread_blocked, id=8556, stack(0x0000005b1ad00000,0x0000005b1ae00000)]
  0x000001fe3db0b000 JavaThread "Cache worker for file hash cache (D:\Android\FinalAndroid\.gradle\7.2\fileHashes)" [_thread_blocked, id=4808, stack(0x0000005b1ae00000,0x0000005b1af00000)]
  0x000001fe3db0d800 JavaThread "File watcher server" daemon [_thread_in_native, id=12816, stack(0x0000005b1af00000,0x0000005b1b000000)]
  0x000001fe3db0e000 JavaThread "File watcher consumer" daemon [_thread_blocked, id=11748, stack(0x0000005b1b000000,0x0000005b1b100000)]
  0x000001fe3db0c800 JavaThread "jar transforms" [_thread_blocked, id=15176, stack(0x0000005b1b100000,0x0000005b1b200000)]
  0x000001fe3db08800 JavaThread "jar transforms Thread 2" [_thread_blocked, id=14708, stack(0x0000005b1b200000,0x0000005b1b300000)]
  0x000001fe3fe81000 JavaThread "jar transforms Thread 3" [_thread_blocked, id=4444, stack(0x0000005b1b300000,0x0000005b1b400000)]
  0x000001fe3fe81800 JavaThread "jar transforms Thread 4" [_thread_blocked, id=12604, stack(0x0000005b1b400000,0x0000005b1b500000)]
  0x000001fe3fe83800 JavaThread "jar transforms Thread 5" [_thread_blocked, id=5248, stack(0x0000005b1b500000,0x0000005b1b600000)]
  0x000001fe3fe84000 JavaThread "jar transforms Thread 6" [_thread_blocked, id=9936, stack(0x0000005b1b600000,0x0000005b1b700000)]
  0x000001fe3fe82800 JavaThread "jar transforms Thread 7" [_thread_blocked, id=12616, stack(0x0000005b1b700000,0x0000005b1b800000)]
  0x000001fe3fe7e800 JavaThread "jar transforms Thread 8" [_thread_blocked, id=9844, stack(0x0000005b1b800000,0x0000005b1b900000)]
  0x000001fe3f32a000 JavaThread "C2 CompilerThread2" daemon [_thread_in_native, id=7712, stack(0x0000005b1b900000,0x0000005b1ba00000)]
  0x000001fe3fe85000 JavaThread "Cache worker for checksums cache (D:\Android\FinalAndroid\.gradle\checksums)" [_thread_blocked, id=15668, stack(0x0000005b1ba00000,0x0000005b1bb00000)]
  0x000001fe3fe7f800 JavaThread "Cache worker for cache directory md-supplier (C:\Users\cuong\.gradle\caches\7.2\md-supplier)" [_thread_blocked, id=12456, stack(0x0000005b1bb00000,0x0000005b1bc00000)]
  0x000001fe3fe80000 JavaThread "Cache worker for cache directory md-rule (C:\Users\cuong\.gradle\caches\7.2\md-rule)" [_thread_blocked, id=8380, stack(0x0000005b1bc00000,0x0000005b1bd00000)]
  0x000001fe3fe89000 JavaThread "Cache worker for execution history cache (C:\Users\cuong\.gradle\caches\7.2\executionHistory)" [_thread_blocked, id=9008, stack(0x0000005b1bd00000,0x0000005b1be00000)]
  0x000001fe3fe8a000 JavaThread "Cache worker for file content cache (C:\Users\cuong\.gradle\caches\7.2\fileContent)" [_thread_blocked, id=17248, stack(0x0000005b1be00000,0x0000005b1bf00000)]
  0x000001fe3fe86800 JavaThread "Cache worker for dependencies-accessors (D:\Android\FinalAndroid\.gradle\7.2\dependencies-accessors)" [_thread_blocked, id=8056, stack(0x0000005b1bf00000,0x0000005b1c000000)]
  0x000001fe3fe8d000 JavaThread "Cache worker for Build Output Cleanup Cache (D:\Android\FinalAndroid\.gradle\buildOutputCleanup)" [_thread_blocked, id=16876, stack(0x0000005b1c000000,0x0000005b1c100000)]
  0x000001fe42d64000 JavaThread "Unconstrained build operations" [_thread_blocked, id=17136, stack(0x0000005b1c100000,0x0000005b1c200000)]
  0x000001fe42d61800 JavaThread "Unconstrained build operations Thread 2" [_thread_blocked, id=7768, stack(0x0000005b1c200000,0x0000005b1c300000)]
  0x000001fe42d62800 JavaThread "Unconstrained build operations Thread 3" [_thread_blocked, id=13732, stack(0x0000005b1c300000,0x0000005b1c400000)]
  0x000001fe42d65000 JavaThread "Unconstrained build operations Thread 4" [_thread_blocked, id=10612, stack(0x0000005b1c400000,0x0000005b1c500000)]
  0x000001fe42d65800 JavaThread "Unconstrained build operations Thread 5" [_thread_blocked, id=1920, stack(0x0000005b1c500000,0x0000005b1c600000)]
  0x000001fe42d63000 JavaThread "Unconstrained build operations Thread 6" [_thread_blocked, id=2724, stack(0x0000005b1c600000,0x0000005b1c700000)]
  0x000001fe42d60800 JavaThread "Unconstrained build operations Thread 7" [_thread_blocked, id=1420, stack(0x0000005b1c700000,0x0000005b1c800000)]
  0x000001fe42d60000 JavaThread "Unconstrained build operations Thread 8" [_thread_blocked, id=15772, stack(0x0000005b1c800000,0x0000005b1c900000)]
  0x000001fe42d69000 JavaThread "Unconstrained build operations Thread 9" [_thread_blocked, id=15116, stack(0x0000005b1c900000,0x0000005b1ca00000)]
  0x000001fe42d66800 JavaThread "Unconstrained build operations Thread 10" [_thread_blocked, id=15828, stack(0x0000005b1ca00000,0x0000005b1cb00000)]
  0x000001fe42d68000 JavaThread "Unconstrained build operations Thread 11" [_thread_blocked, id=16416, stack(0x0000005b1cb00000,0x0000005b1cc00000)]
  0x000001fe42d6b800 JavaThread "Unconstrained build operations Thread 12" [_thread_blocked, id=14472, stack(0x0000005b1cc00000,0x0000005b1cd00000)]
  0x000001fe42d69800 JavaThread "Unconstrained build operations Thread 13" [_thread_blocked, id=13072, stack(0x0000005b1cd00000,0x0000005b1ce00000)]
  0x000001fe42d67000 JavaThread "Unconstrained build operations Thread 14" [_thread_blocked, id=3696, stack(0x0000005b1ce00000,0x0000005b1cf00000)]
  0x000001fe42d6a800 JavaThread "Unconstrained build operations Thread 15" [_thread_blocked, id=3512, stack(0x0000005b1cf00000,0x0000005b1d000000)]
  0x000001fe42d6c000 JavaThread "Unconstrained build operations Thread 16" [_thread_blocked, id=5316, stack(0x0000005b1d000000,0x0000005b1d100000)]
  0x000001fe42d6e800 JavaThread "Unconstrained build operations Thread 17" [_thread_blocked, id=2856, stack(0x0000005b1d100000,0x0000005b1d200000)]
  0x000001fe42d6d000 JavaThread "Unconstrained build operations Thread 18" [_thread_blocked, id=16392, stack(0x0000005b1d200000,0x0000005b1d300000)]
  0x000001fe42d6e000 JavaThread "Unconstrained build operations Thread 19" [_thread_blocked, id=9084, stack(0x0000005b1d300000,0x0000005b1d400000)]
  0x000001fe3fe3f800 JavaThread "Unconstrained build operations Thread 20" [_thread_blocked, id=11556, stack(0x0000005b1d400000,0x0000005b1d500000)]
  0x000001fe3fe44000 JavaThread "Unconstrained build operations Thread 21" [_thread_blocked, id=16000, stack(0x0000005b1d500000,0x0000005b1d600000)]
  0x000001fe3fe43800 JavaThread "Unconstrained build operations Thread 22" [_thread_blocked, id=8100, stack(0x0000005b1d600000,0x0000005b1d700000)]
  0x000001fe3fe41000 JavaThread "Unconstrained build operations Thread 23" [_thread_blocked, id=8560, stack(0x0000005b1d700000,0x0000005b1d800000)]
  0x000001fe3fe40000 JavaThread "Unconstrained build operations Thread 24" [_thread_blocked, id=15728, stack(0x0000005b1d800000,0x0000005b1d900000)]
  0x000001fe3fe3e800 JavaThread "Unconstrained build operations Thread 25" [_thread_blocked, id=11536, stack(0x0000005b1d900000,0x0000005b1da00000)]
  0x000001fe3fe46000 JavaThread "Unconstrained build operations Thread 26" [_thread_blocked, id=4356, stack(0x0000005b1da00000,0x0000005b1db00000)]
  0x000001fe3fe46800 JavaThread "Unconstrained build operations Thread 27" [_thread_blocked, id=7000, stack(0x0000005b1db00000,0x0000005b1dc00000)]
  0x000001fe3fe42800 JavaThread "Unconstrained build operations Thread 28" [_thread_blocked, id=3520, stack(0x0000005b1dc00000,0x0000005b1dd00000)]
  0x000001fe3fe45000 JavaThread "Unconstrained build operations Thread 29" [_thread_blocked, id=11036, stack(0x0000005b1dd00000,0x0000005b1de00000)]
  0x000001fe3fe47800 JavaThread "Unconstrained build operations Thread 30" [_thread_blocked, id=16964, stack(0x0000005b1de00000,0x0000005b1df00000)]
  0x000001fe3fe41800 JavaThread "Unconstrained build operations Thread 31" [_thread_blocked, id=16648, stack(0x0000005b1df00000,0x0000005b1e000000)]
  0x000001fe3fe48800 JavaThread "Unconstrained build operations Thread 32" [_thread_blocked, id=14212, stack(0x0000005b1e000000,0x0000005b1e100000)]
  0x000001fe3fe4d000 JavaThread "Unconstrained build operations Thread 33" [_thread_blocked, id=16128, stack(0x0000005b1e100000,0x0000005b1e200000)]
  0x000001fe3fe4b800 JavaThread "Unconstrained build operations Thread 34" [_thread_blocked, id=16684, stack(0x0000005b1e200000,0x0000005b1e300000)]
  0x000001fe3fe4a000 JavaThread "Unconstrained build operations Thread 35" [_thread_blocked, id=9188, stack(0x0000005b1e300000,0x0000005b1e400000)]
  0x000001fe3fe49000 JavaThread "Unconstrained build operations Thread 36" [_thread_blocked, id=15844, stack(0x0000005b1e400000,0x0000005b1e500000)]
  0x000001fe3fe4a800 JavaThread "Unconstrained build operations Thread 37" [_thread_blocked, id=6604, stack(0x0000005b1e500000,0x0000005b1e600000)]
  0x000001fe3fe4c800 JavaThread "Unconstrained build operations Thread 38" [_thread_blocked, id=11944, stack(0x0000005b1e600000,0x0000005b1e700000)]
  0x000001fe42a2a800 JavaThread "Unconstrained build operations Thread 39" [_thread_blocked, id=17088, stack(0x0000005b1e700000,0x0000005b1e800000)]
  0x000001fe42a2e000 JavaThread "Unconstrained build operations Thread 40" [_thread_blocked, id=6180, stack(0x0000005b1e800000,0x0000005b1e900000)]
  0x000001fe42a2c800 JavaThread "Unconstrained build operations Thread 41" [_thread_blocked, id=2972, stack(0x0000005b1e900000,0x0000005b1ea00000)]
  0x000001fe42a2b800 JavaThread "Unconstrained build operations Thread 42" [_thread_blocked, id=17204, stack(0x0000005b1ea00000,0x0000005b1eb00000)]
  0x000001fe42a2d000 JavaThread "Unconstrained build operations Thread 43" [_thread_blocked, id=11408, stack(0x0000005b1eb00000,0x0000005b1ec00000)]
  0x000001fe42a29000 JavaThread "Unconstrained build operations Thread 44" [_thread_blocked, id=11152, stack(0x0000005b1ec00000,0x0000005b1ed00000)]
  0x000001fe42a28000 JavaThread "Unconstrained build operations Thread 45" [_thread_blocked, id=3116, stack(0x0000005b1ed00000,0x0000005b1ee00000)]
  0x000001fe42a2a000 JavaThread "Unconstrained build operations Thread 46" [_thread_blocked, id=6832, stack(0x0000005b1ee00000,0x0000005b1ef00000)]
  0x000001fe42a34800 JavaThread "Unconstrained build operations Thread 47" [_thread_blocked, id=1584, stack(0x0000005b1ef00000,0x0000005b1f000000)]
  0x000001fe42a2e800 JavaThread "Unconstrained build operations Thread 48" [_thread_blocked, id=14744, stack(0x0000005b1f000000,0x0000005b1f100000)]
  0x000001fe42a33000 JavaThread "Unconstrained build operations Thread 49" [_thread_blocked, id=480, stack(0x0000005b1f100000,0x0000005b1f200000)]
  0x000001fe42a32000 JavaThread "Unconstrained build operations Thread 50" [_thread_blocked, id=5084, stack(0x0000005b1f200000,0x0000005b1f300000)]
  0x000001fe42a31000 JavaThread "Unconstrained build operations Thread 51" [_thread_blocked, id=12000, stack(0x0000005b1f300000,0x0000005b1f400000)]
  0x000001fe42a33800 JavaThread "Unconstrained build operations Thread 52" [_thread_blocked, id=4592, stack(0x0000005b1f400000,0x0000005b1f500000)]
  0x000001fe42a2f800 JavaThread "Unconstrained build operations Thread 53" [_thread_blocked, id=7868, stack(0x0000005b1f500000,0x0000005b1f600000)]
  0x000001fe42a35800 JavaThread "Unconstrained build operations Thread 54" [_thread_blocked, id=8896, stack(0x0000005b1f600000,0x0000005b1f700000)]
  0x000001fe42a36000 JavaThread "Unconstrained build operations Thread 55" [_thread_blocked, id=16556, stack(0x0000005b1f700000,0x0000005b1f800000)]
  0x000001fe42a30800 JavaThread "Unconstrained build operations Thread 56" [_thread_blocked, id=11572, stack(0x0000005b1f800000,0x0000005b1f900000)]
  0x000001fe42a37000 JavaThread "Unconstrained build operations Thread 57" [_thread_blocked, id=7608, stack(0x0000005b1f900000,0x0000005b1fa00000)]
  0x000001fe42a1b800 JavaThread "Unconstrained build operations Thread 58" [_thread_blocked, id=15168, stack(0x0000005b1fa00000,0x0000005b1fb00000)]
  0x000001fe42a1a800 JavaThread "Unconstrained build operations Thread 59" [_thread_blocked, id=1424, stack(0x0000005b1fb00000,0x0000005b1fc00000)]
  0x000001fe42a1c800 JavaThread "Unconstrained build operations Thread 60" [_thread_blocked, id=424, stack(0x0000005b1fc00000,0x0000005b1fd00000)]
  0x000001fe42a1d000 JavaThread "Unconstrained build operations Thread 61" [_thread_blocked, id=8012, stack(0x0000005b1fd00000,0x0000005b1fe00000)]
  0x000001fe42a1e000 JavaThread "Unconstrained build operations Thread 62" [_thread_blocked, id=17348, stack(0x0000005b1fe00000,0x0000005b1ff00000)]
  0x000001fe42a18000 JavaThread "Unconstrained build operations Thread 63" [_thread_blocked, id=17024, stack(0x0000005b1ff00000,0x0000005b20000000)]
  0x000001fe42a1e800 JavaThread "Unconstrained build operations Thread 64" [_thread_blocked, id=4624, stack(0x0000005b20000000,0x0000005b20100000)]
  0x000001fe42a19000 JavaThread "Unconstrained build operations Thread 65" [_thread_blocked, id=10848, stack(0x0000005b20100000,0x0000005b20200000)]
  0x000001fe42a1f800 JavaThread "Unconstrained build operations Thread 66" [_thread_blocked, id=7752, stack(0x0000005b20200000,0x0000005b20300000)]
  0x000001fe42a1a000 JavaThread "Unconstrained build operations Thread 67" [_thread_blocked, id=14776, stack(0x0000005b20300000,0x0000005b20400000)]
  0x000001fe42a22000 JavaThread "Unconstrained build operations Thread 68" [_thread_blocked, id=5184, stack(0x0000005b20400000,0x0000005b20500000)]
  0x000001fe42a20800 JavaThread "Unconstrained build operations Thread 69" [_thread_blocked, id=15052, stack(0x0000005b20500000,0x0000005b20600000)]
  0x000001fe42a26000 JavaThread "Unconstrained build operations Thread 70" [_thread_blocked, id=9956, stack(0x0000005b20600000,0x0000005b20700000)]
  0x000001fe42a27000 JavaThread "Unconstrained build operations Thread 71" [_thread_blocked, id=2212, stack(0x0000005b20700000,0x0000005b20800000)]
  0x000001fe42a21000 JavaThread "Unconstrained build operations Thread 72" [_thread_blocked, id=4528, stack(0x0000005b20800000,0x0000005b20900000)]
  0x000001fe42a23000 JavaThread "Unconstrained build operations Thread 73" [_thread_blocked, id=1772, stack(0x0000005b20900000,0x0000005b20a00000)]
  0x000001fe42a25800 JavaThread "Unconstrained build operations Thread 74" [_thread_blocked, id=5432, stack(0x0000005b20a00000,0x0000005b20b00000)]
  0x000001fe42a24800 JavaThread "Unconstrained build operations Thread 75" [_thread_blocked, id=3052, stack(0x0000005b20b00000,0x0000005b20c00000)]
  0x000001fe42a23800 JavaThread "Unconstrained build operations Thread 76" [_thread_blocked, id=16732, stack(0x0000005b20c00000,0x0000005b20d00000)]
  0x000001fe41bc7000 JavaThread "Unconstrained build operations Thread 77" [_thread_blocked, id=15160, stack(0x0000005b20d00000,0x0000005b20e00000)]
  0x000001fe41bc3000 JavaThread "Unconstrained build operations Thread 78" [_thread_blocked, id=14528, stack(0x0000005b20e00000,0x0000005b20f00000)]
  0x000001fe41bc9000 JavaThread "Unconstrained build operations Thread 79" [_thread_blocked, id=13420, stack(0x0000005b20f00000,0x0000005b21000000)]
  0x000001fe41bc4000 JavaThread "Unconstrained build operations Thread 80" [_thread_blocked, id=11180, stack(0x0000005b21000000,0x0000005b21100000)]

Other Threads:
  0x000001fe3b762000 VMThread "VM Thread" [stack: 0x0000005b18d00000,0x0000005b18e00000] [id=6360]
  0x000001fe3c260000 WatcherThread [stack: 0x0000005b19700000,0x0000005b19800000] [id=13172]
  0x000001fe21306800 GCTaskThread "GC Thread#0" [stack: 0x0000005b18800000,0x0000005b18900000] [id=16452]
  0x000001fe3cbac000 GCTaskThread "GC Thread#1" [stack: 0x0000005b19900000,0x0000005b19a00000] [id=4632]
  0x000001fe3cb42000 GCTaskThread "GC Thread#2" [stack: 0x0000005b19a00000,0x0000005b19b00000] [id=11648]
  0x000001fe3f447000 GCTaskThread "GC Thread#3" [stack: 0x0000005b1a500000,0x0000005b1a600000] [id=3564]
  0x000001fe3dfa8000 GCTaskThread "GC Thread#4" [stack: 0x0000005b1a600000,0x0000005b1a700000] [id=6032]
  0x000001fe3e7c5000 GCTaskThread "GC Thread#5" [stack: 0x0000005b1a700000,0x0000005b1a800000] [id=14936]
  0x000001fe3ed06000 GCTaskThread "GC Thread#6" [stack: 0x0000005b1a800000,0x0000005b1a900000] [id=6688]
  0x000001fe3da30800 GCTaskThread "GC Thread#7" [stack: 0x0000005b1a900000,0x0000005b1aa00000] [id=7424]
  0x000001fe21338800 ConcurrentGCThread "G1 Main Marker" [stack: 0x0000005b18900000,0x0000005b18a00000] [id=8732]
  0x000001fe21339800 ConcurrentGCThread "G1 Conc#0" [stack: 0x0000005b18a00000,0x0000005b18b00000] [id=15796]
  0x000001fe3d513800 ConcurrentGCThread "G1 Conc#1" [stack: 0x0000005b1ac00000,0x0000005b1ad00000] [id=9168]
  0x000001fe3b5b0800 ConcurrentGCThread "G1 Refine#0" [stack: 0x0000005b18b00000,0x0000005b18c00000] [id=10236]
  0x000001fe3b5b1800 ConcurrentGCThread "G1 Young RemSet Sampling" [stack: 0x0000005b18c00000,0x0000005b18d00000] [id=16072]

Threads with active compile tasks:
C2 CompilerThread0   5033 5642       4       java.util.zip.ZipFile$Source::initCEN (658 bytes)
C2 CompilerThread1   5033 5624       4       java.net.URLClassLoader$1::run (5 bytes)
C2 CompilerThread2   5033 5640       4       java.util.concurrent.locks.AbstractQueuedSynchronizer::acquire (27 bytes)

VM state:not at safepoint (normal execution)

VM Mutex/Monitor currently owned by a thread: None

Heap address: 0x0000000080000000, size: 2048 MB, Compressed Oops mode: 32-bit
Narrow klass base: 0x0000000000000000, Narrow klass shift: 3
Compressed class space size: 1073741824 Address: 0x0000000100000000

Heap:
 garbage-first heap   total 155648K, used 66941K [0x0000000080000000, 0x0000000100000000)
  region size 1024K, 10 young (10240K), 8 survivors (8192K)
 Metaspace       used 50646K, capacity 52250K, committed 52424K, reserved 1095680K
  class space    used 6503K, capacity 7024K, committed 7040K, reserved 1048576K
Heap Regions: E=young(eden), S=young(survivor), O=old, HS=humongous(starts), HC=humongous(continues), CS=collection set, F=free, A=archive, TAMS=top-at-mark-start (previous, next)
|   0|0x0000000080000000, 0x0000000080100000, 0x0000000080100000|100%| O|  |TAMS 0x0000000080100000, 0x0000000080000000| Untracked 
|   1|0x0000000080100000, 0x0000000080200000, 0x0000000080200000|100%| O|  |TAMS 0x0000000080200000, 0x0000000080100000| Untracked 
|   2|0x0000000080200000, 0x0000000080300000, 0x0000000080300000|100%| O|  |TAMS 0x0000000080300000, 0x0000000080200000| Untracked 
|   3|0x0000000080300000, 0x0000000080400000, 0x0000000080400000|100%|HS|  |TAMS 0x0000000080400000, 0x0000000080300000| Complete 
|   4|0x0000000080400000, 0x0000000080500000, 0x0000000080500000|100%|HC|  |TAMS 0x0000000080500000, 0x0000000080400000| Complete 
|   5|0x0000000080500000, 0x0000000080600000, 0x0000000080600000|100%|HC|  |TAMS 0x0000000080600000, 0x0000000080500000| Complete 
|   6|0x0000000080600000, 0x0000000080700000, 0x0000000080700000|100%| O|  |TAMS 0x0000000080700000, 0x0000000080600000| Untracked 
|   7|0x0000000080700000, 0x0000000080800000, 0x0000000080800000|100%| O|  |TAMS 0x0000000080800000, 0x0000000080700000| Untracked 
|   8|0x0000000080800000, 0x0000000080900000, 0x0000000080900000|100%| O|  |TAMS 0x0000000080900000, 0x0000000080800000| Untracked 
|   9|0x0000000080900000, 0x0000000080a00000, 0x0000000080a00000|100%| O|  |TAMS 0x0000000080a00000, 0x0000000080900000| Untracked 
|  10|0x0000000080a00000, 0x0000000080b00000, 0x0000000080b00000|100%| O|  |TAMS 0x0000000080b00000, 0x0000000080a00000| Untracked 
|  11|0x0000000080b00000, 0x0000000080c00000, 0x0000000080c00000|100%| O|  |TAMS 0x0000000080c00000, 0x0000000080b00000| Untracked 
|  12|0x0000000080c00000, 0x0000000080d00000, 0x0000000080d00000|100%| O|  |TAMS 0x0000000080d00000, 0x0000000080c00000| Untracked 
|  13|0x0000000080d00000, 0x0000000080e00000, 0x0000000080e00000|100%| O|  |TAMS 0x0000000080e00000, 0x0000000080d00000| Untracked 
|  14|0x0000000080e00000, 0x0000000080f00000, 0x0000000080f00000|100%| O|  |TAMS 0x0000000080f00000, 0x0000000080e00000| Untracked 
|  15|0x0000000080f00000, 0x0000000081000000, 0x0000000081000000|100%| O|  |TAMS 0x0000000081000000, 0x0000000080f00000| Untracked 
|  16|0x0000000081000000, 0x0000000081100000, 0x0000000081100000|100%| O|  |TAMS 0x0000000081100000, 0x0000000081000000| Untracked 
|  17|0x0000000081100000, 0x0000000081200000, 0x0000000081200000|100%|HS|  |TAMS 0x0000000081200000, 0x0000000081100000| Complete 
|  18|0x0000000081200000, 0x0000000081300000, 0x0000000081300000|100%|HC|  |TAMS 0x0000000081300000, 0x0000000081200000| Complete 
|  19|0x0000000081300000, 0x0000000081400000, 0x0000000081400000|100%|HS|  |TAMS 0x0000000081400000, 0x0000000081300000| Complete 
|  20|0x0000000081400000, 0x0000000081500000, 0x0000000081500000|100%|HC|  |TAMS 0x0000000081500000, 0x0000000081400000| Complete 
|  21|0x0000000081500000, 0x0000000081600000, 0x0000000081600000|100%|HC|  |TAMS 0x0000000081600000, 0x0000000081500000| Complete 
|  22|0x0000000081600000, 0x0000000081700000, 0x0000000081700000|100%|HS|  |TAMS 0x0000000081700000, 0x0000000081600000| Complete 
|  23|0x0000000081700000, 0x0000000081800000, 0x0000000081800000|100%|HC|  |TAMS 0x0000000081800000, 0x0000000081700000| Complete 
|  24|0x0000000081800000, 0x0000000081900000, 0x0000000081900000|100%|HC|  |TAMS 0x0000000081900000, 0x0000000081800000| Complete 
|  25|0x0000000081900000, 0x0000000081a00000, 0x0000000081a00000|100%|HC|  |TAMS 0x0000000081a00000, 0x0000000081900000| Complete 
|  26|0x0000000081a00000, 0x0000000081b00000, 0x0000000081b00000|100%| O|  |TAMS 0x0000000081b00000, 0x0000000081a00000| Untracked 
|  27|0x0000000081b00000, 0x0000000081c00000, 0x0000000081c00000|100%| O|  |TAMS 0x0000000081c00000, 0x0000000081b00000| Untracked 
|  28|0x0000000081c00000, 0x0000000081d00000, 0x0000000081d00000|100%| O|  |TAMS 0x0000000081d00000, 0x0000000081c00000| Untracked 
|  29|0x0000000081d00000, 0x0000000081e00000, 0x0000000081e00000|100%| O|  |TAMS 0x0000000081e00000, 0x0000000081d00000| Untracked 
|  30|0x0000000081e00000, 0x0000000081f00000, 0x0000000081f00000|100%| O|  |TAMS 0x0000000081f00000, 0x0000000081e00000| Untracked 
|  31|0x0000000081f00000, 0x0000000082000000, 0x0000000082000000|100%| O|  |TAMS 0x0000000082000000, 0x0000000081f00000| Untracked 
|  32|0x0000000082000000, 0x0000000082100000, 0x0000000082100000|100%| O|  |TAMS 0x0000000082100000, 0x0000000082000000| Untracked 
|  33|0x0000000082100000, 0x0000000082200000, 0x0000000082200000|100%| O|  |TAMS 0x0000000082109e00, 0x0000000082100000| Untracked 
|  34|0x0000000082200000, 0x0000000082300000, 0x0000000082300000|100%|HS|  |TAMS 0x0000000082200000, 0x0000000082200000| Complete 
|  35|0x0000000082300000, 0x0000000082400000, 0x0000000082400000|100%|HC|  |TAMS 0x0000000082300000, 0x0000000082300000| Complete 
|  36|0x0000000082400000, 0x0000000082500000, 0x0000000082500000|100%|HC|  |TAMS 0x0000000082400000, 0x0000000082400000| Complete 
|  37|0x0000000082500000, 0x0000000082600000, 0x0000000082600000|100%| O|  |TAMS 0x0000000082500000, 0x0000000082500000| Untracked 
|  38|0x0000000082600000, 0x0000000082700000, 0x0000000082700000|100%| O|  |TAMS 0x0000000082600000, 0x0000000082600000| Untracked 
|  39|0x0000000082700000, 0x0000000082800000, 0x0000000082800000|100%| O|  |TAMS 0x0000000082700000, 0x0000000082700000| Untracked 
|  40|0x0000000082800000, 0x0000000082900000, 0x0000000082900000|100%| O|  |TAMS 0x0000000082800000, 0x0000000082800000| Untracked 
|  41|0x0000000082900000, 0x0000000082a00000, 0x0000000082a00000|100%| O|  |TAMS 0x0000000082900000, 0x0000000082900000| Untracked 
|  42|0x0000000082a00000, 0x0000000082b00000, 0x0000000082b00000|100%| O|  |TAMS 0x0000000082a00000, 0x0000000082a00000| Untracked 
|  43|0x0000000082b00000, 0x0000000082c00000, 0x0000000082c00000|100%|HS|  |TAMS 0x0000000082b00000, 0x0000000082b00000| Complete 
|  44|0x0000000082c00000, 0x0000000082d00000, 0x0000000082d00000|100%|HC|  |TAMS 0x0000000082c00000, 0x0000000082c00000| Complete 
|  45|0x0000000082d00000, 0x0000000082e00000, 0x0000000082e00000|100%|HC|  |TAMS 0x0000000082d00000, 0x0000000082d00000| Complete 
|  46|0x0000000082e00000, 0x0000000082f00000, 0x0000000082f00000|100%|HC|  |TAMS 0x0000000082e00000, 0x0000000082e00000| Complete 
|  47|0x0000000082f00000, 0x0000000083000000, 0x0000000083000000|100%| O|  |TAMS 0x0000000082f00000, 0x0000000082f00000| Untracked 
|  48|0x0000000083000000, 0x0000000083100000, 0x0000000083100000|100%| O|  |TAMS 0x0000000083000000, 0x0000000083000000| Untracked 
|  49|0x0000000083100000, 0x0000000083200000, 0x0000000083200000|100%| O|  |TAMS 0x0000000083100000, 0x0000000083100000| Untracked 
|  50|0x0000000083200000, 0x0000000083300000, 0x0000000083300000|100%| O|  |TAMS 0x0000000083200000, 0x0000000083200000| Untracked 
|  51|0x0000000083300000, 0x0000000083400000, 0x0000000083400000|100%|HS|  |TAMS 0x0000000083300000, 0x0000000083300000| Complete 
|  52|0x0000000083400000, 0x0000000083500000, 0x0000000083500000|100%|HS|  |TAMS 0x0000000083400000, 0x0000000083400000| Complete 
|  53|0x0000000083500000, 0x0000000083600000, 0x0000000083600000|100%|HS|  |TAMS 0x0000000083500000, 0x0000000083500000| Complete 
|  54|0x0000000083600000, 0x0000000083700000, 0x0000000083700000|100%| O|  |TAMS 0x0000000083600000, 0x0000000083600000| Untracked 
|  55|0x0000000083700000, 0x000000008375f600, 0x0000000083800000| 37%| O|  |TAMS 0x0000000083700000, 0x0000000083700000| Untracked 
|  56|0x0000000083800000, 0x0000000083900000, 0x0000000083900000|100%|HS|  |TAMS 0x0000000083800000, 0x0000000083800000| Complete 
|  57|0x0000000083900000, 0x0000000083a00000, 0x0000000083a00000|100%|HC|  |TAMS 0x0000000083900000, 0x0000000083900000| Complete 
|  58|0x0000000083a00000, 0x0000000083a00000, 0x0000000083b00000|  0%| F|  |TAMS 0x0000000083a00000, 0x0000000083a00000| Untracked 
|  59|0x0000000083b00000, 0x0000000083b00000, 0x0000000083c00000|  0%| F|  |TAMS 0x0000000083b00000, 0x0000000083b00000| Untracked 
|  60|0x0000000083c00000, 0x0000000083c00000, 0x0000000083d00000|  0%| F|  |TAMS 0x0000000083c00000, 0x0000000083c00000| Untracked 
|  61|0x0000000083d00000, 0x0000000083d00000, 0x0000000083e00000|  0%| F|  |TAMS 0x0000000083d00000, 0x0000000083d00000| Untracked 
|  62|0x0000000083e00000, 0x0000000083e00000, 0x0000000083f00000|  0%| F|  |TAMS 0x0000000083e00000, 0x0000000083e00000| Untracked 
|  63|0x0000000083f00000, 0x0000000083f00000, 0x0000000084000000|  0%| F|  |TAMS 0x0000000083f00000, 0x0000000083f00000| Untracked 
|  64|0x0000000084000000, 0x0000000084000000, 0x0000000084100000|  0%| F|  |TAMS 0x0000000084000000, 0x0000000084000000| Untracked 
|  65|0x0000000084100000, 0x0000000084100000, 0x0000000084200000|  0%| F|  |TAMS 0x0000000084100000, 0x0000000084100000| Untracked 
|  66|0x0000000084200000, 0x0000000084200000, 0x0000000084300000|  0%| F|  |TAMS 0x0000000084200000, 0x0000000084200000| Untracked 
|  67|0x0000000084300000, 0x0000000084300000, 0x0000000084400000|  0%| F|  |TAMS 0x0000000084300000, 0x0000000084300000| Untracked 
|  68|0x0000000084400000, 0x0000000084400000, 0x0000000084500000|  0%| F|  |TAMS 0x0000000084400000, 0x0000000084400000| Untracked 
|  69|0x0000000084500000, 0x0000000084500000, 0x0000000084600000|  0%| F|  |TAMS 0x0000000084500000, 0x0000000084500000| Untracked 
|  70|0x0000000084600000, 0x0000000084600000, 0x0000000084700000|  0%| F|  |TAMS 0x0000000084600000, 0x0000000084600000| Untracked 
|  71|0x0000000084700000, 0x0000000084700000, 0x0000000084800000|  0%| F|  |TAMS 0x0000000084700000, 0x0000000084700000| Untracked 
|  72|0x0000000084800000, 0x0000000084800000, 0x0000000084900000|  0%| F|  |TAMS 0x0000000084800000, 0x0000000084800000| Untracked 
|  73|0x0000000084900000, 0x0000000084900000, 0x0000000084a00000|  0%| F|  |TAMS 0x0000000084900000, 0x0000000084900000| Untracked 
|  74|0x0000000084a00000, 0x0000000084a00000, 0x0000000084b00000|  0%| F|  |TAMS 0x0000000084a00000, 0x0000000084a00000| Untracked 
|  75|0x0000000084b00000, 0x0000000084b00000, 0x0000000084c00000|  0%| F|  |TAMS 0x0000000084b00000, 0x0000000084b00000| Untracked 
|  76|0x0000000084c00000, 0x0000000084c00000, 0x0000000084d00000|  0%| F|  |TAMS 0x0000000084c00000, 0x0000000084c00000| Untracked 
|  77|0x0000000084d00000, 0x0000000084d00000, 0x0000000084e00000|  0%| F|  |TAMS 0x0000000084d00000, 0x0000000084d00000| Untracked 
|  78|0x0000000084e00000, 0x0000000084e00000, 0x0000000084f00000|  0%| F|  |TAMS 0x0000000084e00000, 0x0000000084e00000| Untracked 
|  79|0x0000000084f00000, 0x0000000084f00000, 0x0000000085000000|  0%| F|  |TAMS 0x0000000084f00000, 0x0000000084f00000| Untracked 
|  80|0x0000000085000000, 0x0000000085000000, 0x0000000085100000|  0%| F|  |TAMS 0x0000000085000000, 0x0000000085000000| Untracked 
|  81|0x0000000085100000, 0x0000000085100000, 0x0000000085200000|  0%| F|  |TAMS 0x0000000085100000, 0x0000000085100000| Untracked 
|  82|0x0000000085200000, 0x0000000085200000, 0x0000000085300000|  0%| F|  |TAMS 0x0000000085200000, 0x0000000085200000| Untracked 
|  83|0x0000000085300000, 0x0000000085300000, 0x0000000085400000|  0%| F|  |TAMS 0x0000000085300000, 0x0000000085300000| Untracked 
|  84|0x0000000085400000, 0x0000000085400000, 0x0000000085500000|  0%| F|  |TAMS 0x0000000085400000, 0x0000000085400000| Untracked 
|  85|0x0000000085500000, 0x0000000085600000, 0x0000000085600000|100%| S|CS|TAMS 0x0000000085500000, 0x0000000085500000| Complete 
|  86|0x0000000085600000, 0x0000000085700000, 0x0000000085700000|100%| S|CS|TAMS 0x0000000085600000, 0x0000000085600000| Complete 
|  87|0x0000000085700000, 0x0000000085800000, 0x0000000085800000|100%| S|CS|TAMS 0x0000000085700000, 0x0000000085700000| Complete 
|  88|0x0000000085800000, 0x0000000085900000, 0x0000000085900000|100%| S|CS|TAMS 0x0000000085800000, 0x0000000085800000| Complete 
|  89|0x0000000085900000, 0x0000000085a00000, 0x0000000085a00000|100%| S|CS|TAMS 0x0000000085900000, 0x0000000085900000| Complete 
|  90|0x0000000085a00000, 0x0000000085a00000, 0x0000000085b00000|  0%| F|  |TAMS 0x0000000085a00000, 0x0000000085a00000| Untracked 
|  91|0x0000000085b00000, 0x0000000085b00000, 0x0000000085c00000|  0%| F|  |TAMS 0x0000000085b00000, 0x0000000085b00000| Untracked 
|  92|0x0000000085c00000, 0x0000000085c00000, 0x0000000085d00000|  0%| F|  |TAMS 0x0000000085c00000, 0x0000000085c00000| Untracked 
|  93|0x0000000085d00000, 0x0000000085d00000, 0x0000000085e00000|  0%| F|  |TAMS 0x0000000085d00000, 0x0000000085d00000| Untracked 
|  94|0x0000000085e00000, 0x0000000085f00000, 0x0000000085f00000|100%| S|CS|TAMS 0x0000000085e00000, 0x0000000085e00000| Complete 
|  95|0x0000000085f00000, 0x0000000086000000, 0x0000000086000000|100%| S|CS|TAMS 0x0000000085f00000, 0x0000000085f00000| Complete 
|  96|0x0000000086000000, 0x0000000086100000, 0x0000000086100000|100%| S|CS|TAMS 0x0000000086000000, 0x0000000086000000| Complete 
|  97|0x0000000086100000, 0x0000000086100000, 0x0000000086200000|  0%| F|  |TAMS 0x0000000086100000, 0x0000000086100000| Untracked 
|  98|0x0000000086200000, 0x0000000086200000, 0x0000000086300000|  0%| F|  |TAMS 0x0000000086200000, 0x0000000086200000| Untracked 
|  99|0x0000000086300000, 0x0000000086300000, 0x0000000086400000|  0%| F|  |TAMS 0x0000000086300000, 0x0000000086300000| Untracked 
| 100|0x0000000086400000, 0x0000000086400000, 0x0000000086500000|  0%| F|  |TAMS 0x0000000086400000, 0x0000000086400000| Untracked 
| 101|0x0000000086500000, 0x0000000086500000, 0x0000000086600000|  0%| F|  |TAMS 0x0000000086500000, 0x0000000086500000| Untracked 
| 102|0x0000000086600000, 0x0000000086600000, 0x0000000086700000|  0%| F|  |TAMS 0x0000000086600000, 0x0000000086600000| Untracked 
| 103|0x0000000086700000, 0x0000000086700000, 0x0000000086800000|  0%| F|  |TAMS 0x0000000086700000, 0x0000000086700000| Untracked 
| 104|0x0000000086800000, 0x0000000086800000, 0x0000000086900000|  0%| F|  |TAMS 0x0000000086800000, 0x0000000086800000| Untracked 
| 105|0x0000000086900000, 0x0000000086900000, 0x0000000086a00000|  0%| F|  |TAMS 0x0000000086900000, 0x0000000086900000| Untracked 
| 106|0x0000000086a00000, 0x0000000086a00000, 0x0000000086b00000|  0%| F|  |TAMS 0x0000000086a00000, 0x0000000086a00000| Untracked 
| 107|0x0000000086b00000, 0x0000000086b00000, 0x0000000086c00000|  0%| F|  |TAMS 0x0000000086b00000, 0x0000000086b00000| Untracked 
| 108|0x0000000086c00000, 0x0000000086c00000, 0x0000000086d00000|  0%| F|  |TAMS 0x0000000086c00000, 0x0000000086c00000| Untracked 
| 109|0x0000000086d00000, 0x0000000086d00000, 0x0000000086e00000|  0%| F|  |TAMS 0x0000000086d00000, 0x0000000086d00000| Untracked 
| 110|0x0000000086e00000, 0x0000000086e00000, 0x0000000086f00000|  0%| F|  |TAMS 0x0000000086e00000, 0x0000000086e00000| Untracked 
| 111|0x0000000086f00000, 0x0000000086f00000, 0x0000000087000000|  0%| F|  |TAMS 0x0000000086f00000, 0x0000000086f00000| Untracked 
| 112|0x0000000087000000, 0x0000000087000000, 0x0000000087100000|  0%| F|  |TAMS 0x0000000087000000, 0x0000000087000000| Untracked 
| 113|0x0000000087100000, 0x0000000087100000, 0x0000000087200000|  0%| F|  |TAMS 0x0000000087100000, 0x0000000087100000| Untracked 
| 114|0x0000000087200000, 0x0000000087200000, 0x0000000087300000|  0%| F|  |TAMS 0x0000000087200000, 0x0000000087200000| Untracked 
| 115|0x0000000087300000, 0x0000000087300000, 0x0000000087400000|  0%| F|  |TAMS 0x0000000087300000, 0x0000000087300000| Untracked 
| 116|0x0000000087400000, 0x0000000087400000, 0x0000000087500000|  0%| F|  |TAMS 0x0000000087400000, 0x0000000087400000| Untracked 
| 117|0x0000000087500000, 0x0000000087500000, 0x0000000087600000|  0%| F|  |TAMS 0x0000000087500000, 0x0000000087500000| Untracked 
| 118|0x0000000087600000, 0x0000000087600000, 0x0000000087700000|  0%| F|  |TAMS 0x0000000087600000, 0x0000000087600000| Untracked 
| 119|0x0000000087700000, 0x0000000087700000, 0x0000000087800000|  0%| F|  |TAMS 0x0000000087700000, 0x0000000087700000| Untracked 
| 120|0x0000000087800000, 0x0000000087800000, 0x0000000087900000|  0%| F|  |TAMS 0x0000000087800000, 0x0000000087800000| Untracked 
| 121|0x0000000087900000, 0x0000000087900000, 0x0000000087a00000|  0%| F|  |TAMS 0x0000000087900000, 0x0000000087900000| Untracked 
| 122|0x0000000087a00000, 0x0000000087a00000, 0x0000000087b00000|  0%| F|  |TAMS 0x0000000087a00000, 0x0000000087a00000| Untracked 
| 123|0x0000000087b00000, 0x0000000087b00000, 0x0000000087c00000|  0%| F|  |TAMS 0x0000000087b00000, 0x0000000087b00000| Untracked 
| 124|0x0000000087c00000, 0x0000000087c00000, 0x0000000087d00000|  0%| F|  |TAMS 0x0000000087c00000, 0x0000000087c00000| Untracked 
| 125|0x0000000087d00000, 0x0000000087d00000, 0x0000000087e00000|  0%| F|  |TAMS 0x0000000087d00000, 0x0000000087d00000| Untracked 
| 126|0x0000000087e00000, 0x0000000087e00000, 0x0000000087f00000|  0%| F|  |TAMS 0x0000000087e00000, 0x0000000087e00000| Untracked 
| 127|0x0000000087f00000, 0x0000000087f00000, 0x0000000088000000|  0%| F|  |TAMS 0x0000000087f00000, 0x0000000087f00000| Untracked 
| 128|0x0000000088000000, 0x0000000088000000, 0x0000000088100000|  0%| F|  |TAMS 0x0000000088000000, 0x0000000088000000| Untracked 
| 129|0x0000000088100000, 0x0000000088100000, 0x0000000088200000|  0%| F|  |TAMS 0x0000000088100000, 0x0000000088100000| Untracked 
| 130|0x0000000088200000, 0x0000000088200000, 0x0000000088300000|  0%| F|  |TAMS 0x0000000088200000, 0x0000000088200000| Untracked 
| 131|0x0000000088300000, 0x0000000088300000, 0x0000000088400000|  0%| F|  |TAMS 0x0000000088300000, 0x0000000088300000| Untracked 
| 132|0x0000000088400000, 0x0000000088400000, 0x0000000088500000|  0%| F|  |TAMS 0x0000000088400000, 0x0000000088400000| Untracked 
| 133|0x0000000088500000, 0x0000000088500000, 0x0000000088600000|  0%| F|  |TAMS 0x0000000088500000, 0x0000000088500000| Untracked 
| 134|0x0000000088600000, 0x0000000088600000, 0x0000000088700000|  0%| F|  |TAMS 0x0000000088600000, 0x0000000088600000| Untracked 
| 135|0x0000000088700000, 0x0000000088700000, 0x0000000088800000|  0%| F|  |TAMS 0x0000000088700000, 0x0000000088700000| Untracked 
| 136|0x0000000088800000, 0x0000000088800000, 0x0000000088900000|  0%| F|  |TAMS 0x0000000088800000, 0x0000000088800000| Untracked 
| 137|0x0000000088900000, 0x0000000088900000, 0x0000000088a00000|  0%| F|  |TAMS 0x0000000088900000, 0x0000000088900000| Untracked 
| 138|0x0000000088a00000, 0x0000000088a00000, 0x0000000088b00000|  0%| F|  |TAMS 0x0000000088a00000, 0x0000000088a00000| Untracked 
| 139|0x0000000088b00000, 0x0000000088b00000, 0x0000000088c00000|  0%| F|  |TAMS 0x0000000088b00000, 0x0000000088b00000| Untracked 
| 140|0x0000000088c00000, 0x0000000088c00000, 0x0000000088d00000|  0%| F|  |TAMS 0x0000000088c00000, 0x0000000088c00000| Untracked 
| 141|0x0000000088d00000, 0x0000000088d00000, 0x0000000088e00000|  0%| F|  |TAMS 0x0000000088d00000, 0x0000000088d00000| Untracked 
| 142|0x0000000088e00000, 0x0000000088e00000, 0x0000000088f00000|  0%| F|  |TAMS 0x0000000088e00000, 0x0000000088e00000| Untracked 
| 143|0x0000000088f00000, 0x0000000088f00000, 0x0000000089000000|  0%| F|  |TAMS 0x0000000088f00000, 0x0000000088f00000| Untracked 
| 144|0x0000000089000000, 0x0000000089000000, 0x0000000089100000|  0%| F|  |TAMS 0x0000000089000000, 0x0000000089000000| Untracked 
| 145|0x0000000089100000, 0x0000000089100000, 0x0000000089200000|  0%| F|  |TAMS 0x0000000089100000, 0x0000000089100000| Untracked 
| 146|0x0000000089200000, 0x0000000089200000, 0x0000000089300000|  0%| F|  |TAMS 0x0000000089200000, 0x0000000089200000| Untracked 
| 147|0x0000000089300000, 0x0000000089300000, 0x0000000089400000|  0%| F|  |TAMS 0x0000000089300000, 0x0000000089300000| Untracked 
| 148|0x0000000089400000, 0x0000000089400000, 0x0000000089500000|  0%| F|  |TAMS 0x0000000089400000, 0x0000000089400000| Untracked 
| 149|0x0000000089500000, 0x0000000089500000, 0x0000000089600000|  0%| F|  |TAMS 0x0000000089500000, 0x0000000089500000| Untracked 
| 150|0x0000000089600000, 0x0000000089700000, 0x0000000089700000|100%| E|  |TAMS 0x0000000089600000, 0x0000000089600000| Complete 
| 151|0x0000000089700000, 0x0000000089800000, 0x0000000089800000|100%| E|  |TAMS 0x0000000089700000, 0x0000000089700000| Complete 

Card table byte_map: [0x000001fe34520000,0x000001fe34920000] _byte_map_base: 0x000001fe34120000

Marking Bits (Prev, Next): (CMBitMap*) 0x000001fe2132fa80, (CMBitMap*) 0x000001fe2132fa48
 Prev Bits: [0x000001fe36d20000, 0x000001fe38d20000)
 Next Bits: [0x000001fe34d20000, 0x000001fe36d20000)

Polling page: 0x000001fe1f230000

Metaspace:

Usage:
  Non-class:     44.17 MB capacity,    43.11 MB ( 98%) used,   942.95 KB (  2%) free+waste,   139.94 KB ( <1%) overhead. 
      Class:      6.86 MB capacity,     6.35 MB ( 93%) used,   453.30 KB (  6%) free+waste,    67.44 KB ( <1%) overhead. 
       Both:     51.03 MB capacity,    49.46 MB ( 97%) used,     1.36 MB (  3%) free+waste,   207.38 KB ( <1%) overhead. 

Virtual space:
  Non-class space:       46.00 MB reserved,      44.32 MB ( 96%) committed 
      Class space:        1.00 GB reserved,       6.88 MB ( <1%) committed 
             Both:        1.04 GB reserved,      51.20 MB (  5%) committed 

Chunk freelists:
   Non-Class:  30.00 KB
       Class:  16.00 KB
        Both:  46.00 KB

MaxMetaspaceSize: 17179869184.00 GB
CompressedClassSpaceSize: 1.00 GB

CodeHeap 'non-profiled nmethods': size=120000Kb used=3197Kb max_used=3197Kb free=116802Kb
 bounds [0x000001fe2c8c0000, 0x000001fe2cbe0000, 0x000001fe33df0000]
CodeHeap 'profiled nmethods': size=120000Kb used=11385Kb max_used=11385Kb free=108614Kb
 bounds [0x000001fe25390000, 0x000001fe25eb0000, 0x000001fe2c8c0000]
CodeHeap 'non-nmethods': size=5760Kb used=2224Kb max_used=2268Kb free=3535Kb
 bounds [0x000001fe24df0000, 0x000001fe25060000, 0x000001fe25390000]
 total_blobs=6406 nmethods=5610 adapters=707
 compilation: enabled
              stopped_count=0, restarted_count=0
 full_count=0

Compilation events (20 events):
Event: 4.980 Thread 0x000001fe3b785000 nmethod 5631 0x000001fe25ea3e10 code [0x000001fe25ea4140, 0x000001fe25ea51e8]
Event: 4.981 Thread 0x000001fe3b783800 5632       4       sun.nio.fs.WindowsPathParser::normalize (233 bytes)
Event: 4.982 Thread 0x000001fe3b785000 5634   !   3       jdk.internal.loader.URLClassPath$JarLoader$1::run (175 bytes)
Event: 4.983 Thread 0x000001fe3b785000 nmethod 5634 0x000001fe25ea5a10 code [0x000001fe25ea5d00, 0x000001fe25ea6df8]
Event: 4.983 Thread 0x000001fe3b785000 5633       3       jdk.internal.loader.URLClassPath$JarLoader$1::run (5 bytes)
Event: 4.983 Thread 0x000001fe3b785000 nmethod 5633 0x000001fe25ea7510 code [0x000001fe25ea76c0, 0x000001fe25ea7808]
Event: 4.983 Thread 0x000001fe3b785000 5639   !   3       java.util.jar.JarFile::checkForSpecialAttributes (163 bytes)
Event: 4.984 Thread 0x000001fe3b785000 nmethod 5639 0x000001fe25ea7890 code [0x000001fe25ea7bc0, 0x000001fe25ea8e58]
Event: 4.984 Thread 0x000001fe3b785000 5635       3       jdk.internal.loader.URLClassPath$JarLoader::getJarFile (102 bytes)
Event: 4.985 Thread 0x000001fe3b785000 nmethod 5635 0x000001fe25ea9610 code [0x000001fe25ea9920, 0x000001fe25eaa728]
Event: 4.985 Thread 0x000001fe3b785000 5636       3       jdk.internal.loader.URLClassPath$JarLoader::isOptimizable (10 bytes)
Event: 4.985 Thread 0x000001fe3b785000 nmethod 5636 0x000001fe25eaac10 code [0x000001fe25eaadc0, 0x000001fe25eaaf08]
Event: 4.985 Thread 0x000001fe3b785000 5637       3       jdk.internal.loader.FileURLMapper::<init> (10 bytes)
Event: 4.985 Thread 0x000001fe3b785000 nmethod 5637 0x000001fe25eab010 code [0x000001fe25eab1c0, 0x000001fe25eab378]
Event: 4.985 Thread 0x000001fe3b785000 5638       3       jdk.internal.loader.FileURLMapper::exists (19 bytes)
Event: 4.985 Thread 0x000001fe3b785000 nmethod 5638 0x000001fe25eab410 code [0x000001fe25eab5e0, 0x000001fe25eab7e8]
Event: 4.999 Thread 0x000001fe3b785000 5641       3       java.util.jar.Manifest::read (340 bytes)
Event: 5.001 Thread 0x000001fe3b785000 nmethod 5641 0x000001fe25eab910 code [0x000001fe25eabd00, 0x000001fe25ead938]
Event: 5.008 Thread 0x000001fe3f32a000 nmethod 5629% 0x000001fe2cbd9690 code [0x000001fe2cbd98e0, 0x000001fe2cbdb298]
Event: 5.008 Thread 0x000001fe3f32a000 5640       4       java.util.concurrent.locks.AbstractQueuedSynchronizer::acquire (27 bytes)

GC Heap History (20 events):
Event: 0.485 GC heap before
{Heap before GC invocations=0 (full 0):
 garbage-first heap   total 129024K, used 29696K [0x0000000080000000, 0x0000000100000000)
  region size 1024K, 24 young (24576K), 0 survivors (0K)
 Metaspace       used 10252K, capacity 10487K, committed 10624K, reserved 1058816K
  class space    used 1072K, capacity 1141K, committed 1152K, reserved 1048576K
}
Event: 0.490 GC heap after
{Heap after GC invocations=1 (full 0):
 garbage-first heap   total 129024K, used 9468K [0x0000000080000000, 0x0000000100000000)
  region size 1024K, 3 young (3072K), 3 survivors (3072K)
 Metaspace       used 10252K, capacity 10487K, committed 10624K, reserved 1058816K
  class space    used 1072K, capacity 1141K, committed 1152K, reserved 1048576K
}
Event: 0.728 GC heap before
{Heap before GC invocations=1 (full 0):
 garbage-first heap   total 129024K, used 31996K [0x0000000080000000, 0x0000000100000000)
  region size 1024K, 25 young (25600K), 3 survivors (3072K)
 Metaspace       used 11194K, capacity 11378K, committed 11520K, reserved 1058816K
  class space    used 1174K, capacity 1246K, committed 1280K, reserved 1048576K
}
Event: 0.730 GC heap after
{Heap after GC invocations=2 (full 0):
 garbage-first heap   total 129024K, used 10156K [0x0000000080000000, 0x0000000100000000)
  region size 1024K, 1 young (1024K), 1 survivors (1024K)
 Metaspace       used 11194K, capacity 11378K, committed 11520K, reserved 1058816K
  class space    used 1174K, capacity 1246K, committed 1280K, reserved 1048576K
}
Event: 1.680 GC heap before
{Heap before GC invocations=2 (full 0):
 garbage-first heap   total 129024K, used 63404K [0x0000000080000000, 0x0000000100000000)
  region size 1024K, 53 young (54272K), 1 survivors (1024K)
 Metaspace       used 17950K, capacity 18361K, committed 18432K, reserved 1064960K
  class space    used 2125K, capacity 2268K, committed 2304K, reserved 1048576K
}
Event: 1.684 GC heap after
{Heap after GC invocations=3 (full 0):
 garbage-first heap   total 129024K, used 16317K [0x0000000080000000, 0x0000000100000000)
  region size 1024K, 7 young (7168K), 7 survivors (7168K)
 Metaspace       used 17950K, capacity 18361K, committed 18432K, reserved 1064960K
  class space    used 2125K, capacity 2268K, committed 2304K, reserved 1048576K
}
Event: 1.827 GC heap before
{Heap before GC invocations=3 (full 0):
 garbage-first heap   total 129024K, used 38845K [0x0000000080000000, 0x0000000100000000)
  region size 1024K, 30 young (30720K), 7 survivors (7168K)
 Metaspace       used 20657K, capacity 21118K, committed 21296K, reserved 1069056K
  class space    used 2531K, capacity 2676K, committed 2688K, reserved 1048576K
}
Event: 1.833 GC heap after
{Heap after GC invocations=4 (full 0):
 garbage-first heap   total 129024K, used 17599K [0x0000000080000000, 0x0000000100000000)
  region size 1024K, 1 young (1024K), 1 survivors (1024K)
 Metaspace       used 20657K, capacity 21118K, committed 21296K, reserved 1069056K
  class space    used 2531K, capacity 2676K, committed 2688K, reserved 1048576K
}
Event: 2.244 GC heap before
{Heap before GC invocations=5 (full 0):
 garbage-first heap   total 129024K, used 71871K [0x0000000080000000, 0x0000000100000000)
  region size 1024K, 54 young (55296K), 1 survivors (1024K)
 Metaspace       used 26530K, capacity 27182K, committed 27440K, reserved 1073152K
  class space    used 3476K, capacity 3705K, committed 3712K, reserved 1048576K
}
Event: 2.247 GC heap after
{Heap after GC invocations=6 (full 0):
 garbage-first heap   total 129024K, used 19795K [0x0000000080000000, 0x0000000100000000)
  region size 1024K, 4 young (4096K), 4 survivors (4096K)
 Metaspace       used 26530K, capacity 27182K, committed 27440K, reserved 1073152K
  class space    used 3476K, capacity 3705K, committed 3712K, reserved 1048576K
}
Event: 2.725 GC heap before
{Heap before GC invocations=6 (full 0):
 garbage-first heap   total 129024K, used 85331K [0x0000000080000000, 0x0000000100000000)
  region size 1024K, 59 young (60416K), 4 survivors (4096K)
 Metaspace       used 31392K, capacity 32308K, committed 32432K, reserved 1077248K
  class space    used 4242K, capacity 4580K, committed 4608K, reserved 1048576K
}
Event: 2.729 GC heap after
{Heap after GC invocations=7 (full 0):
 garbage-first heap   total 129024K, used 33939K [0x0000000080000000, 0x0000000100000000)
  region size 1024K, 8 young (8192K), 8 survivors (8192K)
 Metaspace       used 31392K, capacity 32308K, committed 32432K, reserved 1077248K
  class space    used 4242K, capacity 4580K, committed 4608K, reserved 1048576K
}
Event: 2.930 GC heap before
{Heap before GC invocations=7 (full 0):
 garbage-first heap   total 129024K, used 46227K [0x0000000080000000, 0x0000000100000000)
  region size 1024K, 21 young (21504K), 8 survivors (8192K)
 Metaspace       used 34581K, capacity 35486K, committed 35632K, reserved 1079296K
  class space    used 4547K, capacity 4894K, committed 4992K, reserved 1048576K
}
Event: 2.941 GC heap after
{Heap after GC invocations=8 (full 0):
 garbage-first heap   total 155648K, used 35879K [0x0000000080000000, 0x0000000100000000)
  region size 1024K, 2 young (2048K), 2 survivors (2048K)
 Metaspace       used 34581K, capacity 35486K, committed 35632K, reserved 1079296K
  class space    used 4547K, capacity 4894K, committed 4992K, reserved 1048576K
}
Event: 3.536 GC heap before
{Heap before GC invocations=9 (full 0):
 garbage-first heap   total 155648K, used 95271K [0x0000000080000000, 0x0000000100000000)
  region size 1024K, 58 young (59392K), 2 survivors (2048K)
 Metaspace       used 41208K, capacity 42386K, committed 42696K, reserved 1087488K
  class space    used 5275K, capacity 5696K, committed 5760K, reserved 1048576K
}
Event: 3.546 GC heap after
{Heap after GC invocations=10 (full 0):
 garbage-first heap   total 155648K, used 40446K [0x0000000080000000, 0x0000000100000000)
  region size 1024K, 7 young (7168K), 7 survivors (7168K)
 Metaspace       used 41208K, capacity 42386K, committed 42696K, reserved 1087488K
  class space    used 5275K, capacity 5696K, committed 5760K, reserved 1048576K
}
Event: 4.102 GC heap before
{Heap before GC invocations=11 (full 0):
 garbage-first heap   total 155648K, used 100862K [0x0000000080000000, 0x0000000100000000)
  region size 1024K, 63 young (64512K), 7 survivors (7168K)
 Metaspace       used 45283K, capacity 46583K, committed 46792K, reserved 1089536K
  class space    used 5711K, capacity 6146K, committed 6272K, reserved 1048576K
}
Event: 4.110 GC heap after
{Heap after GC invocations=12 (full 0):
 garbage-first heap   total 155648K, used 48048K [0x0000000080000000, 0x0000000100000000)
  region size 1024K, 6 young (6144K), 6 survivors (6144K)
 Metaspace       used 45283K, capacity 46583K, committed 46792K, reserved 1089536K
  class space    used 5711K, capacity 6146K, committed 6272K, reserved 1048576K
}
Event: 4.506 GC heap before
{Heap before GC invocations=12 (full 0):
 garbage-first heap   total 155648K, used 109488K [0x0000000080000000, 0x0000000100000000)
  region size 1024K, 62 young (63488K), 6 survivors (6144K)
 Metaspace       used 48285K, capacity 49748K, committed 49864K, reserved 1093632K
  class space    used 6214K, capacity 6669K, committed 6784K, reserved 1048576K
}
Event: 4.510 GC heap after
{Heap after GC invocations=13 (full 0):
 garbage-first heap   total 155648K, used 56202K [0x0000000080000000, 0x0000000100000000)
  region size 1024K, 4 young (4096K), 4 survivors (4096K)
 Metaspace       used 48285K, capacity 49748K, committed 49864K, reserved 1093632K
  class space    used 6214K, capacity 6669K, committed 6784K, reserved 1048576K
}

Deoptimization events (20 events):
Event: 4.830 Thread 0x000001fe42a23000 DEOPT PACKING pc=0x000001fe2cbaaedc sp=0x0000005b209fd2f0
Event: 4.830 Thread 0x000001fe42a23000 DEOPT UNPACKING pc=0x000001fe24e1662f sp=0x0000005b209fd288 mode 2
Event: 4.901 Thread 0x000001fe3db0a000 DEOPT PACKING pc=0x000001fe2569927a sp=0x0000005b1aafe5d0
Event: 4.901 Thread 0x000001fe3db0a000 DEOPT UNPACKING pc=0x000001fe24e16dde sp=0x0000005b1aafda08 mode 0
Event: 4.937 Thread 0x000001fe3ed31000 DEOPT PACKING pc=0x000001fe254266b4 sp=0x0000005b1a0f9700
Event: 4.937 Thread 0x000001fe3ed31000 DEOPT UNPACKING pc=0x000001fe24e16dde sp=0x0000005b1a0f8c50 mode 0
Event: 4.938 Thread 0x000001fe3ed31000 DEOPT PACKING pc=0x000001fe25cee671 sp=0x0000005b1a0f96c0
Event: 4.938 Thread 0x000001fe3ed31000 DEOPT UNPACKING pc=0x000001fe24e16dde sp=0x0000005b1a0f8bb8 mode 0
Event: 4.941 Thread 0x000001fe3ed31000 DEOPT PACKING pc=0x000001fe254266b4 sp=0x0000005b1a0f9700
Event: 4.941 Thread 0x000001fe3ed31000 DEOPT UNPACKING pc=0x000001fe24e16dde sp=0x0000005b1a0f8c50 mode 0
Event: 4.941 Thread 0x000001fe3ed31000 DEOPT PACKING pc=0x000001fe25cee671 sp=0x0000005b1a0f96c0
Event: 4.941 Thread 0x000001fe3ed31000 DEOPT UNPACKING pc=0x000001fe24e16dde sp=0x0000005b1a0f8bb8 mode 0
Event: 4.976 Thread 0x000001fe3ed31000 Uncommon trap: trap_request=0xffffff4d fr.pc=0x000001fe2c91bc7c relative=0x00000000000012fc
Event: 4.976 Thread 0x000001fe3ed31000 Uncommon trap: reason=unstable_if action=reinterpret pc=0x000001fe2c91bc7c method=java.util.jar.JarFile.checkForSpecialAttributes()V @ 53 c2
Event: 4.976 Thread 0x000001fe3ed31000 DEOPT PACKING pc=0x000001fe2c91bc7c sp=0x0000005b1a0f0310
Event: 4.976 Thread 0x000001fe3ed31000 DEOPT UNPACKING pc=0x000001fe24e1662f sp=0x0000005b1a0f02d0 mode 2
Event: 4.981 Thread 0x000001fe3ed31000 DEOPT PACKING pc=0x000001fe259e324c sp=0x0000005b1a0efb10
Event: 4.981 Thread 0x000001fe3ed31000 DEOPT UNPACKING pc=0x000001fe24e16dde sp=0x0000005b1a0ef0b0 mode 0
Event: 5.009 Thread 0x000001fe3ed31000 DEOPT PACKING pc=0x000001fe2585d82a sp=0x0000005b1a0efbf0
Event: 5.009 Thread 0x000001fe3ed31000 DEOPT UNPACKING pc=0x000001fe24e16dde sp=0x0000005b1a0ef1c8 mode 0

Classes redefined (0 events):
No events

Internal exceptions (20 events):
Event: 4.977 Thread 0x000001fe3ed31000 Exception <a 'java/security/PrivilegedActionException'{0x0000000086443d10}> (0x0000000086443d10) thrown at [./src/hotspot/share/prims/jvm.cpp, line 1306]
Event: 4.977 Thread 0x000001fe3ed31000 Exception <a 'java/security/PrivilegedActionException'{0x0000000086445278}> (0x0000000086445278) thrown at [./src/hotspot/share/prims/jvm.cpp, line 1306]
Event: 4.977 Thread 0x000001fe3ed31000 Exception <a 'java/security/PrivilegedActionException'{0x0000000086448448}> (0x0000000086448448) thrown at [./src/hotspot/share/prims/jvm.cpp, line 1306]
Event: 4.977 Thread 0x000001fe3ed31000 Exception <a 'java/security/PrivilegedActionException'{0x00000000864499b0}> (0x00000000864499b0) thrown at [./src/hotspot/share/prims/jvm.cpp, line 1306]
Event: 4.978 Thread 0x000001fe3ed31000 Exception <a 'java/security/PrivilegedActionException'{0x000000008644cb98}> (0x000000008644cb98) thrown at [./src/hotspot/share/prims/jvm.cpp, line 1306]
Event: 4.978 Thread 0x000001fe3ed31000 Exception <a 'java/security/PrivilegedActionException'{0x000000008644e100}> (0x000000008644e100) thrown at [./src/hotspot/share/prims/jvm.cpp, line 1306]
Event: 4.978 Thread 0x000001fe3ed31000 Exception <a 'java/security/PrivilegedActionException'{0x0000000086451278}> (0x0000000086451278) thrown at [./src/hotspot/share/prims/jvm.cpp, line 1306]
Event: 4.978 Thread 0x000001fe3ed31000 Exception <a 'java/security/PrivilegedActionException'{0x00000000864527e0}> (0x00000000864527e0) thrown at [./src/hotspot/share/prims/jvm.cpp, line 1306]
Event: 5.000 Thread 0x000001fe3ed31000 Exception <a 'java/security/PrivilegedActionException'{0x00000000863d4a78}> (0x00000000863d4a78) thrown at [./src/hotspot/share/prims/jvm.cpp, line 1306]
Event: 5.000 Thread 0x000001fe3ed31000 Exception <a 'java/security/PrivilegedActionException'{0x00000000863d5fe0}> (0x00000000863d5fe0) thrown at [./src/hotspot/share/prims/jvm.cpp, line 1306]
Event: 5.000 Thread 0x000001fe3ed31000 Exception <a 'java/security/PrivilegedActionException'{0x00000000863d9158}> (0x00000000863d9158) thrown at [./src/hotspot/share/prims/jvm.cpp, line 1306]
Event: 5.000 Thread 0x000001fe3ed31000 Exception <a 'java/security/PrivilegedActionException'{0x00000000863da6c0}> (0x00000000863da6c0) thrown at [./src/hotspot/share/prims/jvm.cpp, line 1306]
Event: 5.000 Thread 0x000001fe3ed31000 Exception <a 'java/security/PrivilegedActionException'{0x00000000863dd8f0}> (0x00000000863dd8f0) thrown at [./src/hotspot/share/prims/jvm.cpp, line 1306]
Event: 5.000 Thread 0x000001fe3ed31000 Exception <a 'java/security/PrivilegedActionException'{0x00000000863dee58}> (0x00000000863dee58) thrown at [./src/hotspot/share/prims/jvm.cpp, line 1306]
Event: 5.000 Thread 0x000001fe3ed31000 Exception <a 'java/security/PrivilegedActionException'{0x00000000863e1fd8}> (0x00000000863e1fd8) thrown at [./src/hotspot/share/prims/jvm.cpp, line 1306]
Event: 5.000 Thread 0x000001fe3ed31000 Exception <a 'java/security/PrivilegedActionException'{0x00000000863e3540}> (0x00000000863e3540) thrown at [./src/hotspot/share/prims/jvm.cpp, line 1306]
Event: 5.000 Thread 0x000001fe3ed31000 Exception <a 'java/security/PrivilegedActionException'{0x00000000863e6710}> (0x00000000863e6710) thrown at [./src/hotspot/share/prims/jvm.cpp, line 1306]
Event: 5.000 Thread 0x000001fe3ed31000 Exception <a 'java/security/PrivilegedActionException'{0x00000000863e7c78}> (0x00000000863e7c78) thrown at [./src/hotspot/share/prims/jvm.cpp, line 1306]
Event: 5.000 Thread 0x000001fe3ed31000 Exception <a 'java/security/PrivilegedActionException'{0x00000000863eaea8}> (0x00000000863eaea8) thrown at [./src/hotspot/share/prims/jvm.cpp, line 1306]
Event: 5.000 Thread 0x000001fe3ed31000 Exception <a 'java/security/PrivilegedActionException'{0x00000000863ec410}> (0x00000000863ec410) thrown at [./src/hotspot/share/prims/jvm.cpp, line 1306]

Events (20 events):
Event: 4.962 loading class org/gradle/internal/extensibility/ConventionAwareHelper$MappedPropertyImpl
Event: 4.962 loading class org/gradle/internal/extensibility/ConventionAwareHelper$MappedPropertyImpl done
Event: 4.962 loading class org/gradle/api/internal/ConventionMapping$MappedProperty
Event: 4.962 loading class org/gradle/api/internal/ConventionMapping$MappedProperty done
Event: 4.962 loading class org/gradle/internal/extensibility/ConventionAwareHelper$2
Event: 4.962 loading class org/gradle/internal/extensibility/ConventionAwareHelper$2 done
Event: 4.962 loading class org/gradle/internal/extensibility/ConventionAwareHelper$1
Event: 4.962 loading class org/gradle/internal/extensibility/ConventionAwareHelper$1 done
Event: 4.963 loading class org/gradle/api/internal/project/taskfactory/DefaultTaskClassInfoStore$StandardTaskActionFactory
Event: 4.963 loading class org/gradle/api/internal/project/taskfactory/DefaultTaskClassInfoStore$StandardTaskActionFactory done
Event: 4.963 loading class org/gradle/api/internal/project/taskfactory/StandardTaskAction
Event: 4.963 loading class org/gradle/api/internal/project/taskfactory/StandardTaskAction done
Event: 4.964 loading class groovy/runtime/metaclass/org/gradle/api/tasks/Delete_DecoratedMetaClass
Event: 4.964 loading class groovy/runtime/metaclass/org/gradle/api/tasks/Delete_DecoratedMetaClass done
Event: 4.965 loading class org/gradle/api/tasks/Delete_DecoratedBeanInfo
Event: 4.965 loading class org/gradle/api/tasks/Delete_DecoratedBeanInfo done
Event: 4.965 loading class org/gradle/api/tasks/Delete_DecoratedBeanInfo
Event: 4.965 loading class org/gradle/api/tasks/Delete_DecoratedBeanInfo done
Event: 4.965 loading class org/gradle/api/tasks/Delete_DecoratedBeanInfo
Event: 4.965 loading class org/gradle/api/tasks/Delete_DecoratedBeanInfo done


Dynamic libraries:
0x00007ff63e900000 - 0x00007ff63e90a000 	C:\Program Files\Android\Android Studio2\jre\bin\java.exe
0x00007ffd1cc70000 - 0x00007ffd1ce65000 	C:\WINDOWS\SYSTEM32\ntdll.dll
0x00007ffd1acb0000 - 0x00007ffd1ad6e000 	C:\WINDOWS\System32\KERNEL32.DLL
0x00007ffd1a850000 - 0x00007ffd1ab18000 	C:\WINDOWS\System32\KERNELBASE.dll
0x00007ffd1a750000 - 0x00007ffd1a850000 	C:\WINDOWS\System32\ucrtbase.dll
0x00007ffd14d80000 - 0x00007ffd14d97000 	C:\Program Files\Android\Android Studio2\jre\bin\VCRUNTIME140.dll
0x00007ffd14d50000 - 0x00007ffd14d69000 	C:\Program Files\Android\Android Studio2\jre\bin\jli.dll
0x00007ffd1b9d0000 - 0x00007ffd1bb71000 	C:\WINDOWS\System32\USER32.dll
0x00007ffd1ab20000 - 0x00007ffd1ab42000 	C:\WINDOWS\System32\win32u.dll
0x00007ffd046e0000 - 0x00007ffd0497a000 	C:\WINDOWS\WinSxS\amd64_microsoft.windows.common-controls_6595b64144ccf1df_6.0.19041.1110_none_60b5254171f9507e\COMCTL32.dll
0x00007ffd1c150000 - 0x00007ffd1c17b000 	C:\WINDOWS\System32\GDI32.dll
0x00007ffd1bdf0000 - 0x00007ffd1be8e000 	C:\WINDOWS\System32\msvcrt.dll
0x00007ffd1a4b0000 - 0x00007ffd1a5bd000 	C:\WINDOWS\System32\gdi32full.dll
0x00007ffd1a410000 - 0x00007ffd1a4ad000 	C:\WINDOWS\System32\msvcp_win.dll
0x00007ffd1c500000 - 0x00007ffd1c530000 	C:\WINDOWS\System32\IMM32.DLL
0x00007ffcfbe30000 - 0x00007ffcfbecd000 	C:\Program Files\Android\Android Studio2\jre\bin\msvcp140.dll
0x00007ffccf8b0000 - 0x00007ffcd0385000 	C:\Program Files\Android\Android Studio2\jre\bin\server\jvm.dll
0x00007ffd1c330000 - 0x00007ffd1c3de000 	C:\WINDOWS\System32\ADVAPI32.dll
0x00007ffd1c720000 - 0x00007ffd1c7bc000 	C:\WINDOWS\System32\sechost.dll
0x00007ffd1c020000 - 0x00007ffd1c145000 	C:\WINDOWS\System32\RPCRT4.dll
0x00007ffd1bf80000 - 0x00007ffd1bf88000 	C:\WINDOWS\System32\PSAPI.DLL
0x00007ffd08d90000 - 0x00007ffd08d99000 	C:\WINDOWS\SYSTEM32\WSOCK32.dll
0x00007ffd14880000 - 0x00007ffd1488a000 	C:\WINDOWS\SYSTEM32\VERSION.dll
0x00007ffd1c5e0000 - 0x00007ffd1c64b000 	C:\WINDOWS\System32\WS2_32.dll
0x00007ffd034b0000 - 0x00007ffd034d7000 	C:\WINDOWS\SYSTEM32\WINMM.dll
0x00007ffd18270000 - 0x00007ffd18282000 	C:\WINDOWS\SYSTEM32\kernel.appcore.dll
0x00007ffcf75b0000 - 0x00007ffcf75c1000 	C:\Program Files\Android\Android Studio2\jre\bin\verify.dll
0x00007ffd0c800000 - 0x00007ffd0c9e4000 	C:\WINDOWS\SYSTEM32\DBGHELP.DLL
0x00007ffd0c5a0000 - 0x00007ffd0c5cc000 	C:\WINDOWS\SYSTEM32\dbgcore.DLL
0x00007ffd1a380000 - 0x00007ffd1a402000 	C:\WINDOWS\System32\bcryptPrimitives.dll
0x00007ffcedd40000 - 0x00007ffcedd69000 	C:\Program Files\Android\Android Studio2\jre\bin\java.dll
0x00007ffcfced0000 - 0x00007ffcfcedb000 	C:\Program Files\Android\Android Studio2\jre\bin\jimage.dll
0x00007ffce3680000 - 0x00007ffce3698000 	C:\Program Files\Android\Android Studio2\jre\bin\zip.dll
0x00007ffd1b280000 - 0x00007ffd1b9c4000 	C:\WINDOWS\System32\SHELL32.dll
0x00007ffd18470000 - 0x00007ffd18c05000 	C:\WINDOWS\SYSTEM32\windows.storage.dll
0x00007ffd1c8d0000 - 0x00007ffd1cc25000 	C:\WINDOWS\System32\combase.dll
0x00007ffd19dd0000 - 0x00007ffd19dfe000 	C:\WINDOWS\SYSTEM32\Wldp.dll
0x00007ffd1c530000 - 0x00007ffd1c5dd000 	C:\WINDOWS\System32\SHCORE.dll
0x00007ffd1c7c0000 - 0x00007ffd1c815000 	C:\WINDOWS\System32\shlwapi.dll
0x00007ffd1a2c0000 - 0x00007ffd1a2df000 	C:\WINDOWS\SYSTEM32\profapi.dll
0x00007ffcfe1e0000 - 0x00007ffcfe1fa000 	C:\Program Files\Android\Android Studio2\jre\bin\net.dll
0x00007ffd0fd40000 - 0x00007ffd0fe4c000 	C:\WINDOWS\SYSTEM32\WINHTTP.dll
0x00007ffd19b30000 - 0x00007ffd19b9a000 	C:\WINDOWS\system32\mswsock.dll
0x00007ffcfbaf0000 - 0x00007ffcfbb04000 	C:\Program Files\Android\Android Studio2\jre\bin\nio.dll
0x00007ffd14da0000 - 0x00007ffd14dc7000 	C:\Users\cuong\.gradle\native\e1d6ef7f7dcc3fd88c89a11ec53ec762bb8ba0a96d01ffa2cd45eb1d1d8dd5c5\windows-amd64\native-platform.dll
0x00007ffcfb960000 - 0x00007ffcfbaa4000 	C:\Users\cuong\.gradle\native\5664cfc778a61ccfe75a443a1ab52a65af34e5dc3c78e0209fed803814484fcb\windows-amd64\native-platform-file-events.dll
0x00007ffcfcd30000 - 0x00007ffcfcd3a000 	C:\Program Files\Android\Android Studio2\jre\bin\management.dll
0x00007ffcf76f0000 - 0x00007ffcf76fd000 	C:\Program Files\Android\Android Studio2\jre\bin\management_ext.dll
0x00007ffd19d30000 - 0x00007ffd19d48000 	C:\WINDOWS\SYSTEM32\CRYPTSP.dll
0x00007ffd19440000 - 0x00007ffd19474000 	C:\WINDOWS\system32\rsaenh.dll
0x00007ffd1a720000 - 0x00007ffd1a747000 	C:\WINDOWS\System32\bcrypt.dll
0x00007ffd1a280000 - 0x00007ffd1a2ae000 	C:\WINDOWS\SYSTEM32\USERENV.dll
0x00007ffd19d20000 - 0x00007ffd19d2c000 	C:\WINDOWS\SYSTEM32\CRYPTBASE.dll
0x00007ffd197d0000 - 0x00007ffd1980b000 	C:\WINDOWS\SYSTEM32\IPHLPAPI.DLL
0x00007ffd1b1f0000 - 0x00007ffd1b1f8000 	C:\WINDOWS\System32\NSI.dll
0x00007ffd13f00000 - 0x00007ffd13f17000 	C:\WINDOWS\SYSTEM32\dhcpcsvc6.DLL
0x00007ffd14590000 - 0x00007ffd145ad000 	C:\WINDOWS\SYSTEM32\dhcpcsvc.DLL
0x00007ffd19820000 - 0x00007ffd198eb000 	C:\WINDOWS\SYSTEM32\DNSAPI.dll

dbghelp: loaded successfully - version: 4.0.5 - missing functions: none
symbol engine: initialized successfully - sym options: 0x614 - pdb path: .;C:\Program Files\Android\Android Studio2\jre\bin;C:\WINDOWS\SYSTEM32;C:\WINDOWS\WinSxS\amd64_microsoft.windows.common-controls_6595b64144ccf1df_6.0.19041.1110_none_60b5254171f9507e;C:\Program Files\Android\Android Studio2\jre\bin\server;C:\Users\cuong\.gradle\native\e1d6ef7f7dcc3fd88c89a11ec53ec762bb8ba0a96d01ffa2cd45eb1d1d8dd5c5\windows-amd64;C:\Users\cuong\.gradle\native\5664cfc778a61ccfe75a443a1ab52a65af34e5dc3c78e0209fed803814484fcb\windows-amd64

VM Arguments:
jvm_args: --add-opens=java.base/java.util=ALL-UNNAMED --add-opens=java.base/java.lang=ALL-UNNAMED --add-opens=java.base/java.lang.invoke=ALL-UNNAMED --add-opens=java.base/java.util=ALL-UNNAMED --add-opens=java.prefs/java.util.prefs=ALL-UNNAMED --add-opens=java.prefs/java.util.prefs=ALL-UNNAMED --add-opens=java.base/java.nio.charset=ALL-UNNAMED --add-opens=java.base/java.net=ALL-UNNAMED --add-opens=java.base/java.util.concurrent.atomic=ALL-UNNAMED -Xmx2048m -Dfile.encoding=UTF-8 -Duser.country=GB -Duser.language=en -Duser.variant 
java_command: org.gradle.launcher.daemon.bootstrap.GradleDaemon 7.2
java_class_path (initial): C:\Users\cuong\.gradle\wrapper\dists\gradle-7.2-bin\2dnblmf4td7x66yl1d74lt32g\gradle-7.2\lib\gradle-launcher-7.2.jar
Launcher Type: SUN_STANDARD

[Global flags]
     intx CICompilerCount                          = 4                                         {product} {ergonomic}
     uint ConcGCThreads                            = 2                                         {product} {ergonomic}
     uint G1ConcRefinementThreads                  = 8                                         {product} {ergonomic}
   size_t G1HeapRegionSize                         = 1048576                                   {product} {ergonomic}
    uintx GCDrainStackTargetSize                   = 64                                        {product} {ergonomic}
   size_t InitialHeapSize                          = 132120576                                 {product} {ergonomic}
   size_t MarkStackSize                            = 4194304                                   {product} {ergonomic}
   size_t MaxHeapSize                              = 2147483648                                {product} {command line}
   size_t MaxNewSize                               = 1287651328                                {product} {ergonomic}
   size_t MinHeapDeltaBytes                        = 1048576                                   {product} {ergonomic}
    uintx NonNMethodCodeHeapSize                   = 5836300                                {pd product} {ergonomic}
    uintx NonProfiledCodeHeapSize                  = 122910970                              {pd product} {ergonomic}
    uintx ProfiledCodeHeapSize                     = 122910970                              {pd product} {ergonomic}
    uintx ReservedCodeCacheSize                    = 251658240                              {pd product} {ergonomic}
     bool SegmentedCodeCache                       = true                                      {product} {ergonomic}
     bool UseCompressedClassPointers               = true                                 {lp64_product} {ergonomic}
     bool UseCompressedOops                        = true                                 {lp64_product} {ergonomic}
     bool UseG1GC                                  = true                                      {product} {ergonomic}
     bool UseLargePagesIndividualAllocation        = false                                  {pd product} {ergonomic}

Logging:
Log output configuration:
 #0: stdout all=warning uptime,level,tags
 #1: stderr all=off uptime,level,tags

Environment Variables:
JAVA_HOME=C:\Program Files\Java\jdk1.8.0_301
PATH=C:\Program Files\Common Files\Oracle\Java\javapath;C:\Python39\Scripts\;C:\Python39\;C:\WINDOWS\system32;C:\WINDOWS;C:\WINDOWS\System32\Wbem;C:\WINDOWS\System32\WindowsPowerShell\v1.0\;C:\WINDOWS\System32\OpenSSH\;C:\Program Files\Microsoft VS Code\bin;C:\ProgramData\chocolatey\bin;C:\Program Files\Git\cmd;C:\Program Files\TortoiseSVN\bin;D:\Android\Sdk\platform-tools;C:\Program Files\Java\jdk1.8.0_301;C:\Program Files\Java\jdk1.8.0_301\bin;C:\Program Files\Java\jdk1.8.0_301\bin\;C:\Program Files (x86)\NVIDIA Corporation\PhysX\Common;C:\Program Files (x86)\Microsoft SQL Server\150\DTS\Binn\;C:\Program Files\nodejs\;C:\Users\cuong\AppData\Local\Programs\Python\Python39\Scripts\;C:\Users\cuong\AppData\Local\Programs\Python\Python39\;C:\Users\cuong\AppData\Local\Microsoft\WindowsApps;C:\Program Files\JetBrains\IntelliJ IDEA 2021.2.2\bin;;C:\Program Files\Azure Data Studio\bin;C:\Users\cuong\AppData\Roaming\npm;C:\Program Files\heroku\bin
USERNAME=cuong
OS=Windows_NT
PROCESSOR_IDENTIFIER=Intel64 Family 6 Model 158 Stepping 10, GenuineIntel



---------------  S Y S T E M  ---------------

OS: Windows 10 , 64 bit Build 19041 (10.0.19041.1466)
OS uptime: 1 days 3:08 hours

CPU:total 8 (initial active 8) (4 cores per cpu, 2 threads per core) family 6 model 158 stepping 10 microcode 0xb4, cmov, cx8, fxsr, mmx, sse, sse2, sse3, ssse3, sse4.1, sse4.2, popcnt, avx, avx2, aes, clmul, erms, 3dnowpref, lzcnt, ht, tsc, tscinvbit, bmi1, bmi2, adx, fma

Memory: 4k page, system-wide physical 8038M (1132M free)
TotalPageFile size 15984M (AvailPageFile size 4M)
current process WorkingSet (physical memory assigned to process): 341M, peak: 341M
current process commit charge ("private bytes"): 384M, peak: 384M

vm_info: OpenJDK 64-Bit Server VM (11.0.11+9-b60-7590822) for windows-amd64 JRE (11.0.11+9-b60-7590822), built on Jul 29 2021 21:43:44 by "builder" with MS VC++ 14.0 (VS2015)

END.
