#
# There is insufficient memory for the Java Runtime Environment to continue.
# Native memory allocation (malloc) failed to allocate 1272336 bytes for Chunk::new
# Possible reasons:
#   The system is out of physical RAM or swap space
#   The process is running with CompressedOops enabled, and the Java Heap may be blocking the growth of the native heap
# Possible solutions:
#   Reduce memory load on the system
#   Increase physical memory or swap space
#   Check if swap backing store is full
#   Decrease Java heap size (-Xmx/-Xms)
#   Decrease number of Java threads
#   Decrease Java thread stack sizes (-Xss)
#   Set larger code cache with -XX:ReservedCodeCacheSize=
#   JVM is running with Unscaled Compressed Oops mode in which the Java heap is
#     placed in the first 4GB address space. The Java Heap base address is the
#     maximum limit for the native heap growth. Please use -XX:HeapBaseMinAddress
#     to set the Java Heap base and to place the Java Heap above 4GB virtual address.
# This output file may be truncated or incomplete.
#
#  Out of Memory Error (./src/hotspot/share/memory/arena.cpp:197), pid=3416, tid=11400
#
# JRE version: OpenJDK Runtime Environment (11.0.11+9) (build 11.0.11+9-b60-7590822)
# Java VM: OpenJDK 64-Bit Server VM (11.0.11+9-b60-7590822, mixed mode, tiered, compressed oops, g1 gc, windows-amd64)
# No core dump will be written. Minidumps are not enabled by default on client versions of Windows
#

---------------  S U M M A R Y ------------

Command Line: --add-opens=java.base/java.util=ALL-UNNAMED --add-opens=java.base/java.lang=ALL-UNNAMED --add-opens=java.base/java.lang.invoke=ALL-UNNAMED --add-opens=java.base/java.util=ALL-UNNAMED --add-opens=java.prefs/java.util.prefs=ALL-UNNAMED --add-opens=java.prefs/java.util.prefs=ALL-UNNAMED --add-opens=java.base/java.nio.charset=ALL-UNNAMED --add-opens=java.base/java.net=ALL-UNNAMED --add-opens=java.base/java.util.concurrent.atomic=ALL-UNNAMED -Xmx2048m -Dfile.encoding=UTF-8 -Duser.country=GB -Duser.language=en -Duser.variant org.gradle.launcher.daemon.bootstrap.GradleDaemon 7.2

Host: Intel(R) Core(TM) i5-9300H CPU @ 2.40GHz, 8 cores, 7G,  Windows 10 , 64 bit Build 19041 (10.0.19041.1466)
Time: Sat May 14 20:57:44 2022 SE Asia Standard Time elapsed time: 5.880080 seconds (0d 0h 0m 5s)

---------------  T H R E A D  ---------------

Current thread (0x000002661f5b3000):  JavaThread "C2 CompilerThread1" daemon [_thread_in_native, id=11400, stack(0x0000009139300000,0x0000009139400000)]


Current CompileTask:
C2:   5880 5748   !   4       com.google.common.reflect.TypeVisitor::visit (244 bytes)

Stack: [0x0000009139300000,0x0000009139400000]
Native frames: (J=compiled Java code, j=interpreted, Vv=VM code, C=native code)
V  [jvm.dll+0x5f214a]
V  [jvm.dll+0x726fb5]
V  [jvm.dll+0x7285cd]
V  [jvm.dll+0x728c83]
V  [jvm.dll+0x243278]
V  [jvm.dll+0xbc53c]
V  [jvm.dll+0xbca3c]
V  [jvm.dll+0x353e3b]
V  [jvm.dll+0x19875c]
V  [jvm.dll+0x1fc2ee]
V  [jvm.dll+0x1fb3d4]
V  [jvm.dll+0x183d6c]
V  [jvm.dll+0x209a57]
V  [jvm.dll+0x2082a1]
V  [jvm.dll+0x6ef58f]
V  [jvm.dll+0x6e80b5]
V  [jvm.dll+0x5f1036]
C  [ucrtbase.dll+0x21bb2]
C  [KERNEL32.DLL+0x17034]
C  [ntdll.dll+0x52651]


---------------  P R O C E S S  ---------------

Threads class SMR info:
_java_thread_list=0x0000026622029330, length=124, elements={
0x000002660142c000, 0x000002661c092800, 0x000002661c09e000, 0x000002661ca25800,
0x000002661ca29000, 0x000002661ca2a000, 0x000002661ca2b000, 0x000002661ca2c800,
0x000002661ca31800, 0x000002661cb79000, 0x000002661e1a1800, 0x000002661cdd8800,
0x000002661e21e800, 0x000002661eaf5800, 0x000002661de21000, 0x000002661f2a6000,
0x000002661e258800, 0x000002661d8ca000, 0x000002661e849800, 0x000002661e51a800,
0x000002661e51b000, 0x000002661e51c000, 0x000002661e519800, 0x000002661f5b3000,
0x000002661fb25800, 0x000002661fb25000, 0x000002661fb29000, 0x000002661fb28000,
0x000002661fb27800, 0x000002661fb24000, 0x0000026620947000, 0x000002661fb26800,
0x000002661fb2c000, 0x000002661fb2d000, 0x000002661fb2e000, 0x000002661fb2e800,
0x000002661fb30800, 0x000002661fb2a800, 0x000002661fb31000, 0x000002661fb32000,
0x000002661fb33000, 0x0000026623c2b000, 0x0000026623c26000, 0x0000026623c28800,
0x0000026623c2a000, 0x0000026623c27800, 0x0000026623c2c800, 0x0000026623c2b800,
0x0000026623c29000, 0x0000026623c26800, 0x0000026623c32000, 0x0000026623c2d000,
0x0000026623c2e000, 0x0000026623c33000, 0x0000026623c2f800, 0x0000026623c30800,
0x0000026623c31800, 0x0000026623c34000, 0x0000026623c34800, 0x0000026623c2f000,
0x000002662050f800, 0x000002662050b800, 0x000002662050c000, 0x000002662050e000,
0x000002662050d000, 0x000002662050e800, 0x000002662050a000, 0x0000026620510800,
0x000002662050a800, 0x0000026620516000, 0x0000026620512000, 0x0000026620513000,
0x0000026620513800, 0x0000026620514800, 0x0000026620517000, 0x0000026620515000,
0x0000026620511000, 0x0000026620518800, 0x0000026620517800, 0x0000026623a98800,
0x0000026623a9a800, 0x0000026623a9b000, 0x0000026623a9c800, 0x0000026623a97000,
0x0000026623a9c000, 0x0000026623a9d800, 0x0000026623a98000, 0x0000026623a9e800,
0x0000026623a9f000, 0x0000026623a99800, 0x0000026623aa5800, 0x0000026623aa3000,
0x0000026623aa1800, 0x0000026623aa2800, 0x0000026623aa0000, 0x0000026623aa4000,
0x0000026623aa1000, 0x0000026623aa5000, 0x0000026623a7c800, 0x0000026623a7e000,
0x0000026623a7d800, 0x0000026623a7f000, 0x0000026623a80800, 0x0000026623a81800,
0x0000026623a80000, 0x0000026623a7b800, 0x0000026623a84800, 0x0000026623a83000,
0x0000026623a86800, 0x0000026623a84000, 0x0000026623a85800, 0x0000026623a88000,
0x0000026623a87000, 0x0000026623a82800, 0x0000026623a89000, 0x0000026623a89800,
0x0000026623a8a800, 0x0000026622368800, 0x0000026622368000, 0x0000026622365800,
0x000002662236a800, 0x0000026622364800, 0x0000026622369800, 0x0000026622366000
}

Java Threads: ( => current thread )
  0x000002660142c000 JavaThread "main" [_thread_blocked, id=13964, stack(0x0000009136d00000,0x0000009136e00000)]
  0x000002661c092800 JavaThread "Reference Handler" daemon [_thread_blocked, id=13376, stack(0x0000009137400000,0x0000009137500000)]
  0x000002661c09e000 JavaThread "Finalizer" daemon [_thread_blocked, id=15968, stack(0x0000009137500000,0x0000009137600000)]
  0x000002661ca25800 JavaThread "Signal Dispatcher" daemon [_thread_blocked, id=11684, stack(0x0000009137600000,0x0000009137700000)]
  0x000002661ca29000 JavaThread "Attach Listener" daemon [_thread_blocked, id=16276, stack(0x0000009137700000,0x0000009137800000)]
  0x000002661ca2a000 JavaThread "Service Thread" daemon [_thread_blocked, id=15148, stack(0x0000009137800000,0x0000009137900000)]
  0x000002661ca2b000 JavaThread "C2 CompilerThread0" daemon [_thread_in_native, id=7216, stack(0x0000009137900000,0x0000009137a00000)]
  0x000002661ca2c800 JavaThread "C1 CompilerThread0" daemon [_thread_blocked, id=15428, stack(0x0000009137a00000,0x0000009137b00000)]
  0x000002661ca31800 JavaThread "Sweeper thread" daemon [_thread_blocked, id=17284, stack(0x0000009137b00000,0x0000009137c00000)]
  0x000002661cb79000 JavaThread "Common-Cleaner" daemon [_thread_blocked, id=16980, stack(0x0000009137c00000,0x0000009137d00000)]
  0x000002661e1a1800 JavaThread "Daemon health stats" [_thread_blocked, id=17004, stack(0x0000009138200000,0x0000009138300000)]
  0x000002661cdd8800 JavaThread "Incoming local TCP Connector on port 56377" [_thread_in_native, id=7452, stack(0x0000009137e00000,0x0000009137f00000)]
  0x000002661e21e800 JavaThread "Daemon periodic checks" [_thread_blocked, id=16576, stack(0x0000009138100000,0x0000009138200000)]
  0x000002661eaf5800 JavaThread "Daemon" [_thread_blocked, id=5020, stack(0x0000009138300000,0x0000009138400000)]
  0x000002661de21000 JavaThread "Handler for socket connection from /127.0.0.1:56377 to /127.0.0.1:56378" [_thread_in_native, id=14828, stack(0x0000009138400000,0x0000009138500000)]
  0x000002661f2a6000 JavaThread "Cancel handler" [_thread_blocked, id=16496, stack(0x0000009138500000,0x0000009138600000)]
  0x000002661e258800 JavaThread "Daemon worker" [_thread_in_Java, id=16016, stack(0x0000009138600000,0x0000009138700000)]
  0x000002661d8ca000 JavaThread "Asynchronous log dispatcher for DefaultDaemonConnection: socket connection from /127.0.0.1:56377 to /127.0.0.1:56378" [_thread_blocked, id=11892, stack(0x0000009138700000,0x0000009138800000)]
  0x000002661e849800 JavaThread "Stdin handler" [_thread_blocked, id=1612, stack(0x0000009138800000,0x0000009138900000)]
  0x000002661e51a800 JavaThread "Daemon client event forwarder" [_thread_blocked, id=16756, stack(0x0000009138900000,0x0000009138a00000)]
  0x000002661e51b000 JavaThread "Cache worker for journal cache (C:\Users\cuong\.gradle\caches\journal-1)" [_thread_blocked, id=14268, stack(0x0000009138f00000,0x0000009139000000)]
  0x000002661e51c000 JavaThread "File lock request listener" [_thread_in_native, id=8096, stack(0x0000009139000000,0x0000009139100000)]
  0x000002661e519800 JavaThread "Cache worker for file hash cache (C:\Users\cuong\.gradle\caches\7.2\fileHashes)" [_thread_blocked, id=9412, stack(0x0000009139100000,0x0000009139200000)]
=>0x000002661f5b3000 JavaThread "C2 CompilerThread1" daemon [_thread_in_native, id=11400, stack(0x0000009139300000,0x0000009139400000)]
  0x000002661fb25800 JavaThread "Cache worker for file hash cache (D:\Android\FinalAndroid\.gradle\7.2\fileHashes)" [_thread_blocked, id=7900, stack(0x0000009139400000,0x0000009139500000)]
  0x000002661fb25000 JavaThread "File watcher server" daemon [_thread_in_native, id=15440, stack(0x0000009139500000,0x0000009139600000)]
  0x000002661fb29000 JavaThread "File watcher consumer" daemon [_thread_blocked, id=5156, stack(0x0000009139600000,0x0000009139700000)]
  0x000002661fb28000 JavaThread "Cache worker for checksums cache (D:\Android\FinalAndroid\.gradle\checksums)" [_thread_blocked, id=268, stack(0x0000009139700000,0x0000009139800000)]
  0x000002661fb27800 JavaThread "Cache worker for cache directory md-supplier (C:\Users\cuong\.gradle\caches\7.2\md-supplier)" [_thread_blocked, id=5124, stack(0x0000009139800000,0x0000009139900000)]
  0x000002661fb24000 JavaThread "Cache worker for cache directory md-rule (C:\Users\cuong\.gradle\caches\7.2\md-rule)" [_thread_blocked, id=16840, stack(0x0000009139900000,0x0000009139a00000)]
  0x0000026620947000 JavaThread "C2 CompilerThread2" daemon [_thread_in_native, id=5892, stack(0x0000009139a00000,0x0000009139b00000)]
  0x000002661fb26800 JavaThread "Cache worker for execution history cache (C:\Users\cuong\.gradle\caches\7.2\executionHistory)" [_thread_blocked, id=14640, stack(0x0000009139b00000,0x0000009139c00000)]
  0x000002661fb2c000 JavaThread "jar transforms" [_thread_blocked, id=11200, stack(0x0000009139c00000,0x0000009139d00000)]
  0x000002661fb2d000 JavaThread "Cache worker for file content cache (C:\Users\cuong\.gradle\caches\7.2\fileContent)" [_thread_blocked, id=16872, stack(0x0000009139d00000,0x0000009139e00000)]
  0x000002661fb2e000 JavaThread "jar transforms Thread 2" [_thread_blocked, id=10588, stack(0x0000009139e00000,0x0000009139f00000)]
  0x000002661fb2e800 JavaThread "Cache worker for dependencies-accessors (D:\Android\FinalAndroid\.gradle\7.2\dependencies-accessors)" [_thread_blocked, id=12048, stack(0x0000009139f00000,0x000000913a000000)]
  0x000002661fb30800 JavaThread "jar transforms Thread 3" [_thread_blocked, id=3240, stack(0x000000913a000000,0x000000913a100000)]
  0x000002661fb2a800 JavaThread "Cache worker for Build Output Cleanup Cache (D:\Android\FinalAndroid\.gradle\buildOutputCleanup)" [_thread_blocked, id=2764, stack(0x000000913a100000,0x000000913a200000)]
  0x000002661fb31000 JavaThread "Unconstrained build operations" [_thread_blocked, id=16156, stack(0x000000913a200000,0x000000913a300000)]
  0x000002661fb32000 JavaThread "Unconstrained build operations Thread 2" [_thread_blocked, id=14036, stack(0x000000913a300000,0x000000913a400000)]
  0x000002661fb33000 JavaThread "Unconstrained build operations Thread 3" [_thread_blocked, id=1212, stack(0x000000913a400000,0x000000913a500000)]
  0x0000026623c2b000 JavaThread "Unconstrained build operations Thread 4" [_thread_blocked, id=7464, stack(0x000000913a500000,0x000000913a600000)]
  0x0000026623c26000 JavaThread "Unconstrained build operations Thread 5" [_thread_blocked, id=1400, stack(0x000000913a600000,0x000000913a700000)]
  0x0000026623c28800 JavaThread "Unconstrained build operations Thread 6" [_thread_blocked, id=11912, stack(0x000000913a700000,0x000000913a800000)]
  0x0000026623c2a000 JavaThread "Unconstrained build operations Thread 7" [_thread_blocked, id=15816, stack(0x000000913a800000,0x000000913a900000)]
  0x0000026623c27800 JavaThread "Unconstrained build operations Thread 8" [_thread_blocked, id=10564, stack(0x000000913a900000,0x000000913aa00000)]
  0x0000026623c2c800 JavaThread "Unconstrained build operations Thread 9" [_thread_blocked, id=11992, stack(0x000000913aa00000,0x000000913ab00000)]
  0x0000026623c2b800 JavaThread "Unconstrained build operations Thread 10" [_thread_blocked, id=7140, stack(0x000000913ab00000,0x000000913ac00000)]
  0x0000026623c29000 JavaThread "Unconstrained build operations Thread 11" [_thread_blocked, id=10044, stack(0x000000913ac00000,0x000000913ad00000)]
  0x0000026623c26800 JavaThread "Unconstrained build operations Thread 12" [_thread_blocked, id=14504, stack(0x000000913ad00000,0x000000913ae00000)]
  0x0000026623c32000 JavaThread "Unconstrained build operations Thread 13" [_thread_blocked, id=8068, stack(0x000000913ae00000,0x000000913af00000)]
  0x0000026623c2d000 JavaThread "Unconstrained build operations Thread 14" [_thread_blocked, id=14732, stack(0x000000913af00000,0x000000913b000000)]
  0x0000026623c2e000 JavaThread "Unconstrained build operations Thread 15" [_thread_blocked, id=17256, stack(0x000000913b000000,0x000000913b100000)]
  0x0000026623c33000 JavaThread "Unconstrained build operations Thread 16" [_thread_blocked, id=1096, stack(0x000000913b100000,0x000000913b200000)]
  0x0000026623c2f800 JavaThread "Unconstrained build operations Thread 17" [_thread_blocked, id=15768, stack(0x000000913b200000,0x000000913b300000)]
  0x0000026623c30800 JavaThread "Unconstrained build operations Thread 18" [_thread_blocked, id=4928, stack(0x000000913b300000,0x000000913b400000)]
  0x0000026623c31800 JavaThread "Unconstrained build operations Thread 19" [_thread_blocked, id=3708, stack(0x000000913b400000,0x000000913b500000)]
  0x0000026623c34000 JavaThread "Unconstrained build operations Thread 20" [_thread_blocked, id=12268, stack(0x000000913b500000,0x000000913b600000)]
  0x0000026623c34800 JavaThread "Unconstrained build operations Thread 21" [_thread_blocked, id=4064, stack(0x000000913b600000,0x000000913b700000)]
  0x0000026623c2f000 JavaThread "Unconstrained build operations Thread 22" [_thread_blocked, id=10748, stack(0x000000913b700000,0x000000913b800000)]
  0x000002662050f800 JavaThread "Unconstrained build operations Thread 23" [_thread_blocked, id=2816, stack(0x000000913b800000,0x000000913b900000)]
  0x000002662050b800 JavaThread "Unconstrained build operations Thread 24" [_thread_blocked, id=5420, stack(0x000000913b900000,0x000000913ba00000)]
  0x000002662050c000 JavaThread "Unconstrained build operations Thread 25" [_thread_blocked, id=14612, stack(0x000000913ba00000,0x000000913bb00000)]
  0x000002662050e000 JavaThread "Unconstrained build operations Thread 26" [_thread_blocked, id=14576, stack(0x000000913bb00000,0x000000913bc00000)]
  0x000002662050d000 JavaThread "Unconstrained build operations Thread 27" [_thread_blocked, id=8604, stack(0x000000913bc00000,0x000000913bd00000)]
  0x000002662050e800 JavaThread "Unconstrained build operations Thread 28" [_thread_blocked, id=7048, stack(0x000000913bd00000,0x000000913be00000)]
  0x000002662050a000 JavaThread "Unconstrained build operations Thread 29" [_thread_blocked, id=8136, stack(0x000000913be00000,0x000000913bf00000)]
  0x0000026620510800 JavaThread "Unconstrained build operations Thread 30" [_thread_blocked, id=16240, stack(0x000000913bf00000,0x000000913c000000)]
  0x000002662050a800 JavaThread "Unconstrained build operations Thread 31" [_thread_blocked, id=1708, stack(0x000000913c000000,0x000000913c100000)]
  0x0000026620516000 JavaThread "Unconstrained build operations Thread 32" [_thread_blocked, id=2496, stack(0x000000913c100000,0x000000913c200000)]
  0x0000026620512000 JavaThread "Unconstrained build operations Thread 33" [_thread_blocked, id=14880, stack(0x000000913c200000,0x000000913c300000)]
  0x0000026620513000 JavaThread "Unconstrained build operations Thread 34" [_thread_blocked, id=2428, stack(0x000000913c300000,0x000000913c400000)]
  0x0000026620513800 JavaThread "Unconstrained build operations Thread 35" [_thread_blocked, id=10340, stack(0x000000913c400000,0x000000913c500000)]
  0x0000026620514800 JavaThread "Unconstrained build operations Thread 36" [_thread_blocked, id=9608, stack(0x000000913c500000,0x000000913c600000)]
  0x0000026620517000 JavaThread "Unconstrained build operations Thread 37" [_thread_blocked, id=9960, stack(0x000000913c600000,0x000000913c700000)]
  0x0000026620515000 JavaThread "Unconstrained build operations Thread 38" [_thread_blocked, id=3716, stack(0x000000913c700000,0x000000913c800000)]
  0x0000026620511000 JavaThread "Unconstrained build operations Thread 39" [_thread_blocked, id=10204, stack(0x000000913c800000,0x000000913c900000)]
  0x0000026620518800 JavaThread "Unconstrained build operations Thread 40" [_thread_blocked, id=16540, stack(0x000000913c900000,0x000000913ca00000)]
  0x0000026620517800 JavaThread "Unconstrained build operations Thread 41" [_thread_blocked, id=15948, stack(0x000000913ca00000,0x000000913cb00000)]
  0x0000026623a98800 JavaThread "Unconstrained build operations Thread 42" [_thread_blocked, id=6920, stack(0x000000913cb00000,0x000000913cc00000)]
  0x0000026623a9a800 JavaThread "Unconstrained build operations Thread 43" [_thread_blocked, id=11088, stack(0x000000913cc00000,0x000000913cd00000)]
  0x0000026623a9b000 JavaThread "Unconstrained build operations Thread 44" [_thread_blocked, id=11308, stack(0x000000913cd00000,0x000000913ce00000)]
  0x0000026623a9c800 JavaThread "Unconstrained build operations Thread 45" [_thread_blocked, id=13168, stack(0x000000913ce00000,0x000000913cf00000)]
  0x0000026623a97000 JavaThread "Unconstrained build operations Thread 46" [_thread_blocked, id=11228, stack(0x000000913cf00000,0x000000913d000000)]
  0x0000026623a9c000 JavaThread "Unconstrained build operations Thread 47" [_thread_blocked, id=7604, stack(0x000000913d000000,0x000000913d100000)]
  0x0000026623a9d800 JavaThread "Unconstrained build operations Thread 48" [_thread_blocked, id=2712, stack(0x000000913d100000,0x000000913d200000)]
  0x0000026623a98000 JavaThread "Unconstrained build operations Thread 49" [_thread_blocked, id=7024, stack(0x000000913d200000,0x000000913d300000)]
  0x0000026623a9e800 JavaThread "Unconstrained build operations Thread 50" [_thread_blocked, id=10708, stack(0x000000913d300000,0x000000913d400000)]
  0x0000026623a9f000 JavaThread "Unconstrained build operations Thread 51" [_thread_blocked, id=15076, stack(0x000000913d400000,0x000000913d500000)]
  0x0000026623a99800 JavaThread "Unconstrained build operations Thread 52" [_thread_blocked, id=15336, stack(0x000000913d500000,0x000000913d600000)]
  0x0000026623aa5800 JavaThread "Unconstrained build operations Thread 53" [_thread_blocked, id=5256, stack(0x000000913d600000,0x000000913d700000)]
  0x0000026623aa3000 JavaThread "Unconstrained build operations Thread 54" [_thread_blocked, id=7852, stack(0x000000913d700000,0x000000913d800000)]
  0x0000026623aa1800 JavaThread "Unconstrained build operations Thread 55" [_thread_blocked, id=236, stack(0x000000913d800000,0x000000913d900000)]
  0x0000026623aa2800 JavaThread "Unconstrained build operations Thread 56" [_thread_blocked, id=12416, stack(0x000000913d900000,0x000000913da00000)]
  0x0000026623aa0000 JavaThread "Unconstrained build operations Thread 57" [_thread_blocked, id=17264, stack(0x000000913da00000,0x000000913db00000)]
  0x0000026623aa4000 JavaThread "Unconstrained build operations Thread 58" [_thread_blocked, id=292, stack(0x000000913db00000,0x000000913dc00000)]
  0x0000026623aa1000 JavaThread "Unconstrained build operations Thread 59" [_thread_blocked, id=7832, stack(0x000000913dc00000,0x000000913dd00000)]
  0x0000026623aa5000 JavaThread "Unconstrained build operations Thread 60" [_thread_blocked, id=8728, stack(0x000000913dd00000,0x000000913de00000)]
  0x0000026623a7c800 JavaThread "Unconstrained build operations Thread 61" [_thread_blocked, id=16436, stack(0x000000913de00000,0x000000913df00000)]
  0x0000026623a7e000 JavaThread "Unconstrained build operations Thread 62" [_thread_blocked, id=2108, stack(0x000000913df00000,0x000000913e000000)]
  0x0000026623a7d800 JavaThread "Unconstrained build operations Thread 63" [_thread_blocked, id=10744, stack(0x000000913e000000,0x000000913e100000)]
  0x0000026623a7f000 JavaThread "Unconstrained build operations Thread 64" [_thread_blocked, id=11004, stack(0x000000913e100000,0x000000913e200000)]
  0x0000026623a80800 JavaThread "Unconstrained build operations Thread 65" [_thread_blocked, id=15528, stack(0x000000913e200000,0x000000913e300000)]
  0x0000026623a81800 JavaThread "Unconstrained build operations Thread 66" [_thread_blocked, id=15588, stack(0x000000913e300000,0x000000913e400000)]
  0x0000026623a80000 JavaThread "Unconstrained build operations Thread 67" [_thread_blocked, id=16184, stack(0x000000913e400000,0x000000913e500000)]
  0x0000026623a7b800 JavaThread "Unconstrained build operations Thread 68" [_thread_blocked, id=7596, stack(0x000000913e500000,0x000000913e600000)]
  0x0000026623a84800 JavaThread "Unconstrained build operations Thread 69" [_thread_blocked, id=10076, stack(0x000000913e600000,0x000000913e700000)]
  0x0000026623a83000 JavaThread "Unconstrained build operations Thread 70" [_thread_blocked, id=8144, stack(0x000000913e700000,0x000000913e800000)]
  0x0000026623a86800 JavaThread "Unconstrained build operations Thread 71" [_thread_blocked, id=7252, stack(0x000000913e800000,0x000000913e900000)]
  0x0000026623a84000 JavaThread "Unconstrained build operations Thread 72" [_thread_blocked, id=7052, stack(0x000000913e900000,0x000000913ea00000)]
  0x0000026623a85800 JavaThread "Unconstrained build operations Thread 73" [_thread_blocked, id=11356, stack(0x000000913ea00000,0x000000913eb00000)]
  0x0000026623a88000 JavaThread "Unconstrained build operations Thread 74" [_thread_blocked, id=7396, stack(0x000000913eb00000,0x000000913ec00000)]
  0x0000026623a87000 JavaThread "Unconstrained build operations Thread 75" [_thread_blocked, id=16880, stack(0x000000913ec00000,0x000000913ed00000)]
  0x0000026623a82800 JavaThread "Unconstrained build operations Thread 76" [_thread_blocked, id=11928, stack(0x000000913ed00000,0x000000913ee00000)]
  0x0000026623a89000 JavaThread "Unconstrained build operations Thread 77" [_thread_blocked, id=16620, stack(0x000000913ee00000,0x000000913ef00000)]
  0x0000026623a89800 JavaThread "Unconstrained build operations Thread 78" [_thread_blocked, id=3340, stack(0x000000913ef00000,0x000000913f000000)]
  0x0000026623a8a800 JavaThread "Unconstrained build operations Thread 79" [_thread_blocked, id=10324, stack(0x000000913f000000,0x000000913f100000)]
  0x0000026622368800 JavaThread "Unconstrained build operations Thread 80" [_thread_blocked, id=1412, stack(0x000000913f100000,0x000000913f200000)]
  0x0000026622368000 JavaThread "jar transforms Thread 4" [_thread_blocked, id=12168, stack(0x000000913f200000,0x000000913f300000)]
  0x0000026622365800 JavaThread "jar transforms Thread 5" [_thread_blocked, id=1316, stack(0x000000913f300000,0x000000913f400000)]
  0x000002662236a800 JavaThread "jar transforms Thread 6" [_thread_blocked, id=2288, stack(0x000000913f400000,0x000000913f500000)]
  0x0000026622364800 JavaThread "jar transforms Thread 7" [_thread_blocked, id=9104, stack(0x000000913f500000,0x000000913f600000)]
  0x0000026622369800 JavaThread "jar transforms Thread 8" [_thread_blocked, id=1960, stack(0x000000913f600000,0x000000913f700000)]
  0x0000026622366000 JavaThread "Memory manager" [_thread_blocked, id=5852, stack(0x000000913f700000,0x000000913f800000)]

Other Threads:
  0x000002661c090000 VMThread "VM Thread" [stack: 0x0000009137300000,0x0000009137400000] [id=9816]
  0x000002661cb96000 WatcherThread [stack: 0x0000009137d00000,0x0000009137e00000] [id=7460]
  0x0000026601445800 GCTaskThread "GC Thread#0" [stack: 0x0000009136e00000,0x0000009136f00000] [id=4368]
  0x000002661d664800 GCTaskThread "GC Thread#1" [stack: 0x0000009137f00000,0x0000009138000000] [id=9920]
  0x000002661d6b5000 GCTaskThread "GC Thread#2" [stack: 0x0000009138000000,0x0000009138100000] [id=16460]
  0x000002661e85a800 GCTaskThread "GC Thread#3" [stack: 0x0000009138a00000,0x0000009138b00000] [id=2352]
  0x000002661eb9e800 GCTaskThread "GC Thread#4" [stack: 0x0000009138b00000,0x0000009138c00000] [id=12368]
  0x000002661e394000 GCTaskThread "GC Thread#5" [stack: 0x0000009138c00000,0x0000009138d00000] [id=10552]
  0x000002661f24e000 GCTaskThread "GC Thread#6" [stack: 0x0000009138d00000,0x0000009138e00000] [id=16428]
  0x000002661f69c000 GCTaskThread "GC Thread#7" [stack: 0x0000009138e00000,0x0000009138f00000] [id=16772]
  0x0000026601477800 ConcurrentGCThread "G1 Main Marker" [stack: 0x0000009136f00000,0x0000009137000000] [id=16424]
  0x0000026601479000 ConcurrentGCThread "G1 Conc#0" [stack: 0x0000009137000000,0x0000009137100000] [id=5052]
  0x000002661f230800 ConcurrentGCThread "G1 Conc#1" [stack: 0x0000009139200000,0x0000009139300000] [id=4084]
  0x000002661bee0800 ConcurrentGCThread "G1 Refine#0" [stack: 0x0000009137100000,0x0000009137200000] [id=14360]
  0x000002661bee1800 ConcurrentGCThread "G1 Young RemSet Sampling" [stack: 0x0000009137200000,0x0000009137300000] [id=3316]

Threads with active compile tasks:
C2 CompilerThread0   5906 5900       4       org.objectweb.asm.MethodWriter::visitMethodInsn (191 bytes)
C1 CompilerThread0   5906 5909       3       com.google.common.collect.MapMakerInternalMap$StrongKeyWeakValueEntry$Helper::copy (19 bytes)
C2 CompilerThread1   5906 5748   !   4       com.google.common.reflect.TypeVisitor::visit (244 bytes)
C2 CompilerThread2   5906 5895       4       sun.invoke.util.BytecodeDescriptor::unparseSig (91 bytes)

VM state:not at safepoint (normal execution)

VM Mutex/Monitor currently owned by a thread: None

Heap address: 0x0000000080000000, size: 2048 MB, Compressed Oops mode: 32-bit
Narrow klass base: 0x0000000000000000, Narrow klass shift: 3
Compressed class space size: 1073741824 Address: 0x0000000100000000

Heap:
 garbage-first heap   total 187392K, used 48884K [0x0000000080000000, 0x0000000100000000)
  region size 1024K, 6 young (6144K), 3 survivors (3072K)
 Metaspace       used 58891K, capacity 60446K, committed 60620K, reserved 1101824K
  class space    used 7518K, capacity 8081K, committed 8140K, reserved 1048576K
Heap Regions: E=young(eden), S=young(survivor), O=old, HS=humongous(starts), HC=humongous(continues), CS=collection set, F=free, A=archive, TAMS=top-at-mark-start (previous, next)
|   0|0x0000000080000000, 0x0000000080100000, 0x0000000080100000|100%| O|  |TAMS 0x0000000080100000, 0x0000000080100000| Untracked 
|   1|0x0000000080100000, 0x0000000080200000, 0x0000000080200000|100%| O|  |TAMS 0x0000000080200000, 0x0000000080200000| Untracked 
|   2|0x0000000080200000, 0x0000000080300000, 0x0000000080300000|100%| O|  |TAMS 0x0000000080300000, 0x0000000080300000| Untracked 
|   3|0x0000000080300000, 0x0000000080400000, 0x0000000080400000|100%|HS|  |TAMS 0x0000000080400000, 0x0000000080400000| Complete 
|   4|0x0000000080400000, 0x0000000080500000, 0x0000000080500000|100%|HC|  |TAMS 0x0000000080500000, 0x0000000080500000| Complete 
|   5|0x0000000080500000, 0x0000000080600000, 0x0000000080600000|100%|HC|  |TAMS 0x0000000080600000, 0x0000000080600000| Complete 
|   6|0x0000000080600000, 0x0000000080700000, 0x0000000080700000|100%| O|  |TAMS 0x0000000080700000, 0x0000000080700000| Untracked 
|   7|0x0000000080700000, 0x0000000080800000, 0x0000000080800000|100%| O|  |TAMS 0x0000000080800000, 0x0000000080800000| Untracked 
|   8|0x0000000080800000, 0x0000000080900000, 0x0000000080900000|100%| O|  |TAMS 0x0000000080900000, 0x0000000080900000| Untracked 
|   9|0x0000000080900000, 0x0000000080a00000, 0x0000000080a00000|100%| O|  |TAMS 0x0000000080a00000, 0x0000000080a00000| Untracked 
|  10|0x0000000080a00000, 0x0000000080b00000, 0x0000000080b00000|100%| O|  |TAMS 0x0000000080b00000, 0x0000000080b00000| Untracked 
|  11|0x0000000080b00000, 0x0000000080c00000, 0x0000000080c00000|100%| O|  |TAMS 0x0000000080c00000, 0x0000000080c00000| Untracked 
|  12|0x0000000080c00000, 0x0000000080d00000, 0x0000000080d00000|100%| O|  |TAMS 0x0000000080d00000, 0x0000000080d00000| Untracked 
|  13|0x0000000080d00000, 0x0000000080e00000, 0x0000000080e00000|100%| O|  |TAMS 0x0000000080e00000, 0x0000000080e00000| Untracked 
|  14|0x0000000080e00000, 0x0000000080f00000, 0x0000000080f00000|100%| O|  |TAMS 0x0000000080f00000, 0x0000000080f00000| Untracked 
|  15|0x0000000080f00000, 0x0000000081000000, 0x0000000081000000|100%| O|  |TAMS 0x0000000080f79200, 0x0000000081000000| Untracked 
|  16|0x0000000081000000, 0x0000000081100000, 0x0000000081100000|100%|HS|  |TAMS 0x0000000081000000, 0x0000000081100000| Complete 
|  17|0x0000000081100000, 0x0000000081200000, 0x0000000081200000|100%| O|  |TAMS 0x0000000081100000, 0x0000000081200000| Untracked 
|  18|0x0000000081200000, 0x0000000081300000, 0x0000000081300000|100%| O|  |TAMS 0x0000000081200000, 0x0000000081300000| Untracked 
|  19|0x0000000081300000, 0x0000000081400000, 0x0000000081400000|100%| O|  |TAMS 0x0000000081300000, 0x0000000081400000| Untracked 
|  20|0x0000000081400000, 0x0000000081500000, 0x0000000081500000|100%| O|  |TAMS 0x0000000081400000, 0x0000000081500000| Untracked 
|  21|0x0000000081500000, 0x0000000081600000, 0x0000000081600000|100%| O|  |TAMS 0x0000000081500000, 0x0000000081600000| Untracked 
|  22|0x0000000081600000, 0x0000000081700000, 0x0000000081700000|100%| O|  |TAMS 0x0000000081600000, 0x0000000081700000| Untracked 
|  23|0x0000000081700000, 0x0000000081800000, 0x0000000081800000|100%|HS|  |TAMS 0x0000000081700000, 0x0000000081800000| Complete 
|  24|0x0000000081800000, 0x0000000081900000, 0x0000000081900000|100%|HS|  |TAMS 0x0000000081800000, 0x0000000081900000| Complete 
|  25|0x0000000081900000, 0x0000000081a00000, 0x0000000081a00000|100%|HS|  |TAMS 0x0000000081900000, 0x0000000081a00000| Complete 
|  26|0x0000000081a00000, 0x0000000081b00000, 0x0000000081b00000|100%|HC|  |TAMS 0x0000000081a00000, 0x0000000081b00000| Complete 
|  27|0x0000000081b00000, 0x0000000081c00000, 0x0000000081c00000|100%| O|  |TAMS 0x0000000081b00000, 0x0000000081c00000| Untracked 
|  28|0x0000000081c00000, 0x0000000081d00000, 0x0000000081d00000|100%| O|  |TAMS 0x0000000081c00000, 0x0000000081d00000| Untracked 
|  29|0x0000000081d00000, 0x0000000081e00000, 0x0000000081e00000|100%| O|  |TAMS 0x0000000081d00000, 0x0000000081e00000| Untracked 
|  30|0x0000000081e00000, 0x0000000081f00000, 0x0000000081f00000|100%| O|  |TAMS 0x0000000081e00000, 0x0000000081f00000| Untracked 
|  31|0x0000000081f00000, 0x0000000082000000, 0x0000000082000000|100%| O|  |TAMS 0x0000000081f00000, 0x0000000082000000| Untracked 
|  32|0x0000000082000000, 0x0000000082100000, 0x0000000082100000|100%| O|  |TAMS 0x0000000082000000, 0x0000000082100000| Untracked 
|  33|0x0000000082100000, 0x0000000082200000, 0x0000000082200000|100%| O|  |TAMS 0x0000000082100000, 0x0000000082200000| Untracked 
|  34|0x0000000082200000, 0x0000000082300000, 0x0000000082300000|100%| O|  |TAMS 0x0000000082200000, 0x0000000082300000| Untracked 
|  35|0x0000000082300000, 0x0000000082400000, 0x0000000082400000|100%| O|  |TAMS 0x0000000082300000, 0x0000000082400000| Untracked 
|  36|0x0000000082400000, 0x0000000082500000, 0x0000000082500000|100%| O|  |TAMS 0x0000000082400000, 0x0000000082500000| Untracked 
|  37|0x0000000082500000, 0x0000000082600000, 0x0000000082600000|100%| O|  |TAMS 0x0000000082500000, 0x0000000082600000| Untracked 
|  38|0x0000000082600000, 0x0000000082700000, 0x0000000082700000|100%| O|  |TAMS 0x0000000082600000, 0x0000000082700000| Untracked 
|  39|0x0000000082700000, 0x0000000082800000, 0x0000000082800000|100%| O|  |TAMS 0x0000000082700000, 0x0000000082800000| Untracked 
|  40|0x0000000082800000, 0x0000000082900000, 0x0000000082900000|100%| O|  |TAMS 0x0000000082800000, 0x0000000082900000| Untracked 
|  41|0x0000000082900000, 0x0000000082a00000, 0x0000000082a00000|100%| O|  |TAMS 0x0000000082900000, 0x0000000082a00000| Untracked 
|  42|0x0000000082a00000, 0x0000000082b00000, 0x0000000082b00000|100%| O|  |TAMS 0x0000000082a00000, 0x0000000082b00000| Untracked 
|  43|0x0000000082b00000, 0x0000000082b1a600, 0x0000000082c00000| 10%| O|  |TAMS 0x0000000082b00000, 0x0000000082b1a600| Untracked 
|  44|0x0000000082c00000, 0x0000000082c00000, 0x0000000082d00000|  0%| F|  |TAMS 0x0000000082c00000, 0x0000000082c00000| Untracked 
|  45|0x0000000082d00000, 0x0000000082d00000, 0x0000000082e00000|  0%| F|  |TAMS 0x0000000082d00000, 0x0000000082d00000| Untracked 
|  46|0x0000000082e00000, 0x0000000082e00000, 0x0000000082f00000|  0%| F|  |TAMS 0x0000000082e00000, 0x0000000082e00000| Untracked 
|  47|0x0000000082f00000, 0x0000000082f00000, 0x0000000083000000|  0%| F|  |TAMS 0x0000000082f00000, 0x0000000082f00000| Untracked 
|  48|0x0000000083000000, 0x0000000083000000, 0x0000000083100000|  0%| F|  |TAMS 0x0000000083000000, 0x0000000083000000| Untracked 
|  49|0x0000000083100000, 0x0000000083100000, 0x0000000083200000|  0%| F|  |TAMS 0x0000000083100000, 0x0000000083100000| Untracked 
|  50|0x0000000083200000, 0x0000000083200000, 0x0000000083300000|  0%| F|  |TAMS 0x0000000083200000, 0x0000000083200000| Untracked 
|  51|0x0000000083300000, 0x0000000083300000, 0x0000000083400000|  0%| F|  |TAMS 0x0000000083300000, 0x0000000083300000| Untracked 
|  52|0x0000000083400000, 0x0000000083400000, 0x0000000083500000|  0%| F|  |TAMS 0x0000000083400000, 0x0000000083400000| Untracked 
|  53|0x0000000083500000, 0x0000000083500000, 0x0000000083600000|  0%| F|  |TAMS 0x0000000083500000, 0x0000000083500000| Untracked 
|  54|0x0000000083600000, 0x0000000083600000, 0x0000000083700000|  0%| F|  |TAMS 0x0000000083600000, 0x0000000083600000| Untracked 
|  55|0x0000000083700000, 0x0000000083700000, 0x0000000083800000|  0%| F|  |TAMS 0x0000000083700000, 0x0000000083700000| Untracked 
|  56|0x0000000083800000, 0x0000000083800000, 0x0000000083900000|  0%| F|  |TAMS 0x0000000083800000, 0x0000000083800000| Untracked 
|  57|0x0000000083900000, 0x0000000083900000, 0x0000000083a00000|  0%| F|  |TAMS 0x0000000083900000, 0x0000000083900000| Untracked 
|  58|0x0000000083a00000, 0x0000000083a00000, 0x0000000083b00000|  0%| F|  |TAMS 0x0000000083a00000, 0x0000000083a00000| Untracked 
|  59|0x0000000083b00000, 0x0000000083b00000, 0x0000000083c00000|  0%| F|  |TAMS 0x0000000083b00000, 0x0000000083b00000| Untracked 
|  60|0x0000000083c00000, 0x0000000083c00000, 0x0000000083d00000|  0%| F|  |TAMS 0x0000000083c00000, 0x0000000083c00000| Untracked 
|  61|0x0000000083d00000, 0x0000000083d00000, 0x0000000083e00000|  0%| F|  |TAMS 0x0000000083d00000, 0x0000000083d00000| Untracked 
|  62|0x0000000083e00000, 0x0000000083e00000, 0x0000000083f00000|  0%| F|  |TAMS 0x0000000083e00000, 0x0000000083e00000| Untracked 
|  63|0x0000000083f00000, 0x0000000083f00000, 0x0000000084000000|  0%| F|  |TAMS 0x0000000083f00000, 0x0000000083f00000| Untracked 
|  64|0x0000000084000000, 0x0000000084000000, 0x0000000084100000|  0%| F|  |TAMS 0x0000000084000000, 0x0000000084000000| Untracked 
|  65|0x0000000084100000, 0x0000000084100000, 0x0000000084200000|  0%| F|  |TAMS 0x0000000084100000, 0x0000000084100000| Untracked 
|  66|0x0000000084200000, 0x0000000084200000, 0x0000000084300000|  0%| F|  |TAMS 0x0000000084200000, 0x0000000084200000| Untracked 
|  67|0x0000000084300000, 0x0000000084300000, 0x0000000084400000|  0%| F|  |TAMS 0x0000000084300000, 0x0000000084300000| Untracked 
|  68|0x0000000084400000, 0x0000000084400000, 0x0000000084500000|  0%| F|  |TAMS 0x0000000084400000, 0x0000000084400000| Untracked 
|  69|0x0000000084500000, 0x0000000084500000, 0x0000000084600000|  0%| F|  |TAMS 0x0000000084500000, 0x0000000084500000| Untracked 
|  70|0x0000000084600000, 0x0000000084600000, 0x0000000084700000|  0%| F|  |TAMS 0x0000000084600000, 0x0000000084600000| Untracked 
|  71|0x0000000084700000, 0x0000000084700000, 0x0000000084800000|  0%| F|  |TAMS 0x0000000084700000, 0x0000000084700000| Untracked 
|  72|0x0000000084800000, 0x0000000084800000, 0x0000000084900000|  0%| F|  |TAMS 0x0000000084800000, 0x0000000084800000| Untracked 
|  73|0x0000000084900000, 0x0000000084900000, 0x0000000084a00000|  0%| F|  |TAMS 0x0000000084900000, 0x0000000084900000| Untracked 
|  74|0x0000000084a00000, 0x0000000084a00000, 0x0000000084b00000|  0%| F|  |TAMS 0x0000000084a00000, 0x0000000084a00000| Untracked 
|  75|0x0000000084b00000, 0x0000000084b00000, 0x0000000084c00000|  0%| F|  |TAMS 0x0000000084b00000, 0x0000000084b00000| Untracked 
|  76|0x0000000084c00000, 0x0000000084c00000, 0x0000000084d00000|  0%| F|  |TAMS 0x0000000084c00000, 0x0000000084c00000| Untracked 
|  77|0x0000000084d00000, 0x0000000084d00000, 0x0000000084e00000|  0%| F|  |TAMS 0x0000000084d00000, 0x0000000084d00000| Untracked 
|  78|0x0000000084e00000, 0x0000000084e00000, 0x0000000084f00000|  0%| F|  |TAMS 0x0000000084e00000, 0x0000000084e00000| Untracked 
|  79|0x0000000084f00000, 0x0000000084f00000, 0x0000000085000000|  0%| F|  |TAMS 0x0000000084f00000, 0x0000000084f00000| Untracked 
|  80|0x0000000085000000, 0x0000000085000000, 0x0000000085100000|  0%| F|  |TAMS 0x0000000085000000, 0x0000000085000000| Untracked 
|  81|0x0000000085100000, 0x0000000085100000, 0x0000000085200000|  0%| F|  |TAMS 0x0000000085100000, 0x0000000085100000| Untracked 
|  82|0x0000000085200000, 0x0000000085200000, 0x0000000085300000|  0%| F|  |TAMS 0x0000000085200000, 0x0000000085200000| Untracked 
|  83|0x0000000085300000, 0x0000000085300000, 0x0000000085400000|  0%| F|  |TAMS 0x0000000085300000, 0x0000000085300000| Untracked 
|  84|0x0000000085400000, 0x0000000085400000, 0x0000000085500000|  0%| F|  |TAMS 0x0000000085400000, 0x0000000085400000| Untracked 
|  85|0x0000000085500000, 0x0000000085500000, 0x0000000085600000|  0%| F|  |TAMS 0x0000000085500000, 0x0000000085500000| Untracked 
|  86|0x0000000085600000, 0x0000000085600000, 0x0000000085700000|  0%| F|  |TAMS 0x0000000085600000, 0x0000000085600000| Untracked 
|  87|0x0000000085700000, 0x0000000085700000, 0x0000000085800000|  0%| F|  |TAMS 0x0000000085700000, 0x0000000085700000| Untracked 
|  88|0x0000000085800000, 0x0000000085800000, 0x0000000085900000|  0%| F|  |TAMS 0x0000000085800000, 0x0000000085800000| Untracked 
|  89|0x0000000085900000, 0x0000000085900000, 0x0000000085a00000|  0%| F|  |TAMS 0x0000000085900000, 0x0000000085900000| Untracked 
|  90|0x0000000085a00000, 0x0000000085a00000, 0x0000000085b00000|  0%| F|  |TAMS 0x0000000085a00000, 0x0000000085a00000| Untracked 
|  91|0x0000000085b00000, 0x0000000085b00000, 0x0000000085c00000|  0%| F|  |TAMS 0x0000000085b00000, 0x0000000085b00000| Untracked 
|  92|0x0000000085c00000, 0x0000000085c00000, 0x0000000085d00000|  0%| F|  |TAMS 0x0000000085c00000, 0x0000000085c00000| Untracked 
|  93|0x0000000085d00000, 0x0000000085d00000, 0x0000000085e00000|  0%| F|  |TAMS 0x0000000085d00000, 0x0000000085d00000| Untracked 
|  94|0x0000000085e00000, 0x0000000085e00000, 0x0000000085f00000|  0%| F|  |TAMS 0x0000000085e00000, 0x0000000085e00000| Untracked 
|  95|0x0000000085f00000, 0x0000000085f00000, 0x0000000086000000|  0%| F|  |TAMS 0x0000000085f00000, 0x0000000085f00000| Untracked 
|  96|0x0000000086000000, 0x0000000086000000, 0x0000000086100000|  0%| F|  |TAMS 0x0000000086000000, 0x0000000086000000| Untracked 
|  97|0x0000000086100000, 0x0000000086100000, 0x0000000086200000|  0%| F|  |TAMS 0x0000000086100000, 0x0000000086100000| Untracked 
|  98|0x0000000086200000, 0x0000000086200000, 0x0000000086300000|  0%| F|  |TAMS 0x0000000086200000, 0x0000000086200000| Untracked 
|  99|0x0000000086300000, 0x0000000086300000, 0x0000000086400000|  0%| F|  |TAMS 0x0000000086300000, 0x0000000086300000| Untracked 
| 100|0x0000000086400000, 0x0000000086400000, 0x0000000086500000|  0%| F|  |TAMS 0x0000000086400000, 0x0000000086400000| Untracked 
| 101|0x0000000086500000, 0x0000000086500000, 0x0000000086600000|  0%| F|  |TAMS 0x0000000086500000, 0x0000000086500000| Untracked 
| 102|0x0000000086600000, 0x0000000086600000, 0x0000000086700000|  0%| F|  |TAMS 0x0000000086600000, 0x0000000086600000| Untracked 
| 103|0x0000000086700000, 0x0000000086700000, 0x0000000086800000|  0%| F|  |TAMS 0x0000000086700000, 0x0000000086700000| Untracked 
| 104|0x0000000086800000, 0x0000000086800000, 0x0000000086900000|  0%| F|  |TAMS 0x0000000086800000, 0x0000000086800000| Untracked 
| 105|0x0000000086900000, 0x00000000869a2d38, 0x0000000086a00000| 63%| S|CS|TAMS 0x0000000086900000, 0x0000000086900000| Complete 
| 106|0x0000000086a00000, 0x0000000086b00000, 0x0000000086b00000|100%| S|CS|TAMS 0x0000000086a00000, 0x0000000086a00000| Complete 
| 107|0x0000000086b00000, 0x0000000086c00000, 0x0000000086c00000|100%| S|CS|TAMS 0x0000000086b00000, 0x0000000086b00000| Complete 
| 108|0x0000000086c00000, 0x0000000086c00000, 0x0000000086d00000|  0%| F|  |TAMS 0x0000000086c00000, 0x0000000086c00000| Untracked 
| 109|0x0000000086d00000, 0x0000000086d00000, 0x0000000086e00000|  0%| F|  |TAMS 0x0000000086d00000, 0x0000000086d00000| Untracked 
| 110|0x0000000086e00000, 0x0000000086e00000, 0x0000000086f00000|  0%| F|  |TAMS 0x0000000086e00000, 0x0000000086e00000| Untracked 
| 111|0x0000000086f00000, 0x0000000086f00000, 0x0000000087000000|  0%| F|  |TAMS 0x0000000086f00000, 0x0000000086f00000| Untracked 
| 112|0x0000000087000000, 0x0000000087000000, 0x0000000087100000|  0%| F|  |TAMS 0x0000000087000000, 0x0000000087000000| Untracked 
| 113|0x0000000087100000, 0x0000000087100000, 0x0000000087200000|  0%| F|  |TAMS 0x0000000087100000, 0x0000000087100000| Untracked 
| 114|0x0000000087200000, 0x0000000087200000, 0x0000000087300000|  0%| F|  |TAMS 0x0000000087200000, 0x0000000087200000| Untracked 
| 115|0x0000000087300000, 0x0000000087300000, 0x0000000087400000|  0%| F|  |TAMS 0x0000000087300000, 0x0000000087300000| Untracked 
| 116|0x0000000087400000, 0x0000000087400000, 0x0000000087500000|  0%| F|  |TAMS 0x0000000087400000, 0x0000000087400000| Untracked 
| 117|0x0000000087500000, 0x0000000087500000, 0x0000000087600000|  0%| F|  |TAMS 0x0000000087500000, 0x0000000087500000| Untracked 
| 118|0x0000000087600000, 0x0000000087600000, 0x0000000087700000|  0%| F|  |TAMS 0x0000000087600000, 0x0000000087600000| Untracked 
| 119|0x0000000087700000, 0x0000000087700000, 0x0000000087800000|  0%| F|  |TAMS 0x0000000087700000, 0x0000000087700000| Untracked 
| 120|0x0000000087800000, 0x0000000087800000, 0x0000000087900000|  0%| F|  |TAMS 0x0000000087800000, 0x0000000087800000| Untracked 
| 121|0x0000000087900000, 0x0000000087900000, 0x0000000087a00000|  0%| F|  |TAMS 0x0000000087900000, 0x0000000087900000| Untracked 
| 122|0x0000000087a00000, 0x0000000087a00000, 0x0000000087b00000|  0%| F|  |TAMS 0x0000000087a00000, 0x0000000087a00000| Untracked 
| 123|0x0000000087b00000, 0x0000000087b00000, 0x0000000087c00000|  0%| F|  |TAMS 0x0000000087b00000, 0x0000000087b00000| Untracked 
| 124|0x0000000087c00000, 0x0000000087c00000, 0x0000000087d00000|  0%| F|  |TAMS 0x0000000087c00000, 0x0000000087c00000| Untracked 
| 125|0x0000000087d00000, 0x0000000087d00000, 0x0000000087e00000|  0%| F|  |TAMS 0x0000000087d00000, 0x0000000087d00000| Untracked 
| 126|0x0000000087e00000, 0x0000000087e00000, 0x0000000087f00000|  0%| F|  |TAMS 0x0000000087e00000, 0x0000000087e00000| Untracked 
| 127|0x0000000087f00000, 0x0000000087f00000, 0x0000000088000000|  0%| F|  |TAMS 0x0000000087f00000, 0x0000000087f00000| Untracked 
| 128|0x0000000088000000, 0x0000000088000000, 0x0000000088100000|  0%| F|  |TAMS 0x0000000088000000, 0x0000000088000000| Untracked 
| 129|0x0000000088100000, 0x0000000088100000, 0x0000000088200000|  0%| F|  |TAMS 0x0000000088100000, 0x0000000088100000| Untracked 
| 130|0x0000000088200000, 0x0000000088200000, 0x0000000088300000|  0%| F|  |TAMS 0x0000000088200000, 0x0000000088200000| Untracked 
| 131|0x0000000088300000, 0x0000000088300000, 0x0000000088400000|  0%| F|  |TAMS 0x0000000088300000, 0x0000000088300000| Untracked 
| 132|0x0000000088400000, 0x0000000088400000, 0x0000000088500000|  0%| F|  |TAMS 0x0000000088400000, 0x0000000088400000| Untracked 
| 133|0x0000000088500000, 0x0000000088500000, 0x0000000088600000|  0%| F|  |TAMS 0x0000000088500000, 0x0000000088500000| Untracked 
| 134|0x0000000088600000, 0x0000000088600000, 0x0000000088700000|  0%| F|  |TAMS 0x0000000088600000, 0x0000000088600000| Untracked 
| 135|0x0000000088700000, 0x0000000088700000, 0x0000000088800000|  0%| F|  |TAMS 0x0000000088700000, 0x0000000088700000| Untracked 
| 136|0x0000000088800000, 0x0000000088800000, 0x0000000088900000|  0%| F|  |TAMS 0x0000000088800000, 0x0000000088800000| Untracked 
| 137|0x0000000088900000, 0x0000000088900000, 0x0000000088a00000|  0%| F|  |TAMS 0x0000000088900000, 0x0000000088900000| Untracked 
| 138|0x0000000088a00000, 0x0000000088a00000, 0x0000000088b00000|  0%| F|  |TAMS 0x0000000088a00000, 0x0000000088a00000| Untracked 
| 139|0x0000000088b00000, 0x0000000088b00000, 0x0000000088c00000|  0%| F|  |TAMS 0x0000000088b00000, 0x0000000088b00000| Untracked 
| 140|0x0000000088c00000, 0x0000000088c00000, 0x0000000088d00000|  0%| F|  |TAMS 0x0000000088c00000, 0x0000000088c00000| Untracked 
| 141|0x0000000088d00000, 0x0000000088d00000, 0x0000000088e00000|  0%| F|  |TAMS 0x0000000088d00000, 0x0000000088d00000| Untracked 
| 142|0x0000000088e00000, 0x0000000088e00000, 0x0000000088f00000|  0%| F|  |TAMS 0x0000000088e00000, 0x0000000088e00000| Untracked 
| 143|0x0000000088f00000, 0x0000000088f00000, 0x0000000089000000|  0%| F|  |TAMS 0x0000000088f00000, 0x0000000088f00000| Untracked 
| 144|0x0000000089000000, 0x0000000089000000, 0x0000000089100000|  0%| F|  |TAMS 0x0000000089000000, 0x0000000089000000| Untracked 
| 145|0x0000000089100000, 0x0000000089100000, 0x0000000089200000|  0%| F|  |TAMS 0x0000000089100000, 0x0000000089100000| Untracked 
| 146|0x0000000089200000, 0x0000000089200000, 0x0000000089300000|  0%| F|  |TAMS 0x0000000089200000, 0x0000000089200000| Untracked 
| 147|0x0000000089300000, 0x0000000089300000, 0x0000000089400000|  0%| F|  |TAMS 0x0000000089300000, 0x0000000089300000| Untracked 
| 148|0x0000000089400000, 0x0000000089400000, 0x0000000089500000|  0%| F|  |TAMS 0x0000000089400000, 0x0000000089400000| Untracked 
| 149|0x0000000089500000, 0x0000000089500000, 0x0000000089600000|  0%| F|  |TAMS 0x0000000089500000, 0x0000000089500000| Untracked 
| 150|0x0000000089600000, 0x0000000089600000, 0x0000000089700000|  0%| F|  |TAMS 0x0000000089600000, 0x0000000089600000| Untracked 
| 151|0x0000000089700000, 0x0000000089700000, 0x0000000089800000|  0%| F|  |TAMS 0x0000000089700000, 0x0000000089700000| Untracked 
| 152|0x0000000089800000, 0x0000000089800000, 0x0000000089900000|  0%| F|  |TAMS 0x0000000089800000, 0x0000000089800000| Untracked 
| 153|0x0000000089900000, 0x0000000089900000, 0x0000000089a00000|  0%| F|  |TAMS 0x0000000089900000, 0x0000000089900000| Untracked 
| 154|0x0000000089a00000, 0x0000000089a00000, 0x0000000089b00000|  0%| F|  |TAMS 0x0000000089a00000, 0x0000000089a00000| Untracked 
| 155|0x0000000089b00000, 0x0000000089b00000, 0x0000000089c00000|  0%| F|  |TAMS 0x0000000089b00000, 0x0000000089b00000| Untracked 
| 156|0x0000000089c00000, 0x0000000089c00000, 0x0000000089d00000|  0%| F|  |TAMS 0x0000000089c00000, 0x0000000089c00000| Untracked 
| 157|0x0000000089d00000, 0x0000000089d00000, 0x0000000089e00000|  0%| F|  |TAMS 0x0000000089d00000, 0x0000000089d00000| Untracked 
| 158|0x0000000089e00000, 0x0000000089e00000, 0x0000000089f00000|  0%| F|  |TAMS 0x0000000089e00000, 0x0000000089e00000| Untracked 
| 159|0x0000000089f00000, 0x0000000089f00000, 0x000000008a000000|  0%| F|  |TAMS 0x0000000089f00000, 0x0000000089f00000| Untracked 
| 160|0x000000008a000000, 0x000000008a000000, 0x000000008a100000|  0%| F|  |TAMS 0x000000008a000000, 0x000000008a000000| Untracked 
| 161|0x000000008a100000, 0x000000008a100000, 0x000000008a200000|  0%| F|  |TAMS 0x000000008a100000, 0x000000008a100000| Untracked 
| 162|0x000000008a200000, 0x000000008a200000, 0x000000008a300000|  0%| F|  |TAMS 0x000000008a200000, 0x000000008a200000| Untracked 
| 163|0x000000008a300000, 0x000000008a300000, 0x000000008a400000|  0%| F|  |TAMS 0x000000008a300000, 0x000000008a300000| Untracked 
| 164|0x000000008a400000, 0x000000008a400000, 0x000000008a500000|  0%| F|  |TAMS 0x000000008a400000, 0x000000008a400000| Untracked 
| 165|0x000000008a500000, 0x000000008a500000, 0x000000008a600000|  0%| F|  |TAMS 0x000000008a500000, 0x000000008a500000| Untracked 
| 166|0x000000008a600000, 0x000000008a600000, 0x000000008a700000|  0%| F|  |TAMS 0x000000008a600000, 0x000000008a600000| Untracked 
| 167|0x000000008a700000, 0x000000008a700000, 0x000000008a800000|  0%| F|  |TAMS 0x000000008a700000, 0x000000008a700000| Untracked 
| 168|0x000000008a800000, 0x000000008a800000, 0x000000008a900000|  0%| F|  |TAMS 0x000000008a800000, 0x000000008a800000| Untracked 
| 169|0x000000008a900000, 0x000000008a900000, 0x000000008aa00000|  0%| F|  |TAMS 0x000000008a900000, 0x000000008a900000| Untracked 
| 170|0x000000008aa00000, 0x000000008aa00000, 0x000000008ab00000|  0%| F|  |TAMS 0x000000008aa00000, 0x000000008aa00000| Untracked 
| 171|0x000000008ab00000, 0x000000008ab00000, 0x000000008ac00000|  0%| F|  |TAMS 0x000000008ab00000, 0x000000008ab00000| Untracked 
| 172|0x000000008ac00000, 0x000000008ac00000, 0x000000008ad00000|  0%| F|  |TAMS 0x000000008ac00000, 0x000000008ac00000| Untracked 
| 173|0x000000008ad00000, 0x000000008ad00000, 0x000000008ae00000|  0%| F|  |TAMS 0x000000008ad00000, 0x000000008ad00000| Untracked 
| 174|0x000000008ae00000, 0x000000008ae00000, 0x000000008af00000|  0%| F|  |TAMS 0x000000008ae00000, 0x000000008ae00000| Untracked 
| 175|0x000000008af00000, 0x000000008af00000, 0x000000008b000000|  0%| F|  |TAMS 0x000000008af00000, 0x000000008af00000| Untracked 
| 176|0x000000008b000000, 0x000000008b000000, 0x000000008b100000|  0%| F|  |TAMS 0x000000008b000000, 0x000000008b000000| Untracked 
| 177|0x000000008b100000, 0x000000008b100000, 0x000000008b200000|  0%| F|  |TAMS 0x000000008b100000, 0x000000008b100000| Untracked 
| 178|0x000000008b200000, 0x000000008b200000, 0x000000008b300000|  0%| F|  |TAMS 0x000000008b200000, 0x000000008b200000| Untracked 
| 179|0x000000008b300000, 0x000000008b300000, 0x000000008b400000|  0%| F|  |TAMS 0x000000008b300000, 0x000000008b300000| Untracked 
| 180|0x000000008b400000, 0x000000008b500000, 0x000000008b500000|100%| E|  |TAMS 0x000000008b400000, 0x000000008b400000| Complete 
| 181|0x000000008b500000, 0x000000008b600000, 0x000000008b600000|100%| E|CS|TAMS 0x000000008b500000, 0x000000008b500000| Complete 
| 182|0x000000008b600000, 0x000000008b700000, 0x000000008b700000|100%| E|CS|TAMS 0x000000008b600000, 0x000000008b600000| Complete 

Card table byte_map: [0x0000026614dc0000,0x00000266151c0000] _byte_map_base: 0x00000266149c0000

Marking Bits (Prev, Next): (CMBitMap*) 0x000002660146ee68, (CMBitMap*) 0x000002660146eea0
 Prev Bits: [0x00000266155c0000, 0x00000266175c0000)
 Next Bits: [0x00000266175c0000, 0x00000266195c0000)

Polling page: 0x0000026601510000

Metaspace:

Usage:
  Non-class:     51.14 MB capacity,    50.19 MB ( 98%) used,   811.97 KB (  2%) free+waste,   157.69 KB ( <1%) overhead. 
      Class:      7.89 MB capacity,     7.34 MB ( 93%) used,   486.10 KB (  6%) free+waste,    75.13 KB ( <1%) overhead. 
       Both:     59.03 MB capacity,    57.53 MB ( 97%) used,     1.27 MB (  2%) free+waste,   232.81 KB ( <1%) overhead. 

Virtual space:
  Non-class space:       52.00 MB reserved,      51.25 MB ( 99%) committed 
      Class space:        1.00 GB reserved,       7.95 MB ( <1%) committed 
             Both:        1.05 GB reserved,      59.20 MB (  6%) committed 

Chunk freelists:
   Non-Class:  51.00 KB
       Class:  15.00 KB
        Both:  66.00 KB

MaxMetaspaceSize: 17179869184.00 GB
CompressedClassSpaceSize: 1.00 GB

CodeHeap 'non-profiled nmethods': size=120000Kb used=3419Kb max_used=3419Kb free=116580Kb
 bounds [0x000002660ca20000, 0x000002660cd80000, 0x0000026613f50000]
CodeHeap 'profiled nmethods': size=120000Kb used=12282Kb max_used=12282Kb free=107717Kb
 bounds [0x00000266054f0000, 0x00000266060f0000, 0x000002660ca20000]
CodeHeap 'non-nmethods': size=5760Kb used=2248Kb max_used=2282Kb free=3511Kb
 bounds [0x0000026604f50000, 0x00000266051c0000, 0x00000266054f0000]
 total_blobs=6730 nmethods=5898 adapters=743
 compilation: enabled
              stopped_count=0, restarted_count=0
 full_count=0

Compilation events (20 events):
Event: 5.827 Thread 0x000002661ca2c800 nmethod 5891 0x00000266060e2c90 code [0x00000266060e2e40, 0x00000266060e30b8]
Event: 5.827 Thread 0x0000026620947000 nmethod 5842 0x000002660cd67810 code [0x000002660cd67a00, 0x000002660cd684a8]
Event: 5.827 Thread 0x0000026620947000 5851       4       java.lang.String$CaseInsensitiveComparator::compare (13 bytes)
Event: 5.835 Thread 0x0000026620947000 nmethod 5851 0x000002660cd68d10 code [0x000002660cd68ee0, 0x000002660cd69598]
Event: 5.835 Thread 0x0000026620947000 5874       4       java.util.TreeMap$PrivateEntryIterator::hasNext (13 bytes)
Event: 5.835 Thread 0x0000026620947000 nmethod 5874 0x000002660cd69a90 code [0x000002660cd69c20, 0x000002660cd69c98]
Event: 5.835 Thread 0x0000026620947000 5879       4       java.util.TreeMap$PrivateEntryIterator::nextEntry (54 bytes)
Event: 5.838 Thread 0x0000026620947000 nmethod 5879 0x000002660cd69d10 code [0x000002660cd69ea0, 0x000002660cd6a158]
Event: 5.839 Thread 0x000002661ca2c800 5892       3       java.lang.ClassLoader::defineClass (43 bytes)
Event: 5.839 Thread 0x000002661ca2c800 nmethod 5892 0x00000266060e3190 code [0x00000266060e33a0, 0x00000266060e3898]
Event: 5.850 Thread 0x000002661ca2c800 5893       3       org.gradle.internal.isolated.IsolationScheme::parameterTypeFor (115 bytes)
Event: 5.850 Thread 0x000002661ca2c800 nmethod 5893 0x00000266060e3b10 code [0x00000266060e3d80, 0x00000266060e4748]
Event: 5.850 Thread 0x000002661ca2c800 5894       3       org.gradle.internal.isolated.IsolationScheme::inferParameterType (130 bytes)
Event: 5.851 Thread 0x000002661ca2c800 nmethod 5894 0x00000266060e4990 code [0x00000266060e4d60, 0x00000266060e6ad8]
Event: 5.852 Thread 0x0000026620947000 5895       4       sun.invoke.util.BytecodeDescriptor::unparseSig (91 bytes)
Event: 5.854 Thread 0x000002661ca2c800 5896       3       org.gradle.api.internal.DefaultDomainObjectCollection::getMutationGuard (10 bytes)
Event: 5.854 Thread 0x000002661ca2c800 nmethod 5896 0x00000266060e7410 code [0x00000266060e75c0, 0x00000266060e7788]
Event: 5.854 Thread 0x000002661ca2c800 5897       3       org.gradle.api.internal.collections.AbstractIterationOrderRetainingElementSource$Element::getValues (16 bytes)
Event: 5.854 Thread 0x000002661ca2c800 nmethod 5897 0x00000266060e7890 code [0x00000266060e7a40, 0x00000266060e7bc8]
Event: 5.877 Thread 0x000002661ca2b000 nmethod 5695 0x000002660cd6a310 code [0x000002660cd6b520, 0x000002660cd726d0]

GC Heap History (20 events):
Event: 0.554 GC heap before
{Heap before GC invocations=0 (full 0):
 garbage-first heap   total 129024K, used 29696K [0x0000000080000000, 0x0000000100000000)
  region size 1024K, 24 young (24576K), 0 survivors (0K)
 Metaspace       used 10234K, capacity 10423K, committed 10624K, reserved 1058816K
  class space    used 1072K, capacity 1141K, committed 1152K, reserved 1048576K
}
Event: 0.560 GC heap after
{Heap after GC invocations=1 (full 0):
 garbage-first heap   total 129024K, used 9145K [0x0000000080000000, 0x0000000100000000)
  region size 1024K, 3 young (3072K), 3 survivors (3072K)
 Metaspace       used 10234K, capacity 10423K, committed 10624K, reserved 1058816K
  class space    used 1072K, capacity 1141K, committed 1152K, reserved 1048576K
}
Event: 0.798 GC heap before
{Heap before GC invocations=1 (full 0):
 garbage-first heap   total 129024K, used 30649K [0x0000000080000000, 0x0000000100000000)
  region size 1024K, 24 young (24576K), 3 survivors (3072K)
 Metaspace       used 11187K, capacity 11378K, committed 11520K, reserved 1058816K
  class space    used 1174K, capacity 1246K, committed 1280K, reserved 1048576K
}
Event: 0.801 GC heap after
{Heap after GC invocations=2 (full 0):
 garbage-first heap   total 129024K, used 9808K [0x0000000080000000, 0x0000000100000000)
  region size 1024K, 1 young (1024K), 1 survivors (1024K)
 Metaspace       used 11187K, capacity 11378K, committed 11520K, reserved 1058816K
  class space    used 1174K, capacity 1246K, committed 1280K, reserved 1048576K
}
Event: 1.868 GC heap before
{Heap before GC invocations=2 (full 0):
 garbage-first heap   total 129024K, used 62032K [0x0000000080000000, 0x0000000100000000)
  region size 1024K, 52 young (53248K), 1 survivors (1024K)
 Metaspace       used 17614K, capacity 17992K, committed 18176K, reserved 1064960K
  class space    used 2085K, capacity 2219K, committed 2304K, reserved 1048576K
}
Event: 1.873 GC heap after
{Heap after GC invocations=3 (full 0):
 garbage-first heap   total 129024K, used 15838K [0x0000000080000000, 0x0000000100000000)
  region size 1024K, 7 young (7168K), 7 survivors (7168K)
 Metaspace       used 17614K, capacity 17992K, committed 18176K, reserved 1064960K
  class space    used 2085K, capacity 2219K, committed 2304K, reserved 1048576K
}
Event: 2.050 GC heap before
{Heap before GC invocations=3 (full 0):
 garbage-first heap   total 129024K, used 40414K [0x0000000080000000, 0x0000000100000000)
  region size 1024K, 32 young (32768K), 7 survivors (7168K)
 Metaspace       used 20685K, capacity 21081K, committed 21248K, reserved 1067008K
  class space    used 2543K, capacity 2695K, committed 2816K, reserved 1048576K
}
Event: 2.056 GC heap after
{Heap after GC invocations=4 (full 0):
 garbage-first heap   total 129024K, used 16939K [0x0000000080000000, 0x0000000100000000)
  region size 1024K, 2 young (2048K), 2 survivors (2048K)
 Metaspace       used 20685K, capacity 21081K, committed 21248K, reserved 1067008K
  class space    used 2543K, capacity 2695K, committed 2816K, reserved 1048576K
}
Event: 2.488 GC heap before
{Heap before GC invocations=5 (full 0):
 garbage-first heap   total 129024K, used 72235K [0x0000000080000000, 0x0000000100000000)
  region size 1024K, 56 young (57344K), 2 survivors (2048K)
 Metaspace       used 26251K, capacity 26866K, committed 27008K, reserved 1073152K
  class space    used 3437K, capacity 3651K, committed 3712K, reserved 1048576K
}
Event: 2.492 GC heap after
{Heap after GC invocations=6 (full 0):
 garbage-first heap   total 155648K, used 18901K [0x0000000080000000, 0x0000000100000000)
  region size 1024K, 3 young (3072K), 3 survivors (3072K)
 Metaspace       used 26251K, capacity 26866K, committed 27008K, reserved 1073152K
  class space    used 3437K, capacity 3651K, committed 3712K, reserved 1048576K
}
Event: 3.119 GC heap before
{Heap before GC invocations=6 (full 0):
 garbage-first heap   total 155648K, used 74197K [0x0000000080000000, 0x0000000100000000)
  region size 1024K, 58 young (59392K), 3 survivors (3072K)
 Metaspace       used 35057K, capacity 35786K, committed 35840K, reserved 1081344K
  class space    used 4565K, capacity 4863K, committed 4864K, reserved 1048576K
}
Event: 3.126 GC heap after
{Heap after GC invocations=7 (full 0):
 garbage-first heap   total 155648K, used 22407K [0x0000000080000000, 0x0000000100000000)
  region size 1024K, 7 young (7168K), 7 survivors (7168K)
 Metaspace       used 35057K, capacity 35786K, committed 35840K, reserved 1081344K
  class space    used 4565K, capacity 4863K, committed 4864K, reserved 1048576K
}
Event: 3.889 GC heap before
{Heap before GC invocations=8 (full 0):
 garbage-first heap   total 155648K, used 92039K [0x0000000080000000, 0x0000000100000000)
  region size 1024K, 73 young (74752K), 7 survivors (7168K)
 Metaspace       used 40162K, capacity 41115K, committed 41420K, reserved 1085440K
  class space    used 5143K, capacity 5504K, committed 5580K, reserved 1048576K
}
Event: 3.897 GC heap after
{Heap after GC invocations=9 (full 0):
 garbage-first heap   total 155648K, used 27525K [0x0000000080000000, 0x0000000100000000)
  region size 1024K, 9 young (9216K), 9 survivors (9216K)
 Metaspace       used 40162K, capacity 41115K, committed 41420K, reserved 1085440K
  class space    used 5143K, capacity 5504K, committed 5580K, reserved 1048576K
}
Event: 4.517 GC heap before
{Heap before GC invocations=9 (full 0):
 garbage-first heap   total 155648K, used 103301K [0x0000000080000000, 0x0000000100000000)
  region size 1024K, 83 young (84992K), 9 survivors (9216K)
 Metaspace       used 46738K, capacity 48005K, committed 48332K, reserved 1091584K
  class space    used 6031K, capacity 6473K, committed 6604K, reserved 1048576K
}
Event: 4.526 GC heap after
{Heap after GC invocations=10 (full 0):
 garbage-first heap   total 155648K, used 30124K [0x0000000080000000, 0x0000000100000000)
  region size 1024K, 8 young (8192K), 8 survivors (8192K)
 Metaspace       used 46738K, capacity 48005K, committed 48332K, reserved 1091584K
  class space    used 6031K, capacity 6473K, committed 6604K, reserved 1048576K
}
Event: 5.332 GC heap before
{Heap before GC invocations=10 (full 0):
 garbage-first heap   total 155648K, used 118188K [0x0000000080000000, 0x0000000100000000)
  region size 1024K, 90 young (92160K), 8 survivors (8192K)
 Metaspace       used 52009K, capacity 53403K, committed 53580K, reserved 1095680K
  class space    used 6641K, capacity 7142K, committed 7244K, reserved 1048576K
}
Event: 5.344 GC heap after
{Heap after GC invocations=11 (full 0):
 garbage-first heap   total 155648K, used 44555K [0x0000000080000000, 0x0000000100000000)
  region size 1024K, 12 young (12288K), 12 survivors (12288K)
 Metaspace       used 52009K, capacity 53403K, committed 53580K, reserved 1095680K
  class space    used 6641K, capacity 7142K, committed 7244K, reserved 1048576K
}
Event: 5.860 GC heap before
{Heap before GC invocations=11 (full 0):
 garbage-first heap   total 155648K, used 88587K [0x0000000080000000, 0x0000000100000000)
  region size 1024K, 56 young (57344K), 12 survivors (12288K)
 Metaspace       used 58641K, capacity 60176K, committed 60236K, reserved 1101824K
  class space    used 7479K, capacity 8012K, committed 8012K, reserved 1048576K
}
Event: 5.876 GC heap after
{Heap after GC invocations=12 (full 0):
 garbage-first heap   total 187392K, used 46836K [0x0000000080000000, 0x0000000100000000)
  region size 1024K, 3 young (3072K), 3 survivors (3072K)
 Metaspace       used 58641K, capacity 60176K, committed 60236K, reserved 1101824K
  class space    used 7479K, capacity 8012K, committed 8012K, reserved 1048576K
}

Deoptimization events (20 events):
Event: 5.344 Thread 0x000002661cb79000 DEOPT PACKING pc=0x000002660cc3716c sp=0x0000009137cff2a0
Event: 5.344 Thread 0x000002661cb79000 DEOPT UNPACKING pc=0x0000026604f7662f sp=0x0000009137cff280 mode 2
Event: 5.518 Thread 0x000002661e258800 Uncommon trap: trap_request=0xffffff4d fr.pc=0x000002660cd1ab84 relative=0x0000000000000324
Event: 5.518 Thread 0x000002661e258800 Uncommon trap: reason=unstable_if action=reinterpret pc=0x000002660cd1ab84 method=org.gradle.internal.instantiation.generator.AbstractClassGenerator$InjectionAnnotationValidator.validateMethod(Ljava/lang/reflect/Method;Lorg/gradle/internal/reflect/Propert
Event: 5.518 Thread 0x000002661e258800 DEOPT PACKING pc=0x000002660cd1ab84 sp=0x00000091386f79a0
Event: 5.518 Thread 0x000002661e258800 DEOPT UNPACKING pc=0x0000026604f7662f sp=0x00000091386f7968 mode 2
Event: 5.715 Thread 0x000002661e258800 DEOPT PACKING pc=0x0000026605cf00f1 sp=0x00000091386f2ce0
Event: 5.715 Thread 0x000002661e258800 DEOPT UNPACKING pc=0x0000026604f76dde sp=0x00000091386f21d8 mode 0
Event: 5.795 Thread 0x000002661e258800 Uncommon trap: trap_request=0xffffff7e fr.pc=0x000002660cd0569c relative=0x000000000000015c
Event: 5.795 Thread 0x000002661e258800 Uncommon trap: reason=predicate action=maybe_recompile pc=0x000002660cd0569c method=java.util.Arrays.binarySearch0([Ljava/lang/Object;IILjava/lang/Object;Ljava/util/Comparator;)I @ 25 c2
Event: 5.795 Thread 0x000002661e258800 DEOPT PACKING pc=0x000002660cd0569c sp=0x00000091386f3580
Event: 5.795 Thread 0x000002661e258800 DEOPT UNPACKING pc=0x0000026604f7662f sp=0x00000091386f34a0 mode 2
Event: 5.828 Thread 0x000002661e258800 Uncommon trap: trap_request=0xffffff4d fr.pc=0x000002660cd17cc8 relative=0x0000000000000228
Event: 5.828 Thread 0x000002661e258800 Uncommon trap: reason=unstable_if action=reinterpret pc=0x000002660cd17cc8 method=java.security.SecureClassLoader$CodeSourceKey.hashCode()I @ 9 c2
Event: 5.828 Thread 0x000002661e258800 DEOPT PACKING pc=0x000002660cd17cc8 sp=0x00000091386f26e0
Event: 5.828 Thread 0x000002661e258800 DEOPT UNPACKING pc=0x0000026604f7662f sp=0x00000091386f2670 mode 2
Event: 5.828 Thread 0x000002661e258800 Uncommon trap: trap_request=0xffffff4d fr.pc=0x000002660cc27cbc relative=0x000000000000223c
Event: 5.828 Thread 0x000002661e258800 Uncommon trap: reason=unstable_if action=reinterpret pc=0x000002660cc27cbc method=java.lang.ClassLoader.defineClassSourceLocation(Ljava/security/ProtectionDomain;)Ljava/lang/String; @ 15 c2
Event: 5.828 Thread 0x000002661e258800 DEOPT PACKING pc=0x000002660cc27cbc sp=0x00000091386f2820
Event: 5.828 Thread 0x000002661e258800 DEOPT UNPACKING pc=0x0000026604f7662f sp=0x00000091386f2798 mode 2

Classes redefined (0 events):
No events

Internal exceptions (20 events):
Event: 5.068 Thread 0x000002661e51a800 Exception <a 'java/lang/NoSuchMethodError'{0x0000000085f14100}: <clinit>> (0x0000000085f14100) thrown at [./src/hotspot/share/prims/jni.cpp, line 1362]
Event: 5.068 Thread 0x000002661e51a800 Exception <a 'java/lang/NoSuchMethodError'{0x0000000085f15408}: <clinit>> (0x0000000085f15408) thrown at [./src/hotspot/share/prims/jni.cpp, line 1362]
Event: 5.068 Thread 0x000002661e51a800 Exception <a 'java/lang/NoSuchMethodError'{0x0000000085f16428}: <clinit>> (0x0000000085f16428) thrown at [./src/hotspot/share/prims/jni.cpp, line 1362]
Event: 5.070 Thread 0x000002661e51a800 Exception <a 'java/lang/NoSuchMethodError'{0x0000000085f28768}: <clinit>> (0x0000000085f28768) thrown at [./src/hotspot/share/prims/jni.cpp, line 1362]
Event: 5.071 Thread 0x000002661e51a800 Exception <a 'java/lang/NoSuchMethodError'{0x0000000085f32a90}: <clinit>> (0x0000000085f32a90) thrown at [./src/hotspot/share/prims/jni.cpp, line 1362]
Event: 5.073 Thread 0x000002661e51a800 Exception <a 'java/lang/NoSuchMethodError'{0x0000000085f46420}: <clinit>> (0x0000000085f46420) thrown at [./src/hotspot/share/prims/jni.cpp, line 1362]
Event: 5.079 Thread 0x000002661e258800 Exception <a 'java/lang/ClassNotFoundException'{0x0000000085f79138}: build_7e56dv4bx2htq79z6kskcu34aBeanInfo> (0x0000000085f79138) thrown at [./src/hotspot/share/classfile/systemDictionary.cpp, line 231]
Event: 5.079 Thread 0x000002661e258800 Exception <a 'java/lang/ClassNotFoundException'{0x0000000085f840f0}: build_7e56dv4bx2htq79z6kskcu34aCustomizer> (0x0000000085f840f0) thrown at [./src/hotspot/share/classfile/systemDictionary.cpp, line 231]
Event: 5.102 Thread 0x000002661e258800 Exception <a 'java/lang/ClassNotFoundException'{0x0000000085d6d538}: org/gradle/api/internal/plugins/DefaultObjectConfigurationActionBeanInfo> (0x0000000085d6d538) thrown at [./src/hotspot/share/classfile/systemDictionary.cpp, line 231]
Event: 5.102 Thread 0x000002661e258800 Exception <a 'java/lang/ClassNotFoundException'{0x0000000085da2a20}: org/gradle/api/internal/plugins/DefaultObjectConfigurationActionCustomizer> (0x0000000085da2a20) thrown at [./src/hotspot/share/classfile/systemDictionary.cpp, line 231]
Event: 5.201 Thread 0x000002661e258800 Exception <a 'java/lang/NoSuchMethodError'{0x00000000853c8158}: 'java.lang.Object java.lang.invoke.DirectMethodHandle$Holder.invokeStatic(java.lang.Object, java.lang.Object, java.lang.Object, java.lang.Object, int)'> (0x00000000853c8158) thrown at [./src/hotspot/share/interpreter/linkResolver.cpp, line 773]
Event: 5.201 Thread 0x000002661e258800 Exception <a 'java/lang/NoSuchMethodError'{0x00000000853ccb50}: 'java.lang.Object java.lang.invoke.DirectMethodHandle$Holder.invokeSpecial(java.lang.Object, java.lang.Object, java.lang.Object, java.lang.Object, java.lang.Object, int)'> (0x00000000853ccb50) thrown at [./src/hotspot/share/interpreter/linkResolver.cpp, line 773]
Event: 5.201 Thread 0x000002661e258800 Exception <a 'java/lang/NoSuchMethodError'{0x00000000853d1190}: 'java.lang.Object java.lang.invoke.Invokers$Holder.linkToTargetMethod(java.lang.Object, java.lang.Object, java.lang.Object, int, java.lang.Object)'> (0x00000000853d1190) thrown at [./src/hotspot/share/interpreter/linkResolver.cpp, line 773]
Event: 5.358 Thread 0x000002661e258800 Exception <a 'java/lang/NoSuchMethodError'{0x0000000089600ec0}: 'java.lang.Object java.lang.invoke.DirectMethodHandle$Holder.invokeSpecial(java.lang.Object, java.lang.Object, int, int, java.lang.Object, java.lang.Object, java.lang.Object)'> (0x0000000089600ec0) thrown at [./src/hotspot/share/interpreter/linkResolver.cpp, line 773]
Event: 5.358 Thread 0x000002661e258800 Exception <a 'java/lang/NoSuchMethodError'{0x0000000089605440}: 'java.lang.Object java.lang.invoke.DelegatingMethodHandle$Holder.reinvoke_L(java.lang.Object, int, int, java.lang.Object, java.lang.Object, java.lang.Object)'> (0x0000000089605440) thrown at [./src/hotspot/share/interpreter/linkResolver.cpp, line 773]
Event: 5.507 Thread 0x000002661e258800 Exception <a 'java/lang/NoSuchMethodError'{0x0000000088ae4110}: 'int java.lang.invoke.DirectMethodHandle$Holder.invokeInterface(java.lang.Object, java.lang.Object, java.lang.Object, java.lang.Object)'> (0x0000000088ae4110) thrown at [./src/hotspot/share/interpreter/linkResolver.cpp, line 773]
Event: 5.682 Thread 0x000002661e258800 Exception <a 'java/lang/NoSuchMethodError'{0x0000000087a583a8}: 'void java.lang.invoke.DirectMethodHandle$Holder.invokeInterface(java.lang.Object, java.lang.Object, java.lang.Object, java.lang.Object)'> (0x0000000087a583a8) thrown at [./src/hotspot/share/interpreter/linkResolver.cpp, line 773]
Event: 5.786 Thread 0x000002661e258800 Exception <a 'java/lang/IncompatibleClassChangeError'{0x00000000872ef060}: Found class java.lang.Object, but interface was expected> (0x00000000872ef060) thrown at [./src/hotspot/share/interpreter/linkResolver.cpp, line 839]
Event: 5.828 Thread 0x000002661e258800 Implicit null exception at 0x000002660cd17ad4 to 0x000002660cd17cb8
Event: 5.828 Thread 0x000002661e258800 Implicit null exception at 0x000002660cc26237 to 0x000002660cc27ca4

Events (20 events):
Event: 5.859 loading class com/android/build/api/artifact/MultipleArtifact
Event: 5.859 loading class com/android/build/api/artifact/MultipleArtifact done
Event: 5.860 loading class com/android/build/api/artifact/Artifact$Multiple
Event: 5.860 loading class com/android/build/api/artifact/Artifact$Multiple done
Event: 5.860 loading class com/android/build/api/artifact/Artifact
Event: 5.860 loading class com/android/build/api/artifact/Artifact done
Event: 5.860 Executing VM operation: CollectForMetadataAllocation
Event: 5.876 Executing VM operation: CollectForMetadataAllocation done
Event: 5.877 loading class com/android/build/api/artifact/Artifact$Companion
Event: 5.877 loading class com/android/build/api/artifact/Artifact$Companion done
Event: 5.877 loading class com/android/build/api/artifact/ArtifactKind$FILE
Event: 5.877 loading class com/android/build/api/artifact/ArtifactKind$FILE done
Event: 5.877 loading class com/android/build/api/artifact/ArtifactKind
Event: 5.877 loading class com/android/build/api/artifact/ArtifactKind done
Event: 5.878 loading class com/android/build/api/artifact/ArtifactKind$DIRECTORY
Event: 5.878 loading class com/android/build/api/artifact/ArtifactKind$DIRECTORY done
Event: 5.878 loading class com/android/build/api/artifact/Artifact$Category
Event: 5.878 loading class com/android/build/api/artifact/Artifact$Category done
Event: 5.878 loading class com/android/build/api/artifact/impl/MultipleArtifactContainer
Event: 5.878 loading class com/android/build/api/artifact/impl/MultipleArtifactContainer done


Dynamic libraries:
0x00007ff63e900000 - 0x00007ff63e90a000 	C:\Program Files\Android\Android Studio2\jre\bin\java.exe
0x00007ffd1cc70000 - 0x00007ffd1ce65000 	C:\WINDOWS\SYSTEM32\ntdll.dll
0x00007ffd1acb0000 - 0x00007ffd1ad6e000 	C:\WINDOWS\System32\KERNEL32.DLL
0x00007ffd1a850000 - 0x00007ffd1ab18000 	C:\WINDOWS\System32\KERNELBASE.dll
0x00007ffd1a750000 - 0x00007ffd1a850000 	C:\WINDOWS\System32\ucrtbase.dll
0x00007ffd04a40000 - 0x00007ffd04a59000 	C:\Program Files\Android\Android Studio2\jre\bin\jli.dll
0x00007ffd04520000 - 0x00007ffd04537000 	C:\Program Files\Android\Android Studio2\jre\bin\VCRUNTIME140.dll
0x00007ffd1b9d0000 - 0x00007ffd1bb71000 	C:\WINDOWS\System32\USER32.dll
0x00007ffd1ab20000 - 0x00007ffd1ab42000 	C:\WINDOWS\System32\win32u.dll
0x00007ffd046e0000 - 0x00007ffd0497a000 	C:\WINDOWS\WinSxS\amd64_microsoft.windows.common-controls_6595b64144ccf1df_6.0.19041.1110_none_60b5254171f9507e\COMCTL32.dll
0x00007ffd1c150000 - 0x00007ffd1c17b000 	C:\WINDOWS\System32\GDI32.dll
0x00007ffd1bdf0000 - 0x00007ffd1be8e000 	C:\WINDOWS\System32\msvcrt.dll
0x00007ffd1a4b0000 - 0x00007ffd1a5bd000 	C:\WINDOWS\System32\gdi32full.dll
0x00007ffd1a410000 - 0x00007ffd1a4ad000 	C:\WINDOWS\System32\msvcp_win.dll
0x00007ffd1c500000 - 0x00007ffd1c530000 	C:\WINDOWS\System32\IMM32.DLL
0x00007ffcdf940000 - 0x00007ffcdf9dd000 	C:\Program Files\Android\Android Studio2\jre\bin\msvcp140.dll
0x00007ffccf8b0000 - 0x00007ffcd0385000 	C:\Program Files\Android\Android Studio2\jre\bin\server\jvm.dll
0x00007ffd1c330000 - 0x00007ffd1c3de000 	C:\WINDOWS\System32\ADVAPI32.dll
0x00007ffd1c720000 - 0x00007ffd1c7bc000 	C:\WINDOWS\System32\sechost.dll
0x00007ffd1c020000 - 0x00007ffd1c145000 	C:\WINDOWS\System32\RPCRT4.dll
0x00007ffd1bf80000 - 0x00007ffd1bf88000 	C:\WINDOWS\System32\PSAPI.DLL
0x00007ffd034b0000 - 0x00007ffd034d7000 	C:\WINDOWS\SYSTEM32\WINMM.dll
0x00007ffd14880000 - 0x00007ffd1488a000 	C:\WINDOWS\SYSTEM32\VERSION.dll
0x00007ffd08d90000 - 0x00007ffd08d99000 	C:\WINDOWS\SYSTEM32\WSOCK32.dll
0x00007ffd1c5e0000 - 0x00007ffd1c64b000 	C:\WINDOWS\System32\WS2_32.dll
0x00007ffd18270000 - 0x00007ffd18282000 	C:\WINDOWS\SYSTEM32\kernel.appcore.dll
0x00007ffcf75b0000 - 0x00007ffcf75c1000 	C:\Program Files\Android\Android Studio2\jre\bin\verify.dll
0x00007ffd0c800000 - 0x00007ffd0c9e4000 	C:\WINDOWS\SYSTEM32\DBGHELP.DLL
0x00007ffd0c5a0000 - 0x00007ffd0c5cc000 	C:\WINDOWS\SYSTEM32\dbgcore.DLL
0x00007ffd1a380000 - 0x00007ffd1a402000 	C:\WINDOWS\System32\bcryptPrimitives.dll
0x00007ffcedd40000 - 0x00007ffcedd69000 	C:\Program Files\Android\Android Studio2\jre\bin\java.dll
0x00007ffcfced0000 - 0x00007ffcfcedb000 	C:\Program Files\Android\Android Studio2\jre\bin\jimage.dll
0x00007ffce3680000 - 0x00007ffce3698000 	C:\Program Files\Android\Android Studio2\jre\bin\zip.dll
0x00007ffd1b280000 - 0x00007ffd1b9c4000 	C:\WINDOWS\System32\SHELL32.dll
0x00007ffd18470000 - 0x00007ffd18c05000 	C:\WINDOWS\SYSTEM32\windows.storage.dll
0x00007ffd1c8d0000 - 0x00007ffd1cc25000 	C:\WINDOWS\System32\combase.dll
0x00007ffd19dd0000 - 0x00007ffd19dfe000 	C:\WINDOWS\SYSTEM32\Wldp.dll
0x00007ffd1c530000 - 0x00007ffd1c5dd000 	C:\WINDOWS\System32\SHCORE.dll
0x00007ffd1c7c0000 - 0x00007ffd1c815000 	C:\WINDOWS\System32\shlwapi.dll
0x00007ffd1a2c0000 - 0x00007ffd1a2df000 	C:\WINDOWS\SYSTEM32\profapi.dll
0x00007ffcfe1e0000 - 0x00007ffcfe1fa000 	C:\Program Files\Android\Android Studio2\jre\bin\net.dll
0x00007ffd0fd40000 - 0x00007ffd0fe4c000 	C:\WINDOWS\SYSTEM32\WINHTTP.dll
0x00007ffd19b30000 - 0x00007ffd19b9a000 	C:\WINDOWS\system32\mswsock.dll
0x00007ffcfbaf0000 - 0x00007ffcfbb04000 	C:\Program Files\Android\Android Studio2\jre\bin\nio.dll
0x00007ffd14da0000 - 0x00007ffd14dc7000 	C:\Users\cuong\.gradle\native\e1d6ef7f7dcc3fd88c89a11ec53ec762bb8ba0a96d01ffa2cd45eb1d1d8dd5c5\windows-amd64\native-platform.dll
0x00007ffcc28f0000 - 0x00007ffcc2a34000 	C:\Users\cuong\.gradle\native\5664cfc778a61ccfe75a443a1ab52a65af34e5dc3c78e0209fed803814484fcb\windows-amd64\native-platform-file-events.dll
0x00007ffcfcd30000 - 0x00007ffcfcd3a000 	C:\Program Files\Android\Android Studio2\jre\bin\management.dll
0x00007ffcf76f0000 - 0x00007ffcf76fd000 	C:\Program Files\Android\Android Studio2\jre\bin\management_ext.dll
0x00007ffd19d30000 - 0x00007ffd19d48000 	C:\WINDOWS\SYSTEM32\CRYPTSP.dll
0x00007ffd19440000 - 0x00007ffd19474000 	C:\WINDOWS\system32\rsaenh.dll
0x00007ffd1a720000 - 0x00007ffd1a747000 	C:\WINDOWS\System32\bcrypt.dll
0x00007ffd1a280000 - 0x00007ffd1a2ae000 	C:\WINDOWS\SYSTEM32\USERENV.dll
0x00007ffd19d20000 - 0x00007ffd19d2c000 	C:\WINDOWS\SYSTEM32\CRYPTBASE.dll
0x00007ffd197d0000 - 0x00007ffd1980b000 	C:\WINDOWS\SYSTEM32\IPHLPAPI.DLL
0x00007ffd1b1f0000 - 0x00007ffd1b1f8000 	C:\WINDOWS\System32\NSI.dll
0x00007ffd13f00000 - 0x00007ffd13f17000 	C:\WINDOWS\SYSTEM32\dhcpcsvc6.DLL
0x00007ffd14590000 - 0x00007ffd145ad000 	C:\WINDOWS\SYSTEM32\dhcpcsvc.DLL
0x00007ffd19820000 - 0x00007ffd198eb000 	C:\WINDOWS\SYSTEM32\DNSAPI.dll

dbghelp: loaded successfully - version: 4.0.5 - missing functions: none
symbol engine: initialized successfully - sym options: 0x614 - pdb path: .;C:\Program Files\Android\Android Studio2\jre\bin;C:\WINDOWS\SYSTEM32;C:\WINDOWS\WinSxS\amd64_microsoft.windows.common-controls_6595b64144ccf1df_6.0.19041.1110_none_60b5254171f9507e;C:\Program Files\Android\Android Studio2\jre\bin\server;C:\Users\cuong\.gradle\native\e1d6ef7f7dcc3fd88c89a11ec53ec762bb8ba0a96d01ffa2cd45eb1d1d8dd5c5\windows-amd64;C:\Users\cuong\.gradle\native\5664cfc778a61ccfe75a443a1ab52a65af34e5dc3c78e0209fed803814484fcb\windows-amd64

VM Arguments:
jvm_args: --add-opens=java.base/java.util=ALL-UNNAMED --add-opens=java.base/java.lang=ALL-UNNAMED --add-opens=java.base/java.lang.invoke=ALL-UNNAMED --add-opens=java.base/java.util=ALL-UNNAMED --add-opens=java.prefs/java.util.prefs=ALL-UNNAMED --add-opens=java.prefs/java.util.prefs=ALL-UNNAMED --add-opens=java.base/java.nio.charset=ALL-UNNAMED --add-opens=java.base/java.net=ALL-UNNAMED --add-opens=java.base/java.util.concurrent.atomic=ALL-UNNAMED -Xmx2048m -Dfile.encoding=UTF-8 -Duser.country=GB -Duser.language=en -Duser.variant 
java_command: org.gradle.launcher.daemon.bootstrap.GradleDaemon 7.2
java_class_path (initial): C:\Users\cuong\.gradle\wrapper\dists\gradle-7.2-bin\2dnblmf4td7x66yl1d74lt32g\gradle-7.2\lib\gradle-launcher-7.2.jar
Launcher Type: SUN_STANDARD

[Global flags]
     intx CICompilerCount                          = 4                                         {product} {ergonomic}
     uint ConcGCThreads                            = 2                                         {product} {ergonomic}
     uint G1ConcRefinementThreads                  = 8                                         {product} {ergonomic}
   size_t G1HeapRegionSize                         = 1048576                                   {product} {ergonomic}
    uintx GCDrainStackTargetSize                   = 64                                        {product} {ergonomic}
   size_t InitialHeapSize                          = 132120576                                 {product} {ergonomic}
   size_t MarkStackSize                            = 4194304                                   {product} {ergonomic}
   size_t MaxHeapSize                              = 2147483648                                {product} {command line}
   size_t MaxNewSize                               = 1287651328                                {product} {ergonomic}
   size_t MinHeapDeltaBytes                        = 1048576                                   {product} {ergonomic}
    uintx NonNMethodCodeHeapSize                   = 5836300                                {pd product} {ergonomic}
    uintx NonProfiledCodeHeapSize                  = 122910970                              {pd product} {ergonomic}
    uintx ProfiledCodeHeapSize                     = 122910970                              {pd product} {ergonomic}
    uintx ReservedCodeCacheSize                    = 251658240                              {pd product} {ergonomic}
     bool SegmentedCodeCache                       = true                                      {product} {ergonomic}
     bool UseCompressedClassPointers               = true                                 {lp64_product} {ergonomic}
     bool UseCompressedOops                        = true                                 {lp64_product} {ergonomic}
     bool UseG1GC                                  = true                                      {product} {ergonomic}
     bool UseLargePagesIndividualAllocation        = false                                  {pd product} {ergonomic}

Logging:
Log output configuration:
 #0: stdout all=warning uptime,level,tags
 #1: stderr all=off uptime,level,tags

Environment Variables:
JAVA_HOME=C:\Program Files\Java\jdk1.8.0_301
PATH=C:\Program Files\Common Files\Oracle\Java\javapath;C:\Python39\Scripts\;C:\Python39\;C:\WINDOWS\system32;C:\WINDOWS;C:\WINDOWS\System32\Wbem;C:\WINDOWS\System32\WindowsPowerShell\v1.0\;C:\WINDOWS\System32\OpenSSH\;C:\Program Files\Microsoft VS Code\bin;C:\ProgramData\chocolatey\bin;C:\Program Files\Git\cmd;C:\Program Files\TortoiseSVN\bin;D:\Android\Sdk\platform-tools;C:\Program Files\Java\jdk1.8.0_301;C:\Program Files\Java\jdk1.8.0_301\bin;C:\Program Files\Java\jdk1.8.0_301\bin\;C:\Program Files (x86)\NVIDIA Corporation\PhysX\Common;C:\Program Files (x86)\Microsoft SQL Server\150\DTS\Binn\;C:\Program Files\nodejs\;C:\Users\cuong\AppData\Local\Programs\Python\Python39\Scripts\;C:\Users\cuong\AppData\Local\Programs\Python\Python39\;C:\Users\cuong\AppData\Local\Microsoft\WindowsApps;C:\Program Files\JetBrains\IntelliJ IDEA 2021.2.2\bin;;C:\Program Files\Azure Data Studio\bin;C:\Users\cuong\AppData\Roaming\npm;C:\Program Files\heroku\bin
USERNAME=cuong
OS=Windows_NT
PROCESSOR_IDENTIFIER=Intel64 Family 6 Model 158 Stepping 10, GenuineIntel



---------------  S Y S T E M  ---------------

OS: Windows 10 , 64 bit Build 19041 (10.0.19041.1466)
OS uptime: 1 days 3:09 hours

CPU:total 8 (initial active 8) (4 cores per cpu, 2 threads per core) family 6 model 158 stepping 10 microcode 0xb4, cmov, cx8, fxsr, mmx, sse, sse2, sse3, ssse3, sse4.1, sse4.2, popcnt, avx, avx2, aes, clmul, erms, 3dnowpref, lzcnt, ht, tsc, tscinvbit, bmi1, bmi2, adx, fma

Memory: 4k page, system-wide physical 8038M (939M free)
TotalPageFile size 15984M (AvailPageFile size 8M)
current process WorkingSet (physical memory assigned to process): 349M, peak: 349M
current process commit charge ("private bytes"): 423M, peak: 427M

vm_info: OpenJDK 64-Bit Server VM (11.0.11+9-b60-7590822) for windows-amd64 JRE (11.0.11+9-b60-7590822), built on Jul 29 2021 21:43:44 by "builder" with MS VC++ 14.0 (VS2015)

END.
